#
# There is insufficient memory for the Java Runtime Environment to continue.
# Native memory allocation (mmap) failed to map 381681664 bytes for G1 virtual space
# Possible reasons:
#   The system is out of physical RAM or swap space
#   The process is running with CompressedOops enabled, and the Java Heap may be blocking the growth of the native heap
# Possible solutions:
#   Reduce memory load on the system
#   Increase physical memory or swap space
#   Check if swap backing store is full
#   Decrease Java heap size (-Xmx/-Xms)
#   Decrease number of Java threads
#   Decrease Java thread stack sizes (-Xss)
#   Set larger code cache with -XX:ReservedCodeCacheSize=
#   JVM is running with Unscaled Compressed Oops mode in which the Java heap is
#     placed in the first 4GB address space. The Java Heap base address is the
#     maximum limit for the native heap growth. Please use -XX:HeapBaseMinAddress
#     to set the Java Heap base and to place the Java Heap above 4GB virtual address.
# This output file may be truncated or incomplete.
#
#  Out of Memory Error (os_windows.cpp:3466), pid=14116, tid=3872
#
# JRE version: OpenJDK Runtime Environment (16.0.2+7) (build 16.0.2+7-67)
# Java VM: OpenJDK 64-Bit Server VM (16.0.2+7-67, mixed mode, sharing, tiered, compressed oops, compressed class ptrs, g1 gc, windows-amd64)
# No core dump will be written. Minidumps are not enabled by default on client versions of Windows
#

---------------  S U M M A R Y ------------

Command Line: --add-opens=java.base/java.util=ALL-UNNAMED --add-opens=java.base/java.lang=ALL-UNNAMED --add-opens=java.base/java.lang.invoke=ALL-UNNAMED --add-opens=java.base/java.util=ALL-UNNAMED --add-opens=java.prefs/java.util.prefs=ALL-UNNAMED --add-opens=java.prefs/java.util.prefs=ALL-UNNAMED --add-opens=java.base/java.nio.charset=ALL-UNNAMED --add-opens=java.base/java.net=ALL-UNNAMED --add-opens=java.base/java.util.concurrent.atomic=ALL-UNNAMED -Xmx2048m -Dfile.encoding=UTF-8 -Duser.country=CN -Duser.language=zh -Duser.variant org.gradle.launcher.daemon.bootstrap.GradleDaemon 7.2

Host: AMD Ryzen 5 3500U with Radeon Vega Mobile Gfx  , 8 cores, 6G,  Windows 10 , 64 bit Build 19041 (10.0.19041.1706)
Time: Sun Jun 12 23:02:40 2022  Windows 10 , 64 bit Build 19041 (10.0.19041.1706) elapsed time: 423.868463 seconds (0d 0h 7m 3s)

---------------  T H R E A D  ---------------

Current thread (0x00000274f8ee4fd0):  VMThread "VM Thread" [stack: 0x000000dbe4800000,0x000000dbe4900000] [id=3872]

Stack: [0x000000dbe4800000,0x000000dbe4900000]
Native frames: (J=compiled Java code, j=interpreted, Vv=VM code, C=native code)
V  [jvm.dll+0x6681ca]
V  [jvm.dll+0x7c9e69]
V  [jvm.dll+0x7cb61e]
V  [jvm.dll+0x7cbc73]
V  [jvm.dll+0x242c55]
V  [jvm.dll+0x664f89]
V  [jvm.dll+0x659b75]
V  [jvm.dll+0x2fbfbb]
V  [jvm.dll+0x3031b6]
V  [jvm.dll+0x35299e]
V  [jvm.dll+0x352bcf]
V  [jvm.dll+0x2d3028]
V  [jvm.dll+0x2d0bb5]
V  [jvm.dll+0x2d01ec]
V  [jvm.dll+0x315693]
V  [jvm.dll+0x7d00ab]
V  [jvm.dll+0x7d0da4]
V  [jvm.dll+0x7d12a9]
V  [jvm.dll+0x7d1564]
V  [jvm.dll+0x7d1630]
V  [jvm.dll+0x7795aa]
V  [jvm.dll+0x667066]
C  [ucrtbase.dll+0x21bb2]
C  [KERNEL32.DLL+0x17034]
C  [ntdll.dll+0x52651]

VM_Operation (0x000000dbee8fc6c0): G1TryInitiateConcMark, mode: safepoint, requested by thread 0x00000274fb94dad0


---------------  P R O C E S S  ---------------

Threads class SMR info:
_java_thread_list=0x0000027491ad6010, length=156, elements={
0x00000274e9e7aa10, 0x00000274f8ee9900, 0x00000274f8eee6f0, 0x00000274f8efe720,
0x00000274f8f01040, 0x00000274f8f02160, 0x00000274f8f09f90, 0x00000274f8f0bbe0,
0x00000274f8f14d50, 0x00000274f8f25ef0, 0x00000274f98fb420, 0x00000274f98fb940,
0x00000274fb700a40, 0x00000274fbcee7c0, 0x00000274fbb0ce00, 0x00000274fc16bbe0,
0x00000274fc16d670, 0x00000274fc16a6a0, 0x00000274fc16b140, 0x00000274fc16b690,
0x00000274fcf00010, 0x00000274fcefdae0, 0x00000274fcefe580, 0x00000274fcf01aa0,
0x00000274fcefbb00, 0x00000274faff69f0, 0x00000274faff3f70, 0x00000274faff34d0,
0x00000274faff6f40, 0x00000274fb9e8570, 0x00000274fb9e9560, 0x00000274fb9e9ab0,
0x00000274fb9e7030, 0x00000274fcefa070, 0x00000274fcf00560, 0x00000274fcefd590,
0x00000274fcefc050, 0x00000274fcf00ab0, 0x00000274fcefb5b0, 0x00000274fcefe030,
0x00000274fcefc5a0, 0x00000274916c3920, 0x00000274fcefb060, 0x00000274fceff570,
0x00000274fceffac0, 0x00000274fcf01000, 0x00000274fcefcaf0, 0x00000274fcf01550,
0x00000274fcefd040, 0x00000274fcefead0, 0x00000274fceff020, 0x00000274faff79e0,
0x00000274faff54b0, 0x00000274faff9470, 0x00000274faff5a00, 0x00000274faff99c0,
0x00000274faff9f10, 0x00000274faff24e0, 0x00000274faff5f50, 0x00000274faff2a30,
0x00000274faff2f80, 0x00000274faff7f30, 0x00000274faff3a20, 0x00000274faff44c0,
0x00000274faff8480, 0x00000274faff4a10, 0x00000274faff4f60, 0x00000274faff64a0,
0x00000274faff89d0, 0x00000274fb9e4060, 0x00000274fb9e7580, 0x00000274fb9e45b0,
0x00000274fb9e8ac0, 0x00000274fb9e9010, 0x00000274fb9eb540, 0x00000274fb9eaaa0,
0x00000274fb9e4b00, 0x00000274fb9ea550, 0x00000274fb9ea000, 0x00000274fb9e6ae0,
0x00000274fb9e55a0, 0x00000274fb9e7ad0, 0x00000274fc16c130, 0x00000274fc16abf0,
0x00000274fc16cbd0, 0x00000274fc16d120, 0x00000274fc16c680, 0x00000274fc16dbc0,
0x000002748f16cdc0, 0x000002748f1712d0, 0x000002748f173800, 0x000002748f170830,
0x000002748f16f840, 0x000002748f16eda0, 0x000002748f16fd90, 0x000002748f173d50,
0x000002748f172d60, 0x000002748f1702e0, 0x000002748f170d80, 0x000002748f1732b0,
0x000002748f171820, 0x000002748f1742a0, 0x000002748f172810, 0x000002748f16c870,
0x000002748f16d310, 0x000002748f1722c0, 0x000002748f16d860, 0x000002748f171d70,
0x000002748f16e850, 0x000002748f16ddb0, 0x000002748f16e300, 0x000002748f16f2f0,
0x0000027493ee0c40, 0x0000027493ee1190, 0x0000027493ee36c0, 0x0000027493ee6be0,
0x0000027493ee3170, 0x0000027493ee7130, 0x0000027493ee01a0, 0x0000027493ee4c00,
0x0000027493ee2180, 0x0000027493ee16e0, 0x0000027493ee56a0, 0x0000027493ee3c10,
0x0000027493ee7680, 0x0000027493ee46b0, 0x0000027493ee26d0, 0x0000027493ee7bd0,
0x0000027493ee5bf0, 0x0000027493ee6140, 0x0000027493ee06f0, 0x0000027493ee1c30,
0x0000027493ee4160, 0x0000027493ee6690, 0x00000274940e3650, 0x00000274940e1120,
0x00000274940e7b60, 0x00000274940e3ba0, 0x00000274940e1670, 0x00000274940e40f0,
0x00000274940e4640, 0x00000274940e2110, 0x00000274940e5b80, 0x00000274940e4b90,
0x00000274940e70c0, 0x00000274940e50e0, 0x00000274940e7610, 0x00000274940e1bc0,
0x00000274940e0680, 0x00000274940e2660, 0x00000274940e2bb0, 0x00000274940e0bd0,
0x00000274fb94dad0, 0x00000274fb94e020, 0x00000274fb950550, 0x00000274916c8c90
}

Java Threads: ( => current thread )
  0x00000274e9e7aa10 JavaThread "main" [_thread_blocked, id=13100, stack(0x000000dbe4200000,0x000000dbe4300000)]
  0x00000274f8ee9900 JavaThread "Reference Handler" daemon [_thread_blocked, id=19452, stack(0x000000dbe4900000,0x000000dbe4a00000)]
  0x00000274f8eee6f0 JavaThread "Finalizer" daemon [_thread_blocked, id=19236, stack(0x000000dbe4a00000,0x000000dbe4b00000)]
  0x00000274f8efe720 JavaThread "Signal Dispatcher" daemon [_thread_blocked, id=16000, stack(0x000000dbe4b00000,0x000000dbe4c00000)]
  0x00000274f8f01040 JavaThread "Attach Listener" daemon [_thread_blocked, id=12128, stack(0x000000dbe4c00000,0x000000dbe4d00000)]
  0x00000274f8f02160 JavaThread "Service Thread" daemon [_thread_blocked, id=11752, stack(0x000000dbe4d00000,0x000000dbe4e00000)]
  0x00000274f8f09f90 JavaThread "Monitor Deflation Thread" daemon [_thread_blocked, id=7112, stack(0x000000dbe4e00000,0x000000dbe4f00000)]
  0x00000274f8f0bbe0 JavaThread "C2 CompilerThread0" daemon [_thread_blocked, id=15456, stack(0x000000dbe4f00000,0x000000dbe5000000)]
  0x00000274f8f14d50 JavaThread "C1 CompilerThread0" daemon [_thread_blocked, id=16976, stack(0x000000dbe5000000,0x000000dbe5100000)]
  0x00000274f8f25ef0 JavaThread "Sweeper thread" daemon [_thread_blocked, id=9996, stack(0x000000dbe5100000,0x000000dbe5200000)]
  0x00000274f98fb420 JavaThread "Common-Cleaner" daemon [_thread_blocked, id=13092, stack(0x000000dbe5200000,0x000000dbe5300000)]
  0x00000274f98fb940 JavaThread "Notification Thread" daemon [_thread_blocked, id=19076, stack(0x000000dbe5300000,0x000000dbe5400000)]
  0x00000274fb700a40 JavaThread "Daemon health stats" [_thread_blocked, id=11480, stack(0x000000dbe5c00000,0x000000dbe5d00000)]
  0x00000274fbcee7c0 JavaThread "Incoming local TCP Connector on port 58583" [_thread_in_native, id=10336, stack(0x000000dbe5d00000,0x000000dbe5e00000)]
  0x00000274fbb0ce00 JavaThread "Daemon periodic checks" [_thread_blocked, id=12176, stack(0x000000dbe5e00000,0x000000dbe5f00000)]
  0x00000274fc16bbe0 JavaThread "Cache worker for journal cache (C:\Users\yiqua\.gradle\caches\journal-1)" [_thread_blocked, id=6964, stack(0x000000dbe5500000,0x000000dbe5600000)]
  0x00000274fc16d670 JavaThread "File lock request listener" [_thread_in_native, id=16252, stack(0x000000dbe6500000,0x000000dbe6600000)]
  0x00000274fc16a6a0 JavaThread "Cache worker for file hash cache (C:\Users\yiqua\.gradle\caches\7.2\fileHashes)" [_thread_blocked, id=13440, stack(0x000000dbe6600000,0x000000dbe6700000)]
  0x00000274fc16b140 JavaThread "File watcher server" daemon [_thread_blocked, id=13992, stack(0x000000dbe6c00000,0x000000dbe6d00000)]
  0x00000274fc16b690 JavaThread "File watcher consumer" daemon [_thread_blocked, id=2900, stack(0x000000dbe6d00000,0x000000dbe6e00000)]
  0x00000274fcf00010 JavaThread "Cache worker for execution history cache (C:\Users\yiqua\.gradle\caches\7.2\executionHistory)" [_thread_blocked, id=16692, stack(0x000000dbe7100000,0x000000dbe7200000)]
  0x00000274fcefdae0 JavaThread "jar transforms" [_thread_blocked, id=16496, stack(0x000000dbe7400000,0x000000dbe7500000)]
  0x00000274fcefe580 JavaThread "Cache worker for file content cache (C:\Users\yiqua\.gradle\caches\7.2\fileContent)" [_thread_blocked, id=16932, stack(0x000000dbe7500000,0x000000dbe7600000)]
  0x00000274fcf01aa0 JavaThread "jar transforms Thread 2" [_thread_blocked, id=13148, stack(0x000000dbe7600000,0x000000dbe7700000)]
  0x00000274fcefbb00 JavaThread "jar transforms Thread 3" [_thread_blocked, id=2352, stack(0x000000dbe7800000,0x000000dbe7900000)]
  0x00000274faff69f0 JavaThread "jar transforms Thread 4" [_thread_blocked, id=13692, stack(0x000000dbeca00000,0x000000dbecb00000)]
  0x00000274faff3f70 JavaThread "jar transforms Thread 5" [_thread_blocked, id=6704, stack(0x000000dbecb00000,0x000000dbecc00000)]
  0x00000274faff34d0 JavaThread "jar transforms Thread 6" [_thread_blocked, id=17516, stack(0x000000dbecc00000,0x000000dbecd00000)]
  0x00000274faff6f40 JavaThread "jar transforms Thread 7" [_thread_blocked, id=8, stack(0x000000dbecd00000,0x000000dbece00000)]
  0x00000274fb9e8570 JavaThread "jar transforms Thread 8" [_thread_blocked, id=16096, stack(0x000000dbece00000,0x000000dbecf00000)]
  0x00000274fb9e9560 JavaThread "Memory manager" [_thread_blocked, id=14592, stack(0x000000dbecf00000,0x000000dbed000000)]
  0x00000274fb9e9ab0 JavaThread "pool-3-thread-1" [_thread_blocked, id=9124, stack(0x000000dbed100000,0x000000dbed200000)]
  0x00000274fb9e7030 JavaThread "ForkJoinPool.commonPool-worker-5" daemon [_thread_blocked, id=15832, stack(0x000000dbedd00000,0x000000dbede00000)]
  0x00000274fcefa070 JavaThread "Daemon Thread 2" [_thread_blocked, id=3520, stack(0x000000dbe3f00000,0x000000dbe4000000)]
  0x00000274fcf00560 JavaThread "Handler for socket connection from /127.0.0.1:58583 to /127.0.0.1:58667" [_thread_in_native, id=12444, stack(0x000000dbe4000000,0x000000dbe4100000)]
  0x00000274fcefd590 JavaThread "Cancel handler" [_thread_blocked, id=12280, stack(0x000000dbe4100000,0x000000dbe4200000)]
  0x00000274fcefc050 JavaThread "Daemon worker Thread 2" [_thread_blocked, id=12188, stack(0x000000dbe5b00000,0x000000dbe5c00000)]
  0x00000274fcf00ab0 JavaThread "Asynchronous log dispatcher for DefaultDaemonConnection: socket connection from /127.0.0.1:58583 to /127.0.0.1:58667" [_thread_blocked, id=11588, stack(0x000000dbe5f00000,0x000000dbe6000000)]
  0x00000274fcefb5b0 JavaThread "Stdin handler" [_thread_blocked, id=396, stack(0x000000dbe6000000,0x000000dbe6100000)]
  0x00000274fcefe030 JavaThread "Daemon client event forwarder" [_thread_blocked, id=4100, stack(0x000000dbe6100000,0x000000dbe6200000)]
  0x00000274fcefc5a0 JavaThread "Cache worker for file hash cache (C:\Users\yiqua\AndroidStudioProjects\EHailing\.gradle\7.2\fileHashes)" [_thread_blocked, id=8916, stack(0x000000dbe6200000,0x000000dbe6300000)]
  0x00000274916c3920 JavaThread "C2 CompilerThread1" daemon [_thread_blocked, id=16952, stack(0x000000dbe6300000,0x000000dbe6400000)]
  0x00000274fcefb060 JavaThread "Cache worker for checksums cache (C:\Users\yiqua\AndroidStudioProjects\EHailing\.gradle\checksums)" [_thread_blocked, id=9284, stack(0x000000dbe6900000,0x000000dbe6a00000)]
  0x00000274fceff570 JavaThread "Cache worker for cache directory md-supplier (C:\Users\yiqua\.gradle\caches\7.2\md-supplier)" [_thread_blocked, id=7444, stack(0x000000dbe6a00000,0x000000dbe6b00000)]
  0x00000274fceffac0 JavaThread "Cache worker for cache directory md-rule (C:\Users\yiqua\.gradle\caches\7.2\md-rule)" [_thread_blocked, id=16772, stack(0x000000dbe6b00000,0x000000dbe6c00000)]
  0x00000274fcf01000 JavaThread "Cache worker for dependencies-accessors (C:\Users\yiqua\AndroidStudioProjects\EHailing\.gradle\7.2\dependencies-accessors)" [_thread_blocked, id=13852, stack(0x000000dbe6e00000,0x000000dbe6f00000)]
  0x00000274fcefcaf0 JavaThread "Cache worker for Build Output Cleanup Cache (C:\Users\yiqua\AndroidStudioProjects\EHailing\.gradle\buildOutputCleanup)" [_thread_blocked, id=3684, stack(0x000000dbe6f00000,0x000000dbe7000000)]
  0x00000274fcf01550 JavaThread "Unconstrained build operations" [_thread_blocked, id=12000, stack(0x000000dbe7000000,0x000000dbe7100000)]
  0x00000274fcefd040 JavaThread "Unconstrained build operations Thread 2" [_thread_blocked, id=8028, stack(0x000000dbe7700000,0x000000dbe7800000)]
  0x00000274fcefead0 JavaThread "Unconstrained build operations Thread 3" [_thread_blocked, id=17616, stack(0x000000dbe7900000,0x000000dbe7a00000)]
  0x00000274fceff020 JavaThread "Unconstrained build operations Thread 4" [_thread_blocked, id=17784, stack(0x000000dbe7a00000,0x000000dbe7b00000)]
  0x00000274faff79e0 JavaThread "Unconstrained build operations Thread 5" [_thread_blocked, id=12068, stack(0x000000dbe7b00000,0x000000dbe7c00000)]
  0x00000274faff54b0 JavaThread "Unconstrained build operations Thread 6" [_thread_blocked, id=9148, stack(0x000000dbe7c00000,0x000000dbe7d00000)]
  0x00000274faff9470 JavaThread "Unconstrained build operations Thread 7" [_thread_blocked, id=10528, stack(0x000000dbe7d00000,0x000000dbe7e00000)]
  0x00000274faff5a00 JavaThread "Unconstrained build operations Thread 8" [_thread_blocked, id=264, stack(0x000000dbe7e00000,0x000000dbe7f00000)]
  0x00000274faff99c0 JavaThread "Unconstrained build operations Thread 9" [_thread_blocked, id=11392, stack(0x000000dbe7f00000,0x000000dbe8000000)]
  0x00000274faff9f10 JavaThread "Unconstrained build operations Thread 10" [_thread_blocked, id=3644, stack(0x000000dbe8000000,0x000000dbe8100000)]
  0x00000274faff24e0 JavaThread "Unconstrained build operations Thread 11" [_thread_blocked, id=5652, stack(0x000000dbe8100000,0x000000dbe8200000)]
  0x00000274faff5f50 JavaThread "Unconstrained build operations Thread 12" [_thread_blocked, id=17468, stack(0x000000dbe8200000,0x000000dbe8300000)]
  0x00000274faff2a30 JavaThread "Unconstrained build operations Thread 13" [_thread_blocked, id=12964, stack(0x000000dbe8300000,0x000000dbe8400000)]
  0x00000274faff2f80 JavaThread "Unconstrained build operations Thread 14" [_thread_blocked, id=13060, stack(0x000000dbe8400000,0x000000dbe8500000)]
  0x00000274faff7f30 JavaThread "Unconstrained build operations Thread 15" [_thread_blocked, id=16804, stack(0x000000dbe8500000,0x000000dbe8600000)]
  0x00000274faff3a20 JavaThread "Unconstrained build operations Thread 16" [_thread_blocked, id=18656, stack(0x000000dbe8600000,0x000000dbe8700000)]
  0x00000274faff44c0 JavaThread "Unconstrained build operations Thread 17" [_thread_blocked, id=16184, stack(0x000000dbe8700000,0x000000dbe8800000)]
  0x00000274faff8480 JavaThread "Unconstrained build operations Thread 18" [_thread_blocked, id=5324, stack(0x000000dbe8800000,0x000000dbe8900000)]
  0x00000274faff4a10 JavaThread "Unconstrained build operations Thread 19" [_thread_blocked, id=8252, stack(0x000000dbe8900000,0x000000dbe8a00000)]
  0x00000274faff4f60 JavaThread "Unconstrained build operations Thread 20" [_thread_blocked, id=6344, stack(0x000000dbe8a00000,0x000000dbe8b00000)]
  0x00000274faff64a0 JavaThread "Unconstrained build operations Thread 21" [_thread_blocked, id=12764, stack(0x000000dbe8b00000,0x000000dbe8c00000)]
  0x00000274faff89d0 JavaThread "Unconstrained build operations Thread 22" [_thread_blocked, id=1216, stack(0x000000dbe8c00000,0x000000dbe8d00000)]
  0x00000274fb9e4060 JavaThread "Unconstrained build operations Thread 23" [_thread_blocked, id=1444, stack(0x000000dbe8d00000,0x000000dbe8e00000)]
  0x00000274fb9e7580 JavaThread "Unconstrained build operations Thread 24" [_thread_blocked, id=13860, stack(0x000000dbe8e00000,0x000000dbe8f00000)]
  0x00000274fb9e45b0 JavaThread "Unconstrained build operations Thread 25" [_thread_blocked, id=17296, stack(0x000000dbe8f00000,0x000000dbe9000000)]
  0x00000274fb9e8ac0 JavaThread "Unconstrained build operations Thread 26" [_thread_blocked, id=16408, stack(0x000000dbe9000000,0x000000dbe9100000)]
  0x00000274fb9e9010 JavaThread "Unconstrained build operations Thread 27" [_thread_blocked, id=18564, stack(0x000000dbe9100000,0x000000dbe9200000)]
  0x00000274fb9eb540 JavaThread "Unconstrained build operations Thread 28" [_thread_blocked, id=9796, stack(0x000000dbe9200000,0x000000dbe9300000)]
  0x00000274fb9eaaa0 JavaThread "Unconstrained build operations Thread 29" [_thread_blocked, id=15268, stack(0x000000dbe9300000,0x000000dbe9400000)]
  0x00000274fb9e4b00 JavaThread "Unconstrained build operations Thread 30" [_thread_blocked, id=14624, stack(0x000000dbe9400000,0x000000dbe9500000)]
  0x00000274fb9ea550 JavaThread "Unconstrained build operations Thread 31" [_thread_blocked, id=15752, stack(0x000000dbe9500000,0x000000dbe9600000)]
  0x00000274fb9ea000 JavaThread "Unconstrained build operations Thread 32" [_thread_blocked, id=13916, stack(0x000000dbe9600000,0x000000dbe9700000)]
  0x00000274fb9e6ae0 JavaThread "Unconstrained build operations Thread 33" [_thread_blocked, id=1636, stack(0x000000dbe9700000,0x000000dbe9800000)]
  0x00000274fb9e55a0 JavaThread "Unconstrained build operations Thread 34" [_thread_blocked, id=5776, stack(0x000000dbe9800000,0x000000dbe9900000)]
  0x00000274fb9e7ad0 JavaThread "Unconstrained build operations Thread 35" [_thread_blocked, id=10844, stack(0x000000dbe9900000,0x000000dbe9a00000)]
  0x00000274fc16c130 JavaThread "Unconstrained build operations Thread 36" [_thread_blocked, id=2648, stack(0x000000dbe9a00000,0x000000dbe9b00000)]
  0x00000274fc16abf0 JavaThread "Unconstrained build operations Thread 37" [_thread_blocked, id=18196, stack(0x000000dbe9b00000,0x000000dbe9c00000)]
  0x00000274fc16cbd0 JavaThread "Unconstrained build operations Thread 38" [_thread_blocked, id=2656, stack(0x000000dbe9c00000,0x000000dbe9d00000)]
  0x00000274fc16d120 JavaThread "Unconstrained build operations Thread 39" [_thread_blocked, id=8020, stack(0x000000dbe9d00000,0x000000dbe9e00000)]
  0x00000274fc16c680 JavaThread "Unconstrained build operations Thread 40" [_thread_blocked, id=17576, stack(0x000000dbe9e00000,0x000000dbe9f00000)]
  0x00000274fc16dbc0 JavaThread "Unconstrained build operations Thread 41" [_thread_blocked, id=9384, stack(0x000000dbe9f00000,0x000000dbea000000)]
  0x000002748f16cdc0 JavaThread "Unconstrained build operations Thread 42" [_thread_blocked, id=2712, stack(0x000000dbea000000,0x000000dbea100000)]
  0x000002748f1712d0 JavaThread "Unconstrained build operations Thread 43" [_thread_blocked, id=4684, stack(0x000000dbea100000,0x000000dbea200000)]
  0x000002748f173800 JavaThread "Unconstrained build operations Thread 44" [_thread_blocked, id=13740, stack(0x000000dbea200000,0x000000dbea300000)]
  0x000002748f170830 JavaThread "Unconstrained build operations Thread 45" [_thread_blocked, id=18828, stack(0x000000dbea300000,0x000000dbea400000)]
  0x000002748f16f840 JavaThread "Unconstrained build operations Thread 46" [_thread_blocked, id=9856, stack(0x000000dbea400000,0x000000dbea500000)]
  0x000002748f16eda0 JavaThread "Unconstrained build operations Thread 47" [_thread_blocked, id=1164, stack(0x000000dbea500000,0x000000dbea600000)]
  0x000002748f16fd90 JavaThread "Unconstrained build operations Thread 48" [_thread_blocked, id=16112, stack(0x000000dbea600000,0x000000dbea700000)]
  0x000002748f173d50 JavaThread "Unconstrained build operations Thread 49" [_thread_blocked, id=13820, stack(0x000000dbea700000,0x000000dbea800000)]
  0x000002748f172d60 JavaThread "Unconstrained build operations Thread 50" [_thread_blocked, id=11516, stack(0x000000dbea800000,0x000000dbea900000)]
  0x000002748f1702e0 JavaThread "Unconstrained build operations Thread 51" [_thread_blocked, id=1336, stack(0x000000dbea900000,0x000000dbeaa00000)]
  0x000002748f170d80 JavaThread "Unconstrained build operations Thread 52" [_thread_blocked, id=1284, stack(0x000000dbeaa00000,0x000000dbeab00000)]
  0x000002748f1732b0 JavaThread "Unconstrained build operations Thread 53" [_thread_blocked, id=13848, stack(0x000000dbeab00000,0x000000dbeac00000)]
  0x000002748f171820 JavaThread "Unconstrained build operations Thread 54" [_thread_blocked, id=5548, stack(0x000000dbeac00000,0x000000dbead00000)]
  0x000002748f1742a0 JavaThread "Unconstrained build operations Thread 55" [_thread_blocked, id=10476, stack(0x000000dbead00000,0x000000dbeae00000)]
  0x000002748f172810 JavaThread "Unconstrained build operations Thread 56" [_thread_blocked, id=10660, stack(0x000000dbeae00000,0x000000dbeaf00000)]
  0x000002748f16c870 JavaThread "Unconstrained build operations Thread 57" [_thread_blocked, id=15192, stack(0x000000dbeaf00000,0x000000dbeb000000)]
  0x000002748f16d310 JavaThread "Unconstrained build operations Thread 58" [_thread_blocked, id=6484, stack(0x000000dbeb000000,0x000000dbeb100000)]
  0x000002748f1722c0 JavaThread "Unconstrained build operations Thread 59" [_thread_blocked, id=18340, stack(0x000000dbeb100000,0x000000dbeb200000)]
  0x000002748f16d860 JavaThread "Unconstrained build operations Thread 60" [_thread_blocked, id=13676, stack(0x000000dbeb200000,0x000000dbeb300000)]
  0x000002748f171d70 JavaThread "Unconstrained build operations Thread 61" [_thread_blocked, id=14528, stack(0x000000dbeb300000,0x000000dbeb400000)]
  0x000002748f16e850 JavaThread "Unconstrained build operations Thread 62" [_thread_blocked, id=19300, stack(0x000000dbeb400000,0x000000dbeb500000)]
  0x000002748f16ddb0 JavaThread "Unconstrained build operations Thread 63" [_thread_blocked, id=8440, stack(0x000000dbeb500000,0x000000dbeb600000)]
  0x000002748f16e300 JavaThread "Unconstrained build operations Thread 64" [_thread_blocked, id=12592, stack(0x000000dbeb600000,0x000000dbeb700000)]
  0x000002748f16f2f0 JavaThread "Unconstrained build operations Thread 65" [_thread_blocked, id=940, stack(0x000000dbeb700000,0x000000dbeb800000)]
  0x0000027493ee0c40 JavaThread "Unconstrained build operations Thread 66" [_thread_blocked, id=11132, stack(0x000000dbeb800000,0x000000dbeb900000)]
  0x0000027493ee1190 JavaThread "Unconstrained build operations Thread 67" [_thread_blocked, id=13576, stack(0x000000dbeb900000,0x000000dbeba00000)]
  0x0000027493ee36c0 JavaThread "Unconstrained build operations Thread 68" [_thread_blocked, id=792, stack(0x000000dbeba00000,0x000000dbebb00000)]
  0x0000027493ee6be0 JavaThread "Unconstrained build operations Thread 69" [_thread_blocked, id=15620, stack(0x000000dbebb00000,0x000000dbebc00000)]
  0x0000027493ee3170 JavaThread "Unconstrained build operations Thread 70" [_thread_blocked, id=2880, stack(0x000000dbebc00000,0x000000dbebd00000)]
  0x0000027493ee7130 JavaThread "Unconstrained build operations Thread 71" [_thread_blocked, id=4480, stack(0x000000dbebd00000,0x000000dbebe00000)]
  0x0000027493ee01a0 JavaThread "Unconstrained build operations Thread 72" [_thread_blocked, id=12812, stack(0x000000dbebe00000,0x000000dbebf00000)]
  0x0000027493ee4c00 JavaThread "Unconstrained build operations Thread 73" [_thread_blocked, id=7420, stack(0x000000dbebf00000,0x000000dbec000000)]
  0x0000027493ee2180 JavaThread "Unconstrained build operations Thread 74" [_thread_blocked, id=15640, stack(0x000000dbec000000,0x000000dbec100000)]
  0x0000027493ee16e0 JavaThread "Unconstrained build operations Thread 75" [_thread_blocked, id=12480, stack(0x000000dbec100000,0x000000dbec200000)]
  0x0000027493ee56a0 JavaThread "Unconstrained build operations Thread 76" [_thread_blocked, id=17484, stack(0x000000dbec200000,0x000000dbec300000)]
  0x0000027493ee3c10 JavaThread "Unconstrained build operations Thread 77" [_thread_blocked, id=4984, stack(0x000000dbec300000,0x000000dbec400000)]
  0x0000027493ee7680 JavaThread "Unconstrained build operations Thread 78" [_thread_blocked, id=10368, stack(0x000000dbec400000,0x000000dbec500000)]
  0x0000027493ee46b0 JavaThread "Unconstrained build operations Thread 79" [_thread_blocked, id=15136, stack(0x000000dbec500000,0x000000dbec600000)]
  0x0000027493ee26d0 JavaThread "Unconstrained build operations Thread 80" [_thread_blocked, id=16020, stack(0x000000dbec600000,0x000000dbec700000)]
  0x0000027493ee7bd0 JavaThread "build event listener" [_thread_blocked, id=13084, stack(0x000000dbec700000,0x000000dbec800000)]
  0x0000027493ee5bf0 JavaThread "pool-7-thread-1" [_thread_blocked, id=8540, stack(0x000000dbec800000,0x000000dbec900000)]
  0x0000027493ee6140 JavaThread "build event listener" [_thread_blocked, id=8836, stack(0x000000dbec900000,0x000000dbeca00000)]
  0x0000027493ee06f0 JavaThread "Execution worker for ':'" [_thread_blocked, id=10608, stack(0x000000dbed000000,0x000000dbed100000)]
  0x0000027493ee1c30 JavaThread "Execution worker for ':' Thread 2" [_thread_blocked, id=8088, stack(0x000000dbed200000,0x000000dbed300000)]
  0x0000027493ee4160 JavaThread "Execution worker for ':' Thread 3" [_thread_blocked, id=14640, stack(0x000000dbed300000,0x000000dbed400000)]
  0x0000027493ee6690 JavaThread "Execution worker for ':' Thread 4" [_thread_blocked, id=11884, stack(0x000000dbed400000,0x000000dbed500000)]
  0x00000274940e3650 JavaThread "Execution worker for ':' Thread 5" [_thread_blocked, id=5236, stack(0x000000dbed500000,0x000000dbed600000)]
  0x00000274940e1120 JavaThread "Execution worker for ':' Thread 6" [_thread_blocked, id=9424, stack(0x000000dbed600000,0x000000dbed700000)]
  0x00000274940e7b60 JavaThread "Execution worker for ':' Thread 7" [_thread_blocked, id=12684, stack(0x000000dbed700000,0x000000dbed800000)]
  0x00000274940e3ba0 JavaThread "Cache worker for execution history cache (C:\Users\yiqua\AndroidStudioProjects\EHailing\.gradle\7.2\executionHistory)" [_thread_blocked, id=1984, stack(0x000000dbed800000,0x000000dbed900000)]
  0x00000274940e1670 JavaThread "Cache worker for Java compile cache (C:\Users\yiqua\.gradle\caches\7.2\javaCompile)" [_thread_blocked, id=8260, stack(0x000000dbed900000,0x000000dbeda00000)]
  0x00000274940e40f0 JavaThread "Build operations" [_thread_blocked, id=18708, stack(0x000000dbeda00000,0x000000dbedb00000)]
  0x00000274940e4640 JavaThread "Build operations Thread 2" [_thread_blocked, id=8432, stack(0x000000dbedb00000,0x000000dbedc00000)]
  0x00000274940e2110 JavaThread "Build operations Thread 3" [_thread_blocked, id=18752, stack(0x000000dbedc00000,0x000000dbedd00000)]
  0x00000274940e5b80 JavaThread "Build operations Thread 4" [_thread_blocked, id=10276, stack(0x000000dbede00000,0x000000dbedf00000)]
  0x00000274940e4b90 JavaThread "Build operations Thread 5" [_thread_blocked, id=10900, stack(0x000000dbedf00000,0x000000dbee000000)]
  0x00000274940e70c0 JavaThread "Build operations Thread 6" [_thread_blocked, id=10872, stack(0x000000dbee000000,0x000000dbee100000)]
  0x00000274940e50e0 JavaThread "Build operations Thread 7" [_thread_blocked, id=1664, stack(0x000000dbee100000,0x000000dbee200000)]
  0x00000274940e7610 JavaThread "Build operations Thread 8" [_thread_blocked, id=15104, stack(0x000000dbee200000,0x000000dbee300000)]
  0x00000274940e1bc0 JavaThread "WorkerExecutor Queue" [_thread_blocked, id=13456, stack(0x000000dbee300000,0x000000dbee400000)]
  0x00000274940e0680 JavaThread "WorkerExecutor Queue Thread 2" [_thread_blocked, id=17284, stack(0x000000dbee400000,0x000000dbee500000)]
  0x00000274940e2660 JavaThread "WorkerExecutor Queue Thread 3" [_thread_blocked, id=10048, stack(0x000000dbee500000,0x000000dbee600000)]
  0x00000274940e2bb0 JavaThread "WorkerExecutor Queue Thread 4" [_thread_blocked, id=10972, stack(0x000000dbee600000,0x000000dbee700000)]
  0x00000274940e0bd0 JavaThread "WorkerExecutor Queue Thread 5" [_thread_blocked, id=14472, stack(0x000000dbee700000,0x000000dbee800000)]
  0x00000274fb94dad0 JavaThread "WorkerExecutor Queue Thread 6" [_thread_blocked, id=16108, stack(0x000000dbee800000,0x000000dbee900000)]
  0x00000274fb94e020 JavaThread "WorkerExecutor Queue Thread 7" [_thread_blocked, id=13292, stack(0x000000dbee900000,0x000000dbeea00000)]
  0x00000274fb950550 JavaThread "WorkerExecutor Queue Thread 8" [_thread_blocked, id=15428, stack(0x000000dbeea00000,0x000000dbeeb00000)]
  0x00000274916c8c90 JavaThread "C2 CompilerThread2" daemon [_thread_blocked, id=10632, stack(0x000000dbe6400000,0x000000dbe6500000)]

Other Threads:
=>0x00000274f8ee4fd0 VMThread "VM Thread" [stack: 0x000000dbe4800000,0x000000dbe4900000] [id=3872]
  0x00000274f98fde70 WatcherThread [stack: 0x000000dbe5400000,0x000000dbe5500000] [id=9040]
  0x00000274e9ebaf60 GCTaskThread "GC Thread#0" [stack: 0x000000dbe4300000,0x000000dbe4400000] [id=15796]
  0x00000274fa37c8a0 GCTaskThread "GC Thread#1" [stack: 0x000000dbe5600000,0x000000dbe5700000] [id=8516]
  0x00000274fa5c8090 GCTaskThread "GC Thread#2" [stack: 0x000000dbe5700000,0x000000dbe5800000] [id=6644]
  0x00000274fa0c1c80 GCTaskThread "GC Thread#3" [stack: 0x000000dbe5800000,0x000000dbe5900000] [id=13452]
  0x00000274fa51a4b0 GCTaskThread "GC Thread#4" [stack: 0x000000dbe5900000,0x000000dbe5a00000] [id=17876]
  0x00000274fa51afd0 GCTaskThread "GC Thread#5" [stack: 0x000000dbe5a00000,0x000000dbe5b00000] [id=17948]
  0x00000274fa910060 GCTaskThread "GC Thread#6" [stack: 0x000000dbe6700000,0x000000dbe6800000] [id=19204]
  0x00000274fbcedc40 GCTaskThread "GC Thread#7" [stack: 0x000000dbe6800000,0x000000dbe6900000] [id=12928]
  0x00000274e9ecbfb0 ConcurrentGCThread "G1 Main Marker" [stack: 0x000000dbe4400000,0x000000dbe4500000] [id=17680]
  0x00000274e9ecd150 ConcurrentGCThread "G1 Conc#0" [stack: 0x000000dbe4500000,0x000000dbe4600000] [id=19280]
  0x00000274fc376740 ConcurrentGCThread "G1 Conc#1" [stack: 0x000000dbe7200000,0x000000dbe7300000] [id=11364]
  0x00000274e9f43210 ConcurrentGCThread "G1 Refine#0" [stack: 0x000000dbe4600000,0x000000dbe4700000] [id=8236]
  0x00000274fb78cd00 ConcurrentGCThread "G1 Refine#1" [stack: 0x000000dbe7300000,0x000000dbe7400000] [id=17552]
  0x00000274fd846430 ConcurrentGCThread "G1 Refine#2" [stack: 0x000000dbeec00000,0x000000dbeed00000] [id=18720]
  0x00000274fd845a70 ConcurrentGCThread "G1 Refine#3" [stack: 0x000000dbeed00000,0x000000dbeee00000] [id=8224]
  0x0000027491954420 ConcurrentGCThread "G1 Refine#4" [stack: 0x000000dbeee00000,0x000000dbeef00000] [id=6916]
  0x00000274f9a73400 ConcurrentGCThread "G1 Refine#5" [stack: 0x000000dbeef00000,0x000000dbef000000] [id=6760]
  0x00000274f9a73dc0 ConcurrentGCThread "G1 Refine#6" [stack: 0x000000dbef000000,0x000000dbef100000] [id=9364]
  0x00000274fd845db0 ConcurrentGCThread "G1 Refine#7" [stack: 0x000000dbef100000,0x000000dbef200000] [id=10600]
  0x00000274e9f43c20 ConcurrentGCThread "G1 Service" [stack: 0x000000dbe4700000,0x000000dbe4800000] [id=11612]

Threads with active compile tasks:
C2 CompilerThread0   423922 18365       4       com.android.tools.r8.internal.QE0::a (271 bytes)
C1 CompilerThread0   423922 18602 %     3       com.android.tools.r8.ir.regalloc.b::c @ 1393 (3939 bytes)
C2 CompilerThread1   423922 18367       4       com.android.tools.r8.internal.QE0::a (1151 bytes)
C2 CompilerThread2   423922 18488       4       java.util.TimSort::sort (229 bytes)

VM state: at safepoint (normal execution)

VM Mutex/Monitor currently owned by a thread:  ([mutex/lock_event])
[0x00000274e9e76c50] Threads_lock - owner thread: 0x00000274f8ee4fd0
[0x00000274e9e76110] Heap_lock - owner thread: 0x00000274fb94dad0

Heap address: 0x0000000080000000, size: 2048 MB, Compressed Oops mode: 32-bit

CDS archive(s) mapped at: [0x0000000800000000-0x0000000800bb0000-0x0000000800bb0000), size 12255232, SharedBaseAddress: 0x0000000800000000, ArchiveRelocationMode: 0.
Compressed class space mapped at: 0x0000000800c00000-0x0000000840c00000, reserved size: 1073741824
Narrow klass base: 0x0000000800000000, Narrow klass shift: 3, Narrow klass range: 0x100000000

GC Precious Log:
 CPUs: 8 total, 8 available
 Memory: 7103M
 Large Page Support: Disabled
 NUMA Support: Disabled
 Compressed Oops: Enabled (32-bit)
 Heap Region Size: 1M
 Heap Min Capacity: 8M
 Heap Initial Capacity: 112M
 Heap Max Capacity: 2G
 Pre-touch: Disabled
 Parallel Workers: 8
 Concurrent Workers: 2
 Concurrent Refinement Workers: 8
 Periodic GC: Disabled

Heap:
 garbage-first heap   total 242688K, used 123529K [0x0000000080000000, 0x0000000100000000)
  region size 1024K, 3 young (3072K), 3 survivors (3072K)
 Metaspace       used 110069K, committed 110848K, reserved 1146880K
  class space    used 14794K, committed 15168K, reserved 1048576K

Heap Regions: E=young(eden), S=young(survivor), O=old, HS=humongous(starts), HC=humongous(continues), CS=collection set, F=free, OA=open archive, CA=closed archive, TAMS=top-at-mark-start (previous, next)
|   0|0x0000000080000000, 0x0000000080100000, 0x0000000080100000|100%| O|  |TAMS 0x0000000080100000, 0x0000000080100000| Untracked 
|   1|0x0000000080100000, 0x0000000080200000, 0x0000000080200000|100%| O|  |TAMS 0x0000000080200000, 0x0000000080200000| Untracked 
|   2|0x0000000080200000, 0x0000000080300000, 0x0000000080300000|100%| O|  |TAMS 0x0000000080300000, 0x0000000080300000| Untracked 
|   3|0x0000000080300000, 0x0000000080400000, 0x0000000080400000|100%|HS|  |TAMS 0x0000000080400000, 0x0000000080400000| Complete 
|   4|0x0000000080400000, 0x0000000080500000, 0x0000000080500000|100%|HC|  |TAMS 0x0000000080500000, 0x0000000080500000| Complete 
|   5|0x0000000080500000, 0x0000000080600000, 0x0000000080600000|100%|HC|  |TAMS 0x0000000080600000, 0x0000000080600000| Complete 
|   6|0x0000000080600000, 0x0000000080700000, 0x0000000080700000|100%| O|  |TAMS 0x0000000080700000, 0x0000000080700000| Untracked 
|   7|0x0000000080700000, 0x0000000080800000, 0x0000000080800000|100%| O|  |TAMS 0x0000000080800000, 0x0000000080800000| Untracked 
|   8|0x0000000080800000, 0x0000000080900000, 0x0000000080900000|100%| O|  |TAMS 0x0000000080900000, 0x0000000080900000| Untracked 
|   9|0x0000000080900000, 0x0000000080a00000, 0x0000000080a00000|100%| O|  |TAMS 0x0000000080a00000, 0x0000000080a00000| Untracked 
|  10|0x0000000080a00000, 0x0000000080b00000, 0x0000000080b00000|100%| O|  |TAMS 0x0000000080b00000, 0x0000000080b00000| Untracked 
|  11|0x0000000080b00000, 0x0000000080c00000, 0x0000000080c00000|100%| O|  |TAMS 0x0000000080b00000, 0x0000000080c00000| Untracked 
|  12|0x0000000080c00000, 0x0000000080d00000, 0x0000000080d00000|100%| O|  |TAMS 0x0000000080d00000, 0x0000000080d00000| Untracked 
|  13|0x0000000080d00000, 0x0000000080e00000, 0x0000000080e00000|100%| O|  |TAMS 0x0000000080e00000, 0x0000000080e00000| Untracked 
|  14|0x0000000080e00000, 0x0000000080f00000, 0x0000000080f00000|100%| O|  |TAMS 0x0000000080f00000, 0x0000000080f00000| Untracked 
|  15|0x0000000080f00000, 0x0000000081000000, 0x0000000081000000|100%| O|  |TAMS 0x0000000081000000, 0x0000000081000000| Untracked 
|  16|0x0000000081000000, 0x0000000081100000, 0x0000000081100000|100%| O|  |TAMS 0x0000000081100000, 0x0000000081100000| Untracked 
|  17|0x0000000081100000, 0x0000000081100000, 0x0000000081200000|  0%| F|  |TAMS 0x0000000081100000, 0x0000000081100000| Untracked 
|  18|0x0000000081200000, 0x0000000081300000, 0x0000000081300000|100%| O|  |TAMS 0x0000000081200000, 0x0000000081300000| Untracked 
|  19|0x0000000081300000, 0x0000000081400000, 0x0000000081400000|100%| O|  |TAMS 0x0000000081300000, 0x0000000081400000| Untracked 
|  20|0x0000000081400000, 0x0000000081500000, 0x0000000081500000|100%| O|  |TAMS 0x0000000081500000, 0x0000000081500000| Untracked 
|  21|0x0000000081500000, 0x0000000081600000, 0x0000000081600000|100%| O|  |TAMS 0x0000000081600000, 0x0000000081600000| Untracked 
|  22|0x0000000081600000, 0x0000000081600000, 0x0000000081700000|  0%| F|  |TAMS 0x0000000081600000, 0x0000000081600000| Untracked 
|  23|0x0000000081700000, 0x0000000081800000, 0x0000000081800000|100%| O|  |TAMS 0x0000000081800000, 0x0000000081800000| Untracked 
|  24|0x0000000081800000, 0x0000000081900000, 0x0000000081900000|100%| O|  |TAMS 0x0000000081900000, 0x0000000081900000| Untracked 
|  25|0x0000000081900000, 0x0000000081a00000, 0x0000000081a00000|100%| O|  |TAMS 0x0000000081a00000, 0x0000000081a00000| Untracked 
|  26|0x0000000081a00000, 0x0000000081b00000, 0x0000000081b00000|100%|HS|  |TAMS 0x0000000081b00000, 0x0000000081b00000| Complete 
|  27|0x0000000081b00000, 0x0000000081c00000, 0x0000000081c00000|100%|HS|  |TAMS 0x0000000081c00000, 0x0000000081c00000| Complete 
|  28|0x0000000081c00000, 0x0000000081d00000, 0x0000000081d00000|100%| O|  |TAMS 0x0000000081d00000, 0x0000000081d00000| Untracked 
|  29|0x0000000081d00000, 0x0000000081e00000, 0x0000000081e00000|100%| O|  |TAMS 0x0000000081d00000, 0x0000000081e00000| Untracked 
|  30|0x0000000081e00000, 0x0000000081f00000, 0x0000000081f00000|100%| O|  |TAMS 0x0000000081f00000, 0x0000000081f00000| Untracked 
|  31|0x0000000081f00000, 0x0000000082000000, 0x0000000082000000|100%| O|  |TAMS 0x0000000082000000, 0x0000000082000000| Untracked 
|  32|0x0000000082000000, 0x0000000082100000, 0x0000000082100000|100%| O|  |TAMS 0x0000000082000000, 0x0000000082100000| Untracked 
|  33|0x0000000082100000, 0x0000000082200000, 0x0000000082200000|100%| O|  |TAMS 0x0000000082200000, 0x0000000082200000| Untracked 
|  34|0x0000000082200000, 0x0000000082300000, 0x0000000082300000|100%| O|  |TAMS 0x0000000082300000, 0x0000000082300000| Untracked 
|  35|0x0000000082300000, 0x0000000082400000, 0x0000000082400000|100%| O|  |TAMS 0x0000000082400000, 0x0000000082400000| Untracked 
|  36|0x0000000082400000, 0x0000000082500000, 0x0000000082500000|100%| O|  |TAMS 0x0000000082500000, 0x0000000082500000| Untracked 
|  37|0x0000000082500000, 0x0000000082600000, 0x0000000082600000|100%| O|  |TAMS 0x0000000082600000, 0x0000000082600000| Untracked 
|  38|0x0000000082600000, 0x0000000082700000, 0x0000000082700000|100%| O|  |TAMS 0x0000000082700000, 0x0000000082700000| Untracked 
|  39|0x0000000082700000, 0x0000000082800000, 0x0000000082800000|100%|HS|  |TAMS 0x0000000082800000, 0x0000000082800000| Complete 
|  40|0x0000000082800000, 0x0000000082900000, 0x0000000082900000|100%| O|  |TAMS 0x0000000082900000, 0x0000000082900000| Untracked 
|  41|0x0000000082900000, 0x0000000082a00000, 0x0000000082a00000|100%| O|  |TAMS 0x0000000082900000, 0x0000000082a00000| Untracked 
|  42|0x0000000082a00000, 0x0000000082b00000, 0x0000000082b00000|100%|HS|  |TAMS 0x0000000082b00000, 0x0000000082b00000| Complete 
|  43|0x0000000082b00000, 0x0000000082c00000, 0x0000000082c00000|100%|HC|  |TAMS 0x0000000082c00000, 0x0000000082c00000| Complete 
|  44|0x0000000082c00000, 0x0000000082d00000, 0x0000000082d00000|100%| O|  |TAMS 0x0000000082d00000, 0x0000000082d00000| Untracked 
|  45|0x0000000082d00000, 0x0000000082e00000, 0x0000000082e00000|100%| O|  |TAMS 0x0000000082e00000, 0x0000000082e00000| Untracked 
|  46|0x0000000082e00000, 0x0000000082f00000, 0x0000000082f00000|100%| O|  |TAMS 0x0000000082f00000, 0x0000000082f00000| Untracked 
|  47|0x0000000082f00000, 0x0000000083000000, 0x0000000083000000|100%| O|  |TAMS 0x0000000083000000, 0x0000000083000000| Untracked 
|  48|0x0000000083000000, 0x0000000083100000, 0x0000000083100000|100%| O|  |TAMS 0x0000000083100000, 0x0000000083100000| Untracked 
|  49|0x0000000083100000, 0x0000000083200000, 0x0000000083200000|100%| O|  |TAMS 0x0000000083200000, 0x0000000083200000| Untracked 
|  50|0x0000000083200000, 0x0000000083300000, 0x0000000083300000|100%| O|  |TAMS 0x0000000083300000, 0x0000000083300000| Untracked 
|  51|0x0000000083300000, 0x0000000083400000, 0x0000000083400000|100%| O|  |TAMS 0x0000000083400000, 0x0000000083400000| Untracked 
|  52|0x0000000083400000, 0x0000000083500000, 0x0000000083500000|100%| O|  |TAMS 0x0000000083500000, 0x0000000083500000| Untracked 
|  53|0x0000000083500000, 0x0000000083600000, 0x0000000083600000|100%| O|  |TAMS 0x0000000083600000, 0x0000000083600000| Untracked 
|  54|0x0000000083600000, 0x0000000083700000, 0x0000000083700000|100%| O|  |TAMS 0x0000000083700000, 0x0000000083700000| Untracked 
|  55|0x0000000083700000, 0x0000000083800000, 0x0000000083800000|100%| O|  |TAMS 0x0000000083800000, 0x0000000083800000| Untracked 
|  56|0x0000000083800000, 0x0000000083900000, 0x0000000083900000|100%| O|  |TAMS 0x0000000083900000, 0x0000000083900000| Untracked 
|  57|0x0000000083900000, 0x0000000083a00000, 0x0000000083a00000|100%| O|  |TAMS 0x0000000083a00000, 0x0000000083a00000| Untracked 
|  58|0x0000000083a00000, 0x0000000083b00000, 0x0000000083b00000|100%| O|  |TAMS 0x0000000083a00000, 0x0000000083b00000| Untracked 
|  59|0x0000000083b00000, 0x0000000083c00000, 0x0000000083c00000|100%| O|  |TAMS 0x0000000083c00000, 0x0000000083c00000| Untracked 
|  60|0x0000000083c00000, 0x0000000083d00000, 0x0000000083d00000|100%| O|  |TAMS 0x0000000083c00000, 0x0000000083d00000| Untracked 
|  61|0x0000000083d00000, 0x0000000083d00000, 0x0000000083e00000|  0%| F|  |TAMS 0x0000000083d00000, 0x0000000083d00000| Untracked 
|  62|0x0000000083e00000, 0x0000000083f00000, 0x0000000083f00000|100%| O|  |TAMS 0x0000000083f00000, 0x0000000083f00000| Untracked 
|  63|0x0000000083f00000, 0x0000000083f00000, 0x0000000084000000|  0%| F|  |TAMS 0x0000000083f00000, 0x0000000083f00000| Untracked 
|  64|0x0000000084000000, 0x0000000084100000, 0x0000000084100000|100%| O|  |TAMS 0x0000000084100000, 0x0000000084100000| Untracked 
|  65|0x0000000084100000, 0x0000000084200000, 0x0000000084200000|100%| O|  |TAMS 0x0000000084100000, 0x0000000084200000| Untracked 
|  66|0x0000000084200000, 0x0000000084200000, 0x0000000084300000|  0%| F|  |TAMS 0x0000000084200000, 0x0000000084200000| Untracked 
|  67|0x0000000084300000, 0x0000000084400000, 0x0000000084400000|100%| O|  |TAMS 0x0000000084300000, 0x0000000084400000| Untracked 
|  68|0x0000000084400000, 0x0000000084500000, 0x0000000084500000|100%| O|  |TAMS 0x0000000084500000, 0x0000000084500000| Untracked 
|  69|0x0000000084500000, 0x0000000084600000, 0x0000000084600000|100%| O|  |TAMS 0x0000000084500000, 0x0000000084600000| Untracked 
|  70|0x0000000084600000, 0x0000000084700000, 0x0000000084700000|100%| O|  |TAMS 0x0000000084600000, 0x0000000084700000| Untracked 
|  71|0x0000000084700000, 0x0000000084800000, 0x0000000084800000|100%| O|  |TAMS 0x0000000084700000, 0x0000000084800000| Untracked 
|  72|0x0000000084800000, 0x0000000084900000, 0x0000000084900000|100%| O|  |TAMS 0x0000000084800000, 0x0000000084900000| Untracked 
|  73|0x0000000084900000, 0x0000000084a00000, 0x0000000084a00000|100%| O|  |TAMS 0x0000000084900000, 0x0000000084a00000| Untracked 
|  74|0x0000000084a00000, 0x0000000084b00000, 0x0000000084b00000|100%| O|  |TAMS 0x0000000084b00000, 0x0000000084b00000| Untracked 
|  75|0x0000000084b00000, 0x0000000084c00000, 0x0000000084c00000|100%| O|  |TAMS 0x0000000084c00000, 0x0000000084c00000| Untracked 
|  76|0x0000000084c00000, 0x0000000084d00000, 0x0000000084d00000|100%| O|  |TAMS 0x0000000084d00000, 0x0000000084d00000| Untracked 
|  77|0x0000000084d00000, 0x0000000084d00000, 0x0000000084e00000|  0%| F|  |TAMS 0x0000000084d00000, 0x0000000084d00000| Untracked 
|  78|0x0000000084e00000, 0x0000000084f00000, 0x0000000084f00000|100%| O|  |TAMS 0x0000000084f00000, 0x0000000084f00000| Untracked 
|  79|0x0000000084f00000, 0x0000000085000000, 0x0000000085000000|100%| O|  |TAMS 0x0000000085000000, 0x0000000085000000| Untracked 
|  80|0x0000000085000000, 0x0000000085100000, 0x0000000085100000|100%| O|  |TAMS 0x0000000085100000, 0x0000000085100000| Untracked 
|  81|0x0000000085100000, 0x0000000085200000, 0x0000000085200000|100%| O|  |TAMS 0x0000000085200000, 0x0000000085200000| Untracked 
|  82|0x0000000085200000, 0x0000000085300000, 0x0000000085300000|100%| O|  |TAMS 0x0000000085300000, 0x0000000085300000| Untracked 
|  83|0x0000000085300000, 0x0000000085300000, 0x0000000085400000|  0%| F|  |TAMS 0x0000000085300000, 0x0000000085300000| Untracked 
|  84|0x0000000085400000, 0x0000000085500000, 0x0000000085500000|100%| O|  |TAMS 0x0000000085400000, 0x0000000085500000| Untracked 
|  85|0x0000000085500000, 0x0000000085500000, 0x0000000085600000|  0%| F|  |TAMS 0x0000000085500000, 0x0000000085500000| Untracked 
|  86|0x0000000085600000, 0x0000000085700000, 0x0000000085700000|100%| O|  |TAMS 0x0000000085700000, 0x0000000085700000| Untracked 
|  87|0x0000000085700000, 0x0000000085800000, 0x0000000085800000|100%| O|  |TAMS 0x0000000085700000, 0x0000000085800000| Untracked 
|  88|0x0000000085800000, 0x0000000085900000, 0x0000000085900000|100%| O|  |TAMS 0x0000000085800000, 0x0000000085900000| Untracked 
|  89|0x0000000085900000, 0x0000000085932600, 0x0000000085a00000| 19%| O|  |TAMS 0x0000000085900000, 0x0000000085932600| Untracked 
|  90|0x0000000085a00000, 0x0000000085b00000, 0x0000000085b00000|100%| O|  |TAMS 0x0000000085b00000, 0x0000000085b00000| Untracked 
|  91|0x0000000085b00000, 0x0000000085b00000, 0x0000000085c00000|  0%| F|  |TAMS 0x0000000085b00000, 0x0000000085b00000| Untracked 
|  92|0x0000000085c00000, 0x0000000085d00000, 0x0000000085d00000|100%| O|  |TAMS 0x0000000085d00000, 0x0000000085d00000| Untracked 
|  93|0x0000000085d00000, 0x0000000085e00000, 0x0000000085e00000|100%| O|  |TAMS 0x0000000085e00000, 0x0000000085e00000| Untracked 
|  94|0x0000000085e00000, 0x0000000085f00000, 0x0000000085f00000|100%| O|  |TAMS 0x0000000085f00000, 0x0000000085f00000| Untracked 
|  95|0x0000000085f00000, 0x0000000086000000, 0x0000000086000000|100%| O|  |TAMS 0x0000000086000000, 0x0000000086000000| Untracked 
|  96|0x0000000086000000, 0x0000000086100000, 0x0000000086100000|100%| O|  |TAMS 0x0000000086100000, 0x0000000086100000| Untracked 
|  97|0x0000000086100000, 0x0000000086200000, 0x0000000086200000|100%| O|  |TAMS 0x0000000086200000, 0x0000000086200000| Untracked 
|  98|0x0000000086200000, 0x0000000086300000, 0x0000000086300000|100%|HS|  |TAMS 0x0000000086300000, 0x0000000086300000| Complete 
|  99|0x0000000086300000, 0x0000000086400000, 0x0000000086400000|100%|HC|  |TAMS 0x0000000086400000, 0x0000000086400000| Complete 
| 100|0x0000000086400000, 0x0000000086400000, 0x0000000086500000|  0%| F|  |TAMS 0x0000000086400000, 0x0000000086400000| Untracked 
| 101|0x0000000086500000, 0x0000000086500000, 0x0000000086600000|  0%| F|  |TAMS 0x0000000086500000, 0x0000000086500000| Untracked 
| 102|0x0000000086600000, 0x0000000086600000, 0x0000000086700000|  0%| F|  |TAMS 0x0000000086600000, 0x0000000086600000| Untracked 
| 103|0x0000000086700000, 0x0000000086800000, 0x0000000086800000|100%| O|  |TAMS 0x0000000086800000, 0x0000000086800000| Untracked 
| 104|0x0000000086800000, 0x0000000086900000, 0x0000000086900000|100%| O|  |TAMS 0x0000000086900000, 0x0000000086900000| Untracked 
| 105|0x0000000086900000, 0x0000000086a00000, 0x0000000086a00000|100%| O|  |TAMS 0x0000000086a00000, 0x0000000086a00000| Untracked 
| 106|0x0000000086a00000, 0x0000000086a00000, 0x0000000086b00000|  0%| F|  |TAMS 0x0000000086a00000, 0x0000000086a00000| Untracked 
| 107|0x0000000086b00000, 0x0000000086b00000, 0x0000000086c00000|  0%| F|  |TAMS 0x0000000086b00000, 0x0000000086b00000| Untracked 
| 108|0x0000000086c00000, 0x0000000086c00000, 0x0000000086d00000|  0%| F|  |TAMS 0x0000000086c00000, 0x0000000086c00000| Untracked 
| 109|0x0000000086d00000, 0x0000000086d00000, 0x0000000086e00000|  0%| F|  |TAMS 0x0000000086d00000, 0x0000000086d00000| Untracked 
| 110|0x0000000086e00000, 0x0000000086e00000, 0x0000000086f00000|  0%| F|  |TAMS 0x0000000086e00000, 0x0000000086e00000| Untracked 
| 111|0x0000000086f00000, 0x0000000086f00000, 0x0000000087000000|  0%| F|  |TAMS 0x0000000086f00000, 0x0000000086f00000| Untracked 
| 112|0x0000000087000000, 0x0000000087000000, 0x0000000087100000|  0%| F|  |TAMS 0x0000000087000000, 0x0000000087000000| Untracked 
| 113|0x0000000087100000, 0x0000000087100000, 0x0000000087200000|  0%| F|  |TAMS 0x0000000087100000, 0x0000000087100000| Untracked 
| 114|0x0000000087200000, 0x0000000087200000, 0x0000000087300000|  0%| F|  |TAMS 0x0000000087200000, 0x0000000087200000| Untracked 
| 115|0x0000000087300000, 0x0000000087300000, 0x0000000087400000|  0%| F|  |TAMS 0x0000000087300000, 0x0000000087300000| Untracked 
| 116|0x0000000087400000, 0x0000000087400000, 0x0000000087500000|  0%| F|  |TAMS 0x0000000087400000, 0x0000000087400000| Untracked 
| 117|0x0000000087500000, 0x0000000087500000, 0x0000000087600000|  0%| F|  |TAMS 0x0000000087500000, 0x0000000087500000| Untracked 
| 118|0x0000000087600000, 0x0000000087600000, 0x0000000087700000|  0%| F|  |TAMS 0x0000000087600000, 0x0000000087600000| Untracked 
| 119|0x0000000087700000, 0x0000000087800000, 0x0000000087800000|100%| O|  |TAMS 0x0000000087800000, 0x0000000087800000| Untracked 
| 120|0x0000000087800000, 0x0000000087900000, 0x0000000087900000|100%| O|  |TAMS 0x0000000087900000, 0x0000000087900000| Untracked 
| 121|0x0000000087900000, 0x0000000087a00000, 0x0000000087a00000|100%| O|  |TAMS 0x0000000087a00000, 0x0000000087a00000| Untracked 
| 122|0x0000000087a00000, 0x0000000087b00000, 0x0000000087b00000|100%| O|  |TAMS 0x0000000087b00000, 0x0000000087b00000| Untracked 
| 123|0x0000000087b00000, 0x0000000087c00000, 0x0000000087c00000|100%| O|  |TAMS 0x0000000087c00000, 0x0000000087c00000| Untracked 
| 124|0x0000000087c00000, 0x0000000087d00000, 0x0000000087d00000|100%| O|  |TAMS 0x0000000087d00000, 0x0000000087d00000| Untracked 
| 125|0x0000000087d00000, 0x0000000087e00000, 0x0000000087e00000|100%| O|  |TAMS 0x0000000087e00000, 0x0000000087e00000| Untracked 
| 126|0x0000000087e00000, 0x0000000087f00000, 0x0000000087f00000|100%| O|  |TAMS 0x0000000087f00000, 0x0000000087f00000| Untracked 
| 127|0x0000000087f00000, 0x0000000088000000, 0x0000000088000000|100%| O|  |TAMS 0x0000000088000000, 0x0000000088000000| Untracked 
| 128|0x0000000088000000, 0x0000000088100000, 0x0000000088100000|100%| O|  |TAMS 0x0000000088100000, 0x0000000088100000| Untracked 
| 129|0x0000000088100000, 0x0000000088200000, 0x0000000088200000|100%| O|  |TAMS 0x0000000088200000, 0x0000000088200000| Untracked 
| 130|0x0000000088200000, 0x0000000088200000, 0x0000000088300000|  0%| F|  |TAMS 0x0000000088200000, 0x0000000088200000| Untracked 
| 131|0x0000000088300000, 0x0000000088300000, 0x0000000088400000|  0%| F|  |TAMS 0x0000000088300000, 0x0000000088300000| Untracked 
| 132|0x0000000088400000, 0x0000000088500000, 0x0000000088500000|100%| O|  |TAMS 0x0000000088500000, 0x0000000088500000| Untracked 
| 133|0x0000000088500000, 0x0000000088600000, 0x0000000088600000|100%| O|  |TAMS 0x0000000088600000, 0x0000000088600000| Untracked 
| 134|0x0000000088600000, 0x0000000088700000, 0x0000000088700000|100%| O|  |TAMS 0x0000000088700000, 0x0000000088700000| Untracked 
| 135|0x0000000088700000, 0x0000000088800000, 0x0000000088800000|100%| O|  |TAMS 0x0000000088800000, 0x0000000088800000| Untracked 
| 136|0x0000000088800000, 0x0000000088900000, 0x0000000088900000|100%| O|  |TAMS 0x0000000088900000, 0x0000000088900000| Untracked 
| 137|0x0000000088900000, 0x0000000088a00000, 0x0000000088a00000|100%| O|  |TAMS 0x0000000088a00000, 0x0000000088a00000| Untracked 
| 138|0x0000000088a00000, 0x0000000088b00000, 0x0000000088b00000|100%| O|  |TAMS 0x0000000088b00000, 0x0000000088b00000| Untracked 
| 139|0x0000000088b00000, 0x0000000088c00000, 0x0000000088c00000|100%| O|  |TAMS 0x0000000088c00000, 0x0000000088c00000| Untracked 
| 140|0x0000000088c00000, 0x0000000088d00000, 0x0000000088d00000|100%| O|  |TAMS 0x0000000088d00000, 0x0000000088d00000| Untracked 
| 141|0x0000000088d00000, 0x0000000088e00000, 0x0000000088e00000|100%| O|  |TAMS 0x0000000088e00000, 0x0000000088e00000| Untracked 
| 142|0x0000000088e00000, 0x0000000088f00000, 0x0000000088f00000|100%| O|  |TAMS 0x0000000088f00000, 0x0000000088f00000| Untracked 
| 143|0x0000000088f00000, 0x0000000089000000, 0x0000000089000000|100%| O|  |TAMS 0x0000000089000000, 0x0000000089000000| Untracked 
| 144|0x0000000089000000, 0x0000000089000000, 0x0000000089100000|  0%| F|  |TAMS 0x0000000089000000, 0x0000000089000000| Untracked 
| 145|0x0000000089100000, 0x0000000089200000, 0x0000000089200000|100%| O|  |TAMS 0x0000000089200000, 0x0000000089200000| Untracked 
| 146|0x0000000089200000, 0x0000000089200000, 0x0000000089300000|  0%| F|  |TAMS 0x0000000089200000, 0x0000000089200000| Untracked 
| 147|0x0000000089300000, 0x0000000089400000, 0x0000000089400000|100%| O|  |TAMS 0x0000000089387a00, 0x0000000089400000| Untracked 
| 148|0x0000000089400000, 0x0000000089400000, 0x0000000089500000|  0%| F|  |TAMS 0x0000000089400000, 0x0000000089400000| Untracked 
| 149|0x0000000089500000, 0x0000000089500000, 0x0000000089600000|  0%| F|  |TAMS 0x0000000089500000, 0x0000000089500000| Untracked 
| 150|0x0000000089600000, 0x0000000089600000, 0x0000000089700000|  0%| F|  |TAMS 0x0000000089600000, 0x0000000089600000| Untracked 
| 151|0x0000000089700000, 0x0000000089700000, 0x0000000089800000|  0%| F|  |TAMS 0x0000000089700000, 0x0000000089700000| Untracked 
| 152|0x0000000089800000, 0x0000000089800000, 0x0000000089900000|  0%| F|  |TAMS 0x0000000089800000, 0x0000000089800000| Untracked 
| 153|0x0000000089900000, 0x0000000089900000, 0x0000000089a00000|  0%| F|  |TAMS 0x0000000089900000, 0x0000000089900000| Untracked 
| 154|0x0000000089a00000, 0x0000000089a00000, 0x0000000089b00000|  0%| F|  |TAMS 0x0000000089a00000, 0x0000000089a00000| Untracked 
| 155|0x0000000089b00000, 0x0000000089b00000, 0x0000000089c00000|  0%| F|  |TAMS 0x0000000089b00000, 0x0000000089b00000| Untracked 
| 156|0x0000000089c00000, 0x0000000089c00000, 0x0000000089d00000|  0%| F|  |TAMS 0x0000000089c00000, 0x0000000089c00000| Untracked 
| 157|0x0000000089d00000, 0x0000000089d00000, 0x0000000089e00000|  0%| F|  |TAMS 0x0000000089d00000, 0x0000000089d00000| Untracked 
| 158|0x0000000089e00000, 0x0000000089e00000, 0x0000000089f00000|  0%| F|  |TAMS 0x0000000089e00000, 0x0000000089e00000| Untracked 
| 159|0x0000000089f00000, 0x0000000089f00000, 0x000000008a000000|  0%| F|  |TAMS 0x0000000089f00000, 0x0000000089f00000| Untracked 
| 160|0x000000008a000000, 0x000000008a000000, 0x000000008a100000|  0%| F|  |TAMS 0x000000008a000000, 0x000000008a000000| Untracked 
| 161|0x000000008a100000, 0x000000008a100000, 0x000000008a200000|  0%| F|  |TAMS 0x000000008a100000, 0x000000008a100000| Untracked 
| 162|0x000000008a200000, 0x000000008a200000, 0x000000008a300000|  0%| F|  |TAMS 0x000000008a200000, 0x000000008a200000| Untracked 
| 163|0x000000008a300000, 0x000000008a300000, 0x000000008a400000|  0%| F|  |TAMS 0x000000008a300000, 0x000000008a300000| Untracked 
| 164|0x000000008a400000, 0x000000008a400000, 0x000000008a500000|  0%| F|  |TAMS 0x000000008a400000, 0x000000008a400000| Untracked 
| 165|0x000000008a500000, 0x000000008a500000, 0x000000008a600000|  0%| F|  |TAMS 0x000000008a500000, 0x000000008a500000| Untracked 
| 166|0x000000008a600000, 0x000000008a600000, 0x000000008a700000|  0%| F|  |TAMS 0x000000008a600000, 0x000000008a600000| Untracked 
| 167|0x000000008a700000, 0x000000008a700000, 0x000000008a800000|  0%| F|  |TAMS 0x000000008a700000, 0x000000008a700000| Untracked 
| 168|0x000000008a800000, 0x000000008a800000, 0x000000008a900000|  0%| F|  |TAMS 0x000000008a800000, 0x000000008a800000| Untracked 
| 169|0x000000008a900000, 0x000000008a900000, 0x000000008aa00000|  0%| F|  |TAMS 0x000000008a900000, 0x000000008a900000| Untracked 
| 170|0x000000008aa00000, 0x000000008aa00000, 0x000000008ab00000|  0%| F|  |TAMS 0x000000008aa00000, 0x000000008aa00000| Untracked 
| 171|0x000000008ab00000, 0x000000008ab00000, 0x000000008ac00000|  0%| F|  |TAMS 0x000000008ab00000, 0x000000008ab00000| Untracked 
| 172|0x000000008ac00000, 0x000000008ac00000, 0x000000008ad00000|  0%| F|  |TAMS 0x000000008ac00000, 0x000000008ac00000| Untracked 
| 173|0x000000008ad00000, 0x000000008ad00000, 0x000000008ae00000|  0%| F|  |TAMS 0x000000008ad00000, 0x000000008ad00000| Untracked 
| 174|0x000000008ae00000, 0x000000008ae00000, 0x000000008af00000|  0%| F|  |TAMS 0x000000008ae00000, 0x000000008ae00000| Untracked 
| 175|0x000000008af00000, 0x000000008af00000, 0x000000008b000000|  0%| F|  |TAMS 0x000000008af00000, 0x000000008af00000| Untracked 
| 176|0x000000008b000000, 0x000000008b000000, 0x000000008b100000|  0%| F|  |TAMS 0x000000008b000000, 0x000000008b000000| Untracked 
| 177|0x000000008b100000, 0x000000008b100000, 0x000000008b200000|  0%| F|  |TAMS 0x000000008b100000, 0x000000008b100000| Untracked 
| 178|0x000000008b200000, 0x000000008b200000, 0x000000008b300000|  0%| F|  |TAMS 0x000000008b200000, 0x000000008b200000| Untracked 
| 179|0x000000008b300000, 0x000000008b300000, 0x000000008b400000|  0%| F|  |TAMS 0x000000008b300000, 0x000000008b300000| Untracked 
| 180|0x000000008b400000, 0x000000008b400000, 0x000000008b500000|  0%| F|  |TAMS 0x000000008b400000, 0x000000008b400000| Untracked 
| 181|0x000000008b500000, 0x000000008b500000, 0x000000008b600000|  0%| F|  |TAMS 0x000000008b500000, 0x000000008b500000| Untracked 
| 182|0x000000008b600000, 0x000000008b600000, 0x000000008b700000|  0%| F|  |TAMS 0x000000008b600000, 0x000000008b600000| Untracked 
| 183|0x000000008b700000, 0x000000008b700000, 0x000000008b800000|  0%| F|  |TAMS 0x000000008b700000, 0x000000008b700000| Untracked 
| 184|0x000000008b800000, 0x000000008b800000, 0x000000008b900000|  0%| F|  |TAMS 0x000000008b800000, 0x000000008b800000| Untracked 
| 185|0x000000008b900000, 0x000000008b900000, 0x000000008ba00000|  0%| F|  |TAMS 0x000000008b900000, 0x000000008b900000| Untracked 
| 186|0x000000008ba00000, 0x000000008ba00000, 0x000000008bb00000|  0%| F|  |TAMS 0x000000008ba00000, 0x000000008ba00000| Untracked 
| 187|0x000000008bb00000, 0x000000008bb00000, 0x000000008bc00000|  0%| F|  |TAMS 0x000000008bb00000, 0x000000008bb00000| Untracked 
| 188|0x000000008bc00000, 0x000000008bc00000, 0x000000008bd00000|  0%| F|  |TAMS 0x000000008bc00000, 0x000000008bc00000| Untracked 
| 189|0x000000008bd00000, 0x000000008bd70078, 0x000000008be00000| 43%| S|CS|TAMS 0x000000008bd00000, 0x000000008bd00000| Complete 
| 190|0x000000008be00000, 0x000000008bf00000, 0x000000008bf00000|100%| S|CS|TAMS 0x000000008be00000, 0x000000008be00000| Complete 
| 191|0x000000008bf00000, 0x000000008c000000, 0x000000008c000000|100%| S|CS|TAMS 0x000000008bf00000, 0x000000008bf00000| Complete 
| 192|0x000000008c000000, 0x000000008c000000, 0x000000008c100000|  0%| F|  |TAMS 0x000000008c000000, 0x000000008c000000| Untracked 
| 193|0x000000008c100000, 0x000000008c100000, 0x000000008c200000|  0%| F|  |TAMS 0x000000008c100000, 0x000000008c100000| Untracked 
| 194|0x000000008c200000, 0x000000008c200000, 0x000000008c300000|  0%| F|  |TAMS 0x000000008c200000, 0x000000008c200000| Untracked 
| 195|0x000000008c300000, 0x000000008c300000, 0x000000008c400000|  0%| F|  |TAMS 0x000000008c300000, 0x000000008c300000| Untracked 
| 196|0x000000008c400000, 0x000000008c400000, 0x000000008c500000|  0%| F|  |TAMS 0x000000008c400000, 0x000000008c400000| Untracked 
| 197|0x000000008c500000, 0x000000008c500000, 0x000000008c600000|  0%| F|  |TAMS 0x000000008c500000, 0x000000008c500000| Untracked 
| 198|0x000000008c600000, 0x000000008c600000, 0x000000008c700000|  0%| F|  |TAMS 0x000000008c600000, 0x000000008c600000| Untracked 
| 199|0x000000008c700000, 0x000000008c700000, 0x000000008c800000|  0%| F|  |TAMS 0x000000008c700000, 0x000000008c700000| Untracked 
| 200|0x000000008c800000, 0x000000008c800000, 0x000000008c900000|  0%| F|  |TAMS 0x000000008c800000, 0x000000008c800000| Untracked 
| 201|0x000000008c900000, 0x000000008c900000, 0x000000008ca00000|  0%| F|  |TAMS 0x000000008c900000, 0x000000008c900000| Untracked 
| 202|0x000000008ca00000, 0x000000008ca00000, 0x000000008cb00000|  0%| F|  |TAMS 0x000000008ca00000, 0x000000008ca00000| Untracked 
| 203|0x000000008cb00000, 0x000000008cb00000, 0x000000008cc00000|  0%| F|  |TAMS 0x000000008cb00000, 0x000000008cb00000| Untracked 
| 204|0x000000008cc00000, 0x000000008cc00000, 0x000000008cd00000|  0%| F|  |TAMS 0x000000008cc00000, 0x000000008cc00000| Untracked 
| 205|0x000000008cd00000, 0x000000008cd00000, 0x000000008ce00000|  0%| F|  |TAMS 0x000000008cd00000, 0x000000008cd00000| Untracked 
| 206|0x000000008ce00000, 0x000000008ce00000, 0x000000008cf00000|  0%| F|  |TAMS 0x000000008ce00000, 0x000000008ce00000| Untracked 
| 207|0x000000008cf00000, 0x000000008cf00000, 0x000000008d000000|  0%| F|  |TAMS 0x000000008cf00000, 0x000000008cf00000| Untracked 
| 208|0x000000008d000000, 0x000000008d000000, 0x000000008d100000|  0%| F|  |TAMS 0x000000008d000000, 0x000000008d000000| Untracked 
| 209|0x000000008d100000, 0x000000008d100000, 0x000000008d200000|  0%| F|  |TAMS 0x000000008d100000, 0x000000008d100000| Untracked 
| 210|0x000000008d200000, 0x000000008d200000, 0x000000008d300000|  0%| F|  |TAMS 0x000000008d200000, 0x000000008d200000| Untracked 
| 211|0x000000008d300000, 0x000000008d300000, 0x000000008d400000|  0%| F|  |TAMS 0x000000008d300000, 0x000000008d300000| Untracked 
| 212|0x000000008d400000, 0x000000008d400000, 0x000000008d500000|  0%| F|  |TAMS 0x000000008d400000, 0x000000008d400000| Untracked 
| 213|0x000000008d500000, 0x000000008d500000, 0x000000008d600000|  0%| F|  |TAMS 0x000000008d500000, 0x000000008d500000| Untracked 
| 214|0x000000008d600000, 0x000000008d600000, 0x000000008d700000|  0%| F|  |TAMS 0x000000008d600000, 0x000000008d600000| Untracked 
| 215|0x000000008d700000, 0x000000008d700000, 0x000000008d800000|  0%| F|  |TAMS 0x000000008d700000, 0x000000008d700000| Untracked 
| 216|0x000000008d800000, 0x000000008d800000, 0x000000008d900000|  0%| F|  |TAMS 0x000000008d800000, 0x000000008d800000| Untracked 
| 217|0x000000008d900000, 0x000000008d900000, 0x000000008da00000|  0%| F|  |TAMS 0x000000008d900000, 0x000000008d900000| Untracked 
| 218|0x000000008da00000, 0x000000008da00000, 0x000000008db00000|  0%| F|  |TAMS 0x000000008da00000, 0x000000008da00000| Untracked 
| 219|0x000000008db00000, 0x000000008db00000, 0x000000008dc00000|  0%| F|  |TAMS 0x000000008db00000, 0x000000008db00000| Untracked 
| 220|0x000000008dc00000, 0x000000008dc00000, 0x000000008dd00000|  0%| F|  |TAMS 0x000000008dc00000, 0x000000008dc00000| Untracked 
| 221|0x000000008dd00000, 0x000000008dd00000, 0x000000008de00000|  0%| F|  |TAMS 0x000000008dd00000, 0x000000008dd00000| Untracked 
| 222|0x000000008de00000, 0x000000008de00000, 0x000000008df00000|  0%| F|  |TAMS 0x000000008de00000, 0x000000008de00000| Untracked 
| 223|0x000000008df00000, 0x000000008df00000, 0x000000008e000000|  0%| F|  |TAMS 0x000000008df00000, 0x000000008df00000| Untracked 
| 224|0x000000008e000000, 0x000000008e000000, 0x000000008e100000|  0%| F|  |TAMS 0x000000008e000000, 0x000000008e000000| Untracked 
| 225|0x000000008e100000, 0x000000008e100000, 0x000000008e200000|  0%| F|  |TAMS 0x000000008e100000, 0x000000008e100000| Untracked 
| 226|0x000000008e200000, 0x000000008e200000, 0x000000008e300000|  0%| F|  |TAMS 0x000000008e200000, 0x000000008e200000| Untracked 
| 227|0x000000008e300000, 0x000000008e300000, 0x000000008e400000|  0%| F|  |TAMS 0x000000008e300000, 0x000000008e300000| Untracked 
| 228|0x000000008e400000, 0x000000008e400000, 0x000000008e500000|  0%| F|  |TAMS 0x000000008e400000, 0x000000008e400000| Untracked 
| 229|0x000000008e500000, 0x000000008e500000, 0x000000008e600000|  0%| F|  |TAMS 0x000000008e500000, 0x000000008e500000| Untracked 
| 230|0x000000008e600000, 0x000000008e600000, 0x000000008e700000|  0%| F|  |TAMS 0x000000008e600000, 0x000000008e600000| Untracked 
| 231|0x000000008e700000, 0x000000008e700000, 0x000000008e800000|  0%| F|  |TAMS 0x000000008e700000, 0x000000008e700000| Untracked 
| 232|0x000000008e800000, 0x000000008e800000, 0x000000008e900000|  0%| F|  |TAMS 0x000000008e800000, 0x000000008e800000| Untracked 
| 233|0x000000008e900000, 0x000000008e900000, 0x000000008ea00000|  0%| F|  |TAMS 0x000000008e900000, 0x000000008e900000| Untracked 
| 234|0x000000008ea00000, 0x000000008ea00000, 0x000000008eb00000|  0%| F|  |TAMS 0x000000008ea00000, 0x000000008ea00000| Untracked 
| 235|0x000000008eb00000, 0x000000008eb00000, 0x000000008ec00000|  0%| F|  |TAMS 0x000000008eb00000, 0x000000008eb00000| Untracked 
| 236|0x000000008ec00000, 0x000000008ec00000, 0x000000008ed00000|  0%| F|  |TAMS 0x000000008ec00000, 0x000000008ec00000| Untracked 

Card table byte_map: [0x00000274f1d20000,0x00000274f2120000] _byte_map_base: 0x00000274f1920000

Marking Bits (Prev, Next): (CMBitMap*) 0x00000274e9ebb560, (CMBitMap*) 0x00000274e9ebb5a0
 Prev Bits: [0x00000274f2520000, 0x00000274f4520000)
 Next Bits: [0x00000274f4520000, 0x00000274f6520000)

Polling page: 0x00000274e7e60000

Metaspace:

Usage:
  Non-class:     93.04 MB used.
      Class:     14.45 MB used.
       Both:    107.49 MB used.

Virtual space:
  Non-class space:       96.00 MB reserved,      93.44 MB ( 97%) committed,  12 nodes.
      Class space:        1.00 GB reserved,      14.81 MB (  1%) committed,  1 nodes.
              Both:        1.09 GB reserved,     108.25 MB ( 10%) committed. 

Chunk freelists:
   Non-Class:  2.28 MB
       Class:  1.16 MB
        Both:  3.44 MB

MaxMetaspaceSize: 17179869184.00 GB
CompressedClassSpaceSize: 1.00 GB
 - commit_granule_bytes: 65536.
 - commit_granule_words: 8192.
 - virtual_space_node_default_size: 1048576.
 - enlarge_chunks_in_place: 1.
 - new_chunks_are_fully_committed: 0.
 - uncommit_free_chunks: 1.
 - use_allocation_guard: 0.
 - handle_deallocations: 1.


Internal statistics:

num_allocs_failed_limit: 6.
num_arena_births: 1036.
num_arena_deaths: 26.
num_vsnodes_births: 13.
num_vsnodes_deaths: 0.
num_space_committed: 1732.
num_space_uncommitted: 0.
num_chunks_returned_to_freelist: 41.
num_chunks_taken_from_freelist: 5453.
num_chunk_merges: 20.
num_chunk_splits: 3704.
num_chunks_enlarged: 2566.
num_purges: 4.

CodeHeap 'non-profiled nmethods': size=120000Kb used=9056Kb max_used=9869Kb free=110943Kb
 bounds [0x0000027487ad0000, 0x0000027488480000, 0x000002748f000000]
CodeHeap 'profiled nmethods': size=120000Kb used=30593Kb max_used=30984Kb free=89406Kb
 bounds [0x00000274805a0000, 0x00000274823f0000, 0x0000027487ad0000]
CodeHeap 'non-nmethods': size=5760Kb used=2454Kb max_used=2504Kb free=3305Kb
 bounds [0x0000027480000000, 0x0000027480280000, 0x00000274805a0000]
 total_blobs=16562 nmethods=15578 adapters=895
 compilation: enabled
              stopped_count=0, restarted_count=0
 full_count=0

Compilation events (20 events):
Event: 423.809 Thread 0x00000274f8f14d50 nmethod 18581 0x0000027480e07e10 code [0x0000027480e07fc0, 0x0000027480e08158]
Event: 423.809 Thread 0x00000274f8f14d50 18574       2       com.android.tools.r8.internal.eB0::A (35 bytes)
Event: 423.810 Thread 0x00000274f8f14d50 nmethod 18574 0x0000027480e39d10 code [0x0000027480e39ec0, 0x0000027480e3a058]
Event: 423.810 Thread 0x00000274f8f14d50 18575       2       com.android.tools.r8.internal.g51::b (15 bytes)
Event: 423.810 Thread 0x00000274f8f14d50 nmethod 18575 0x0000027481084310 code [0x00000274810844c0, 0x00000274810845f8]
Event: 423.810 Thread 0x00000274f8f14d50 18572       2       com.android.tools.r8.internal.Li1::a (22 bytes)
Event: 423.810 Thread 0x00000274f8f14d50 nmethod 18572 0x00000274811d5990 code [0x00000274811d5b40, 0x00000274811d5c68]
Event: 423.810 Thread 0x00000274f8f14d50 18568       2       com.android.tools.r8.internal.Ln1::a (157 bytes)
Event: 423.812 Thread 0x00000274f8f14d50 nmethod 18568 0x000002748073d010 code [0x000002748073d2a0, 0x000002748073dc78]
Event: 423.812 Thread 0x00000274f8f14d50 18587       2       com.android.tools.r8.graph.e0::hashCode (8 bytes)
Event: 423.813 Thread 0x00000274f8f14d50 nmethod 18587 0x0000027481292490 code [0x0000027481292640, 0x0000027481292768]
Event: 423.813 Thread 0x00000274f8f14d50 18590       2       com.android.tools.r8.internal.Fs1::a (183 bytes)
Event: 423.814 Thread 0x00000274f8f0bbe0 nmethod 17707 0x0000027487e84f90 code [0x0000027487e856c0, 0x0000027487e8ce98]
Event: 423.815 Thread 0x00000274f8f0bbe0 18394       4       com.android.tools.r8.internal.RV0::l (143 bytes)
Event: 423.816 Thread 0x00000274f8f14d50 nmethod 18590 0x0000027481541a10 code [0x0000027481541ce0, 0x00000274815425d8]
Event: 423.816 Thread 0x00000274f8f14d50 18591   !   2       com.android.tools.r8.internal.gS0::a (835 bytes)
Event: 423.819 Thread 0x00000274f8f0bbe0 nmethod 18394 0x0000027487e21d10 code [0x0000027487e21ea0, 0x0000027487e22018]
Event: 423.819 Thread 0x00000274f8f0bbe0 18365       4       com.android.tools.r8.internal.QE0::a (271 bytes)
Event: 423.825 Thread 0x00000274f8f14d50 nmethod 18591 0x0000027480c72610 code [0x0000027480c72c20, 0x0000027480c74c58]
Event: 423.825 Thread 0x00000274f8f14d50 18602 %     3       com.android.tools.r8.ir.regalloc.b::c @ 1393 (3939 bytes)

GC Heap History (20 events):
Event: 22.669 GC heap after
{Heap after GC invocations=52 (full 0):
 garbage-first heap   total 217088K, used 98739K [0x0000000080000000, 0x0000000100000000)
  region size 1024K, 2 young (2048K), 2 survivors (2048K)
 Metaspace       used 80832K, committed 81408K, reserved 1122304K
  class space    used 10807K, committed 11072K, reserved 1048576K
}
Event: 414.862 GC heap before
{Heap before GC invocations=53 (full 0):
 garbage-first heap   total 217088K, used 193971K [0x0000000080000000, 0x0000000100000000)
  region size 1024K, 82 young (83968K), 2 survivors (2048K)
 Metaspace       used 85603K, committed 86272K, reserved 1130496K
  class space    used 11184K, committed 11520K, reserved 1048576K
}
Event: 414.875 GC heap after
{Heap after GC invocations=54 (full 0):
 garbage-first heap   total 217088K, used 104265K [0x0000000080000000, 0x0000000100000000)
  region size 1024K, 7 young (7168K), 7 survivors (7168K)
 Metaspace       used 85603K, committed 86272K, reserved 1130496K
  class space    used 11184K, committed 11520K, reserved 1048576K
}
Event: 416.773 GC heap before
{Heap before GC invocations=54 (full 0):
 garbage-first heap   total 217088K, used 159561K [0x0000000080000000, 0x0000000100000000)
  region size 1024K, 63 young (64512K), 7 survivors (7168K)
 Metaspace       used 93015K, committed 93696K, reserved 1138688K
  class space    used 12085K, committed 12416K, reserved 1048576K
}
Event: 416.790 GC heap after
{Heap after GC invocations=55 (full 0):
 garbage-first heap   total 217088K, used 114356K [0x0000000080000000, 0x0000000100000000)
  region size 1024K, 10 young (10240K), 10 survivors (10240K)
 Metaspace       used 93015K, committed 93696K, reserved 1138688K
  class space    used 12085K, committed 12416K, reserved 1048576K
}
Event: 418.951 GC heap before
{Heap before GC invocations=56 (full 0):
 garbage-first heap   total 217088K, used 176820K [0x0000000080000000, 0x0000000100000000)
  region size 1024K, 70 young (71680K), 10 survivors (10240K)
 Metaspace       used 95524K, committed 96192K, reserved 1138688K
  class space    used 12334K, committed 12672K, reserved 1048576K
}
Event: 418.972 GC heap after
{Heap after GC invocations=57 (full 0):
 garbage-first heap   total 217088K, used 128800K [0x0000000080000000, 0x0000000100000000)
  region size 1024K, 9 young (9216K), 9 survivors (9216K)
 Metaspace       used 95524K, committed 96192K, reserved 1138688K
  class space    used 12334K, committed 12672K, reserved 1048576K
}
Event: 420.913 GC heap before
{Heap before GC invocations=57 (full 0):
 garbage-first heap   total 217088K, used 170784K [0x0000000080000000, 0x0000000100000000)
  region size 1024K, 52 young (53248K), 9 survivors (9216K)
 Metaspace       used 96274K, committed 97024K, reserved 1138688K
  class space    used 12374K, committed 12736K, reserved 1048576K
}
Event: 420.923 GC heap after
{Heap after GC invocations=58 (full 0):
 garbage-first heap   total 217088K, used 129429K [0x0000000080000000, 0x0000000100000000)
  region size 1024K, 4 young (4096K), 4 survivors (4096K)
 Metaspace       used 96274K, committed 97024K, reserved 1138688K
  class space    used 12374K, committed 12736K, reserved 1048576K
}
Event: 421.782 GC heap before
{Heap before GC invocations=59 (full 0):
 garbage-first heap   total 229376K, used 179605K [0x0000000080000000, 0x0000000100000000)
  region size 1024K, 50 young (51200K), 4 survivors (4096K)
 Metaspace       used 100461K, committed 101184K, reserved 1138688K
  class space    used 13010K, committed 13376K, reserved 1048576K
}
Event: 421.796 GC heap after
{Heap after GC invocations=60 (full 0):
 garbage-first heap   total 229376K, used 137293K [0x0000000080000000, 0x0000000100000000)
  region size 1024K, 7 young (7168K), 7 survivors (7168K)
 Metaspace       used 100461K, committed 101184K, reserved 1138688K
  class space    used 13010K, committed 13376K, reserved 1048576K
}
Event: 421.823 GC heap before
{Heap before GC invocations=60 (full 0):
 garbage-first heap   total 229376K, used 140365K [0x0000000080000000, 0x0000000100000000)
  region size 1024K, 11 young (11264K), 7 survivors (7168K)
 Metaspace       used 100617K, committed 101312K, reserved 1138688K
  class space    used 13048K, committed 13376K, reserved 1048576K
}
Event: 421.852 GC heap after
{Heap after GC invocations=61 (full 0):
 garbage-first heap   total 229376K, used 129342K [0x0000000080000000, 0x0000000100000000)
  region size 1024K, 2 young (2048K), 2 survivors (2048K)
 Metaspace       used 100617K, committed 101312K, reserved 1138688K
  class space    used 13048K, committed 13376K, reserved 1048576K
}
Event: 422.563 GC heap before
{Heap before GC invocations=61 (full 0):
 garbage-first heap   total 229376K, used 182590K [0x0000000080000000, 0x0000000100000000)
  region size 1024K, 55 young (56320K), 2 survivors (2048K)
 Metaspace       used 107426K, committed 108160K, reserved 1146880K
  class space    used 14448K, committed 14784K, reserved 1048576K
}
Event: 422.575 GC heap after
{Heap after GC invocations=62 (full 0):
 garbage-first heap   total 229376K, used 133502K [0x0000000080000000, 0x0000000100000000)
  region size 1024K, 7 young (7168K), 7 survivors (7168K)
 Metaspace       used 107426K, committed 108160K, reserved 1146880K
  class space    used 14448K, committed 14784K, reserved 1048576K
}
Event: 423.197 GC heap before
{Heap before GC invocations=63 (full 0):
 garbage-first heap   total 242688K, used 182654K [0x0000000080000000, 0x0000000100000000)
  region size 1024K, 57 young (58368K), 7 survivors (7168K)
 Metaspace       used 109221K, committed 109952K, reserved 1146880K
  class space    used 14705K, committed 15040K, reserved 1048576K
}
Event: 423.206 GC heap after
{Heap after GC invocations=64 (full 0):
 garbage-first heap   total 242688K, used 134509K [0x0000000080000000, 0x0000000100000000)
  region size 1024K, 4 young (4096K), 4 survivors (4096K)
 Metaspace       used 109221K, committed 109952K, reserved 1146880K
  class space    used 14705K, committed 15040K, reserved 1048576K
}
Event: 423.256 GC heap before
{Heap before GC invocations=64 (full 0):
 garbage-first heap   total 242688K, used 140653K [0x0000000080000000, 0x0000000100000000)
  region size 1024K, 11 young (11264K), 4 survivors (4096K)
 Metaspace       used 109415K, committed 110208K, reserved 1146880K
  class space    used 14729K, committed 15104K, reserved 1048576K
}
Event: 423.278 GC heap after
{Heap after GC invocations=65 (full 0):
 garbage-first heap   total 242688K, used 122651K [0x0000000080000000, 0x0000000100000000)
  region size 1024K, 2 young (2048K), 2 survivors (2048K)
 Metaspace       used 109415K, committed 110208K, reserved 1146880K
  class space    used 14729K, committed 15104K, reserved 1048576K
}
Event: 423.853 GC heap before
{Heap before GC invocations=65 (full 0):
 garbage-first heap   total 242688K, used 164635K [0x0000000080000000, 0x0000000100000000)
  region size 1024K, 45 young (46080K), 2 survivors (2048K)
 Metaspace       used 110069K, committed 110848K, reserved 1146880K
  class space    used 14794K, committed 15168K, reserved 1048576K
}

Deoptimization events (20 events):
Event: 423.477 Thread 0x00000274fb950550 DEOPT PACKING pc=0x0000027487bc8e78 sp=0x000000dbeeafce70
Event: 423.477 Thread 0x00000274fb950550 DEOPT UNPACKING pc=0x000002748004d72e sp=0x000000dbeeafcda8 mode 2
Event: 423.477 Thread 0x00000274fb950550 Uncommon trap: trap_request=0xffffffc6 fr.pc=0x0000027487bc8e78 relative=0x0000000000000558
Event: 423.477 Thread 0x00000274fb950550 Uncommon trap: reason=bimorphic_or_optimized_type_check action=maybe_recompile pc=0x0000027487bc8e78 method=java.io.BufferedOutputStream.flushBuffer()V @ 20 c2
Event: 423.477 Thread 0x00000274fb950550 DEOPT PACKING pc=0x0000027487bc8e78 sp=0x000000dbeeafce70
Event: 423.477 Thread 0x00000274fb950550 DEOPT UNPACKING pc=0x000002748004d72e sp=0x000000dbeeafcda8 mode 2
Event: 423.484 Thread 0x00000274fc16b690 DEOPT PACKING pc=0x0000027481dcffd4 sp=0x000000dbe6dfeba0
Event: 423.484 Thread 0x00000274fc16b690 DEOPT UNPACKING pc=0x000002748004dece sp=0x000000dbe6dfe120 mode 0
Event: 423.496 Thread 0x00000274fb94dad0 Uncommon trap: trap_request=0xffffff45 fr.pc=0x000002748844ef18 relative=0x0000000000000078
Event: 423.496 Thread 0x00000274fb94dad0 Uncommon trap: reason=unstable_if action=reinterpret pc=0x000002748844ef18 method=com.android.tools.r8.ir.regalloc.c.u()Z @ 9 c2
Event: 423.496 Thread 0x00000274fb94dad0 DEOPT PACKING pc=0x000002748844ef18 sp=0x000000dbee8fbed0
Event: 423.496 Thread 0x00000274fb94dad0 DEOPT UNPACKING pc=0x000002748004d72e sp=0x000000dbee8fbe60 mode 2
Event: 423.529 Thread 0x00000274940e1bc0 DEOPT PACKING pc=0x000002748232303b sp=0x000000dbee3fca30
Event: 423.529 Thread 0x00000274940e1bc0 DEOPT UNPACKING pc=0x000002748004dece sp=0x000000dbee3fbee8 mode 0
Event: 423.554 Thread 0x00000274fc16b690 DEOPT PACKING pc=0x0000027481dcffd4 sp=0x000000dbe6dfeba0
Event: 423.554 Thread 0x00000274fc16b690 DEOPT UNPACKING pc=0x000002748004dece sp=0x000000dbe6dfe120 mode 0
Event: 423.761 Thread 0x00000274fb94dad0 DEOPT PACKING pc=0x00000274823e3b68 sp=0x000000dbee8fcbe0
Event: 423.761 Thread 0x00000274fb94dad0 DEOPT UNPACKING pc=0x000002748004dece sp=0x000000dbee8fc0f8 mode 0
Event: 423.774 Thread 0x00000274fb94dad0 DEOPT PACKING pc=0x00000274823e1667 sp=0x000000dbee8fcc50
Event: 423.774 Thread 0x00000274fb94dad0 DEOPT UNPACKING pc=0x000002748004dece sp=0x000000dbee8fc138 mode 0

Classes unloaded (13 events):
Event: 20.436 Thread 0x00000274f8ee4fd0 Unloading class 0x0000000801601c00 'java/lang/invoke/LambdaForm$DMH+0x0000000801601c00'
Event: 20.436 Thread 0x00000274f8ee4fd0 Unloading class 0x0000000801601800 'java/lang/invoke/LambdaForm$DMH+0x0000000801601800'
Event: 20.436 Thread 0x00000274f8ee4fd0 Unloading class 0x0000000801601400 'java/lang/invoke/LambdaForm$DMH+0x0000000801601400'
Event: 20.436 Thread 0x00000274f8ee4fd0 Unloading class 0x0000000801601000 'java/lang/invoke/LambdaForm$DMH+0x0000000801601000'
Event: 20.436 Thread 0x00000274f8ee4fd0 Unloading class 0x0000000801600c00 'java/lang/invoke/LambdaForm$DMH+0x0000000801600c00'
Event: 20.436 Thread 0x00000274f8ee4fd0 Unloading class 0x0000000801600800 'java/lang/invoke/LambdaForm$DMH+0x0000000801600800'
Event: 20.436 Thread 0x00000274f8ee4fd0 Unloading class 0x0000000801600400 'java/lang/invoke/LambdaForm$DMH+0x0000000801600400'
Event: 422.770 Thread 0x00000274f8ee4fd0 Unloading class 0x0000000801901800 'java/lang/invoke/LambdaForm$DMH+0x0000000801901800'
Event: 422.770 Thread 0x00000274f8ee4fd0 Unloading class 0x0000000801901400 'java/lang/invoke/LambdaForm$DMH+0x0000000801901400'
Event: 422.770 Thread 0x00000274f8ee4fd0 Unloading class 0x0000000801901000 'java/lang/invoke/LambdaForm$DMH+0x0000000801901000'
Event: 422.771 Thread 0x00000274f8ee4fd0 Unloading class 0x0000000801900800 'java/lang/invoke/LambdaForm$DMH+0x0000000801900800'
Event: 422.771 Thread 0x00000274f8ee4fd0 Unloading class 0x0000000801900400 'java/lang/invoke/LambdaForm$DMH+0x0000000801900400'
Event: 422.771 Thread 0x00000274f8ee4fd0 Unloading class 0x0000000801900c00 'java/lang/invoke/LambdaForm$DMH+0x0000000801900c00'

Classes redefined (0 events):
No events

Internal exceptions (20 events):
Event: 423.452 Thread 0x00000274940e2bb0 Exception <a 'sun/nio/fs/WindowsException'{0x000000008de550d8}> (0x000000008de550d8) 
thrown [t:\workspace\open\src\hotspot\share\prims\jni.cpp, line 579]
Event: 423.466 Thread 0x00000274940e2bb0 Exception <a 'sun/nio/fs/WindowsException'{0x000000008dcfa4d0}> (0x000000008dcfa4d0) 
thrown [t:\workspace\open\src\hotspot\share\prims\jni.cpp, line 579]
Event: 423.473 Thread 0x00000274940e1bc0 Exception <a 'sun/nio/fs/WindowsException'{0x000000008debe0e8}> (0x000000008debe0e8) 
thrown [t:\workspace\open\src\hotspot\share\prims\jni.cpp, line 579]
Event: 423.473 Thread 0x00000274940e2660 Exception <a 'sun/nio/fs/WindowsException'{0x000000008e19f318}> (0x000000008e19f318) 
thrown [t:\workspace\open\src\hotspot\share\prims\jni.cpp, line 579]
Event: 423.499 Thread 0x00000274940e2660 Exception <a 'sun/nio/fs/WindowsException'{0x000000008e1a77c8}> (0x000000008e1a77c8) 
thrown [t:\workspace\open\src\hotspot\share\prims\jni.cpp, line 579]
Event: 423.511 Thread 0x00000274940e2660 Exception <a 'sun/nio/fs/WindowsException'{0x000000008e1b00b8}> (0x000000008e1b00b8) 
thrown [t:\workspace\open\src\hotspot\share\prims\jni.cpp, line 579]
Event: 423.515 Thread 0x00000274940e2660 Exception <a 'sun/nio/fs/WindowsException'{0x000000008e1b8568}> (0x000000008e1b8568) 
thrown [t:\workspace\open\src\hotspot\share\prims\jni.cpp, line 579]
Event: 423.516 Thread 0x00000274940e1bc0 Exception <a 'sun/nio/fs/WindowsException'{0x000000008dec6aa8}> (0x000000008dec6aa8) 
thrown [t:\workspace\open\src\hotspot\share\prims\jni.cpp, line 579]
Event: 423.520 Thread 0x00000274940e1bc0 Exception <a 'sun/nio/fs/WindowsException'{0x000000008decf180}> (0x000000008decf180) 
thrown [t:\workspace\open\src\hotspot\share\prims\jni.cpp, line 579]
Event: 423.520 Thread 0x00000274940e2660 Exception <a 'sun/nio/fs/WindowsException'{0x000000008e1c4a68}> (0x000000008e1c4a68) 
thrown [t:\workspace\open\src\hotspot\share\prims\jni.cpp, line 579]
Event: 423.524 Thread 0x00000274940e1bc0 Exception <a 'sun/nio/fs/WindowsException'{0x000000008d7c36c8}> (0x000000008d7c36c8) 
thrown [t:\workspace\open\src\hotspot\share\prims\jni.cpp, line 579]
Event: 423.527 Thread 0x00000274940e1bc0 Exception <a 'sun/nio/fs/WindowsException'{0x000000008d7cb160}> (0x000000008d7cb160) 
thrown [t:\workspace\open\src\hotspot\share\prims\jni.cpp, line 579]
Event: 423.532 Thread 0x00000274940e2660 Exception <a 'sun/nio/fs/WindowsException'{0x000000008d574368}> (0x000000008d574368) 
thrown [t:\workspace\open\src\hotspot\share\prims\jni.cpp, line 579]
Event: 423.532 Thread 0x00000274940e1bc0 Exception <a 'sun/nio/fs/WindowsException'{0x000000008d7d7338}> (0x000000008d7d7338) 
thrown [t:\workspace\open\src\hotspot\share\prims\jni.cpp, line 579]
Event: 423.535 Thread 0x00000274940e2660 Exception <a 'sun/nio/fs/WindowsException'{0x000000008d57bde0}> (0x000000008d57bde0) 
thrown [t:\workspace\open\src\hotspot\share\prims\jni.cpp, line 579]
Event: 423.535 Thread 0x00000274940e1bc0 Exception <a 'sun/nio/fs/WindowsException'{0x000000008d5f9db0}> (0x000000008d5f9db0) 
thrown [t:\workspace\open\src\hotspot\share\prims\jni.cpp, line 579]
Event: 423.539 Thread 0x00000274940e2660 Exception <a 'sun/nio/fs/WindowsException'{0x000000008d5847d8}> (0x000000008d5847d8) 
thrown [t:\workspace\open\src\hotspot\share\prims\jni.cpp, line 579]
Event: 423.547 Thread 0x00000274940e2660 Exception <a 'sun/nio/fs/WindowsException'{0x000000008d5908b8}> (0x000000008d5908b8) 
thrown [t:\workspace\open\src\hotspot\share\prims\jni.cpp, line 579]
Event: 423.552 Thread 0x00000274940e2660 Exception <a 'sun/nio/fs/WindowsException'{0x000000008d598948}> (0x000000008d598948) 
thrown [t:\workspace\open\src\hotspot\share\prims\jni.cpp, line 579]
Event: 423.558 Thread 0x00000274940e2660 Exception <a 'sun/nio/fs/WindowsException'{0x000000008d5a2f20}> (0x000000008d5a2f20) 
thrown [t:\workspace\open\src\hotspot\share\prims\jni.cpp, line 579]

Events (20 events):
Event: 423.777 Thread 0x00000274f8f25ef0 flushing nmethod 0x0000027481dd1790
Event: 423.777 Thread 0x00000274f8f25ef0 flushing nmethod 0x0000027481dd2110
Event: 423.777 Thread 0x00000274f8f25ef0 flushing nmethod 0x0000027481dd2810
Event: 423.777 Thread 0x00000274f8f25ef0 flushing nmethod 0x0000027481de0010
Event: 423.779 Thread 0x00000274f8f25ef0 flushing nmethod 0x0000027481f28490
Event: 423.779 Thread 0x00000274f8f25ef0 flushing nmethod 0x0000027481f33d90
Event: 423.779 Thread 0x00000274f8f25ef0 flushing nmethod 0x0000027481f3ad10
Event: 423.779 Thread 0x00000274f8f25ef0 flushing nmethod 0x0000027481f3b190
Event: 423.779 Thread 0x00000274f8f25ef0 flushing nmethod 0x0000027481f3bd10
Event: 423.779 Thread 0x00000274f8f25ef0 flushing nmethod 0x0000027481f3c590
Event: 423.779 Thread 0x00000274f8f25ef0 flushing nmethod 0x0000027481f3cc90
Event: 423.779 Thread 0x00000274f8f25ef0 flushing nmethod 0x0000027481f5f090
Event: 423.779 Thread 0x00000274f8f25ef0 flushing nmethod 0x0000027481f62690
Event: 423.779 Thread 0x00000274f8f25ef0 flushing nmethod 0x0000027481f63a90
Event: 423.779 Thread 0x00000274f8f25ef0 flushing nmethod 0x0000027481f63f90
Event: 423.779 Thread 0x00000274f8f25ef0 flushing nmethod 0x0000027481f64890
Event: 423.779 Thread 0x00000274f8f25ef0 flushing nmethod 0x0000027481f66f90
Event: 423.779 Thread 0x00000274f8f25ef0 flushing nmethod 0x0000027481f99d90
Event: 423.779 Thread 0x00000274f8f25ef0 flushing nmethod 0x0000027481fce590
Event: 423.852 Executing  VM operation: G1TryInitiateConcMark


Dynamic libraries:
0x00007ff769f60000 - 0x00007ff769f6e000 	D:\jdk-16.0.2\bin\java.exe
0x00007ffc0f130000 - 0x00007ffc0f325000 	C:\WINDOWS\SYSTEM32\ntdll.dll
0x00007ffc0dcd0000 - 0x00007ffc0dd8d000 	C:\WINDOWS\System32\KERNEL32.DLL
0x00007ffc0ca10000 - 0x00007ffc0ccdd000 	C:\WINDOWS\System32\KERNELBASE.dll
0x00007ffc0cfd0000 - 0x00007ffc0d0d0000 	C:\WINDOWS\System32\ucrtbase.dll
0x00007ffc055a0000 - 0x00007ffc055b8000 	D:\jdk-16.0.2\bin\jli.dll
0x00007ffc09a20000 - 0x00007ffc09a39000 	D:\jdk-16.0.2\bin\VCRUNTIME140.dll
0x00007ffc0df80000 - 0x00007ffc0e120000 	C:\WINDOWS\System32\USER32.dll
0x00007ffbf6060000 - 0x00007ffbf62fa000 	C:\WINDOWS\WinSxS\amd64_microsoft.windows.common-controls_6595b64144ccf1df_6.0.19041.1110_none_60b5254171f9507e\COMCTL32.dll
0x00007ffc0ced0000 - 0x00007ffc0cef2000 	C:\WINDOWS\System32\win32u.dll
0x00007ffc0d750000 - 0x00007ffc0d7ee000 	C:\WINDOWS\System32\msvcrt.dll
0x00007ffc0f0c0000 - 0x00007ffc0f0ea000 	C:\WINDOWS\System32\GDI32.dll
0x00007ffc0c840000 - 0x00007ffc0c94b000 	C:\WINDOWS\System32\gdi32full.dll
0x00007ffc0cf00000 - 0x00007ffc0cf9d000 	C:\WINDOWS\System32\msvcp_win.dll
0x00007ffc0f030000 - 0x00007ffc0f060000 	C:\WINDOWS\System32\IMM32.DLL
0x00007ffc07020000 - 0x00007ffc0702c000 	D:\jdk-16.0.2\bin\vcruntime140_1.dll
0x00007ffbf8cb0000 - 0x00007ffbf8d41000 	D:\jdk-16.0.2\bin\msvcp140.dll
0x00007ffbd6930000 - 0x00007ffbd74db000 	D:\jdk-16.0.2\bin\server\jvm.dll
0x00007ffc0d570000 - 0x00007ffc0d61e000 	C:\WINDOWS\System32\ADVAPI32.dll
0x00007ffc0e140000 - 0x00007ffc0e1dc000 	C:\WINDOWS\System32\sechost.dll
0x00007ffc0d620000 - 0x00007ffc0d745000 	C:\WINDOWS\System32\RPCRT4.dll
0x00007ffc0ded0000 - 0x00007ffc0ded8000 	C:\WINDOWS\System32\PSAPI.DLL
0x00007ffc02100000 - 0x00007ffc02127000 	C:\WINDOWS\SYSTEM32\WINMM.dll
0x00007ffc02be0000 - 0x00007ffc02bea000 	C:\WINDOWS\SYSTEM32\VERSION.dll
0x00007ffbe8ea0000 - 0x00007ffbe8ea9000 	C:\WINDOWS\SYSTEM32\WSOCK32.dll
0x00007ffc0efc0000 - 0x00007ffc0f02b000 	C:\WINDOWS\System32\WS2_32.dll
0x00007ffc0b120000 - 0x00007ffc0b132000 	C:\WINDOWS\SYSTEM32\kernel.appcore.dll
0x00007ffc06780000 - 0x00007ffc0678a000 	D:\jdk-16.0.2\bin\jimage.dll
0x00007ffc0ab80000 - 0x00007ffc0ad64000 	C:\WINDOWS\SYSTEM32\DBGHELP.DLL
0x00007ffbff190000 - 0x00007ffbff1bc000 	C:\WINDOWS\SYSTEM32\dbgcore.DLL
0x00007ffc0ce40000 - 0x00007ffc0cec2000 	C:\WINDOWS\System32\bcryptPrimitives.dll
0x00007ffc05570000 - 0x00007ffc05595000 	D:\jdk-16.0.2\bin\java.dll
0x00007ffc0e390000 - 0x00007ffc0ead4000 	C:\WINDOWS\System32\SHELL32.dll
0x00007ffc0a310000 - 0x00007ffc0aaa4000 	C:\WINDOWS\SYSTEM32\windows.storage.dll
0x00007ffc0eae0000 - 0x00007ffc0ee34000 	C:\WINDOWS\System32\combase.dll
0x00007ffc0c1d0000 - 0x00007ffc0c1fc000 	C:\WINDOWS\SYSTEM32\Wldp.dll
0x00007ffc0d440000 - 0x00007ffc0d4ed000 	C:\WINDOWS\System32\SHCORE.dll
0x00007ffc0f060000 - 0x00007ffc0f0b5000 	C:\WINDOWS\System32\shlwapi.dll
0x00007ffc0c780000 - 0x00007ffc0c79f000 	C:\WINDOWS\SYSTEM32\profapi.dll
0x00007ffc05550000 - 0x00007ffc05569000 	D:\jdk-16.0.2\bin\net.dll
0x00007ffbff3a0000 - 0x00007ffbff4aa000 	C:\WINDOWS\SYSTEM32\WINHTTP.dll
0x00007ffc0bf30000 - 0x00007ffc0bf9a000 	C:\WINDOWS\system32\mswsock.dll
0x00007ffc04f80000 - 0x00007ffc04f93000 	D:\jdk-16.0.2\bin\nio.dll
0x00007ffc04ba0000 - 0x00007ffc04bb8000 	D:\jdk-16.0.2\bin\zip.dll
0x00007ffc05d90000 - 0x00007ffc05da0000 	D:\jdk-16.0.2\bin\verify.dll
0x00007ffbee040000 - 0x00007ffbee067000 	C:\Users\yiqua\.gradle\native\e1d6ef7f7dcc3fd88c89a11ec53ec762bb8ba0a96d01ffa2cd45eb1d1d8dd5c5\windows-amd64\native-platform.dll
0x00007ffbed930000 - 0x00007ffbeda74000 	C:\Users\yiqua\.gradle\native\5664cfc778a61ccfe75a443a1ab52a65af34e5dc3c78e0209fed803814484fcb\windows-amd64\native-platform-file-events.dll
0x00007ffc05960000 - 0x00007ffc05969000 	D:\jdk-16.0.2\bin\management.dll
0x00007ffc05610000 - 0x00007ffc0561b000 	D:\jdk-16.0.2\bin\management_ext.dll
0x00007ffc0c130000 - 0x00007ffc0c148000 	C:\WINDOWS\SYSTEM32\CRYPTSP.dll
0x00007ffc0b8b0000 - 0x00007ffc0b8e4000 	C:\WINDOWS\system32\rsaenh.dll
0x00007ffc0cfa0000 - 0x00007ffc0cfc7000 	C:\WINDOWS\System32\bcrypt.dll
0x00007ffc0c740000 - 0x00007ffc0c76e000 	C:\WINDOWS\SYSTEM32\USERENV.dll
0x00007ffc0c120000 - 0x00007ffc0c12c000 	C:\WINDOWS\SYSTEM32\CRYPTBASE.dll
0x00007ffc0bc20000 - 0x00007ffc0bc5b000 	C:\WINDOWS\SYSTEM32\IPHLPAPI.DLL
0x00007ffc0d430000 - 0x00007ffc0d438000 	C:\WINDOWS\System32\NSI.dll
0x00007ffc02d20000 - 0x00007ffc02d37000 	C:\WINDOWS\SYSTEM32\dhcpcsvc6.DLL
0x00007ffc03fb0000 - 0x00007ffc03fcd000 	C:\WINDOWS\SYSTEM32\dhcpcsvc.DLL
0x00007ffc0bc60000 - 0x00007ffc0bd2b000 	C:\WINDOWS\SYSTEM32\DNSAPI.dll
0x00007ffbfe7b0000 - 0x00007ffbfe7be000 	D:\jdk-16.0.2\bin\sunmscapi.dll
0x00007ffc0cce0000 - 0x00007ffc0ce36000 	C:\WINDOWS\System32\CRYPT32.dll
0x00007ffc0c240000 - 0x00007ffc0c267000 	C:\WINDOWS\SYSTEM32\ncrypt.dll
0x00007ffc0c200000 - 0x00007ffc0c23b000 	C:\WINDOWS\SYSTEM32\NTASN1.dll
0x00007ffbfe7a0000 - 0x00007ffbfe7a7000 	C:\WINDOWS\system32\wshunix.dll

dbghelp: loaded successfully - version: 4.0.5 - missing functions: none
symbol engine: initialized successfully - sym options: 0x614 - pdb path: .;D:\jdk-16.0.2\bin;C:\WINDOWS\SYSTEM32;C:\WINDOWS\WinSxS\amd64_microsoft.windows.common-controls_6595b64144ccf1df_6.0.19041.1110_none_60b5254171f9507e;D:\jdk-16.0.2\bin\server;C:\Users\yiqua\.gradle\native\e1d6ef7f7dcc3fd88c89a11ec53ec762bb8ba0a96d01ffa2cd45eb1d1d8dd5c5\windows-amd64;C:\Users\yiqua\.gradle\native\5664cfc778a61ccfe75a443a1ab52a65af34e5dc3c78e0209fed803814484fcb\windows-amd64

VM Arguments:
jvm_args: --add-opens=java.base/java.util=ALL-UNNAMED --add-opens=java.base/java.lang=ALL-UNNAMED --add-opens=java.base/java.lang.invoke=ALL-UNNAMED --add-opens=java.base/java.util=ALL-UNNAMED --add-opens=java.prefs/java.util.prefs=ALL-UNNAMED --add-opens=java.prefs/java.util.prefs=ALL-UNNAMED --add-opens=java.base/java.nio.charset=ALL-UNNAMED --add-opens=java.base/java.net=ALL-UNNAMED --add-opens=java.base/java.util.concurrent.atomic=ALL-UNNAMED -Xmx2048m -Dfile.encoding=UTF-8 -Duser.country=CN -Duser.language=zh -Duser.variant 
java_command: org.gradle.launcher.daemon.bootstrap.GradleDaemon 7.2
java_class_path (initial): C:\Users\yiqua\.gradle\wrapper\dists\gradle-7.2-bin\2dnblmf4td7x66yl1d74lt32g\gradle-7.2\lib\gradle-launcher-7.2.jar
Launcher Type: SUN_STANDARD

[Global flags]
     intx CICompilerCount                          = 4                                         {product} {ergonomic}
     uint ConcGCThreads                            = 2                                         {product} {ergonomic}
     uint G1ConcRefinementThreads                  = 8                                         {product} {ergonomic}
   size_t G1HeapRegionSize                         = 1048576                                   {product} {ergonomic}
    uintx GCDrainStackTargetSize                   = 64                                        {product} {ergonomic}
   size_t InitialHeapSize                          = 117440512                                 {product} {ergonomic}
   size_t MarkStackSize                            = 4194304                                   {product} {ergonomic}
   size_t MaxHeapSize                              = 2147483648                                {product} {command line}
   size_t MaxNewSize                               = 1287651328                                {product} {ergonomic}
   size_t MinHeapDeltaBytes                        = 1048576                                   {product} {ergonomic}
   size_t MinHeapSize                              = 8388608                                   {product} {ergonomic}
    uintx NonNMethodCodeHeapSize                   = 5839372                                {pd product} {ergonomic}
    uintx NonProfiledCodeHeapSize                  = 122909434                              {pd product} {ergonomic}
    uintx ProfiledCodeHeapSize                     = 122909434                              {pd product} {ergonomic}
    uintx ReservedCodeCacheSize                    = 251658240                              {pd product} {ergonomic}
     bool SegmentedCodeCache                       = true                                      {product} {ergonomic}
   size_t SoftMaxHeapSize                          = 2147483648                             {manageable} {ergonomic}
     bool UseCompressedClassPointers               = true                           {product lp64_product} {ergonomic}
     bool UseCompressedOops                        = true                           {product lp64_product} {ergonomic}
     bool UseG1GC                                  = true                                      {product} {ergonomic}
     bool UseLargePagesIndividualAllocation        = false                                  {pd product} {ergonomic}

Logging:
Log output configuration:
 #0: stdout all=warning uptime,level,tags
 #1: stderr all=off uptime,level,tags

Environment Variables:
PATH=C:\ProgramData\Oracle\Java\javapath;C:\Program Files\Zulu\zulu-17\bin\;C:\Program Files\Common Files\Oracle\Java\javapath;C:\WINDOWS\system32;C:\WINDOWS;C:\WINDOWS\System32\Wbem;C:\WINDOWS\System32\WindowsPowerShell\v1.0\;C:\WINDOWS\System32\OpenSSH\;C:\Program Files\Git\cmd;C:\Program Files\dotnet\;C:\Program Files\Microsoft SQL Server\130\Tools\Binn\;C:\Program Files\MySQL\MySQL Shell 8.0\bin\;C:\Users\yiqua\AppData\Local\Microsoft\WindowsApps;C:\Program Files\Git\cmd;C:\Program Files\Git;C:\Program Files\Git\bin;;D:\Microsoft VS Code\bin;C:\Users\yiqua\.dotnet\tools
USERNAME=yiqua
OS=Windows_NT
PROCESSOR_IDENTIFIER=AMD64 Family 23 Model 24 Stepping 1, AuthenticAMD



---------------  S Y S T E M  ---------------

OS:
 Windows 10 , 64 bit Build 19041 (10.0.19041.1706)
OS uptime: 1 days 5:18 hours

CPU: total 8 (initial active 8) (8 cores per cpu, 2 threads per core) family 23 model 24 stepping 1 microcode 0x0, cx8, cmov, fxsr, ht, mmx, 3dnowpref, sse, sse2, sse3, ssse3, sse4a, sse4.1, sse4.2, popcnt, lzcnt, tsc, tscinvbit, avx, avx2, aes, clmul, bmi1, bmi2, adx, sha, fma, vzeroupper, clflush, clflushopt

Memory: 4k page, system-wide physical 7103M (546M free)
TotalPageFile size 11199M (AvailPageFile size 174M)
current process WorkingSet (physical memory assigned to process): 575M, peak: 576M
current process commit charge ("private bytes"): 612M, peak: 976M

vm_info: OpenJDK 64-Bit Server VM (16.0.2+7-67) for windows-amd64 JRE (16.0.2+7-67), built on Jun  8 2021 23:21:43 by "mach5one" with MS VC++ 16.7 (VS2019)

END.
