#
# There is insufficient memory for the Java Runtime Environment to continue.
# Native memory allocation (malloc) failed to allocate 1559904 bytes for Chunk::new
# Possible reasons:
#   The system is out of physical RAM or swap space
#   The process is running with CompressedOops enabled, and the Java Heap may be blocking the growth of the native heap
# Possible solutions:
#   Reduce memory load on the system
#   Increase physical memory or swap space
#   Check if swap backing store is full
#   Decrease Java heap size (-Xmx/-Xms)
#   Decrease number of Java threads
#   Decrease Java thread stack sizes (-Xss)
#   Set larger code cache with -XX:ReservedCodeCacheSize=
#   JVM is running with Unscaled Compressed Oops mode in which the Java heap is
#     placed in the first 4GB address space. The Java Heap base address is the
#     maximum limit for the native heap growth. Please use -XX:HeapBaseMinAddress
#     to set the Java Heap base and to place the Java Heap above 4GB virtual address.
# This output file may be truncated or incomplete.
#
#  Out of Memory Error (arena.cpp:195), pid=13144, tid=8704
#
# JRE version: OpenJDK Runtime Environment (16.0.2+7) (build 16.0.2+7-67)
# Java VM: OpenJDK 64-Bit Server VM (16.0.2+7-67, mixed mode, sharing, tiered, compressed oops, compressed class ptrs, g1 gc, windows-amd64)
# No core dump will be written. Minidumps are not enabled by default on client versions of Windows
#

---------------  S U M M A R Y ------------

Command Line: --add-opens=java.base/java.util=ALL-UNNAMED --add-opens=java.base/java.lang=ALL-UNNAMED --add-opens=java.base/java.lang.invoke=ALL-UNNAMED --add-opens=java.base/java.util=ALL-UNNAMED --add-opens=java.prefs/java.util.prefs=ALL-UNNAMED --add-opens=java.prefs/java.util.prefs=ALL-UNNAMED --add-opens=java.base/java.nio.charset=ALL-UNNAMED --add-opens=java.base/java.net=ALL-UNNAMED --add-opens=java.base/java.util.concurrent.atomic=ALL-UNNAMED -Xmx2048m -Dfile.encoding=UTF-8 -Duser.country=CN -Duser.language=zh -Duser.variant org.gradle.launcher.daemon.bootstrap.GradleDaemon 7.2

Host: AMD Ryzen 5 3500U with Radeon Vega Mobile Gfx  , 8 cores, 6G,  Windows 10 , 64 bit Build 19041 (10.0.19041.1706)
Time: Mon Jun 13 17:23:15 2022  Windows 10 , 64 bit Build 19041 (10.0.19041.1706) elapsed time: 4.979252 seconds (0d 0h 0m 4s)

---------------  T H R E A D  ---------------

Current thread (0x000001fef02ff1c0):  JavaThread "C2 CompilerThread1" daemon [_thread_in_native, id=8704, stack(0x000000f4fc300000,0x000000f4fc400000)]


Current CompileTask:
C2:   4979 2297   !   4       java.net.URLClassLoader$1::run (63 bytes)

Stack: [0x000000f4fc300000,0x000000f4fc400000]
Native frames: (J=compiled Java code, j=interpreted, Vv=VM code, C=native code)
V  [jvm.dll+0x6681ca]
V  [jvm.dll+0x7c9e69]
V  [jvm.dll+0x7cb61e]
V  [jvm.dll+0x7cbc73]
V  [jvm.dll+0x242c55]
V  [jvm.dll+0xadeba]
V  [jvm.dll+0xae45c]
V  [jvm.dll+0x35a8d7]
V  [jvm.dll+0x1b9cc1]
V  [jvm.dll+0x215e16]
V  [jvm.dll+0x215100]
V  [jvm.dll+0x1a1beb]
V  [jvm.dll+0x225158]
V  [jvm.dll+0x22319c]
V  [jvm.dll+0x77fa62]
V  [jvm.dll+0x7795aa]
V  [jvm.dll+0x667066]
C  [ucrtbase.dll+0x21bb2]
C  [KERNEL32.DLL+0x17034]
C  [ntdll.dll+0x52651]


---------------  P R O C E S S  ---------------

Threads class SMR info:
_java_thread_list=0x000001fef21ed1c0, length=32, elements={
0x000001fecdafa860, 0x000001feedb0eb50, 0x000001feedb0f920, 0x000001feedb1e250,
0x000001feedb20f80, 0x000001feedb21890, 0x000001feedb2a1b0, 0x000001feedb56d00,
0x000001feedb57700, 0x000001feedb66860, 0x000001feee564800, 0x000001feee565130,
0x000001fef0a40970, 0x000001fef07c41c0, 0x000001feefa34610, 0x000001feefae6bf0,
0x000001feefe8c030, 0x000001feef959210, 0x000001fef00ac5c0, 0x000001fef00aab10,
0x000001fef00ab060, 0x000001fef00a9b20, 0x000001fef00ab5b0, 0x000001fef00a85e0,
0x000001fef00a8090, 0x000001fef02ff1c0, 0x000001fef00aa070, 0x000001fef00a9080,
0x000001fef00a8b30, 0x000001fef00a95d0, 0x000001fef00aa5c0, 0x000001fef0a7d380
}

Java Threads: ( => current thread )
  0x000001fecdafa860 JavaThread "main" [_thread_blocked, id=3024, stack(0x000000f4f9c00000,0x000000f4f9d00000)]
  0x000001feedb0eb50 JavaThread "Reference Handler" daemon [_thread_blocked, id=1412, stack(0x000000f4fa300000,0x000000f4fa400000)]
  0x000001feedb0f920 JavaThread "Finalizer" daemon [_thread_blocked, id=2220, stack(0x000000f4fa400000,0x000000f4fa500000)]
  0x000001feedb1e250 JavaThread "Signal Dispatcher" daemon [_thread_blocked, id=16944, stack(0x000000f4fa500000,0x000000f4fa600000)]
  0x000001feedb20f80 JavaThread "Attach Listener" daemon [_thread_blocked, id=1444, stack(0x000000f4fa600000,0x000000f4fa700000)]
  0x000001feedb21890 JavaThread "Service Thread" daemon [_thread_blocked, id=16284, stack(0x000000f4fa700000,0x000000f4fa800000)]
  0x000001feedb2a1b0 JavaThread "Monitor Deflation Thread" daemon [_thread_blocked, id=14036, stack(0x000000f4fa800000,0x000000f4fa900000)]
  0x000001feedb56d00 JavaThread "C2 CompilerThread0" daemon [_thread_in_native, id=13888, stack(0x000000f4fa900000,0x000000f4faa00000)]
  0x000001feedb57700 JavaThread "C1 CompilerThread0" daemon [_thread_blocked, id=12392, stack(0x000000f4faa00000,0x000000f4fab00000)]
  0x000001feedb66860 JavaThread "Sweeper thread" daemon [_thread_blocked, id=15668, stack(0x000000f4fab00000,0x000000f4fac00000)]
  0x000001feee564800 JavaThread "Common-Cleaner" daemon [_thread_blocked, id=18300, stack(0x000000f4fac00000,0x000000f4fad00000)]
  0x000001feee565130 JavaThread "Notification Thread" daemon [_thread_blocked, id=11680, stack(0x000000f4fad00000,0x000000f4fae00000)]
  0x000001fef0a40970 JavaThread "Daemon health stats" [_thread_blocked, id=3204, stack(0x000000f4fb600000,0x000000f4fb700000)]
  0x000001fef07c41c0 JavaThread "Incoming local TCP Connector on port 61054" [_thread_in_native, id=16220, stack(0x000000f4fb700000,0x000000f4fb800000)]
  0x000001feefa34610 JavaThread "Daemon periodic checks" [_thread_blocked, id=7452, stack(0x000000f4fb800000,0x000000f4fb900000)]
  0x000001feefae6bf0 JavaThread "Daemon" [_thread_blocked, id=12764, stack(0x000000f4faf00000,0x000000f4fb000000)]
  0x000001feefe8c030 JavaThread "Handler for socket connection from /127.0.0.1:61054 to /127.0.0.1:61055" [_thread_in_native, id=9164, stack(0x000000f4fb000000,0x000000f4fb100000)]
  0x000001feef959210 JavaThread "Cancel handler" [_thread_blocked, id=15084, stack(0x000000f4fb900000,0x000000f4fba00000)]
  0x000001fef00ac5c0 JavaThread "Daemon worker" [_thread_in_native, id=1976, stack(0x000000f4fba00000,0x000000f4fbb00000)]
  0x000001fef00aab10 JavaThread "Asynchronous log dispatcher for DefaultDaemonConnection: socket connection from /127.0.0.1:61054 to /127.0.0.1:61055" [_thread_blocked, id=9312, stack(0x000000f4fbb00000,0x000000f4fbc00000)]
  0x000001fef00ab060 JavaThread "Stdin handler" [_thread_blocked, id=10804, stack(0x000000f4fbc00000,0x000000f4fbd00000)]
  0x000001fef00a9b20 JavaThread "Daemon client event forwarder" [_thread_blocked, id=2808, stack(0x000000f4fbd00000,0x000000f4fbe00000)]
  0x000001fef00ab5b0 JavaThread "Cache worker for journal cache (C:\Users\yiqua\.gradle\caches\journal-1)" [_thread_blocked, id=12616, stack(0x000000f4fbe00000,0x000000f4fbf00000)]
  0x000001fef00a85e0 JavaThread "File lock request listener" [_thread_in_native, id=1164, stack(0x000000f4fbf00000,0x000000f4fc000000)]
  0x000001fef00a8090 JavaThread "Cache worker for file hash cache (C:\Users\yiqua\.gradle\caches\7.2\fileHashes)" [_thread_blocked, id=2104, stack(0x000000f4fc000000,0x000000f4fc100000)]
=>0x000001fef02ff1c0 JavaThread "C2 CompilerThread1" daemon [_thread_in_native, id=8704, stack(0x000000f4fc300000,0x000000f4fc400000)]
  0x000001fef00aa070 JavaThread "Cache worker for file hash cache (C:\Users\yiqua\AndroidStudioProjects\EHailing\.gradle\7.2\fileHashes)" [_thread_blocked, id=9660, stack(0x000000f4fc400000,0x000000f4fc500000)]
  0x000001fef00a9080 JavaThread "File watcher server" daemon [_thread_in_native, id=9796, stack(0x000000f4fc500000,0x000000f4fc600000)]
  0x000001fef00a8b30 JavaThread "File watcher consumer" daemon [_thread_blocked, id=11168, stack(0x000000f4fc600000,0x000000f4fc700000)]
  0x000001fef00a95d0 JavaThread "Cache worker for checksums cache (C:\Users\yiqua\AndroidStudioProjects\EHailing\.gradle\checksums)" [_thread_blocked, id=17332, stack(0x000000f4fc700000,0x000000f4fc800000)]
  0x000001fef00aa5c0 JavaThread "Cache worker for cache directory md-supplier (C:\Users\yiqua\.gradle\caches\7.2\md-supplier)" [_thread_blocked, id=14528, stack(0x000000f4fc800000,0x000000f4fc900000)]
  0x000001fef0a7d380 JavaThread "Cache worker for cache directory md-rule (C:\Users\yiqua\.gradle\caches\7.2\md-rule)" [_thread_blocked, id=11748, stack(0x000000f4fc900000,0x000000f4fca00000)]

Other Threads:
  0x000001feedb08be0 VMThread "VM Thread" [stack: 0x000000f4fa200000,0x000000f4fa300000] [id=18736]
  0x000001feee569670 WatcherThread [stack: 0x000000f4fae00000,0x000000f4faf00000] [id=2856]
  0x000001fecdb3b8a0 GCTaskThread "GC Thread#0" [stack: 0x000000f4f9d00000,0x000000f4f9e00000] [id=7552]
  0x000001feef51b0a0 GCTaskThread "GC Thread#1" [stack: 0x000000f4fb100000,0x000000f4fb200000] [id=5852]
  0x000001feef6b3620 GCTaskThread "GC Thread#2" [stack: 0x000000f4fb200000,0x000000f4fb300000] [id=13808]
  0x000001feef196150 GCTaskThread "GC Thread#3" [stack: 0x000000f4fb300000,0x000000f4fb400000] [id=15812]
  0x000001feee95d8b0 GCTaskThread "GC Thread#4" [stack: 0x000000f4fb400000,0x000000f4fb500000] [id=12924]
  0x000001feef24abd0 GCTaskThread "GC Thread#5" [stack: 0x000000f4fb500000,0x000000f4fb600000] [id=17176]
  0x000001feef9c54c0 GCTaskThread "GC Thread#6" [stack: 0x000000f4fc100000,0x000000f4fc200000] [id=1000]
  0x000001fef0d7aa80 GCTaskThread "GC Thread#7" [stack: 0x000000f4fc200000,0x000000f4fc300000] [id=9364]
  0x000001fecdb4e0a0 ConcurrentGCThread "G1 Main Marker" [stack: 0x000000f4f9e00000,0x000000f4f9f00000] [id=1480]
  0x000001fecdb4eaa0 ConcurrentGCThread "G1 Conc#0" [stack: 0x000000f4f9f00000,0x000000f4fa000000] [id=8780]
  0x000001fecdbca4b0 ConcurrentGCThread "G1 Refine#0" [stack: 0x000000f4fa000000,0x000000f4fa100000] [id=13904]
  0x000001fecdbcaec0 ConcurrentGCThread "G1 Service" [stack: 0x000000f4fa100000,0x000000f4fa200000] [id=17696]

Threads with active compile tasks:
C2 CompilerThread0     5020 2492       4       java.util.jar.JarFile::getVersionedEntry (133 bytes)
C2 CompilerThread1     5020 2297   !   4       java.net.URLClassLoader$1::run (63 bytes)

VM state: not at safepoint (normal execution)

VM Mutex/Monitor currently owned by a thread: None

Heap address: 0x0000000080000000, size: 2048 MB, Compressed Oops mode: 32-bit

CDS archive(s) mapped at: [0x0000000800000000-0x0000000800bb0000-0x0000000800bb0000), size 12255232, SharedBaseAddress: 0x0000000800000000, ArchiveRelocationMode: 0.
Compressed class space mapped at: 0x0000000800c00000-0x0000000840c00000, reserved size: 1073741824
Narrow klass base: 0x0000000800000000, Narrow klass shift: 3, Narrow klass range: 0x100000000

GC Precious Log:
 CPUs: 8 total, 8 available
 Memory: 7103M
 Large Page Support: Disabled
 NUMA Support: Disabled
 Compressed Oops: Enabled (32-bit)
 Heap Region Size: 1M
 Heap Min Capacity: 8M
 Heap Initial Capacity: 112M
 Heap Max Capacity: 2G
 Pre-touch: Disabled
 Parallel Workers: 8
 Concurrent Workers: 2
 Concurrent Refinement Workers: 8
 Periodic GC: Disabled

Heap:
 garbage-first heap   total 114688K, used 52742K [0x0000000080000000, 0x0000000100000000)
  region size 1024K, 45 young (46080K), 9 survivors (9216K)
 Metaspace       used 19980K, committed 20288K, reserved 1073152K
  class space    used 2919K, committed 3072K, reserved 1048576K

Heap Regions: E=young(eden), S=young(survivor), O=old, HS=humongous(starts), HC=humongous(continues), CS=collection set, F=free, OA=open archive, CA=closed archive, TAMS=top-at-mark-start (previous, next)
|   0|0x0000000080000000, 0x0000000080000000, 0x0000000080100000|  0%| F|  |TAMS 0x0000000080000000, 0x0000000080000000| Untracked 
|   1|0x0000000080100000, 0x0000000080200000, 0x0000000080200000|100%| O|  |TAMS 0x0000000080100000, 0x0000000080100000| Untracked 
|   2|0x0000000080200000, 0x0000000080300000, 0x0000000080300000|100%| O|  |TAMS 0x0000000080200000, 0x0000000080200000| Untracked 
|   3|0x0000000080300000, 0x0000000080400000, 0x0000000080400000|100%|HS|  |TAMS 0x0000000080300000, 0x0000000080300000| Complete 
|   4|0x0000000080400000, 0x0000000080500000, 0x0000000080500000|100%|HC|  |TAMS 0x0000000080400000, 0x0000000080400000| Complete 
|   5|0x0000000080500000, 0x0000000080600000, 0x0000000080600000|100%|HC|  |TAMS 0x0000000080500000, 0x0000000080500000| Complete 
|   6|0x0000000080600000, 0x0000000080700000, 0x0000000080700000|100%| O|  |TAMS 0x0000000080600000, 0x0000000080600000| Untracked 
|   7|0x0000000080700000, 0x0000000080800000, 0x0000000080800000|100%| O|  |TAMS 0x0000000080700000, 0x0000000080700000| Untracked 
|   8|0x0000000080800000, 0x0000000080900000, 0x0000000080900000|100%| O|  |TAMS 0x0000000080800000, 0x0000000080800000| Untracked 
|   9|0x0000000080900000, 0x0000000080a00000, 0x0000000080a00000|100%| O|  |TAMS 0x0000000080900000, 0x0000000080900000| Untracked 
|  10|0x0000000080a00000, 0x0000000080a00000, 0x0000000080b00000|  0%| F|  |TAMS 0x0000000080a00000, 0x0000000080a00000| Untracked 
|  11|0x0000000080b00000, 0x0000000080b00000, 0x0000000080c00000|  0%| F|  |TAMS 0x0000000080b00000, 0x0000000080b00000| Untracked 
|  12|0x0000000080c00000, 0x0000000080c00000, 0x0000000080d00000|  0%| F|  |TAMS 0x0000000080c00000, 0x0000000080c00000| Untracked 
|  13|0x0000000080d00000, 0x0000000080d00000, 0x0000000080e00000|  0%| F|  |TAMS 0x0000000080d00000, 0x0000000080d00000| Untracked 
|  14|0x0000000080e00000, 0x0000000080e00000, 0x0000000080f00000|  0%| F|  |TAMS 0x0000000080e00000, 0x0000000080e00000| Untracked 
|  15|0x0000000080f00000, 0x0000000080f00000, 0x0000000081000000|  0%| F|  |TAMS 0x0000000080f00000, 0x0000000080f00000| Untracked 
|  16|0x0000000081000000, 0x0000000081000000, 0x0000000081100000|  0%| F|  |TAMS 0x0000000081000000, 0x0000000081000000| Untracked 
|  17|0x0000000081100000, 0x0000000081100000, 0x0000000081200000|  0%| F|  |TAMS 0x0000000081100000, 0x0000000081100000| Untracked 
|  18|0x0000000081200000, 0x0000000081200000, 0x0000000081300000|  0%| F|  |TAMS 0x0000000081200000, 0x0000000081200000| Untracked 
|  19|0x0000000081300000, 0x0000000081300000, 0x0000000081400000|  0%| F|  |TAMS 0x0000000081300000, 0x0000000081300000| Untracked 
|  20|0x0000000081400000, 0x0000000081400000, 0x0000000081500000|  0%| F|  |TAMS 0x0000000081400000, 0x0000000081400000| Untracked 
|  21|0x0000000081500000, 0x0000000081500000, 0x0000000081600000|  0%| F|  |TAMS 0x0000000081500000, 0x0000000081500000| Untracked 
|  22|0x0000000081600000, 0x0000000081600000, 0x0000000081700000|  0%| F|  |TAMS 0x0000000081600000, 0x0000000081600000| Untracked 
|  23|0x0000000081700000, 0x0000000081700000, 0x0000000081800000|  0%| F|  |TAMS 0x0000000081700000, 0x0000000081700000| Untracked 
|  24|0x0000000081800000, 0x0000000081800000, 0x0000000081900000|  0%| F|  |TAMS 0x0000000081800000, 0x0000000081800000| Untracked 
|  25|0x0000000081900000, 0x0000000081900000, 0x0000000081a00000|  0%| F|  |TAMS 0x0000000081900000, 0x0000000081900000| Untracked 
|  26|0x0000000081a00000, 0x0000000081a00000, 0x0000000081b00000|  0%| F|  |TAMS 0x0000000081a00000, 0x0000000081a00000| Untracked 
|  27|0x0000000081b00000, 0x0000000081b00000, 0x0000000081c00000|  0%| F|  |TAMS 0x0000000081b00000, 0x0000000081b00000| Untracked 
|  28|0x0000000081c00000, 0x0000000081c00000, 0x0000000081d00000|  0%| F|  |TAMS 0x0000000081c00000, 0x0000000081c00000| Untracked 
|  29|0x0000000081d00000, 0x0000000081d00000, 0x0000000081e00000|  0%| F|  |TAMS 0x0000000081d00000, 0x0000000081d00000| Untracked 
|  30|0x0000000081e00000, 0x0000000081e00000, 0x0000000081f00000|  0%| F|  |TAMS 0x0000000081e00000, 0x0000000081e00000| Untracked 
|  31|0x0000000081f00000, 0x0000000081f00000, 0x0000000082000000|  0%| F|  |TAMS 0x0000000081f00000, 0x0000000081f00000| Untracked 
|  32|0x0000000082000000, 0x0000000082000000, 0x0000000082100000|  0%| F|  |TAMS 0x0000000082000000, 0x0000000082000000| Untracked 
|  33|0x0000000082100000, 0x0000000082100000, 0x0000000082200000|  0%| F|  |TAMS 0x0000000082100000, 0x0000000082100000| Untracked 
|  34|0x0000000082200000, 0x0000000082200000, 0x0000000082300000|  0%| F|  |TAMS 0x0000000082200000, 0x0000000082200000| Untracked 
|  35|0x0000000082300000, 0x0000000082300000, 0x0000000082400000|  0%| F|  |TAMS 0x0000000082300000, 0x0000000082300000| Untracked 
|  36|0x0000000082400000, 0x00000000824818a0, 0x0000000082500000| 50%| S|CS|TAMS 0x0000000082400000, 0x0000000082400000| Complete 
|  37|0x0000000082500000, 0x0000000082600000, 0x0000000082600000|100%| S|CS|TAMS 0x0000000082500000, 0x0000000082500000| Complete 
|  38|0x0000000082600000, 0x0000000082700000, 0x0000000082700000|100%| S|CS|TAMS 0x0000000082600000, 0x0000000082600000| Complete 
|  39|0x0000000082700000, 0x0000000082800000, 0x0000000082800000|100%| S|CS|TAMS 0x0000000082700000, 0x0000000082700000| Complete 
|  40|0x0000000082800000, 0x0000000082900000, 0x0000000082900000|100%| S|CS|TAMS 0x0000000082800000, 0x0000000082800000| Complete 
|  41|0x0000000082900000, 0x0000000082a00000, 0x0000000082a00000|100%| S|CS|TAMS 0x0000000082900000, 0x0000000082900000| Complete 
|  42|0x0000000082a00000, 0x0000000082b00000, 0x0000000082b00000|100%| S|CS|TAMS 0x0000000082a00000, 0x0000000082a00000| Complete 
|  43|0x0000000082b00000, 0x0000000082c00000, 0x0000000082c00000|100%| S|CS|TAMS 0x0000000082b00000, 0x0000000082b00000| Complete 
|  44|0x0000000082c00000, 0x0000000082d00000, 0x0000000082d00000|100%| S|CS|TAMS 0x0000000082c00000, 0x0000000082c00000| Complete 
|  45|0x0000000082d00000, 0x0000000082d00000, 0x0000000082e00000|  0%| F|  |TAMS 0x0000000082d00000, 0x0000000082d00000| Untracked 
|  46|0x0000000082e00000, 0x0000000082e00000, 0x0000000082f00000|  0%| F|  |TAMS 0x0000000082e00000, 0x0000000082e00000| Untracked 
|  47|0x0000000082f00000, 0x0000000082f00000, 0x0000000083000000|  0%| F|  |TAMS 0x0000000082f00000, 0x0000000082f00000| Untracked 
|  48|0x0000000083000000, 0x0000000083000000, 0x0000000083100000|  0%| F|  |TAMS 0x0000000083000000, 0x0000000083000000| Untracked 
|  49|0x0000000083100000, 0x0000000083100000, 0x0000000083200000|  0%| F|  |TAMS 0x0000000083100000, 0x0000000083100000| Untracked 
|  50|0x0000000083200000, 0x0000000083200000, 0x0000000083300000|  0%| F|  |TAMS 0x0000000083200000, 0x0000000083200000| Untracked 
|  51|0x0000000083300000, 0x0000000083300000, 0x0000000083400000|  0%| F|  |TAMS 0x0000000083300000, 0x0000000083300000| Untracked 
|  52|0x0000000083400000, 0x0000000083400000, 0x0000000083500000|  0%| F|  |TAMS 0x0000000083400000, 0x0000000083400000| Untracked 
|  53|0x0000000083500000, 0x0000000083500000, 0x0000000083600000|  0%| F|  |TAMS 0x0000000083500000, 0x0000000083500000| Untracked 
|  54|0x0000000083600000, 0x0000000083600000, 0x0000000083700000|  0%| F|  |TAMS 0x0000000083600000, 0x0000000083600000| Untracked 
|  55|0x0000000083700000, 0x0000000083700000, 0x0000000083800000|  0%| F|  |TAMS 0x0000000083700000, 0x0000000083700000| Untracked 
|  56|0x0000000083800000, 0x0000000083800000, 0x0000000083900000|  0%| F|  |TAMS 0x0000000083800000, 0x0000000083800000| Untracked 
|  57|0x0000000083900000, 0x0000000083900000, 0x0000000083a00000|  0%| F|  |TAMS 0x0000000083900000, 0x0000000083900000| Untracked 
|  58|0x0000000083a00000, 0x0000000083a00000, 0x0000000083b00000|  0%| F|  |TAMS 0x0000000083a00000, 0x0000000083a00000| Untracked 
|  59|0x0000000083b00000, 0x0000000083b00000, 0x0000000083c00000|  0%| F|  |TAMS 0x0000000083b00000, 0x0000000083b00000| Untracked 
|  60|0x0000000083c00000, 0x0000000083c00000, 0x0000000083d00000|  0%| F|  |TAMS 0x0000000083c00000, 0x0000000083c00000| Untracked 
|  61|0x0000000083d00000, 0x0000000083d00000, 0x0000000083e00000|  0%| F|  |TAMS 0x0000000083d00000, 0x0000000083d00000| Untracked 
|  62|0x0000000083e00000, 0x0000000083e00000, 0x0000000083f00000|  0%| F|  |TAMS 0x0000000083e00000, 0x0000000083e00000| Untracked 
|  63|0x0000000083f00000, 0x0000000083f00000, 0x0000000084000000|  0%| F|  |TAMS 0x0000000083f00000, 0x0000000083f00000| Untracked 
|  64|0x0000000084000000, 0x0000000084000000, 0x0000000084100000|  0%| F|  |TAMS 0x0000000084000000, 0x0000000084000000| Untracked 
|  65|0x0000000084100000, 0x0000000084100000, 0x0000000084200000|  0%| F|  |TAMS 0x0000000084100000, 0x0000000084100000| Untracked 
|  66|0x0000000084200000, 0x0000000084200000, 0x0000000084300000|  0%| F|  |TAMS 0x0000000084200000, 0x0000000084200000| Untracked 
|  67|0x0000000084300000, 0x0000000084300000, 0x0000000084400000|  0%| F|  |TAMS 0x0000000084300000, 0x0000000084300000| Untracked 
|  68|0x0000000084400000, 0x0000000084400000, 0x0000000084500000|  0%| F|  |TAMS 0x0000000084400000, 0x0000000084400000| Untracked 
|  69|0x0000000084500000, 0x0000000084500000, 0x0000000084600000|  0%| F|  |TAMS 0x0000000084500000, 0x0000000084500000| Untracked 
|  70|0x0000000084600000, 0x0000000084600000, 0x0000000084700000|  0%| F|  |TAMS 0x0000000084600000, 0x0000000084600000| Untracked 
|  71|0x0000000084700000, 0x0000000084700000, 0x0000000084800000|  0%| F|  |TAMS 0x0000000084700000, 0x0000000084700000| Untracked 
|  72|0x0000000084800000, 0x0000000084800000, 0x0000000084900000|  0%| F|  |TAMS 0x0000000084800000, 0x0000000084800000| Untracked 
|  73|0x0000000084900000, 0x0000000084900000, 0x0000000084a00000|  0%| F|  |TAMS 0x0000000084900000, 0x0000000084900000| Untracked 
|  74|0x0000000084a00000, 0x0000000084a00000, 0x0000000084b00000|  0%| F|  |TAMS 0x0000000084a00000, 0x0000000084a00000| Untracked 
|  75|0x0000000084b00000, 0x0000000084b00000, 0x0000000084c00000|  0%| F|  |TAMS 0x0000000084b00000, 0x0000000084b00000| Untracked 
|  76|0x0000000084c00000, 0x0000000084ca9198, 0x0000000084d00000| 66%| E|  |TAMS 0x0000000084c00000, 0x0000000084c00000| Complete 
|  77|0x0000000084d00000, 0x0000000084e00000, 0x0000000084e00000|100%| E|CS|TAMS 0x0000000084d00000, 0x0000000084d00000| Complete 
|  78|0x0000000084e00000, 0x0000000084f00000, 0x0000000084f00000|100%| E|CS|TAMS 0x0000000084e00000, 0x0000000084e00000| Complete 
|  79|0x0000000084f00000, 0x0000000085000000, 0x0000000085000000|100%| E|CS|TAMS 0x0000000084f00000, 0x0000000084f00000| Complete 
|  80|0x0000000085000000, 0x0000000085100000, 0x0000000085100000|100%| E|CS|TAMS 0x0000000085000000, 0x0000000085000000| Complete 
|  81|0x0000000085100000, 0x0000000085200000, 0x0000000085200000|100%| E|CS|TAMS 0x0000000085100000, 0x0000000085100000| Complete 
|  82|0x0000000085200000, 0x0000000085300000, 0x0000000085300000|100%| E|CS|TAMS 0x0000000085200000, 0x0000000085200000| Complete 
|  83|0x0000000085300000, 0x0000000085400000, 0x0000000085400000|100%| E|CS|TAMS 0x0000000085300000, 0x0000000085300000| Complete 
|  84|0x0000000085400000, 0x0000000085500000, 0x0000000085500000|100%| E|CS|TAMS 0x0000000085400000, 0x0000000085400000| Complete 
|  85|0x0000000085500000, 0x0000000085600000, 0x0000000085600000|100%| E|CS|TAMS 0x0000000085500000, 0x0000000085500000| Complete 
|  86|0x0000000085600000, 0x0000000085700000, 0x0000000085700000|100%| E|CS|TAMS 0x0000000085600000, 0x0000000085600000| Complete 
|  87|0x0000000085700000, 0x0000000085800000, 0x0000000085800000|100%| E|CS|TAMS 0x0000000085700000, 0x0000000085700000| Complete 
|  88|0x0000000085800000, 0x0000000085900000, 0x0000000085900000|100%| E|CS|TAMS 0x0000000085800000, 0x0000000085800000| Complete 
|  89|0x0000000085900000, 0x0000000085a00000, 0x0000000085a00000|100%| E|CS|TAMS 0x0000000085900000, 0x0000000085900000| Complete 
|  90|0x0000000085a00000, 0x0000000085b00000, 0x0000000085b00000|100%| E|CS|TAMS 0x0000000085a00000, 0x0000000085a00000| Complete 
|  91|0x0000000085b00000, 0x0000000085c00000, 0x0000000085c00000|100%| E|CS|TAMS 0x0000000085b00000, 0x0000000085b00000| Complete 
|  92|0x0000000085c00000, 0x0000000085d00000, 0x0000000085d00000|100%| E|  |TAMS 0x0000000085c00000, 0x0000000085c00000| Complete 
|  93|0x0000000085d00000, 0x0000000085e00000, 0x0000000085e00000|100%| E|CS|TAMS 0x0000000085d00000, 0x0000000085d00000| Complete 
|  94|0x0000000085e00000, 0x0000000085f00000, 0x0000000085f00000|100%| E|CS|TAMS 0x0000000085e00000, 0x0000000085e00000| Complete 
|  95|0x0000000085f00000, 0x0000000086000000, 0x0000000086000000|100%| E|CS|TAMS 0x0000000085f00000, 0x0000000085f00000| Complete 
|  96|0x0000000086000000, 0x0000000086100000, 0x0000000086100000|100%| E|CS|TAMS 0x0000000086000000, 0x0000000086000000| Complete 
|  97|0x0000000086100000, 0x0000000086200000, 0x0000000086200000|100%| E|CS|TAMS 0x0000000086100000, 0x0000000086100000| Complete 
|  98|0x0000000086200000, 0x0000000086300000, 0x0000000086300000|100%| E|CS|TAMS 0x0000000086200000, 0x0000000086200000| Complete 
|  99|0x0000000086300000, 0x0000000086400000, 0x0000000086400000|100%| E|CS|TAMS 0x0000000086300000, 0x0000000086300000| Complete 
| 100|0x0000000086400000, 0x0000000086500000, 0x0000000086500000|100%| E|CS|TAMS 0x0000000086400000, 0x0000000086400000| Complete 
| 101|0x0000000086500000, 0x0000000086600000, 0x0000000086600000|100%| E|CS|TAMS 0x0000000086500000, 0x0000000086500000| Complete 
| 102|0x0000000086600000, 0x0000000086700000, 0x0000000086700000|100%| E|CS|TAMS 0x0000000086600000, 0x0000000086600000| Complete 
| 103|0x0000000086700000, 0x0000000086800000, 0x0000000086800000|100%| E|CS|TAMS 0x0000000086700000, 0x0000000086700000| Complete 
| 104|0x0000000086800000, 0x0000000086900000, 0x0000000086900000|100%| E|CS|TAMS 0x0000000086800000, 0x0000000086800000| Complete 
| 105|0x0000000086900000, 0x0000000086a00000, 0x0000000086a00000|100%| E|CS|TAMS 0x0000000086900000, 0x0000000086900000| Complete 
| 106|0x0000000086a00000, 0x0000000086b00000, 0x0000000086b00000|100%| E|CS|TAMS 0x0000000086a00000, 0x0000000086a00000| Complete 
| 107|0x0000000086b00000, 0x0000000086c00000, 0x0000000086c00000|100%| E|CS|TAMS 0x0000000086b00000, 0x0000000086b00000| Complete 
| 108|0x0000000086c00000, 0x0000000086d00000, 0x0000000086d00000|100%| E|CS|TAMS 0x0000000086c00000, 0x0000000086c00000| Complete 
| 109|0x0000000086d00000, 0x0000000086e00000, 0x0000000086e00000|100%| E|CS|TAMS 0x0000000086d00000, 0x0000000086d00000| Complete 
| 110|0x0000000086e00000, 0x0000000086f00000, 0x0000000086f00000|100%| E|CS|TAMS 0x0000000086e00000, 0x0000000086e00000| Complete 
| 111|0x0000000086f00000, 0x0000000087000000, 0x0000000087000000|100%| E|CS|TAMS 0x0000000086f00000, 0x0000000086f00000| Complete 

Card table byte_map: [0x000001fee68b0000,0x000001fee6cb0000] _byte_map_base: 0x000001fee64b0000

Marking Bits (Prev, Next): (CMBitMap*) 0x000001fecdb3ceb0, (CMBitMap*) 0x000001fecdb3cef0
 Prev Bits: [0x000001fee70b0000, 0x000001fee90b0000)
 Next Bits: [0x000001fee90b0000, 0x000001feeb0b0000)

Polling page: 0x000001fecdbe0000

Metaspace:

Usage:
  Non-class:     16.67 MB used.
      Class:      2.85 MB used.
       Both:     19.52 MB used.

Virtual space:
  Non-class space:       24.00 MB reserved,      16.81 MB ( 70%) committed,  3 nodes.
      Class space:        1.00 GB reserved,       3.00 MB ( <1%) committed,  1 nodes.
              Both:        1.02 GB reserved,      19.81 MB (  2%) committed. 

Chunk freelists:
   Non-Class:  2.72 MB
       Class:  1008.00 KB
        Both:  3.70 MB

MaxMetaspaceSize: 17179869184.00 GB
CompressedClassSpaceSize: 1.00 GB
 - commit_granule_bytes: 65536.
 - commit_granule_words: 8192.
 - virtual_space_node_default_size: 1048576.
 - enlarge_chunks_in_place: 1.
 - new_chunks_are_fully_committed: 0.
 - uncommit_free_chunks: 1.
 - use_allocation_guard: 0.
 - handle_deallocations: 1.


Internal statistics:

num_allocs_failed_limit: 0.
num_arena_births: 230.
num_arena_deaths: 0.
num_vsnodes_births: 4.
num_vsnodes_deaths: 0.
num_space_committed: 317.
num_space_uncommitted: 0.
num_chunks_returned_to_freelist: 0.
num_chunks_taken_from_freelist: 923.
num_chunk_merges: 0.
num_chunk_splits: 614.
num_chunks_enlarged: 451.
num_purges: 0.

CodeHeap 'non-profiled nmethods': size=120000Kb used=1307Kb max_used=1307Kb free=118692Kb
 bounds [0x000001fede520000, 0x000001fede790000, 0x000001fee5a50000]
CodeHeap 'profiled nmethods': size=120000Kb used=5163Kb max_used=5163Kb free=114836Kb
 bounds [0x000001fed6ff0000, 0x000001fed7500000, 0x000001fede520000]
CodeHeap 'non-nmethods': size=5760Kb used=1254Kb max_used=1286Kb free=4506Kb
 bounds [0x000001fed6a50000, 0x000001fed6cc0000, 0x000001fed6ff0000]
 total_blobs=3033 nmethods=2492 adapters=451
 compilation: enabled
              stopped_count=0, restarted_count=0
 full_count=0

Compilation events (20 events):
Event: 4.959 Thread 0x000001feedb57700 nmethod 2459 0x000001fed74e7110 code [0x000001fed74e7440, 0x000001fed74e8818]
Event: 4.959 Thread 0x000001feedb57700 2455       3       org.objectweb.asm.Frame::push (59 bytes)
Event: 4.960 Thread 0x000001feedb57700 nmethod 2455 0x000001fed74e8f90 code [0x000001fed74e91e0, 0x000001fed74e9938]
Event: 4.960 Thread 0x000001feedb57700 2461       3       org.objectweb.asm.Frame::pop (53 bytes)
Event: 4.960 Thread 0x000001feedb56d00 2463       4       java.lang.StringBuilder::append (8 bytes)
Event: 4.961 Thread 0x000001feedb57700 nmethod 2461 0x000001fed74e9c90 code [0x000001fed74e9ee0, 0x000001fed74ea658]
Event: 4.961 Thread 0x000001feedb57700 2462       3       org.objectweb.asm.Frame::pop (42 bytes)
Event: 4.961 Thread 0x000001feedb57700 nmethod 2462 0x000001fed74ea990 code [0x000001fed74eab40, 0x000001fed74eacf8]
Event: 4.961 Thread 0x000001feedb57700 2457       3       org.objectweb.asm.MethodWriter::visitMethodInsn (191 bytes)
Event: 4.962 Thread 0x000001feedb57700 nmethod 2457 0x000001fed74eae10 code [0x000001fed74eb040, 0x000001fed74eb868]
Event: 4.962 Thread 0x000001feedb57700 2458       3       org.objectweb.asm.SymbolTable::addConstantMethodref (24 bytes)
Event: 4.962 Thread 0x000001feedb57700 nmethod 2458 0x000001fed74ebb90 code [0x000001fed74ebd40, 0x000001fed74ebee8]
Event: 4.962 Thread 0x000001feedb57700 2456       3       org.objectweb.asm.MethodWriter::visitLabel (328 bytes)
Event: 4.963 Thread 0x000001feedb57700 nmethod 2456 0x000001fed74ebf90 code [0x000001fed74ec200, 0x000001fed74ecf88]
Event: 4.963 Thread 0x000001feedb57700 2460       3       org.gradle.internal.instantiation.generator.AbstractClassGenerator$MethodMetadata::getReturnType (8 bytes)
Event: 4.963 Thread 0x000001feedb57700 nmethod 2460 0x000001fed74ed210 code [0x000001fed74ed3a0, 0x000001fed74ed4d8]
Event: 4.968 Thread 0x000001feedb56d00 nmethod 2463 0x000001fede663290 code [0x000001fede663440, 0x000001fede6639b8]
Event: 4.975 Thread 0x000001feedb56d00 2464       4       java.lang.invoke.MethodType::hashCode (53 bytes)
Event: 4.975 Thread 0x000001feedb57700 2465       3       java.lang.invoke.DirectMethodHandle$Constructor::<init> (44 bytes)
Event: 4.976 Thread 0x000001feedb57700 nmethod 2465 0x000001fed74ed590 code [0x000001fed74ed740, 0x000001fed74ed968]

GC Heap History (6 events):
Event: 1.139 GC heap before
{Heap before GC invocations=0 (full 0):
 garbage-first heap   total 114688K, used 28672K [0x0000000080000000, 0x0000000100000000)
  region size 1024K, 23 young (23552K), 0 survivors (0K)
 Metaspace       used 3207K, committed 3328K, reserved 1056768K
  class space    used 391K, committed 448K, reserved 1048576K
}
Event: 1.149 GC heap after
{Heap after GC invocations=1 (full 0):
 garbage-first heap   total 114688K, used 9220K [0x0000000080000000, 0x0000000100000000)
  region size 1024K, 3 young (3072K), 3 survivors (3072K)
 Metaspace       used 3207K, committed 3328K, reserved 1056768K
  class space    used 391K, committed 448K, reserved 1048576K
}
Event: 1.652 GC heap before
{Heap before GC invocations=1 (full 0):
 garbage-first heap   total 114688K, used 35844K [0x0000000080000000, 0x0000000100000000)
  region size 1024K, 28 young (28672K), 3 survivors (3072K)
 Metaspace       used 4134K, committed 4352K, reserved 1056768K
  class space    used 488K, committed 576K, reserved 1048576K
}
Event: 1.657 GC heap after
{Heap after GC invocations=2 (full 0):
 garbage-first heap   total 114688K, used 11491K [0x0000000080000000, 0x0000000100000000)
  region size 1024K, 2 young (2048K), 2 survivors (2048K)
 Metaspace       used 4134K, committed 4352K, reserved 1056768K
  class space    used 488K, committed 576K, reserved 1048576K
}
Event: 3.791 GC heap before
{Heap before GC invocations=2 (full 0):
 garbage-first heap   total 114688K, used 77027K [0x0000000080000000, 0x0000000100000000)
  region size 1024K, 67 young (68608K), 2 survivors (2048K)
 Metaspace       used 14713K, committed 14976K, reserved 1064960K
  class space    used 2117K, committed 2240K, reserved 1048576K
}
Event: 3.798 GC heap after
{Heap after GC invocations=3 (full 0):
 garbage-first heap   total 114688K, used 17926K [0x0000000080000000, 0x0000000100000000)
  region size 1024K, 9 young (9216K), 9 survivors (9216K)
 Metaspace       used 14713K, committed 14976K, reserved 1064960K
  class space    used 2117K, committed 2240K, reserved 1048576K
}

Deoptimization events (20 events):
Event: 3.881 Thread 0x000001fef00ac5c0 Uncommon trap: trap_request=0xffffff45 fr.pc=0x000001fede5bbee4 relative=0x00000000000003a4
Event: 3.881 Thread 0x000001fef00ac5c0 Uncommon trap: reason=unstable_if action=reinterpret pc=0x000001fede5bbee4 method=java.util.concurrent.ConcurrentHashMap.get(Ljava/lang/Object;)Ljava/lang/Object; @ 76 c2
Event: 3.881 Thread 0x000001fef00ac5c0 DEOPT PACKING pc=0x000001fede5bbee4 sp=0x000000f4fbafac70
Event: 3.881 Thread 0x000001fef00ac5c0 DEOPT UNPACKING pc=0x000001fed6a9d72e sp=0x000000f4fbafabf8 mode 2
Event: 4.403 Thread 0x000001fef00ac5c0 Uncommon trap: trap_request=0xffffff76 fr.pc=0x000001fede63b820 relative=0x0000000000000160
Event: 4.403 Thread 0x000001fef00ac5c0 Uncommon trap: reason=predicate action=maybe_recompile pc=0x000001fede63b820 method=com.google.common.base.CharMatcher.indexIn(Ljava/lang/CharSequence;I)I @ 19 c2
Event: 4.403 Thread 0x000001fef00ac5c0 DEOPT PACKING pc=0x000001fede63b820 sp=0x000000f4fbafb240
Event: 4.403 Thread 0x000001fef00ac5c0 DEOPT UNPACKING pc=0x000001fed6a9d72e sp=0x000000f4fbafb1d0 mode 2
Event: 4.476 Thread 0x000001fef00ac5c0 Uncommon trap: trap_request=0xffffffde fr.pc=0x000001fede6121a0 relative=0x00000000000004c0
Event: 4.476 Thread 0x000001fef00ac5c0 Uncommon trap: reason=class_check action=maybe_recompile pc=0x000001fede6121a0 method=java.util.Collections$SetFromMap.remove(Ljava/lang/Object;)Z @ 5 c2
Event: 4.476 Thread 0x000001fef00ac5c0 DEOPT PACKING pc=0x000001fede6121a0 sp=0x000000f4fbafc350
Event: 4.476 Thread 0x000001fef00ac5c0 DEOPT UNPACKING pc=0x000001fed6a9d72e sp=0x000000f4fbafc338 mode 2
Event: 4.476 Thread 0x000001fef00ac5c0 Uncommon trap: trap_request=0xffffffde fr.pc=0x000001fede6121a0 relative=0x00000000000004c0
Event: 4.476 Thread 0x000001fef00ac5c0 Uncommon trap: reason=class_check action=maybe_recompile pc=0x000001fede6121a0 method=java.util.Collections$SetFromMap.remove(Ljava/lang/Object;)Z @ 5 c2
Event: 4.476 Thread 0x000001fef00ac5c0 DEOPT PACKING pc=0x000001fede6121a0 sp=0x000000f4fbafc2e0
Event: 4.476 Thread 0x000001fef00ac5c0 DEOPT UNPACKING pc=0x000001fed6a9d72e sp=0x000000f4fbafc2c8 mode 2
Event: 4.898 Thread 0x000001fef00ac5c0 Uncommon trap: trap_request=0xffffff45 fr.pc=0x000001fede576edc relative=0x000000000000049c
Event: 4.898 Thread 0x000001fef00ac5c0 Uncommon trap: reason=unstable_if action=reinterpret pc=0x000001fede576edc method=java.util.HashMap.hash(Ljava/lang/Object;)I @ 1 c2
Event: 4.898 Thread 0x000001fef00ac5c0 DEOPT PACKING pc=0x000001fede576edc sp=0x000000f4fbaf8900
Event: 4.898 Thread 0x000001fef00ac5c0 DEOPT UNPACKING pc=0x000001fed6a9d72e sp=0x000000f4fbaf87a8 mode 2

Classes unloaded (0 events):
No events

Classes redefined (0 events):
No events

Internal exceptions (20 events):
Event: 3.775 Thread 0x000001fef00ac5c0 Exception <a 'java/lang/NoSuchMethodError'{0x0000000082d78438}: 'void java.lang.invoke.DirectMethodHandle$Holder.invokeStatic(java.lang.Object, java.lang.Object)'> (0x0000000082d78438) 
thrown [t:\workspace\open\src\hotspot\share\interpreter\linkResolver.cpp, line 790]
Event: 3.783 Thread 0x000001fef00ac5c0 Exception <a 'java/lang/NoSuchMethodError'{0x0000000082db80e8}: 'java.lang.Object java.lang.invoke.DirectMethodHandle$Holder.invokeVirtual(java.lang.Object, java.lang.Object, java.lang.Object, java.lang.Object)'> (0x0000000082db80e8) 
thrown [t:\workspace\open\src\hotspot\share\interpreter\linkResolver.cpp, line 790]
Event: 3.936 Thread 0x000001fef00ac5c0 Exception <a 'java/lang/NoSuchMethodError'{0x0000000086b7e388}: 'void java.lang.invoke.DirectMethodHandle$Holder.invokeSpecial(java.lang.Object, java.lang.Object, java.lang.Object, java.lang.Object, java.lang.Object, java.lang.Object)'> (0x0000000086b7e388) 
thrown [t:\workspace\open\src\hotspot\share\interpreter\linkResolver.cpp, line 790]
Event: 3.955 Thread 0x000001fef00ac5c0 Exception <a 'java/lang/NoSuchMethodError'{0x0000000086be9258}: 'void java.lang.invoke.DirectMethodHandle$Holder.invokeSpecial(java.lang.Object, java.lang.Object, java.lang.Object, java.lang.Object, java.lang.Object, java.lang.Object, java.lang.Object)'> (0x0000000086be9258) 
thrown [t:\workspace\open\src\hotspot\share\interpreter\linkResolver.cpp, line 790]
Event: 3.957 Thread 0x000001fef00ac5c0 Exception <a 'java/lang/NoSuchMethodError'{0x0000000086bf2010}: 'java.lang.Object java.lang.invoke.DirectMethodHandle$Holder.newInvokeSpecial(java.lang.Object, java.lang.Object, java.lang.Object, java.lang.Object, java.lang.Object, java.lang.Object)'> (0x0000000086bf2010) 
thrown [t:\workspace\open\src\hotspot\share\interpreter\linkResolver.cpp, line 790]
Event: 4.052 Thread 0x000001fef00ac5c0 Exception <a 'java/lang/NoSuchMethodError'{0x00000000868dae60}: 'java.lang.Object java.lang.invoke.Invokers$Holder.invoker(java.lang.Object, java.lang.Object, java.lang.Object, java.lang.Object, java.lang.Object, java.lang.Object)'> (0x00000000868dae60) 
thrown [t:\workspace\open\src\hotspot\share\interpreter\linkResolver.cpp, line 790]
Event: 4.144 Thread 0x000001fef00ac5c0 Exception <a 'java/lang/NoSuchMethodError'{0x000000008651b6a8}: 'int java.lang.invoke.DirectMethodHandle$Holder.invokeStaticInit(java.lang.Object, java.lang.Object, java.lang.Object)'> (0x000000008651b6a8) 
thrown [t:\workspace\open\src\hotspot\share\interpreter\linkResolver.cpp, line 790]
Event: 4.286 Thread 0x000001fef00ac5c0 Exception <a 'java/lang/NoSuchMethodError'{0x00000000861831d8}: 'void java.lang.invoke.DirectMethodHandle$Holder.invokeStaticInit(java.lang.Object, java.lang.Object)'> (0x00000000861831d8) 
thrown [t:\workspace\open\src\hotspot\share\interpreter\linkResolver.cpp, line 790]
Event: 4.459 Thread 0x000001fef00ac5c0 Exception <a 'java/lang/NoSuchMethodError'{0x0000000085d696e0}: 'void java.lang.invoke.DirectMethodHandle$Holder.invokeStatic(java.lang.Object, java.lang.Object, java.lang.Object, java.lang.Object)'> (0x0000000085d696e0) 
thrown [t:\workspace\open\src\hotspot\share\interpreter\linkResolver.cpp, line 790]
Event: 4.464 Thread 0x000001fef00ac5c0 Exception <a 'java/lang/NoSuchMethodError'{0x0000000085dcfa20}: 'int java.lang.invoke.DirectMethodHandle$Holder.invokeInterface(java.lang.Object, java.lang.Object)'> (0x0000000085dcfa20) 
thrown [t:\workspace\open\src\hotspot\share\interpreter\linkResolver.cpp, line 790]
Event: 4.688 Thread 0x000001fef00ac5c0 Exception <a 'java/lang/NoSuchMethodError'{0x00000000857b4ff0}: 'java.lang.Object java.lang.invoke.DirectMethodHandle$Holder.invokeSpecialIFC(java.lang.Object, java.lang.Object, java.lang.Object, java.lang.Object)'> (0x00000000857b4ff0) 
thrown [t:\workspace\open\src\hotspot\share\interpreter\linkResolver.cpp, line 790]
Event: 4.705 Thread 0x000001fef00ac5c0 Exception <a 'java/lang/NoSuchMethodError'{0x00000000856340e0}: 'java.lang.Object java.lang.invoke.DirectMethodHandle$Holder.invokeSpecial(java.lang.Object, java.lang.Object, java.lang.Object, java.lang.Object, java.lang.Object, java.lang.Object, java.lang.Object, java.lang.Object, java.lang.Object, java.lang.Object, java.lang.Object, java.lang.Object, java.lang.Object)'> (0x00000000856340e0) 
thrown [t:\workspace\open\src\hotspot\share\interpreter\linkResolver.cpp, line 790]
Event: 4.706 Thread 0x000001fef00ac5c0 Exception <a 'java/lang/NoSuchMethodError'{0x00000000856476e0}: 'java.lang.Object java.lang.invoke.DirectMethodHandle$Holder.newInvokeSpecial(java.lang.Object, java.lang.Object, java.lang.Object, java.lang.Object, java.lang.Object, java.lang.Object, java.lang.Object, java.lang.Object, java.lang.Object, java.lang.Object, java.lang.Object)'> (0x00000000856476e0) 
thrown [t:\workspace\open\src\hotspot\share\interpreter\linkResolver.cpp, line 790]
Event: 4.707 Thread 0x000001fef00ac5c0 Exception <a 'java/lang/NoSuchMethodError'{0x000000008564d420}: 'java.lang.Object java.lang.invoke.DirectMethodHandle$Holder.invokeSpecial(java.lang.Object, java.lang.Object, java.lang.Object, java.lang.Object, java.lang.Object, java.lang.Object, java.lang.Object, java.lang.Object, java.lang.Object, java.lang.Object, java.lang.Object, java.lang.Object)'> (0x000000008564d420) 
thrown [t:\workspace\open\src\hotspot\share\interpreter\linkResolver.cpp, line 790]
Event: 4.707 Thread 0x000001fef00ac5c0 Exception <a 'java/lang/NoSuchMethodError'{0x0000000085652a10}: 'java.lang.Object java.lang.invoke.Invokers$Holder.linkToTargetMethod(java.lang.Object, java.lang.Object, java.lang.Object, java.lang.Object, java.lang.Object, java.lang.Object, java.lang.Object, java.lang.Object, java.lang.Object, java.lang.Object, java.lang.Object)'> (0x0000000085652a10) 
thrown [t:\workspace\open\src\hotspot\share\interpreter\linkResolver.cpp, line 790]
Event: 4.728 Thread 0x000001fef00ac5c0 Exception <a 'java/lang/NoSuchMethodError'{0x00000000856f4978}: 'java.lang.Object java.lang.invoke.DirectMethodHandle$Holder.invokeSpecial(java.lang.Object, java.lang.Object, java.lang.Object, java.lang.Object, java.lang.Object, java.lang.Object, java.lang.Object, java.lang.Object, java.lang.Object, java.lang.Object, java.lang.Object, java.lang.Object, java.lang.Object, java.lang.Object)'> (0x00000000856f4978) 
thrown [t:\workspace\open\src\hotspot\share\interpreter\linkResolver.cpp, line 790]
Event: 4.729 Thread 0x000001fef00ac5c0 Exception <a 'java/lang/NoSuchMethodError'{0x00000000855095f0}: 'java.lang.Object java.lang.invoke.DirectMethodHandle$Holder.newInvokeSpecial(java.lang.Object, java.lang.Object, java.lang.Object, java.lang.Object, java.lang.Object, java.lang.Object, java.lang.Object, java.lang.Object, java.lang.Object, java.lang.Object, java.lang.Object, java.lang.Object)'> (0x00000000855095f0) 
thrown [t:\workspace\open\src\hotspot\share\interpreter\linkResolver.cpp, line 790]
Event: 4.730 Thread 0x000001fef00ac5c0 Exception <a 'java/lang/NoSuchMethodError'{0x000000008550edf0}: 'java.lang.Object java.lang.invoke.Invokers$Holder.linkToTargetMethod(java.lang.Object, java.lang.Object, java.lang.Object, java.lang.Object, java.lang.Object, java.lang.Object, java.lang.Object, java.lang.Object, java.lang.Object, java.lang.Object, java.lang.Object, java.lang.Object)'> (0x000000008550edf0) 
thrown [t:\workspace\open\src\hotspot\share\interpreter\linkResolver.cpp, line 790]
Event: 4.743 Thread 0x000001fef00ac5c0 Exception <a 'java/lang/NoSuchMethodError'{0x000000008556c420}: 'java.lang.Object java.lang.invoke.DirectMethodHandle$Holder.invokeStaticInit(java.lang.Object, java.lang.Object, java.lang.Object, java.lang.Object)'> (0x000000008556c420) 
thrown [t:\workspace\open\src\hotspot\share\interpreter\linkResolver.cpp, line 790]
Event: 4.898 Thread 0x000001fef00ac5c0 Implicit null exception at 0x000001fede576a93 to 0x000001fede576ec0

Events (20 events):
Event: 4.468 loading class java/util/stream/SortedOps$OfRef
Event: 4.469 loading class java/util/stream/SortedOps$OfRef done
Event: 4.471 loading class java/util/stream/SortedOps$RefSortingSink
Event: 4.471 loading class java/util/stream/SortedOps$AbstractRefSortingSink
Event: 4.471 loading class java/util/stream/SortedOps$AbstractRefSortingSink done
Event: 4.471 loading class java/util/stream/SortedOps$RefSortingSink done
Event: 4.670 Thread 0x000001fef00a95d0 Thread added: 0x000001fef00a95d0
Event: 4.783 Thread 0x000001fef00aa5c0 Thread added: 0x000001fef00aa5c0
Event: 4.904 Executing  VM operation: HandshakeAllThreads
Event: 4.904 Executing  VM operation: HandshakeAllThreads done
Event: 4.904 Executing  VM operation: Cleanup
Event: 4.904 Executing  VM operation: Cleanup done
Event: 4.908 loading class java/lang/Class$EnclosingMethodInfo
Event: 4.908 loading class java/lang/Class$EnclosingMethodInfo done
Event: 4.911 loading class sun/reflect/generics/tree/IntSignature
Event: 4.911 loading class sun/reflect/generics/tree/IntSignature done
Event: 4.911 loading class sun/reflect/generics/tree/ArrayTypeSignature
Event: 4.911 loading class sun/reflect/generics/tree/ArrayTypeSignature done
Event: 4.923 loading class java/lang/SafeVarargs
Event: 4.924 loading class java/lang/SafeVarargs done


Dynamic libraries:
0x00007ff6416c0000 - 0x00007ff6416ce000 	D:\jdk-16.0.2\bin\java.exe
0x00007ffc0f130000 - 0x00007ffc0f325000 	C:\WINDOWS\SYSTEM32\ntdll.dll
0x00007ffc0dcd0000 - 0x00007ffc0dd8d000 	C:\WINDOWS\System32\KERNEL32.DLL
0x00007ffc0ca10000 - 0x00007ffc0ccdd000 	C:\WINDOWS\System32\KERNELBASE.dll
0x00007ffc0cfd0000 - 0x00007ffc0d0d0000 	C:\WINDOWS\System32\ucrtbase.dll
0x00007ffc05550000 - 0x00007ffc05569000 	D:\jdk-16.0.2\bin\VCRUNTIME140.dll
0x00007ffbed610000 - 0x00007ffbed628000 	D:\jdk-16.0.2\bin\jli.dll
0x00007ffc0df80000 - 0x00007ffc0e120000 	C:\WINDOWS\System32\USER32.dll
0x00007ffbf6060000 - 0x00007ffbf62fa000 	C:\WINDOWS\WinSxS\amd64_microsoft.windows.common-controls_6595b64144ccf1df_6.0.19041.1110_none_60b5254171f9507e\COMCTL32.dll
0x00007ffc0ced0000 - 0x00007ffc0cef2000 	C:\WINDOWS\System32\win32u.dll
0x00007ffc0d750000 - 0x00007ffc0d7ee000 	C:\WINDOWS\System32\msvcrt.dll
0x00007ffc0f0c0000 - 0x00007ffc0f0ea000 	C:\WINDOWS\System32\GDI32.dll
0x00007ffc0c840000 - 0x00007ffc0c94b000 	C:\WINDOWS\System32\gdi32full.dll
0x00007ffc0cf00000 - 0x00007ffc0cf9d000 	C:\WINDOWS\System32\msvcp_win.dll
0x00007ffc0f030000 - 0x00007ffc0f060000 	C:\WINDOWS\System32\IMM32.DLL
0x00007ffc04e20000 - 0x00007ffc04e2c000 	D:\jdk-16.0.2\bin\vcruntime140_1.dll
0x00007ffbe2ec0000 - 0x00007ffbe2f51000 	D:\jdk-16.0.2\bin\msvcp140.dll
0x00007ffbc99f0000 - 0x00007ffbca59b000 	D:\jdk-16.0.2\bin\server\jvm.dll
0x00007ffc0d570000 - 0x00007ffc0d61e000 	C:\WINDOWS\System32\ADVAPI32.dll
0x00007ffc0e140000 - 0x00007ffc0e1dc000 	C:\WINDOWS\System32\sechost.dll
0x00007ffc0d620000 - 0x00007ffc0d745000 	C:\WINDOWS\System32\RPCRT4.dll
0x00007ffc0ded0000 - 0x00007ffc0ded8000 	C:\WINDOWS\System32\PSAPI.DLL
0x00007ffc049e0000 - 0x00007ffc049e9000 	C:\WINDOWS\SYSTEM32\WSOCK32.dll
0x00007ffc02100000 - 0x00007ffc02127000 	C:\WINDOWS\SYSTEM32\WINMM.dll
0x00007ffc02be0000 - 0x00007ffc02bea000 	C:\WINDOWS\SYSTEM32\VERSION.dll
0x00007ffc0efc0000 - 0x00007ffc0f02b000 	C:\WINDOWS\System32\WS2_32.dll
0x00007ffc0b120000 - 0x00007ffc0b132000 	C:\WINDOWS\SYSTEM32\kernel.appcore.dll
0x00007ffc03c10000 - 0x00007ffc03c1a000 	D:\jdk-16.0.2\bin\jimage.dll
0x00007ffc0ab80000 - 0x00007ffc0ad64000 	C:\WINDOWS\SYSTEM32\DBGHELP.DLL
0x00007ffbff190000 - 0x00007ffbff1bc000 	C:\WINDOWS\SYSTEM32\dbgcore.DLL
0x00007ffc0ce40000 - 0x00007ffc0cec2000 	C:\WINDOWS\System32\bcryptPrimitives.dll
0x00007ffbea500000 - 0x00007ffbea525000 	D:\jdk-16.0.2\bin\java.dll
0x00007ffc0e390000 - 0x00007ffc0ead4000 	C:\WINDOWS\System32\SHELL32.dll
0x00007ffc0a310000 - 0x00007ffc0aaa4000 	C:\WINDOWS\SYSTEM32\windows.storage.dll
0x00007ffc0eae0000 - 0x00007ffc0ee34000 	C:\WINDOWS\System32\combase.dll
0x00007ffc0c1d0000 - 0x00007ffc0c1fc000 	C:\WINDOWS\SYSTEM32\Wldp.dll
0x00007ffc0d440000 - 0x00007ffc0d4ed000 	C:\WINDOWS\System32\SHCORE.dll
0x00007ffc0f060000 - 0x00007ffc0f0b5000 	C:\WINDOWS\System32\shlwapi.dll
0x00007ffc0c780000 - 0x00007ffc0c79f000 	C:\WINDOWS\SYSTEM32\profapi.dll
0x00007ffbea490000 - 0x00007ffbea4a9000 	D:\jdk-16.0.2\bin\net.dll
0x00007ffbff3a0000 - 0x00007ffbff4aa000 	C:\WINDOWS\SYSTEM32\WINHTTP.dll
0x00007ffc0bf30000 - 0x00007ffc0bf9a000 	C:\WINDOWS\system32\mswsock.dll
0x00007ffbe31e0000 - 0x00007ffbe31f3000 	D:\jdk-16.0.2\bin\nio.dll
0x00007ffbe31c0000 - 0x00007ffbe31d8000 	D:\jdk-16.0.2\bin\zip.dll
0x00007ffbff330000 - 0x00007ffbff340000 	D:\jdk-16.0.2\bin\verify.dll
0x00007ffbebe90000 - 0x00007ffbebeb7000 	C:\Users\yiqua\.gradle\native\e1d6ef7f7dcc3fd88c89a11ec53ec762bb8ba0a96d01ffa2cd45eb1d1d8dd5c5\windows-amd64\native-platform.dll
0x00007ffbdb7d0000 - 0x00007ffbdb914000 	C:\Users\yiqua\.gradle\native\5664cfc778a61ccfe75a443a1ab52a65af34e5dc3c78e0209fed803814484fcb\windows-amd64\native-platform-file-events.dll
0x00007ffbefdb0000 - 0x00007ffbefdb9000 	D:\jdk-16.0.2\bin\management.dll
0x00007ffbefd30000 - 0x00007ffbefd3b000 	D:\jdk-16.0.2\bin\management_ext.dll
0x00007ffc0c130000 - 0x00007ffc0c148000 	C:\WINDOWS\SYSTEM32\CRYPTSP.dll
0x00007ffc0b8b0000 - 0x00007ffc0b8e4000 	C:\WINDOWS\system32\rsaenh.dll
0x00007ffc0cfa0000 - 0x00007ffc0cfc7000 	C:\WINDOWS\System32\bcrypt.dll
0x00007ffc0c740000 - 0x00007ffc0c76e000 	C:\WINDOWS\SYSTEM32\USERENV.dll
0x00007ffc0c120000 - 0x00007ffc0c12c000 	C:\WINDOWS\SYSTEM32\CRYPTBASE.dll
0x00007ffc0bc20000 - 0x00007ffc0bc5b000 	C:\WINDOWS\SYSTEM32\IPHLPAPI.DLL
0x00007ffc0d430000 - 0x00007ffc0d438000 	C:\WINDOWS\System32\NSI.dll
0x00007ffc02d20000 - 0x00007ffc02d37000 	C:\WINDOWS\SYSTEM32\dhcpcsvc6.DLL
0x00007ffc03fb0000 - 0x00007ffc03fcd000 	C:\WINDOWS\SYSTEM32\dhcpcsvc.DLL
0x00007ffc0bc60000 - 0x00007ffc0bd2b000 	C:\WINDOWS\SYSTEM32\DNSAPI.dll
0x00007ffbeda50000 - 0x00007ffbeda5e000 	D:\jdk-16.0.2\bin\sunmscapi.dll
0x00007ffc0cce0000 - 0x00007ffc0ce36000 	C:\WINDOWS\System32\CRYPT32.dll
0x00007ffc0c240000 - 0x00007ffc0c267000 	C:\WINDOWS\SYSTEM32\ncrypt.dll
0x00007ffc0c200000 - 0x00007ffc0c23b000 	C:\WINDOWS\SYSTEM32\NTASN1.dll
0x00007ffbed210000 - 0x00007ffbed217000 	C:\WINDOWS\system32\wshunix.dll

dbghelp: loaded successfully - version: 4.0.5 - missing functions: none
symbol engine: initialized successfully - sym options: 0x614 - pdb path: .;D:\jdk-16.0.2\bin;C:\WINDOWS\SYSTEM32;C:\WINDOWS\WinSxS\amd64_microsoft.windows.common-controls_6595b64144ccf1df_6.0.19041.1110_none_60b5254171f9507e;D:\jdk-16.0.2\bin\server;C:\Users\yiqua\.gradle\native\e1d6ef7f7dcc3fd88c89a11ec53ec762bb8ba0a96d01ffa2cd45eb1d1d8dd5c5\windows-amd64;C:\Users\yiqua\.gradle\native\5664cfc778a61ccfe75a443a1ab52a65af34e5dc3c78e0209fed803814484fcb\windows-amd64

VM Arguments:
jvm_args: --add-opens=java.base/java.util=ALL-UNNAMED --add-opens=java.base/java.lang=ALL-UNNAMED --add-opens=java.base/java.lang.invoke=ALL-UNNAMED --add-opens=java.base/java.util=ALL-UNNAMED --add-opens=java.prefs/java.util.prefs=ALL-UNNAMED --add-opens=java.prefs/java.util.prefs=ALL-UNNAMED --add-opens=java.base/java.nio.charset=ALL-UNNAMED --add-opens=java.base/java.net=ALL-UNNAMED --add-opens=java.base/java.util.concurrent.atomic=ALL-UNNAMED -Xmx2048m -Dfile.encoding=UTF-8 -Duser.country=CN -Duser.language=zh -Duser.variant 
java_command: org.gradle.launcher.daemon.bootstrap.GradleDaemon 7.2
java_class_path (initial): C:\Users\yiqua\.gradle\wrapper\dists\gradle-7.2-bin\2dnblmf4td7x66yl1d74lt32g\gradle-7.2\lib\gradle-launcher-7.2.jar
Launcher Type: SUN_STANDARD

[Global flags]
     intx CICompilerCount                          = 4                                         {product} {ergonomic}
     uint ConcGCThreads                            = 2                                         {product} {ergonomic}
     uint G1ConcRefinementThreads                  = 8                                         {product} {ergonomic}
   size_t G1HeapRegionSize                         = 1048576                                   {product} {ergonomic}
    uintx GCDrainStackTargetSize                   = 64                                        {product} {ergonomic}
   size_t InitialHeapSize                          = 117440512                                 {product} {ergonomic}
   size_t MarkStackSize                            = 4194304                                   {product} {ergonomic}
   size_t MaxHeapSize                              = 2147483648                                {product} {command line}
   size_t MaxNewSize                               = 1287651328                                {product} {ergonomic}
   size_t MinHeapDeltaBytes                        = 1048576                                   {product} {ergonomic}
   size_t MinHeapSize                              = 8388608                                   {product} {ergonomic}
    uintx NonNMethodCodeHeapSize                   = 5839372                                {pd product} {ergonomic}
    uintx NonProfiledCodeHeapSize                  = 122909434                              {pd product} {ergonomic}
    uintx ProfiledCodeHeapSize                     = 122909434                              {pd product} {ergonomic}
    uintx ReservedCodeCacheSize                    = 251658240                              {pd product} {ergonomic}
     bool SegmentedCodeCache                       = true                                      {product} {ergonomic}
   size_t SoftMaxHeapSize                          = 2147483648                             {manageable} {ergonomic}
     bool UseCompressedClassPointers               = true                           {product lp64_product} {ergonomic}
     bool UseCompressedOops                        = true                           {product lp64_product} {ergonomic}
     bool UseG1GC                                  = true                                      {product} {ergonomic}
     bool UseLargePagesIndividualAllocation        = false                                  {pd product} {ergonomic}

Logging:
Log output configuration:
 #0: stdout all=warning uptime,level,tags
 #1: stderr all=off uptime,level,tags

Environment Variables:
PATH=C:\ProgramData\Oracle\Java\javapath;C:\Program Files\Zulu\zulu-17\bin\;C:\Program Files\Common Files\Oracle\Java\javapath;C:\WINDOWS\system32;C:\WINDOWS;C:\WINDOWS\System32\Wbem;C:\WINDOWS\System32\WindowsPowerShell\v1.0\;C:\WINDOWS\System32\OpenSSH\;C:\Program Files\Git\cmd;C:\Program Files\dotnet\;C:\Program Files\Microsoft SQL Server\130\Tools\Binn\;C:\Program Files\MySQL\MySQL Shell 8.0\bin\;C:\Users\yiqua\AppData\Local\Microsoft\WindowsApps;C:\Program Files\Git\cmd;C:\Program Files\Git;C:\Program Files\Git\bin;;D:\Microsoft VS Code\bin;C:\Users\yiqua\.dotnet\tools
USERNAME=yiqua
OS=Windows_NT
PROCESSOR_IDENTIFIER=AMD64 Family 23 Model 24 Stepping 1, AuthenticAMD



---------------  S Y S T E M  ---------------

OS:
 Windows 10 , 64 bit Build 19041 (10.0.19041.1706)
OS uptime: 1 days 23:39 hours

CPU: total 8 (initial active 8) (8 cores per cpu, 2 threads per core) family 23 model 24 stepping 1 microcode 0x0, cx8, cmov, fxsr, ht, mmx, 3dnowpref, sse, sse2, sse3, ssse3, sse4a, sse4.1, sse4.2, popcnt, lzcnt, tsc, tscinvbit, avx, avx2, aes, clmul, bmi1, bmi2, adx, sha, fma, vzeroupper, clflush, clflushopt

Memory: 4k page, system-wide physical 7103M (505M free)
TotalPageFile size 11199M (AvailPageFile size 5M)
current process WorkingSet (physical memory assigned to process): 203M, peak: 209M
current process commit charge ("private bytes"): 277M, peak: 283M

vm_info: OpenJDK 64-Bit Server VM (16.0.2+7-67) for windows-amd64 JRE (16.0.2+7-67), built on Jun  8 2021 23:21:43 by "mach5one" with MS VC++ 16.7 (VS2019)

END.
