#
# There is insufficient memory for the Java Runtime Environment to continue.
# Native memory allocation (mmap) failed to map 15728640 bytes for G1 virtual space
# Possible reasons:
#   The system is out of physical RAM or swap space
#   The process is running with CompressedOops enabled, and the Java Heap may be blocking the growth of the native heap
# Possible solutions:
#   Reduce memory load on the system
#   Increase physical memory or swap space
#   Check if swap backing store is full
#   Decrease Java heap size (-Xmx/-Xms)
#   Decrease number of Java threads
#   Decrease Java thread stack sizes (-Xss)
#   Set larger code cache with -XX:ReservedCodeCacheSize=
#   JVM is running with Unscaled Compressed Oops mode in which the Java heap is
#     placed in the first 4GB address space. The Java Heap base address is the
#     maximum limit for the native heap growth. Please use -XX:HeapBaseMinAddress
#     to set the Java Heap base and to place the Java Heap above 4GB virtual address.
# This output file may be truncated or incomplete.
#
#  Out of Memory Error (os_windows.cpp:3466), pid=11584, tid=8196
#
# JRE version: OpenJDK Runtime Environment (16.0.2+7) (build 16.0.2+7-67)
# Java VM: OpenJDK 64-Bit Server VM (16.0.2+7-67, mixed mode, sharing, tiered, compressed oops, compressed class ptrs, g1 gc, windows-amd64)
# No core dump will be written. Minidumps are not enabled by default on client versions of Windows
#

---------------  S U M M A R Y ------------

Command Line: --add-opens=java.base/java.util=ALL-UNNAMED --add-opens=java.base/java.lang=ALL-UNNAMED --add-opens=java.base/java.lang.invoke=ALL-UNNAMED --add-opens=java.base/java.util=ALL-UNNAMED --add-opens=java.prefs/java.util.prefs=ALL-UNNAMED --add-opens=java.prefs/java.util.prefs=ALL-UNNAMED --add-opens=java.base/java.nio.charset=ALL-UNNAMED --add-opens=java.base/java.net=ALL-UNNAMED --add-opens=java.base/java.util.concurrent.atomic=ALL-UNNAMED -Xmx2048m -Dfile.encoding=UTF-8 -Duser.country=CN -Duser.language=zh -Duser.variant org.gradle.launcher.daemon.bootstrap.GradleDaemon 7.2

Host: AMD Ryzen 5 3500U with Radeon Vega Mobile Gfx  , 8 cores, 6G,  Windows 10 , 64 bit Build 19041 (10.0.19041.1706)
Time: Mon Jun 13 17:32:07 2022  Windows 10 , 64 bit Build 19041 (10.0.19041.1706) elapsed time: 7.195283 seconds (0d 0h 0m 7s)

---------------  T H R E A D  ---------------

Current thread (0x00000243fea18c20):  VMThread "VM Thread" [stack: 0x0000007b31100000,0x0000007b31200000] [id=8196]

Stack: [0x0000007b31100000,0x0000007b31200000]
Native frames: (J=compiled Java code, j=interpreted, Vv=VM code, C=native code)
V  [jvm.dll+0x6681ca]
V  [jvm.dll+0x7c9e69]
V  [jvm.dll+0x7cb61e]
V  [jvm.dll+0x7cbc73]
V  [jvm.dll+0x242c55]
V  [jvm.dll+0x664f89]
V  [jvm.dll+0x659b75]
V  [jvm.dll+0x2fbfbb]
V  [jvm.dll+0x3031b6]
V  [jvm.dll+0x35299e]
V  [jvm.dll+0x352bcf]
V  [jvm.dll+0x2d3028]
V  [jvm.dll+0x2d0bb5]
V  [jvm.dll+0x2d01ec]
V  [jvm.dll+0x315693]
V  [jvm.dll+0x7d00ab]
V  [jvm.dll+0x7d0da4]
V  [jvm.dll+0x7d12a9]
V  [jvm.dll+0x7d1564]
V  [jvm.dll+0x7d1630]
V  [jvm.dll+0x7795aa]
V  [jvm.dll+0x667066]
C  [ucrtbase.dll+0x21bb2]
C  [KERNEL32.DLL+0x17034]
C  [ntdll.dll+0x52651]

VM_Operation (0x0000007b32af7c50): G1TryInitiateConcMark, mode: safepoint, requested by thread 0x000002439b118ac0


---------------  P R O C E S S  ---------------

Threads class SMR info:
_java_thread_list=0x000002439c25bae0, length=125, elements={
0x00000243fb04c8e0, 0x00000243fea1c780, 0x00000243fea21970, 0x00000243fea2ddf0,
0x00000243fea30710, 0x00000243fea32640, 0x00000243fea32f50, 0x00000243fea36fc0,
0x00000243fea48670, 0x00000243fea4cfe0, 0x00000243ff4a46f0, 0x00000243ff4a4c10,
0x000002439bb269f0, 0x000002439b04a180, 0x000002439a8eae20, 0x000002439bd766a0,
0x000002439b182a80, 0x000002439c3c3dd0, 0x000002439b118ac0, 0x000002439b117ad0,
0x000002439b11aff0, 0x000002439b119ab0, 0x000002439b118020, 0x000002439b119010,
0x000002439b11a000, 0x000002439bd578d0, 0x000002439b119560, 0x000002439bc49c40,
0x000002439b11a550, 0x000002439b11aaa0, 0x000002439b6e45e0, 0x000002439b6e6070,
0x000002439b6e5080, 0x000002439b6e55d0, 0x000002439b6e8af0, 0x000002439b6e4b30,
0x000002439b6e65c0, 0x000002439b6e4090, 0x000002439b6e6b10, 0x000002439b6e9040,
0x000002439b6e7b00, 0x000002439b6e7060, 0x000002439b6e9590, 0x000002439b6e9ae0,
0x000002439b6e20b0, 0x000002439b6e2600, 0x000002439b6e3b40, 0x000002439b6e2b50,
0x000002439b6e30a0, 0x000002439b6e35f0, 0x000002439d5db4d0, 0x000002439d5d9f90,
0x000002439d5d3ff0, 0x000002439d5d5fd0, 0x000002439d5d7a60, 0x000002439d5d6520,
0x000002439d5d5530, 0x000002439d5d8a50, 0x000002439d5d5a80, 0x000002439d5d6a70,
0x000002439d5d8500, 0x000002439d5d6fc0, 0x000002439d5d8fa0, 0x000002439d5d94f0,
0x000002439d5d3aa0, 0x000002439d5d7510, 0x000002439d5d9a40, 0x000002439d5daf80,
0x000002439d5d4a90, 0x000002439d5d4540, 0x000002439d5d7fb0, 0x000002439d5d4fe0,
0x000002439d5da4e0, 0x000002439d5daa30, 0x000002439b930a70, 0x000002439b931a60,
0x000002439b931510, 0x000002439b930520, 0x000002439b930fc0, 0x000002439b931fb0,
0x000002439b932500, 0x000002439b932fa0, 0x000002439b932a50, 0x000002439b92fa80,
0x000002439b92ffd0, 0x000002439f0fb100, 0x000002439f0fd0e0, 0x000002439f0feb70,
0x000002439f0fb650, 0x000002439f0fa660, 0x000002439f0fbba0, 0x000002439f0f9120,
0x000002439f0fabb0, 0x000002439f0f7140, 0x000002439f0f9670, 0x000002439f0fdb80,
0x000002439f0fc0f0, 0x000002439f0fe620, 0x000002439f0fc640, 0x000002439f0fcb90,
0x000002439f0f7690, 0x000002439f0f7be0, 0x000002439f0fd630, 0x000002439f0fe0d0,
0x000002439f0f9bc0, 0x000002439f0f8130, 0x000002439f0f8680, 0x000002439f0f8bd0,
0x000002439f0fa110, 0x000002439d067490, 0x000002439d06a460, 0x000002439d0689d0,
0x000002439d06c440, 0x000002439d066f40, 0x000002439d065f50, 0x000002439d069f10,
0x000002439d067f30, 0x000002439d0679e0, 0x000002439d0664a0, 0x000002439d068480,
0x000002439d06c990, 0x000002439d068f20, 0x000002439d069470, 0x000002439d065a00,
0x000002439d06cee0
}

Java Threads: ( => current thread )
  0x00000243fb04c8e0 JavaThread "main" [_thread_blocked, id=268, stack(0x0000007b30b00000,0x0000007b30c00000)]
  0x00000243fea1c780 JavaThread "Reference Handler" daemon [_thread_blocked, id=13228, stack(0x0000007b31200000,0x0000007b31300000)]
  0x00000243fea21970 JavaThread "Finalizer" daemon [_thread_blocked, id=10176, stack(0x0000007b31300000,0x0000007b31400000)]
  0x00000243fea2ddf0 JavaThread "Signal Dispatcher" daemon [_thread_blocked, id=15992, stack(0x0000007b31400000,0x0000007b31500000)]
  0x00000243fea30710 JavaThread "Attach Listener" daemon [_thread_blocked, id=8304, stack(0x0000007b31500000,0x0000007b31600000)]
  0x00000243fea32640 JavaThread "Service Thread" daemon [_thread_blocked, id=16496, stack(0x0000007b31600000,0x0000007b31700000)]
  0x00000243fea32f50 JavaThread "Monitor Deflation Thread" daemon [_thread_blocked, id=13076, stack(0x0000007b31700000,0x0000007b31800000)]
  0x00000243fea36fc0 JavaThread "C2 CompilerThread0" daemon [_thread_blocked, id=17128, stack(0x0000007b31800000,0x0000007b31900000)]
  0x00000243fea48670 JavaThread "C1 CompilerThread0" daemon [_thread_blocked, id=10072, stack(0x0000007b31900000,0x0000007b31a00000)]
  0x00000243fea4cfe0 JavaThread "Sweeper thread" daemon [_thread_blocked, id=16044, stack(0x0000007b31a00000,0x0000007b31b00000)]
  0x00000243ff4a46f0 JavaThread "Common-Cleaner" daemon [_thread_blocked, id=8800, stack(0x0000007b31b00000,0x0000007b31c00000)]
  0x00000243ff4a4c10 JavaThread "Notification Thread" daemon [_thread_blocked, id=8976, stack(0x0000007b31c00000,0x0000007b31d00000)]
  0x000002439bb269f0 JavaThread "Daemon health stats" [_thread_blocked, id=17696, stack(0x0000007b32500000,0x0000007b32600000)]
  0x000002439b04a180 JavaThread "Incoming local TCP Connector on port 61338" [_thread_in_native, id=16944, stack(0x0000007b31f00000,0x0000007b32000000)]
  0x000002439a8eae20 JavaThread "Daemon periodic checks" [_thread_blocked, id=6236, stack(0x0000007b32600000,0x0000007b32700000)]
  0x000002439bd766a0 JavaThread "Daemon" [_thread_blocked, id=7580, stack(0x0000007b32700000,0x0000007b32800000)]
  0x000002439b182a80 JavaThread "Handler for socket connection from /127.0.0.1:61338 to /127.0.0.1:61339" [_thread_in_native, id=8188, stack(0x0000007b32800000,0x0000007b32900000)]
  0x000002439c3c3dd0 JavaThread "Cancel handler" [_thread_blocked, id=14916, stack(0x0000007b32900000,0x0000007b32a00000)]
  0x000002439b118ac0 JavaThread "Daemon worker" [_thread_blocked, id=7900, stack(0x0000007b32a00000,0x0000007b32b00000)]
  0x000002439b117ad0 JavaThread "Asynchronous log dispatcher for DefaultDaemonConnection: socket connection from /127.0.0.1:61338 to /127.0.0.1:61339" [_thread_blocked, id=18836, stack(0x0000007b32b00000,0x0000007b32c00000)]
  0x000002439b11aff0 JavaThread "Stdin handler" [_thread_blocked, id=14664, stack(0x0000007b32c00000,0x0000007b32d00000)]
  0x000002439b119ab0 JavaThread "Daemon client event forwarder" [_thread_blocked, id=8404, stack(0x0000007b32d00000,0x0000007b32e00000)]
  0x000002439b118020 JavaThread "Cache worker for journal cache (C:\Users\yiqua\.gradle\caches\journal-1)" [_thread_blocked, id=18000, stack(0x0000007b31e00000,0x0000007b31f00000)]
  0x000002439b119010 JavaThread "File lock request listener" [_thread_in_native, id=15464, stack(0x0000007b32e00000,0x0000007b32f00000)]
  0x000002439b11a000 JavaThread "Cache worker for file hash cache (C:\Users\yiqua\.gradle\caches\7.2\fileHashes)" [_thread_blocked, id=7260, stack(0x0000007b32f00000,0x0000007b33000000)]
  0x000002439bd578d0 JavaThread "C2 CompilerThread1" daemon [_thread_blocked, id=16716, stack(0x0000007b33000000,0x0000007b33100000)]
  0x000002439b119560 JavaThread "Cache worker for file hash cache (C:\Users\yiqua\AndroidStudioProjects\EHailing\.gradle\7.2\fileHashes)" [_thread_blocked, id=10908, stack(0x0000007b33300000,0x0000007b33400000)]
  0x000002439bc49c40 JavaThread "C2 CompilerThread2" daemon [_thread_blocked, id=10028, stack(0x0000007b33400000,0x0000007b33500000)]
  0x000002439b11a550 JavaThread "File watcher server" daemon [_thread_in_native, id=2788, stack(0x0000007b33500000,0x0000007b33600000)]
  0x000002439b11aaa0 JavaThread "File watcher consumer" daemon [_thread_blocked, id=8728, stack(0x0000007b33600000,0x0000007b33700000)]
  0x000002439b6e45e0 JavaThread "Cache worker for checksums cache (C:\Users\yiqua\AndroidStudioProjects\EHailing\.gradle\checksums)" [_thread_blocked, id=1520, stack(0x0000007b33700000,0x0000007b33800000)]
  0x000002439b6e6070 JavaThread "Cache worker for cache directory md-supplier (C:\Users\yiqua\.gradle\caches\7.2\md-supplier)" [_thread_blocked, id=19180, stack(0x0000007b33800000,0x0000007b33900000)]
  0x000002439b6e5080 JavaThread "Cache worker for cache directory md-rule (C:\Users\yiqua\.gradle\caches\7.2\md-rule)" [_thread_blocked, id=15736, stack(0x0000007b33900000,0x0000007b33a00000)]
  0x000002439b6e55d0 JavaThread "Cache worker for execution history cache (C:\Users\yiqua\.gradle\caches\7.2\executionHistory)" [_thread_blocked, id=5984, stack(0x0000007b33a00000,0x0000007b33b00000)]
  0x000002439b6e8af0 JavaThread "jar transforms" [_thread_blocked, id=15644, stack(0x0000007b33c00000,0x0000007b33d00000)]
  0x000002439b6e4b30 JavaThread "Cache worker for file content cache (C:\Users\yiqua\.gradle\caches\7.2\fileContent)" [_thread_blocked, id=3352, stack(0x0000007b33d00000,0x0000007b33e00000)]
  0x000002439b6e65c0 JavaThread "jar transforms Thread 2" [_thread_blocked, id=13636, stack(0x0000007b33e00000,0x0000007b33f00000)]
  0x000002439b6e4090 JavaThread "Cache worker for dependencies-accessors (C:\Users\yiqua\AndroidStudioProjects\EHailing\.gradle\7.2\dependencies-accessors)" [_thread_blocked, id=2280, stack(0x0000007b33f00000,0x0000007b34000000)]
  0x000002439b6e6b10 JavaThread "jar transforms Thread 3" [_thread_blocked, id=9644, stack(0x0000007b34000000,0x0000007b34100000)]
  0x000002439b6e9040 JavaThread "Cache worker for Build Output Cleanup Cache (C:\Users\yiqua\AndroidStudioProjects\EHailing\.gradle\buildOutputCleanup)" [_thread_blocked, id=13440, stack(0x0000007b34100000,0x0000007b34200000)]
  0x000002439b6e7b00 JavaThread "Unconstrained build operations" [_thread_blocked, id=9368, stack(0x0000007b34200000,0x0000007b34300000)]
  0x000002439b6e7060 JavaThread "Unconstrained build operations Thread 2" [_thread_blocked, id=6464, stack(0x0000007b34300000,0x0000007b34400000)]
  0x000002439b6e9590 JavaThread "Unconstrained build operations Thread 3" [_thread_blocked, id=14056, stack(0x0000007b34400000,0x0000007b34500000)]
  0x000002439b6e9ae0 JavaThread "Unconstrained build operations Thread 4" [_thread_blocked, id=1504, stack(0x0000007b34500000,0x0000007b34600000)]
  0x000002439b6e20b0 JavaThread "Unconstrained build operations Thread 5" [_thread_blocked, id=4680, stack(0x0000007b34600000,0x0000007b34700000)]
  0x000002439b6e2600 JavaThread "Unconstrained build operations Thread 6" [_thread_blocked, id=14480, stack(0x0000007b34700000,0x0000007b34800000)]
  0x000002439b6e3b40 JavaThread "Unconstrained build operations Thread 7" [_thread_blocked, id=7772, stack(0x0000007b34800000,0x0000007b34900000)]
  0x000002439b6e2b50 JavaThread "Unconstrained build operations Thread 8" [_thread_blocked, id=3764, stack(0x0000007b34900000,0x0000007b34a00000)]
  0x000002439b6e30a0 JavaThread "Unconstrained build operations Thread 9" [_thread_blocked, id=2376, stack(0x0000007b34a00000,0x0000007b34b00000)]
  0x000002439b6e35f0 JavaThread "Unconstrained build operations Thread 10" [_thread_blocked, id=12580, stack(0x0000007b34b00000,0x0000007b34c00000)]
  0x000002439d5db4d0 JavaThread "Unconstrained build operations Thread 11" [_thread_blocked, id=15380, stack(0x0000007b34c00000,0x0000007b34d00000)]
  0x000002439d5d9f90 JavaThread "Unconstrained build operations Thread 12" [_thread_blocked, id=12720, stack(0x0000007b34d00000,0x0000007b34e00000)]
  0x000002439d5d3ff0 JavaThread "Unconstrained build operations Thread 13" [_thread_blocked, id=12832, stack(0x0000007b34e00000,0x0000007b34f00000)]
  0x000002439d5d5fd0 JavaThread "Unconstrained build operations Thread 14" [_thread_blocked, id=15428, stack(0x0000007b34f00000,0x0000007b35000000)]
  0x000002439d5d7a60 JavaThread "Unconstrained build operations Thread 15" [_thread_blocked, id=9324, stack(0x0000007b35000000,0x0000007b35100000)]
  0x000002439d5d6520 JavaThread "Unconstrained build operations Thread 16" [_thread_blocked, id=584, stack(0x0000007b35100000,0x0000007b35200000)]
  0x000002439d5d5530 JavaThread "Unconstrained build operations Thread 17" [_thread_blocked, id=3940, stack(0x0000007b35200000,0x0000007b35300000)]
  0x000002439d5d8a50 JavaThread "Unconstrained build operations Thread 18" [_thread_blocked, id=10712, stack(0x0000007b35300000,0x0000007b35400000)]
  0x000002439d5d5a80 JavaThread "Unconstrained build operations Thread 19" [_thread_blocked, id=13348, stack(0x0000007b35400000,0x0000007b35500000)]
  0x000002439d5d6a70 JavaThread "Unconstrained build operations Thread 20" [_thread_blocked, id=7540, stack(0x0000007b35500000,0x0000007b35600000)]
  0x000002439d5d8500 JavaThread "Unconstrained build operations Thread 21" [_thread_blocked, id=19240, stack(0x0000007b35600000,0x0000007b35700000)]
  0x000002439d5d6fc0 JavaThread "Unconstrained build operations Thread 22" [_thread_blocked, id=13536, stack(0x0000007b35700000,0x0000007b35800000)]
  0x000002439d5d8fa0 JavaThread "Unconstrained build operations Thread 23" [_thread_blocked, id=12396, stack(0x0000007b35800000,0x0000007b35900000)]
  0x000002439d5d94f0 JavaThread "Unconstrained build operations Thread 24" [_thread_blocked, id=11148, stack(0x0000007b35900000,0x0000007b35a00000)]
  0x000002439d5d3aa0 JavaThread "Unconstrained build operations Thread 25" [_thread_blocked, id=8940, stack(0x0000007b35a00000,0x0000007b35b00000)]
  0x000002439d5d7510 JavaThread "Unconstrained build operations Thread 26" [_thread_blocked, id=4864, stack(0x0000007b35b00000,0x0000007b35c00000)]
  0x000002439d5d9a40 JavaThread "Unconstrained build operations Thread 27" [_thread_blocked, id=9232, stack(0x0000007b35c00000,0x0000007b35d00000)]
  0x000002439d5daf80 JavaThread "Unconstrained build operations Thread 28" [_thread_blocked, id=10676, stack(0x0000007b35d00000,0x0000007b35e00000)]
  0x000002439d5d4a90 JavaThread "Unconstrained build operations Thread 29" [_thread_blocked, id=10960, stack(0x0000007b35e00000,0x0000007b35f00000)]
  0x000002439d5d4540 JavaThread "Unconstrained build operations Thread 30" [_thread_blocked, id=2572, stack(0x0000007b35f00000,0x0000007b36000000)]
  0x000002439d5d7fb0 JavaThread "Unconstrained build operations Thread 31" [_thread_blocked, id=13196, stack(0x0000007b36000000,0x0000007b36100000)]
  0x000002439d5d4fe0 JavaThread "Unconstrained build operations Thread 32" [_thread_blocked, id=11872, stack(0x0000007b36100000,0x0000007b36200000)]
  0x000002439d5da4e0 JavaThread "Unconstrained build operations Thread 33" [_thread_blocked, id=7476, stack(0x0000007b36200000,0x0000007b36300000)]
  0x000002439d5daa30 JavaThread "Unconstrained build operations Thread 34" [_thread_blocked, id=15232, stack(0x0000007b36300000,0x0000007b36400000)]
  0x000002439b930a70 JavaThread "Unconstrained build operations Thread 35" [_thread_blocked, id=3180, stack(0x0000007b36400000,0x0000007b36500000)]
  0x000002439b931a60 JavaThread "Unconstrained build operations Thread 36" [_thread_blocked, id=12552, stack(0x0000007b36500000,0x0000007b36600000)]
  0x000002439b931510 JavaThread "Unconstrained build operations Thread 37" [_thread_blocked, id=2840, stack(0x0000007b36600000,0x0000007b36700000)]
  0x000002439b930520 JavaThread "Unconstrained build operations Thread 38" [_thread_blocked, id=436, stack(0x0000007b36700000,0x0000007b36800000)]
  0x000002439b930fc0 JavaThread "Unconstrained build operations Thread 39" [_thread_blocked, id=15904, stack(0x0000007b36800000,0x0000007b36900000)]
  0x000002439b931fb0 JavaThread "Unconstrained build operations Thread 40" [_thread_blocked, id=4816, stack(0x0000007b36900000,0x0000007b36a00000)]
  0x000002439b932500 JavaThread "Unconstrained build operations Thread 41" [_thread_blocked, id=14144, stack(0x0000007b36a00000,0x0000007b36b00000)]
  0x000002439b932fa0 JavaThread "Unconstrained build operations Thread 42" [_thread_blocked, id=19404, stack(0x0000007b36b00000,0x0000007b36c00000)]
  0x000002439b932a50 JavaThread "Unconstrained build operations Thread 43" [_thread_blocked, id=12060, stack(0x0000007b36c00000,0x0000007b36d00000)]
  0x000002439b92fa80 JavaThread "Unconstrained build operations Thread 44" [_thread_blocked, id=16664, stack(0x0000007b36d00000,0x0000007b36e00000)]
  0x000002439b92ffd0 JavaThread "Unconstrained build operations Thread 45" [_thread_blocked, id=9312, stack(0x0000007b36e00000,0x0000007b36f00000)]
  0x000002439f0fb100 JavaThread "Unconstrained build operations Thread 46" [_thread_blocked, id=13032, stack(0x0000007b36f00000,0x0000007b37000000)]
  0x000002439f0fd0e0 JavaThread "Unconstrained build operations Thread 47" [_thread_blocked, id=10932, stack(0x0000007b37000000,0x0000007b37100000)]
  0x000002439f0feb70 JavaThread "Unconstrained build operations Thread 48" [_thread_blocked, id=1596, stack(0x0000007b37100000,0x0000007b37200000)]
  0x000002439f0fb650 JavaThread "Unconstrained build operations Thread 49" [_thread_blocked, id=16404, stack(0x0000007b37200000,0x0000007b37300000)]
  0x000002439f0fa660 JavaThread "Unconstrained build operations Thread 50" [_thread_blocked, id=18172, stack(0x0000007b37300000,0x0000007b37400000)]
  0x000002439f0fbba0 JavaThread "Unconstrained build operations Thread 51" [_thread_blocked, id=16184, stack(0x0000007b37400000,0x0000007b37500000)]
  0x000002439f0f9120 JavaThread "Unconstrained build operations Thread 52" [_thread_blocked, id=11036, stack(0x0000007b37500000,0x0000007b37600000)]
  0x000002439f0fabb0 JavaThread "Unconstrained build operations Thread 53" [_thread_blocked, id=9068, stack(0x0000007b37600000,0x0000007b37700000)]
  0x000002439f0f7140 JavaThread "Unconstrained build operations Thread 54" [_thread_blocked, id=16628, stack(0x0000007b37700000,0x0000007b37800000)]
  0x000002439f0f9670 JavaThread "Unconstrained build operations Thread 55" [_thread_blocked, id=9940, stack(0x0000007b37800000,0x0000007b37900000)]
  0x000002439f0fdb80 JavaThread "Unconstrained build operations Thread 56" [_thread_blocked, id=10264, stack(0x0000007b37900000,0x0000007b37a00000)]
  0x000002439f0fc0f0 JavaThread "Unconstrained build operations Thread 57" [_thread_blocked, id=19228, stack(0x0000007b37a00000,0x0000007b37b00000)]
  0x000002439f0fe620 JavaThread "Unconstrained build operations Thread 58" [_thread_blocked, id=15556, stack(0x0000007b37b00000,0x0000007b37c00000)]
  0x000002439f0fc640 JavaThread "Unconstrained build operations Thread 59" [_thread_blocked, id=18812, stack(0x0000007b37c00000,0x0000007b37d00000)]
  0x000002439f0fcb90 JavaThread "Unconstrained build operations Thread 60" [_thread_blocked, id=13916, stack(0x0000007b37d00000,0x0000007b37e00000)]
  0x000002439f0f7690 JavaThread "Unconstrained build operations Thread 61" [_thread_blocked, id=4528, stack(0x0000007b37e00000,0x0000007b37f00000)]
  0x000002439f0f7be0 JavaThread "Unconstrained build operations Thread 62" [_thread_blocked, id=15208, stack(0x0000007b37f00000,0x0000007b38000000)]
  0x000002439f0fd630 JavaThread "Unconstrained build operations Thread 63" [_thread_blocked, id=17356, stack(0x0000007b38000000,0x0000007b38100000)]
  0x000002439f0fe0d0 JavaThread "Unconstrained build operations Thread 64" [_thread_blocked, id=18656, stack(0x0000007b38100000,0x0000007b38200000)]
  0x000002439f0f9bc0 JavaThread "Unconstrained build operations Thread 65" [_thread_blocked, id=9148, stack(0x0000007b38200000,0x0000007b38300000)]
  0x000002439f0f8130 JavaThread "Unconstrained build operations Thread 66" [_thread_blocked, id=13236, stack(0x0000007b38300000,0x0000007b38400000)]
  0x000002439f0f8680 JavaThread "Unconstrained build operations Thread 67" [_thread_blocked, id=13664, stack(0x0000007b38400000,0x0000007b38500000)]
  0x000002439f0f8bd0 JavaThread "Unconstrained build operations Thread 68" [_thread_blocked, id=10524, stack(0x0000007b38500000,0x0000007b38600000)]
  0x000002439f0fa110 JavaThread "Unconstrained build operations Thread 69" [_thread_blocked, id=14232, stack(0x0000007b38600000,0x0000007b38700000)]
  0x000002439d067490 JavaThread "Unconstrained build operations Thread 70" [_thread_blocked, id=14676, stack(0x0000007b38700000,0x0000007b38800000)]
  0x000002439d06a460 JavaThread "Unconstrained build operations Thread 71" [_thread_blocked, id=8668, stack(0x0000007b38800000,0x0000007b38900000)]
  0x000002439d0689d0 JavaThread "Unconstrained build operations Thread 72" [_thread_blocked, id=4664, stack(0x0000007b38900000,0x0000007b38a00000)]
  0x000002439d06c440 JavaThread "Unconstrained build operations Thread 73" [_thread_blocked, id=19128, stack(0x0000007b38a00000,0x0000007b38b00000)]
  0x000002439d066f40 JavaThread "Unconstrained build operations Thread 74" [_thread_blocked, id=17452, stack(0x0000007b38b00000,0x0000007b38c00000)]
  0x000002439d065f50 JavaThread "Unconstrained build operations Thread 75" [_thread_blocked, id=18420, stack(0x0000007b38c00000,0x0000007b38d00000)]
  0x000002439d069f10 JavaThread "Unconstrained build operations Thread 76" [_thread_blocked, id=4808, stack(0x0000007b38d00000,0x0000007b38e00000)]
  0x000002439d067f30 JavaThread "Unconstrained build operations Thread 77" [_thread_blocked, id=18564, stack(0x0000007b38e00000,0x0000007b38f00000)]
  0x000002439d0679e0 JavaThread "Unconstrained build operations Thread 78" [_thread_blocked, id=12504, stack(0x0000007b38f00000,0x0000007b39000000)]
  0x000002439d0664a0 JavaThread "Unconstrained build operations Thread 79" [_thread_blocked, id=18224, stack(0x0000007b39000000,0x0000007b39100000)]
  0x000002439d068480 JavaThread "Unconstrained build operations Thread 80" [_thread_blocked, id=4588, stack(0x0000007b39100000,0x0000007b39200000)]
  0x000002439d06c990 JavaThread "jar transforms Thread 4" [_thread_blocked, id=16500, stack(0x0000007b39200000,0x0000007b39300000)]
  0x000002439d068f20 JavaThread "jar transforms Thread 5" [_thread_blocked, id=4684, stack(0x0000007b39300000,0x0000007b39400000)]
  0x000002439d069470 JavaThread "jar transforms Thread 6" [_thread_blocked, id=16972, stack(0x0000007b39400000,0x0000007b39500000)]
  0x000002439d065a00 JavaThread "jar transforms Thread 7" [_thread_blocked, id=5880, stack(0x0000007b39500000,0x0000007b39600000)]
  0x000002439d06cee0 JavaThread "jar transforms Thread 8" [_thread_blocked, id=3020, stack(0x0000007b39600000,0x0000007b39700000)]

Other Threads:
=>0x00000243fea18c20 VMThread "VM Thread" [stack: 0x0000007b31100000,0x0000007b31200000] [id=8196]
  0x00000243ff4a7d60 WatcherThread [stack: 0x0000007b31d00000,0x0000007b31e00000] [id=10536]
  0x00000243fb08be20 GCTaskThread "GC Thread#0" [stack: 0x0000007b30c00000,0x0000007b30d00000] [id=13460]
  0x000002439a768c80 GCTaskThread "GC Thread#1" [stack: 0x0000007b32000000,0x0000007b32100000] [id=15052]
  0x000002439a7ecc10 GCTaskThread "GC Thread#2" [stack: 0x0000007b32100000,0x0000007b32200000] [id=8736]
  0x000002439a6d6d30 GCTaskThread "GC Thread#3" [stack: 0x0000007b32200000,0x0000007b32300000] [id=9396]
  0x00000243ffefe2a0 GCTaskThread "GC Thread#4" [stack: 0x0000007b32300000,0x0000007b32400000] [id=1480]
  0x00000243ffefedd0 GCTaskThread "GC Thread#5" [stack: 0x0000007b32400000,0x0000007b32500000] [id=11548]
  0x000002439aa48120 GCTaskThread "GC Thread#6" [stack: 0x0000007b33100000,0x0000007b33200000] [id=14524]
  0x000002439c1fc020 GCTaskThread "GC Thread#7" [stack: 0x0000007b33200000,0x0000007b33300000] [id=6776]
  0x00000243fb09de80 ConcurrentGCThread "G1 Main Marker" [stack: 0x0000007b30d00000,0x0000007b30e00000] [id=17632]
  0x00000243fb09f020 ConcurrentGCThread "G1 Conc#0" [stack: 0x0000007b30e00000,0x0000007b30f00000] [id=11524]
  0x000002439bc488c0 ConcurrentGCThread "G1 Conc#1" [stack: 0x0000007b33b00000,0x0000007b33c00000] [id=7836]
  0x00000243fb116830 ConcurrentGCThread "G1 Refine#0" [stack: 0x0000007b30f00000,0x0000007b31000000] [id=9828]
  0x00000243fb117240 ConcurrentGCThread "G1 Service" [stack: 0x0000007b31000000,0x0000007b31100000] [id=15916]

Threads with active compile tasks:
C2 CompilerThread2     7222 5474       4       java.util.zip.ZipFile$Source::initCEN (820 bytes)

VM state: at safepoint (normal execution)

VM Mutex/Monitor currently owned by a thread:  ([mutex/lock_event])
[0x00000243fb049a70] Threads_lock - owner thread: 0x00000243fea18c20
[0x00000243fb049710] Heap_lock - owner thread: 0x000002439b118ac0

Heap address: 0x0000000080000000, size: 2048 MB, Compressed Oops mode: 32-bit

CDS archive(s) mapped at: [0x0000000800000000-0x0000000800bb0000-0x0000000800bb0000), size 12255232, SharedBaseAddress: 0x0000000800000000, ArchiveRelocationMode: 0.
Compressed class space mapped at: 0x0000000800c00000-0x0000000840c00000, reserved size: 1073741824
Narrow klass base: 0x0000000800000000, Narrow klass shift: 3, Narrow klass range: 0x100000000

GC Precious Log:
 CPUs: 8 total, 8 available
 Memory: 7103M
 Large Page Support: Disabled
 NUMA Support: Disabled
 Compressed Oops: Enabled (32-bit)
 Heap Region Size: 1M
 Heap Min Capacity: 8M
 Heap Initial Capacity: 112M
 Heap Max Capacity: 2G
 Pre-touch: Disabled
 Parallel Workers: 8
 Concurrent Workers: 2
 Concurrent Refinement Workers: 8
 Periodic GC: Disabled

Heap:
 garbage-first heap   total 75776K, used 42877K [0x0000000080000000, 0x0000000100000000)
  region size 1024K, 3 young (3072K), 3 survivors (3072K)
 Metaspace       used 38785K, committed 39232K, reserved 1089536K
  class space    used 5239K, committed 5440K, reserved 1048576K

Heap Regions: E=young(eden), S=young(survivor), O=old, HS=humongous(starts), HC=humongous(continues), CS=collection set, F=free, OA=open archive, CA=closed archive, TAMS=top-at-mark-start (previous, next)
|   0|0x0000000080000000, 0x0000000080100000, 0x0000000080100000|100%| O|  |TAMS 0x0000000080100000, 0x0000000080100000| Untracked 
|   1|0x0000000080100000, 0x0000000080200000, 0x0000000080200000|100%| O|  |TAMS 0x0000000080200000, 0x0000000080200000| Untracked 
|   2|0x0000000080200000, 0x0000000080300000, 0x0000000080300000|100%| O|  |TAMS 0x0000000080300000, 0x0000000080300000| Untracked 
|   3|0x0000000080300000, 0x0000000080400000, 0x0000000080400000|100%|HS|  |TAMS 0x0000000080400000, 0x0000000080400000| Complete 
|   4|0x0000000080400000, 0x0000000080500000, 0x0000000080500000|100%|HC|  |TAMS 0x0000000080500000, 0x0000000080500000| Complete 
|   5|0x0000000080500000, 0x0000000080600000, 0x0000000080600000|100%|HC|  |TAMS 0x0000000080600000, 0x0000000080600000| Complete 
|   6|0x0000000080600000, 0x0000000080700000, 0x0000000080700000|100%| O|  |TAMS 0x0000000080700000, 0x0000000080700000| Untracked 
|   7|0x0000000080700000, 0x0000000080800000, 0x0000000080800000|100%| O|  |TAMS 0x0000000080800000, 0x0000000080800000| Untracked 
|   8|0x0000000080800000, 0x0000000080900000, 0x0000000080900000|100%| O|  |TAMS 0x0000000080900000, 0x0000000080900000| Untracked 
|   9|0x0000000080900000, 0x0000000080a00000, 0x0000000080a00000|100%| O|  |TAMS 0x0000000080a00000, 0x0000000080a00000| Untracked 
|  10|0x0000000080a00000, 0x0000000080b00000, 0x0000000080b00000|100%| O|  |TAMS 0x0000000080b00000, 0x0000000080b00000| Untracked 
|  11|0x0000000080b00000, 0x0000000080c00000, 0x0000000080c00000|100%| O|  |TAMS 0x0000000080c00000, 0x0000000080c00000| Untracked 
|  12|0x0000000080c00000, 0x0000000080d00000, 0x0000000080d00000|100%| O|  |TAMS 0x0000000080d00000, 0x0000000080d00000| Untracked 
|  13|0x0000000080d00000, 0x0000000080e00000, 0x0000000080e00000|100%| O|  |TAMS 0x0000000080e00000, 0x0000000080e00000| Untracked 
|  14|0x0000000080e00000, 0x0000000080f00000, 0x0000000080f00000|100%| O|  |TAMS 0x0000000080f00000, 0x0000000080f00000| Untracked 
|  15|0x0000000080f00000, 0x0000000081000000, 0x0000000081000000|100%| O|  |TAMS 0x0000000081000000, 0x0000000081000000| Untracked 
|  16|0x0000000081000000, 0x0000000081100000, 0x0000000081100000|100%| O|  |TAMS 0x0000000081100000, 0x0000000081100000| Untracked 
|  17|0x0000000081100000, 0x000000008118b200, 0x0000000081200000| 54%| O|  |TAMS 0x000000008118b200, 0x000000008118b200| Untracked 
|  18|0x0000000081200000, 0x0000000081300000, 0x0000000081300000|100%| O|  |TAMS 0x0000000081300000, 0x0000000081300000| Untracked 
|  19|0x0000000081300000, 0x0000000081400000, 0x0000000081400000|100%| O|  |TAMS 0x0000000081400000, 0x0000000081400000| Untracked 
|  20|0x0000000081400000, 0x0000000081500000, 0x0000000081500000|100%| O|  |TAMS 0x0000000081400000, 0x0000000081500000| Untracked 
|  21|0x0000000081500000, 0x0000000081600000, 0x0000000081600000|100%| O|  |TAMS 0x0000000081600000, 0x0000000081600000| Untracked 
|  22|0x0000000081600000, 0x0000000081700000, 0x0000000081700000|100%| O|  |TAMS 0x0000000081700000, 0x0000000081700000| Untracked 
|  23|0x0000000081700000, 0x0000000081800000, 0x0000000081800000|100%| O|  |TAMS 0x0000000081800000, 0x0000000081800000| Untracked 
|  24|0x0000000081800000, 0x0000000081900000, 0x0000000081900000|100%| O|  |TAMS 0x00000000818d6200, 0x0000000081900000| Untracked 
|  25|0x0000000081900000, 0x0000000081a00000, 0x0000000081a00000|100%| O|  |TAMS 0x0000000081900000, 0x0000000081a00000| Untracked 
|  26|0x0000000081a00000, 0x0000000081b00000, 0x0000000081b00000|100%|HS|  |TAMS 0x0000000081a00000, 0x0000000081b00000| Complete 
|  27|0x0000000081b00000, 0x0000000081c00000, 0x0000000081c00000|100%|HS|  |TAMS 0x0000000081b00000, 0x0000000081c00000| Complete 
|  28|0x0000000081c00000, 0x0000000081d00000, 0x0000000081d00000|100%|HS|  |TAMS 0x0000000081c00000, 0x0000000081d00000| Complete 
|  29|0x0000000081d00000, 0x0000000081e00000, 0x0000000081e00000|100%| O|  |TAMS 0x0000000081d00000, 0x0000000081e00000| Untracked 
|  30|0x0000000081e00000, 0x0000000081f00000, 0x0000000081f00000|100%| O|  |TAMS 0x0000000081f00000, 0x0000000081f00000| Untracked 
|  31|0x0000000081f00000, 0x0000000082000000, 0x0000000082000000|100%| O|  |TAMS 0x0000000082000000, 0x0000000082000000| Untracked 
|  32|0x0000000082000000, 0x0000000082100000, 0x0000000082100000|100%| O|  |TAMS 0x0000000082100000, 0x0000000082100000| Untracked 
|  33|0x0000000082100000, 0x0000000082200000, 0x0000000082200000|100%| O|  |TAMS 0x0000000082200000, 0x0000000082200000| Untracked 
|  34|0x0000000082200000, 0x0000000082300000, 0x0000000082300000|100%| O|  |TAMS 0x0000000082200000, 0x0000000082300000| Untracked 
|  35|0x0000000082300000, 0x0000000082400000, 0x0000000082400000|100%| O|  |TAMS 0x0000000082300000, 0x0000000082313000| Untracked 
|  36|0x0000000082400000, 0x0000000082500000, 0x0000000082500000|100%| O|  |TAMS 0x0000000082400000, 0x0000000082400000| Untracked 
|  37|0x0000000082500000, 0x0000000082600000, 0x0000000082600000|100%| O|  |TAMS 0x0000000082500000, 0x0000000082500000| Untracked 
|  38|0x0000000082600000, 0x0000000082700000, 0x0000000082700000|100%| O|  |TAMS 0x0000000082600000, 0x0000000082600000| Untracked 
|  39|0x0000000082700000, 0x0000000082754200, 0x0000000082800000| 32%| O|  |TAMS 0x0000000082700000, 0x0000000082700000| Untracked 
|  40|0x0000000082800000, 0x0000000082800000, 0x0000000082900000|  0%| F|  |TAMS 0x0000000082800000, 0x0000000082800000| Untracked 
|  41|0x0000000082900000, 0x0000000082900000, 0x0000000082a00000|  0%| F|  |TAMS 0x0000000082900000, 0x0000000082900000| Untracked 
|  42|0x0000000082a00000, 0x0000000082a00000, 0x0000000082b00000|  0%| F|  |TAMS 0x0000000082a00000, 0x0000000082a00000| Untracked 
|  43|0x0000000082b00000, 0x0000000082b00000, 0x0000000082c00000|  0%| F|  |TAMS 0x0000000082b00000, 0x0000000082b00000| Untracked 
|  44|0x0000000082c00000, 0x0000000082c00000, 0x0000000082d00000|  0%| F|  |TAMS 0x0000000082c00000, 0x0000000082c00000| Untracked 
|  45|0x0000000082d00000, 0x0000000082d00000, 0x0000000082e00000|  0%| F|  |TAMS 0x0000000082d00000, 0x0000000082d00000| Untracked 
|  46|0x0000000082e00000, 0x0000000082e00000, 0x0000000082f00000|  0%| F|  |TAMS 0x0000000082e00000, 0x0000000082e00000| Untracked 
|  47|0x0000000082f00000, 0x0000000082f00000, 0x0000000083000000|  0%| F|  |TAMS 0x0000000082f00000, 0x0000000082f00000| Untracked 
|  48|0x0000000083000000, 0x0000000083000000, 0x0000000083100000|  0%| F|  |TAMS 0x0000000083000000, 0x0000000083000000| Untracked 
|  49|0x0000000083100000, 0x0000000083100000, 0x0000000083200000|  0%| F|  |TAMS 0x0000000083100000, 0x0000000083100000| Untracked 
|  50|0x0000000083200000, 0x0000000083200000, 0x0000000083300000|  0%| F|  |TAMS 0x0000000083200000, 0x0000000083200000| Untracked 
|  51|0x0000000083300000, 0x0000000083300000, 0x0000000083400000|  0%| F|  |TAMS 0x0000000083300000, 0x0000000083300000| Untracked 
|  52|0x0000000083400000, 0x0000000083400000, 0x0000000083500000|  0%| F|  |TAMS 0x0000000083400000, 0x0000000083400000| Untracked 
|  53|0x0000000083500000, 0x0000000083500000, 0x0000000083600000|  0%| F|  |TAMS 0x0000000083500000, 0x0000000083500000| Untracked 
|  54|0x0000000083600000, 0x0000000083600000, 0x0000000083700000|  0%| F|  |TAMS 0x0000000083600000, 0x0000000083600000| Untracked 
|  55|0x0000000083700000, 0x0000000083700000, 0x0000000083800000|  0%| F|  |TAMS 0x0000000083700000, 0x0000000083700000| Untracked 
|  56|0x0000000083800000, 0x0000000083800000, 0x0000000083900000|  0%| F|  |TAMS 0x0000000083800000, 0x0000000083800000| Untracked 
|  57|0x0000000083900000, 0x0000000083900000, 0x0000000083a00000|  0%| F|  |TAMS 0x0000000083900000, 0x0000000083900000| Untracked 
|  58|0x0000000083a00000, 0x0000000083a00000, 0x0000000083b00000|  0%| F|  |TAMS 0x0000000083a00000, 0x0000000083a00000| Untracked 
|  59|0x0000000083b00000, 0x0000000083b00000, 0x0000000083c00000|  0%| F|  |TAMS 0x0000000083b00000, 0x0000000083b00000| Untracked 
|  60|0x0000000083c00000, 0x0000000083c00000, 0x0000000083d00000|  0%| F|  |TAMS 0x0000000083c00000, 0x0000000083c00000| Untracked 
|  61|0x0000000083d00000, 0x0000000083d00000, 0x0000000083e00000|  0%| F|  |TAMS 0x0000000083d00000, 0x0000000083d00000| Untracked 
|  62|0x0000000083e00000, 0x0000000083e00000, 0x0000000083f00000|  0%| F|  |TAMS 0x0000000083e00000, 0x0000000083e00000| Untracked 
|  63|0x0000000083f00000, 0x0000000083f00000, 0x0000000084000000|  0%| F|  |TAMS 0x0000000083f00000, 0x0000000083f00000| Untracked 
|  64|0x0000000084000000, 0x0000000084000000, 0x0000000084100000|  0%| F|  |TAMS 0x0000000084000000, 0x0000000084000000| Untracked 
|  65|0x0000000084100000, 0x0000000084100000, 0x0000000084200000|  0%| F|  |TAMS 0x0000000084100000, 0x0000000084100000| Untracked 
|  66|0x0000000084200000, 0x0000000084300000, 0x0000000084300000|100%| S|CS|TAMS 0x0000000084200000, 0x0000000084200000| Complete 
|  67|0x0000000084300000, 0x0000000084400000, 0x0000000084400000|100%| S|CS|TAMS 0x0000000084300000, 0x0000000084300000| Complete 
|  68|0x0000000084400000, 0x0000000084500000, 0x0000000084500000|100%| S|CS|TAMS 0x0000000084400000, 0x0000000084400000| Complete 
|  69|0x0000000084500000, 0x0000000084500000, 0x0000000084600000|  0%| F|  |TAMS 0x0000000084500000, 0x0000000084500000| Untracked 
|  70|0x0000000084600000, 0x0000000084600000, 0x0000000084700000|  0%| F|  |TAMS 0x0000000084600000, 0x0000000084600000| Untracked 
|  71|0x0000000084700000, 0x0000000084700000, 0x0000000084800000|  0%| F|  |TAMS 0x0000000084700000, 0x0000000084700000| Untracked 
|  72|0x0000000084800000, 0x0000000084800000, 0x0000000084900000|  0%| F|  |TAMS 0x0000000084800000, 0x0000000084800000| Untracked 
| 111|0x0000000086f00000, 0x0000000086f00000, 0x0000000087000000|  0%| F|  |TAMS 0x0000000086f00000, 0x0000000086f00000| Untracked 

Card table byte_map: [0x00000243fb860000,0x00000243fbc60000] _byte_map_base: 0x00000243fb460000

Marking Bits (Prev, Next): (CMBitMap*) 0x00000243fb08d430, (CMBitMap*) 0x00000243fb08d470
 Prev Bits: [0x00000243fc060000, 0x00000243fe060000)
 Next Bits: [0x0000024396690000, 0x0000024398690000)

Polling page: 0x00000243f8f50000

Metaspace:

Usage:
  Non-class:     32.76 MB used.
      Class:      5.12 MB used.
       Both:     37.88 MB used.

Virtual space:
  Non-class space:       40.00 MB reserved,      33.00 MB ( 82%) committed,  5 nodes.
      Class space:        1.00 GB reserved,       5.31 MB ( <1%) committed,  1 nodes.
              Both:        1.04 GB reserved,      38.31 MB (  4%) committed. 

Chunk freelists:
   Non-Class:  2.80 MB
       Class:  2.73 MB
        Both:  5.53 MB

MaxMetaspaceSize: 17179869184.00 GB
CompressedClassSpaceSize: 1.00 GB
 - commit_granule_bytes: 65536.
 - commit_granule_words: 8192.
 - virtual_space_node_default_size: 1048576.
 - enlarge_chunks_in_place: 1.
 - new_chunks_are_fully_committed: 0.
 - uncommit_free_chunks: 1.
 - use_allocation_guard: 0.
 - handle_deallocations: 1.


Internal statistics:

num_allocs_failed_limit: 6.
num_arena_births: 400.
num_arena_deaths: 0.
num_vsnodes_births: 6.
num_vsnodes_deaths: 0.
num_space_committed: 613.
num_space_uncommitted: 0.
num_chunks_returned_to_freelist: 6.
num_chunks_taken_from_freelist: 1831.
num_chunk_merges: 6.
num_chunk_splits: 1235.
num_chunks_enlarged: 865.
num_purges: 0.

CodeHeap 'non-profiled nmethods': size=120000Kb used=3197Kb max_used=3197Kb free=116802Kb
 bounds [0x000002438f160000, 0x000002438f480000, 0x0000024396690000]
CodeHeap 'profiled nmethods': size=120000Kb used=10480Kb max_used=10480Kb free=109519Kb
 bounds [0x0000024387c30000, 0x0000024388670000, 0x000002438f160000]
CodeHeap 'non-nmethods': size=5760Kb used=2318Kb max_used=2384Kb free=3441Kb
 bounds [0x0000024387690000, 0x0000024387900000, 0x0000024387c30000]
 total_blobs=6272 nmethods=5450 adapters=734
 compilation: enabled
              stopped_count=0, restarted_count=0
 full_count=0

Compilation events (20 events):
Event: 7.138 Thread 0x00000243fea48670 5465       3       sun.net.util.IPAddressUtil::scan (62 bytes)
Event: 7.139 Thread 0x00000243fea48670 nmethod 5465 0x000002438865e990 code [0x000002438865ebe0, 0x000002438865f528]
Event: 7.139 Thread 0x00000243fea48670 5466       3       sun.net.util.IPAddressUtil::checkExternalForm (69 bytes)
Event: 7.140 Thread 0x00000243fea48670 nmethod 5466 0x000002438865f910 code [0x000002438865fc00, 0x00000243886608d8]
Event: 7.144 Thread 0x00000243fea48670 5467       3       java.net.URL::<init> (438 bytes)
Event: 7.145 Thread 0x000002439bd578d0 5468       4       java.net.URL::isBuiltinStreamHandler (32 bytes)
Event: 7.148 Thread 0x00000243fea48670 nmethod 5467 0x0000024388660d10 code [0x0000024388661520, 0x0000024388665788]
Event: 7.148 Thread 0x00000243fea48670 5472   !   3       jdk.internal.loader.URLClassPath$JarLoader$1::run (175 bytes)
Event: 7.149 Thread 0x00000243fea48670 nmethod 5472 0x0000024388666e10 code [0x0000024388667040, 0x00000243886677d8]
Event: 7.149 Thread 0x00000243fea48670 5469       3       jdk.internal.loader.URLClassPath$3::run (172 bytes)
Event: 7.150 Thread 0x00000243fea48670 nmethod 5469 0x0000024388667c10 code [0x0000024388667f40, 0x0000024388669108]
Event: 7.150 Thread 0x00000243fea48670 5470       3       jdk.internal.loader.URLClassPath$JarLoader::<init> (67 bytes)
Event: 7.150 Thread 0x000002439bd578d0 nmethod 5468 0x000002438f479b90 code [0x000002438f479d20, 0x000002438f479f28]
Event: 7.151 Thread 0x00000243fea48670 nmethod 5470 0x0000024388669790 code [0x0000024388669a20, 0x000002438866a638]
Event: 7.151 Thread 0x00000243fea48670 5471       3       jdk.internal.loader.URLClassPath$Loader::<init> (10 bytes)
Event: 7.151 Thread 0x00000243fea48670 nmethod 5471 0x000002438866aa90 code [0x000002438866ac40, 0x000002438866adf8]
Event: 7.151 Thread 0x00000243fea48670 5473       3       jdk.internal.loader.URLClassPath$JarLoader::getJarFile (102 bytes)
Event: 7.151 Thread 0x00000243fea48670 nmethod 5473 0x000002438866ae90 code [0x000002438866b160, 0x000002438866bea8]
Event: 7.171 Thread 0x000002439bc49c40 nmethod 5446% 0x000002438f47a110 code [0x000002438f47a420, 0x000002438f47da80]
Event: 7.174 Thread 0x000002439bc49c40 5474       4       java.util.zip.ZipFile$Source::initCEN (820 bytes)

GC Heap History (20 events):
Event: 0.809 GC heap after
{Heap after GC invocations=1 (full 0):
 garbage-first heap   total 114688K, used 9161K [0x0000000080000000, 0x0000000100000000)
  region size 1024K, 3 young (3072K), 3 survivors (3072K)
 Metaspace       used 3208K, committed 3328K, reserved 1056768K
  class space    used 391K, committed 448K, reserved 1048576K
}
Event: 1.269 GC heap before
{Heap before GC invocations=1 (full 0):
 garbage-first heap   total 114688K, used 35785K [0x0000000080000000, 0x0000000100000000)
  region size 1024K, 29 young (29696K), 3 survivors (3072K)
 Metaspace       used 4125K, committed 4352K, reserved 1056768K
  class space    used 488K, committed 576K, reserved 1048576K
}
Event: 1.274 GC heap after
{Heap after GC invocations=2 (full 0):
 garbage-first heap   total 114688K, used 11528K [0x0000000080000000, 0x0000000100000000)
  region size 1024K, 2 young (2048K), 2 survivors (2048K)
 Metaspace       used 4125K, committed 4352K, reserved 1056768K
  class space    used 488K, committed 576K, reserved 1048576K
}
Event: 2.892 GC heap before
{Heap before GC invocations=2 (full 0):
 garbage-first heap   total 114688K, used 78088K [0x0000000080000000, 0x0000000100000000)
  region size 1024K, 67 young (68608K), 2 survivors (2048K)
 Metaspace       used 14933K, committed 15232K, reserved 1064960K
  class space    used 2152K, committed 2304K, reserved 1048576K
}
Event: 2.901 GC heap after
{Heap after GC invocations=3 (full 0):
 garbage-first heap   total 114688K, used 18471K [0x0000000080000000, 0x0000000100000000)
  region size 1024K, 9 young (9216K), 9 survivors (9216K)
 Metaspace       used 14933K, committed 15232K, reserved 1064960K
  class space    used 2152K, committed 2304K, reserved 1048576K
}
Event: 3.825 GC heap before
{Heap before GC invocations=3 (full 0):
 garbage-first heap   total 114688K, used 59431K [0x0000000080000000, 0x0000000100000000)
  region size 1024K, 51 young (52224K), 9 survivors (9216K)
 Metaspace       used 20930K, committed 21248K, reserved 1073152K
  class space    used 3077K, committed 3264K, reserved 1048576K
}
Event: 3.832 GC heap after
{Heap after GC invocations=4 (full 0):
 garbage-first heap   total 114688K, used 20762K [0x0000000080000000, 0x0000000100000000)
  region size 1024K, 3 young (3072K), 3 survivors (3072K)
 Metaspace       used 20930K, committed 21248K, reserved 1073152K
  class space    used 3077K, committed 3264K, reserved 1048576K
}
Event: 4.630 GC heap before
{Heap before GC invocations=5 (full 0):
 garbage-first heap   total 75776K, used 61722K [0x0000000080000000, 0x0000000100000000)
  region size 1024K, 44 young (45056K), 3 survivors (3072K)
 Metaspace       used 27656K, committed 27968K, reserved 1073152K
  class space    used 3842K, committed 3968K, reserved 1048576K
}
Event: 4.638 GC heap after
{Heap after GC invocations=6 (full 0):
 garbage-first heap   total 75776K, used 25603K [0x0000000080000000, 0x0000000100000000)
  region size 1024K, 6 young (6144K), 6 survivors (6144K)
 Metaspace       used 27656K, committed 27968K, reserved 1073152K
  class space    used 3842K, committed 3968K, reserved 1048576K
}
Event: 5.151 GC heap before
{Heap before GC invocations=6 (full 0):
 garbage-first heap   total 75776K, used 56323K [0x0000000080000000, 0x0000000100000000)
  region size 1024K, 34 young (34816K), 6 survivors (6144K)
 Metaspace       used 30372K, committed 30656K, reserved 1081344K
  class space    used 4161K, committed 4288K, reserved 1048576K
}
Event: 5.158 GC heap after
{Heap after GC invocations=7 (full 0):
 garbage-first heap   total 75776K, used 28181K [0x0000000080000000, 0x0000000100000000)
  region size 1024K, 4 young (4096K), 4 survivors (4096K)
 Metaspace       used 30372K, committed 30656K, reserved 1081344K
  class space    used 4161K, committed 4288K, reserved 1048576K
}
Event: 5.812 GC heap before
{Heap before GC invocations=7 (full 0):
 garbage-first heap   total 75776K, used 55829K [0x0000000080000000, 0x0000000100000000)
  region size 1024K, 31 young (31744K), 4 survivors (4096K)
 Metaspace       used 34506K, committed 34880K, reserved 1081344K
  class space    used 4669K, committed 4864K, reserved 1048576K
}
Event: 5.818 GC heap after
{Heap after GC invocations=8 (full 0):
 garbage-first heap   total 75776K, used 30085K [0x0000000080000000, 0x0000000100000000)
  region size 1024K, 2 young (2048K), 2 survivors (2048K)
 Metaspace       used 34506K, committed 34880K, reserved 1081344K
  class space    used 4669K, committed 4864K, reserved 1048576K
}
Event: 5.989 GC heap before
{Heap before GC invocations=8 (full 0):
 garbage-first heap   total 75776K, used 37253K [0x0000000080000000, 0x0000000100000000)
  region size 1024K, 10 young (10240K), 2 survivors (2048K)
 Metaspace       used 35304K, committed 35648K, reserved 1081344K
  class space    used 4789K, committed 4992K, reserved 1048576K
}
Event: 5.993 GC heap after
{Heap after GC invocations=9 (full 0):
 garbage-first heap   total 75776K, used 30800K [0x0000000080000000, 0x0000000100000000)
  region size 1024K, 3 young (3072K), 3 survivors (3072K)
 Metaspace       used 35304K, committed 35648K, reserved 1081344K
  class space    used 4789K, committed 4992K, reserved 1048576K
}
Event: 6.686 GC heap before
{Heap before GC invocations=10 (full 0):
 garbage-first heap   total 75776K, used 57424K [0x0000000080000000, 0x0000000100000000)
  region size 1024K, 30 young (30720K), 3 survivors (3072K)
 Metaspace       used 38056K, committed 38464K, reserved 1089536K
  class space    used 5162K, committed 5376K, reserved 1048576K
}
Event: 6.692 GC heap after
{Heap after GC invocations=11 (full 0):
 garbage-first heap   total 75776K, used 33483K [0x0000000080000000, 0x0000000100000000)
  region size 1024K, 4 young (4096K), 4 survivors (4096K)
 Metaspace       used 38056K, committed 38464K, reserved 1089536K
  class space    used 5162K, committed 5376K, reserved 1048576K
}
Event: 7.123 GC heap before
{Heap before GC invocations=11 (full 0):
 garbage-first heap   total 75776K, used 60107K [0x0000000080000000, 0x0000000100000000)
  region size 1024K, 28 young (28672K), 4 survivors (4096K)
 Metaspace       used 38774K, committed 39232K, reserved 1089536K
  class space    used 5239K, committed 5440K, reserved 1048576K
}
Event: 7.128 GC heap after
{Heap after GC invocations=12 (full 0):
 garbage-first heap   total 75776K, used 39544K [0x0000000080000000, 0x0000000100000000)
  region size 1024K, 4 young (4096K), 4 survivors (4096K)
 Metaspace       used 38774K, committed 39232K, reserved 1089536K
  class space    used 5239K, committed 5440K, reserved 1048576K
}
Event: 7.190 GC heap before
{Heap before GC invocations=12 (full 0):
 garbage-first heap   total 75776K, used 42616K [0x0000000080000000, 0x0000000100000000)
  region size 1024K, 9 young (9216K), 4 survivors (4096K)
 Metaspace       used 38785K, committed 39232K, reserved 1089536K
  class space    used 5239K, committed 5440K, reserved 1048576K
}

Deoptimization events (20 events):
Event: 6.801 Thread 0x000002439d5d4540 DEOPT PACKING pc=0x0000024387fccef4 sp=0x0000007b35ffd850
Event: 6.801 Thread 0x000002439d5d4540 DEOPT UNPACKING pc=0x00000243876ddece sp=0x0000007b35ffcdd0 mode 0
Event: 6.801 Thread 0x000002439b118020 DEOPT PACKING pc=0x0000024387cee7dd sp=0x0000007b31efe2f0
Event: 6.801 Thread 0x000002439b118020 DEOPT UNPACKING pc=0x00000243876ddece sp=0x0000007b31efd788 mode 0
Event: 6.814 Thread 0x000002439d5d5530 DEOPT PACKING pc=0x0000024387fccef4 sp=0x0000007b352fd6d0
Event: 6.814 Thread 0x000002439d5d5530 DEOPT UNPACKING pc=0x00000243876ddece sp=0x0000007b352fcc50 mode 0
Event: 6.932 Thread 0x000002439d06c990 Uncommon trap: trap_request=0xffffffcc fr.pc=0x000002438f43c99c relative=0x000000000000137c
Event: 6.932 Thread 0x000002439d068f20 Uncommon trap: trap_request=0xffffffcc fr.pc=0x000002438f43c99c relative=0x000000000000137c
Event: 6.932 Thread 0x000002439d06c990 Uncommon trap: reason=intrinsic_or_type_checked_inlining action=make_not_entrant pc=0x000002438f43c99c method=java.util.ArrayList.toArray([Ljava/lang/Object;)[Ljava/lang/Object; @ 36 c2
Event: 6.932 Thread 0x000002439d068f20 Uncommon trap: reason=intrinsic_or_type_checked_inlining action=make_not_entrant pc=0x000002438f43c99c method=java.util.ArrayList.toArray([Ljava/lang/Object;)[Ljava/lang/Object; @ 36 c2
Event: 6.932 Thread 0x000002439d06c990 DEOPT PACKING pc=0x000002438f43c99c sp=0x0000007b392fe850
Event: 6.932 Thread 0x000002439d068f20 DEOPT PACKING pc=0x000002438f43c99c sp=0x0000007b393febd0
Event: 6.933 Thread 0x000002439d06c990 DEOPT UNPACKING pc=0x00000243876dd72e sp=0x0000007b392fe798 mode 2
Event: 6.933 Thread 0x000002439d068f20 DEOPT UNPACKING pc=0x00000243876dd72e sp=0x0000007b393feb18 mode 2
Event: 6.938 Thread 0x000002439b6e65c0 DEOPT PACKING pc=0x0000024387fccef4 sp=0x0000007b33efe230
Event: 6.938 Thread 0x000002439b6e65c0 DEOPT UNPACKING pc=0x00000243876ddece sp=0x0000007b33efd7b0 mode 0
Event: 6.950 Thread 0x000002439b118020 DEOPT PACKING pc=0x000002438847eee3 sp=0x0000007b31efe2e0
Event: 6.950 Thread 0x000002439b118020 DEOPT UNPACKING pc=0x00000243876ddece sp=0x0000007b31efd768 mode 0
Event: 7.051 Thread 0x000002439b118ac0 DEOPT PACKING pc=0x0000024387cb6673 sp=0x0000007b32af9b10
Event: 7.051 Thread 0x000002439b118ac0 DEOPT UNPACKING pc=0x00000243876ddece sp=0x0000007b32af9048 mode 0

Classes unloaded (0 events):
No events

Classes redefined (0 events):
No events

Internal exceptions (20 events):
Event: 5.892 Thread 0x000002439b118ac0 Exception <a 'java/lang/ClassNotFoundException'{0x00000000846b6018}: org/gradle/plugin/use/internal/PluginRequestCollector$PluginDependencySpecImplCustomizer> (0x00000000846b6018) 
thrown [t:\workspace\open\src\hotspot\share\classfile\systemDictionary.cpp, line 256]
Event: 5.984 Thread 0x000002439b118ac0 Exception <a 'java/lang/NoSuchMethodError'{0x00000000842452d8}: 'java.lang.Object java.lang.invoke.DirectMethodHandle$Holder.newInvokeSpecial(java.lang.Object, int, java.lang.Object)'> (0x00000000842452d8) 
thrown [t:\workspace\open\src\hotspot\share\interpreter\linkResolver.cpp, line 790]
Event: 6.121 Thread 0x000002439b118ac0 Exception <a 'java/lang/IncompatibleClassChangeError'{0x00000000843ff3d8}: Found class java.lang.Object, but interface was expected> (0x00000000843ff3d8) 
thrown [t:\workspace\open\src\hotspot\share\interpreter\linkResolver.cpp, line 857]
Event: 6.122 Thread 0x000002439b118ac0 Exception <a 'java/lang/NoSuchMethodError'{0x0000000084207790}: 'int java.lang.invoke.DirectMethodHandle$Holder.invokeSpecialIFC(java.lang.Object, java.lang.Object, java.lang.Object, java.lang.Object, java.lang.Object)'> (0x0000000084207790) 
thrown [t:\workspace\open\src\hotspot\share\interpreter\linkResolver.cpp, line 790]
Event: 6.204 Thread 0x000002439b118ac0 Exception <a 'java/lang/NoSuchMethodError'{0x0000000083b78c90}: 'int java.lang.invoke.DirectMethodHandle$Holder.invokeStatic(java.lang.Object)'> (0x0000000083b78c90) 
thrown [t:\workspace\open\src\hotspot\share\interpreter\linkResolver.cpp, line 790]
Event: 6.204 Thread 0x000002439b118ac0 Exception <a 'java/lang/NoSuchMethodError'{0x0000000083b7d7e0}: 'int java.lang.invoke.DirectMethodHandle$Holder.invokeStaticInit(java.lang.Object)'> (0x0000000083b7d7e0) 
thrown [t:\workspace\open\src\hotspot\share\interpreter\linkResolver.cpp, line 790]
Event: 6.237 Thread 0x000002439b118ac0 Exception <a 'java/lang/NoSuchMethodError'{0x00000000839164c0}: 'void java.lang.invoke.DirectMethodHandle$Holder.invokeStatic(java.lang.Object, java.lang.Object, java.lang.Object, int, java.lang.Object)'> (0x00000000839164c0) 
thrown [t:\workspace\open\src\hotspot\share\interpreter\linkResolver.cpp, line 790]
Event: 6.308 Thread 0x000002439b118ac0 Exception <a 'java/lang/NoSuchMethodError'{0x00000000837588e8}: 'java.lang.Object java.lang.invoke.DelegatingMethodHandle$Holder.reinvoke_L(java.lang.Object, java.lang.Object, java.lang.Object, java.lang.Object, java.lang.Object, java.lang.Object, java.lang.Object, java.lang.Object, java.lang.Object, java.lang.Object, java.lang.Object, java.lang.Object, java.lang.Object, java.lang.Object, java.lang.Object, java.lang.Object, java.lang.Object, java.lang.Object, java.lang.Object, java.lang.Object)'> (0x000000
Event: 6.309 Thread 0x000002439b118ac0 Exception <a 'java/lang/NoSuchMethodError'{0x00000000837647a0}: 'java.lang.Object java.lang.invoke.DirectMethodHandle$Holder.invokeSpecial(java.lang.Object, java.lang.Object, java.lang.Object, java.lang.Object, java.lang.Object, java.lang.Object, java.lang.Object, java.lang.Object, java.lang.Object, java.lang.Object, java.lang.Object, java.lang.Object, java.lang.Object, java.lang.Object, java.lang.Object, java.lang.Object, java.lang.Object, java.lang.Object, java.lang.Object, java.lang.Object)'> (0x0000000
Event: 6.310 Thread 0x000002439b118ac0 Exception <a 'java/lang/NoSuchMethodError'{0x000000008376a650}: 'java.lang.Object java.lang.invoke.Invokers$Holder.invoker(java.lang.Object, java.lang.Object, java.lang.Object, java.lang.Object, java.lang.Object, java.lang.Object, java.lang.Object, java.lang.Object, java.lang.Object, java.lang.Object, java.lang.Object, java.lang.Object, java.lang.Object, java.lang.Object, java.lang.Object, java.lang.Object, java.lang.Object, java.lang.Object, java.lang.Object, java.lang.Object)'> (0x000000008376a650) 
thro
Event: 6.310 Thread 0x000002439b118ac0 Exception <a 'java/lang/NoSuchMethodError'{0x00000000837715e8}: 'java.lang.Object java.lang.invoke.DelegatingMethodHandle$Holder.delegate(java.lang.Object, java.lang.Object, java.lang.Object, java.lang.Object, java.lang.Object, java.lang.Object, java.lang.Object, java.lang.Object, java.lang.Object, java.lang.Object, java.lang.Object, java.lang.Object, java.lang.Object, java.lang.Object, java.lang.Object, java.lang.Object, java.lang.Object, java.lang.Object, java.lang.Object, java.lang.Object)'> (0x00000000
Event: 6.322 Thread 0x000002439b118ac0 Exception <a 'java/lang/NoSuchMethodError'{0x00000000837fd510}: 'java.lang.Object java.lang.invoke.DirectMethodHandle$Holder.invokeStatic(java.lang.Object, java.lang.Object, java.lang.Object, java.lang.Object, java.lang.Object, java.lang.Object, java.lang.Object, java.lang.Object, java.lang.Object, java.lang.Object, java.lang.Object, java.lang.Object, java.lang.Object, java.lang.Object, java.lang.Object, java.lang.Object, java.lang.Object)'> (0x00000000837fd510) 
thrown [t:\workspace\open\src\hotspot\share
Event: 6.325 Thread 0x000002439b118ac0 Exception <a 'java/lang/NoSuchMethodError'{0x0000000083625910}: 'java.lang.Object java.lang.invoke.DirectMethodHandle$Holder.invokeStatic(java.lang.Object, java.lang.Object, java.lang.Object, java.lang.Object, java.lang.Object, java.lang.Object, java.lang.Object, java.lang.Object, java.lang.Object, java.lang.Object, java.lang.Object, java.lang.Object, java.lang.Object, java.lang.Object, java.lang.Object, java.lang.Object, java.lang.Object, java.lang.Object)'> (0x0000000083625910) 
thrown [t:\workspace\open
Event: 6.328 Thread 0x000002439b118ac0 Exception <a 'java/lang/NoSuchMethodError'{0x000000008364e700}: 'java.lang.Object java.lang.invoke.DirectMethodHandle$Holder.invokeStatic(java.lang.Object, java.lang.Object, java.lang.Object, java.lang.Object, java.lang.Object, java.lang.Object, java.lang.Object, java.lang.Object, java.lang.Object, java.lang.Object, java.lang.Object, java.lang.Object, java.lang.Object, java.lang.Object, java.lang.Object, java.lang.Object, java.lang.Object, java.lang.Object, java.lang.Object)'> (0x000000008364e700) 
thrown 
Event: 6.330 Thread 0x000002439b118ac0 Exception <a 'java/lang/NoSuchMethodError'{0x00000000836787b0}: 'java.lang.Object java.lang.invoke.DirectMethodHandle$Holder.invokeStatic(java.lang.Object, java.lang.Object, java.lang.Object, java.lang.Object, java.lang.Object, java.lang.Object, java.lang.Object, java.lang.Object, java.lang.Object, java.lang.Object, java.lang.Object, java.lang.Object, java.lang.Object, java.lang.Object, java.lang.Object, java.lang.Object, java.lang.Object, java.lang.Object, java.lang.Object, java.lang.Object)'> (0x00000000
Event: 6.333 Thread 0x000002439b118ac0 Exception <a 'java/lang/NoSuchMethodError'{0x00000000836a3920}: 'java.lang.Object java.lang.invoke.DirectMethodHandle$Holder.invokeStatic(java.lang.Object, java.lang.Object, java.lang.Object, java.lang.Object, java.lang.Object, java.lang.Object, java.lang.Object, java.lang.Object, java.lang.Object, java.lang.Object, java.lang.Object, java.lang.Object, java.lang.Object, java.lang.Object, java.lang.Object, java.lang.Object, java.lang.Object, java.lang.Object, java.lang.Object, java.lang.Object, java.lang.Obj
Event: 6.336 Thread 0x000002439b118ac0 Exception <a 'java/lang/NoSuchMethodError'{0x00000000836d0058}: 'java.lang.Object java.lang.invoke.DirectMethodHandle$Holder.invokeStatic(java.lang.Object, java.lang.Object, java.lang.Object, java.lang.Object, java.lang.Object, java.lang.Object, java.lang.Object, java.lang.Object, java.lang.Object, java.lang.Object, java.lang.Object, java.lang.Object, java.lang.Object, java.lang.Object, java.lang.Object, java.lang.Object, java.lang.Object, java.lang.Object, java.lang.Object, java.lang.Object, java.lang.Obj
Event: 6.339 Thread 0x000002439b118ac0 Exception <a 'java/lang/NoSuchMethodError'{0x00000000836ff3c8}: 'java.lang.Object java.lang.invoke.DirectMethodHandle$Holder.invokeStatic(java.lang.Object, java.lang.Object, java.lang.Object, java.lang.Object, java.lang.Object, java.lang.Object, java.lang.Object, java.lang.Object, java.lang.Object, java.lang.Object, java.lang.Object, java.lang.Object, java.lang.Object, java.lang.Object, java.lang.Object, java.lang.Object, java.lang.Object, java.lang.Object, java.lang.Object, java.lang.Object, java.lang.Obj
Event: 7.067 Thread 0x000002439b118ac0 Exception <a 'java/lang/ClassNotFoundException'{0x0000000083480800}: build_8rgb6rcpge8o16jsax6t4nckqBeanInfo> (0x0000000083480800) 
thrown [t:\workspace\open\src\hotspot\share\classfile\systemDictionary.cpp, line 256]
Event: 7.067 Thread 0x000002439b118ac0 Exception <a 'java/lang/ClassNotFoundException'{0x0000000083486290}: build_8rgb6rcpge8o16jsax6t4nckqCustomizer> (0x0000000083486290) 
thrown [t:\workspace\open\src\hotspot\share\classfile\systemDictionary.cpp, line 256]

Events (20 events):
Event: 6.773 Thread 0x000002439d06a460 Thread added: 0x000002439d06a460
Event: 6.775 Thread 0x000002439d0689d0 Thread added: 0x000002439d0689d0
Event: 6.776 Thread 0x000002439d06c440 Thread added: 0x000002439d06c440
Event: 6.779 Thread 0x000002439d066f40 Thread added: 0x000002439d066f40
Event: 6.780 Thread 0x000002439d065f50 Thread added: 0x000002439d065f50
Event: 6.780 Thread 0x000002439d069f10 Thread added: 0x000002439d069f10
Event: 6.780 Thread 0x000002439d067f30 Thread added: 0x000002439d067f30
Event: 6.781 Thread 0x000002439d0679e0 Thread added: 0x000002439d0679e0
Event: 6.782 Thread 0x000002439d0664a0 Thread added: 0x000002439d0664a0
Event: 6.782 Thread 0x000002439d068480 Thread added: 0x000002439d068480
Event: 6.932 Thread 0x000002439d06c990 Thread added: 0x000002439d06c990
Event: 6.932 Thread 0x000002439d068f20 Thread added: 0x000002439d068f20
Event: 6.932 Thread 0x000002439d069470 Thread added: 0x000002439d069470
Event: 6.932 Thread 0x000002439d065a00 Thread added: 0x000002439d065a00
Event: 6.933 Thread 0x000002439d06cee0 Thread added: 0x000002439d06cee0
Event: 6.986 Executing  VM operation: ICBufferFull
Event: 6.986 Executing  VM operation: ICBufferFull done
Event: 7.123 Executing  VM operation: G1CollectForAllocation
Event: 7.128 Executing  VM operation: G1CollectForAllocation done
Event: 7.190 Executing  VM operation: G1TryInitiateConcMark


Dynamic libraries:
0x00007ff6416c0000 - 0x00007ff6416ce000 	D:\jdk-16.0.2\bin\java.exe
0x00007ffc0f130000 - 0x00007ffc0f325000 	C:\WINDOWS\SYSTEM32\ntdll.dll
0x00007ffc0dcd0000 - 0x00007ffc0dd8d000 	C:\WINDOWS\System32\KERNEL32.DLL
0x00007ffc0ca10000 - 0x00007ffc0ccdd000 	C:\WINDOWS\System32\KERNELBASE.dll
0x00007ffc0cfd0000 - 0x00007ffc0d0d0000 	C:\WINDOWS\System32\ucrtbase.dll
0x00007ffc04990000 - 0x00007ffc049a8000 	D:\jdk-16.0.2\bin\jli.dll
0x00007ffbfd1d0000 - 0x00007ffbfd1e9000 	D:\jdk-16.0.2\bin\VCRUNTIME140.dll
0x00007ffc0df80000 - 0x00007ffc0e120000 	C:\WINDOWS\System32\USER32.dll
0x00007ffc0ced0000 - 0x00007ffc0cef2000 	C:\WINDOWS\System32\win32u.dll
0x00007ffbf6060000 - 0x00007ffbf62fa000 	C:\WINDOWS\WinSxS\amd64_microsoft.windows.common-controls_6595b64144ccf1df_6.0.19041.1110_none_60b5254171f9507e\COMCTL32.dll
0x00007ffc0f0c0000 - 0x00007ffc0f0ea000 	C:\WINDOWS\System32\GDI32.dll
0x00007ffc0d750000 - 0x00007ffc0d7ee000 	C:\WINDOWS\System32\msvcrt.dll
0x00007ffc0c840000 - 0x00007ffc0c94b000 	C:\WINDOWS\System32\gdi32full.dll
0x00007ffc0cf00000 - 0x00007ffc0cf9d000 	C:\WINDOWS\System32\msvcp_win.dll
0x00007ffc0f030000 - 0x00007ffc0f060000 	C:\WINDOWS\System32\IMM32.DLL
0x00007ffc04e20000 - 0x00007ffc04e2c000 	D:\jdk-16.0.2\bin\vcruntime140_1.dll
0x00007ffbeb680000 - 0x00007ffbeb711000 	D:\jdk-16.0.2\bin\msvcp140.dll
0x00007ffbc9550000 - 0x00007ffbca0fb000 	D:\jdk-16.0.2\bin\server\jvm.dll
0x00007ffc0d570000 - 0x00007ffc0d61e000 	C:\WINDOWS\System32\ADVAPI32.dll
0x00007ffc0e140000 - 0x00007ffc0e1dc000 	C:\WINDOWS\System32\sechost.dll
0x00007ffc0d620000 - 0x00007ffc0d745000 	C:\WINDOWS\System32\RPCRT4.dll
0x00007ffc0ded0000 - 0x00007ffc0ded8000 	C:\WINDOWS\System32\PSAPI.DLL
0x00007ffc049e0000 - 0x00007ffc049e9000 	C:\WINDOWS\SYSTEM32\WSOCK32.dll
0x00007ffc02100000 - 0x00007ffc02127000 	C:\WINDOWS\SYSTEM32\WINMM.dll
0x00007ffc02be0000 - 0x00007ffc02bea000 	C:\WINDOWS\SYSTEM32\VERSION.dll
0x00007ffc0efc0000 - 0x00007ffc0f02b000 	C:\WINDOWS\System32\WS2_32.dll
0x00007ffc0b120000 - 0x00007ffc0b132000 	C:\WINDOWS\SYSTEM32\kernel.appcore.dll
0x00007ffc03c10000 - 0x00007ffc03c1a000 	D:\jdk-16.0.2\bin\jimage.dll
0x00007ffc0ab80000 - 0x00007ffc0ad64000 	C:\WINDOWS\SYSTEM32\DBGHELP.DLL
0x00007ffbff190000 - 0x00007ffbff1bc000 	C:\WINDOWS\SYSTEM32\dbgcore.DLL
0x00007ffc0ce40000 - 0x00007ffc0cec2000 	C:\WINDOWS\System32\bcryptPrimitives.dll
0x00007ffbfd1a0000 - 0x00007ffbfd1c5000 	D:\jdk-16.0.2\bin\java.dll
0x00007ffc0e390000 - 0x00007ffc0ead4000 	C:\WINDOWS\System32\SHELL32.dll
0x00007ffc0a310000 - 0x00007ffc0aaa4000 	C:\WINDOWS\SYSTEM32\windows.storage.dll
0x00007ffc0eae0000 - 0x00007ffc0ee34000 	C:\WINDOWS\System32\combase.dll
0x00007ffc0c1d0000 - 0x00007ffc0c1fc000 	C:\WINDOWS\SYSTEM32\Wldp.dll
0x00007ffc0d440000 - 0x00007ffc0d4ed000 	C:\WINDOWS\System32\SHCORE.dll
0x00007ffc0f060000 - 0x00007ffc0f0b5000 	C:\WINDOWS\System32\shlwapi.dll
0x00007ffc0c780000 - 0x00007ffc0c79f000 	C:\WINDOWS\SYSTEM32\profapi.dll
0x00007ffbfd180000 - 0x00007ffbfd199000 	D:\jdk-16.0.2\bin\net.dll
0x00007ffbff3a0000 - 0x00007ffbff4aa000 	C:\WINDOWS\SYSTEM32\WINHTTP.dll
0x00007ffc0bf30000 - 0x00007ffc0bf9a000 	C:\WINDOWS\system32\mswsock.dll
0x00007ffbfd120000 - 0x00007ffbfd133000 	D:\jdk-16.0.2\bin\nio.dll
0x00007ffbf9060000 - 0x00007ffbf9078000 	D:\jdk-16.0.2\bin\zip.dll
0x00007ffbff330000 - 0x00007ffbff340000 	D:\jdk-16.0.2\bin\verify.dll
0x00007ffbebe90000 - 0x00007ffbebeb7000 	C:\Users\yiqua\.gradle\native\e1d6ef7f7dcc3fd88c89a11ec53ec762bb8ba0a96d01ffa2cd45eb1d1d8dd5c5\windows-amd64\native-platform.dll
0x00007ffbdb510000 - 0x00007ffbdb654000 	C:\Users\yiqua\.gradle\native\5664cfc778a61ccfe75a443a1ab52a65af34e5dc3c78e0209fed803814484fcb\windows-amd64\native-platform-file-events.dll
0x00007ffbfd110000 - 0x00007ffbfd119000 	D:\jdk-16.0.2\bin\management.dll
0x00007ffbf9050000 - 0x00007ffbf905b000 	D:\jdk-16.0.2\bin\management_ext.dll
0x00007ffc0c130000 - 0x00007ffc0c148000 	C:\WINDOWS\SYSTEM32\CRYPTSP.dll
0x00007ffc0b8b0000 - 0x00007ffc0b8e4000 	C:\WINDOWS\system32\rsaenh.dll
0x00007ffc0cfa0000 - 0x00007ffc0cfc7000 	C:\WINDOWS\System32\bcrypt.dll
0x00007ffc0c740000 - 0x00007ffc0c76e000 	C:\WINDOWS\SYSTEM32\USERENV.dll
0x00007ffc0c120000 - 0x00007ffc0c12c000 	C:\WINDOWS\SYSTEM32\CRYPTBASE.dll
0x00007ffc0bc20000 - 0x00007ffc0bc5b000 	C:\WINDOWS\SYSTEM32\IPHLPAPI.DLL
0x00007ffc0d430000 - 0x00007ffc0d438000 	C:\WINDOWS\System32\NSI.dll
0x00007ffc02d20000 - 0x00007ffc02d37000 	C:\WINDOWS\SYSTEM32\dhcpcsvc6.DLL
0x00007ffc03fb0000 - 0x00007ffc03fcd000 	C:\WINDOWS\SYSTEM32\dhcpcsvc.DLL
0x00007ffc0bc60000 - 0x00007ffc0bd2b000 	C:\WINDOWS\SYSTEM32\DNSAPI.dll
0x00007ffbf9040000 - 0x00007ffbf904e000 	D:\jdk-16.0.2\bin\sunmscapi.dll
0x00007ffc0cce0000 - 0x00007ffc0ce36000 	C:\WINDOWS\System32\CRYPT32.dll
0x00007ffc0c240000 - 0x00007ffc0c267000 	C:\WINDOWS\SYSTEM32\ncrypt.dll
0x00007ffc0c200000 - 0x00007ffc0c23b000 	C:\WINDOWS\SYSTEM32\NTASN1.dll
0x00007ffbf8ff0000 - 0x00007ffbf8ff7000 	C:\WINDOWS\system32\wshunix.dll

dbghelp: loaded successfully - version: 4.0.5 - missing functions: none
symbol engine: initialized successfully - sym options: 0x614 - pdb path: .;D:\jdk-16.0.2\bin;C:\WINDOWS\SYSTEM32;C:\WINDOWS\WinSxS\amd64_microsoft.windows.common-controls_6595b64144ccf1df_6.0.19041.1110_none_60b5254171f9507e;D:\jdk-16.0.2\bin\server;C:\Users\yiqua\.gradle\native\e1d6ef7f7dcc3fd88c89a11ec53ec762bb8ba0a96d01ffa2cd45eb1d1d8dd5c5\windows-amd64;C:\Users\yiqua\.gradle\native\5664cfc778a61ccfe75a443a1ab52a65af34e5dc3c78e0209fed803814484fcb\windows-amd64

VM Arguments:
jvm_args: --add-opens=java.base/java.util=ALL-UNNAMED --add-opens=java.base/java.lang=ALL-UNNAMED --add-opens=java.base/java.lang.invoke=ALL-UNNAMED --add-opens=java.base/java.util=ALL-UNNAMED --add-opens=java.prefs/java.util.prefs=ALL-UNNAMED --add-opens=java.prefs/java.util.prefs=ALL-UNNAMED --add-opens=java.base/java.nio.charset=ALL-UNNAMED --add-opens=java.base/java.net=ALL-UNNAMED --add-opens=java.base/java.util.concurrent.atomic=ALL-UNNAMED -Xmx2048m -Dfile.encoding=UTF-8 -Duser.country=CN -Duser.language=zh -Duser.variant 
java_command: org.gradle.launcher.daemon.bootstrap.GradleDaemon 7.2
java_class_path (initial): C:\Users\yiqua\.gradle\wrapper\dists\gradle-7.2-bin\2dnblmf4td7x66yl1d74lt32g\gradle-7.2\lib\gradle-launcher-7.2.jar
Launcher Type: SUN_STANDARD

[Global flags]
     intx CICompilerCount                          = 4                                         {product} {ergonomic}
     uint ConcGCThreads                            = 2                                         {product} {ergonomic}
     uint G1ConcRefinementThreads                  = 8                                         {product} {ergonomic}
   size_t G1HeapRegionSize                         = 1048576                                   {product} {ergonomic}
    uintx GCDrainStackTargetSize                   = 64                                        {product} {ergonomic}
   size_t InitialHeapSize                          = 117440512                                 {product} {ergonomic}
   size_t MarkStackSize                            = 4194304                                   {product} {ergonomic}
   size_t MaxHeapSize                              = 2147483648                                {product} {command line}
   size_t MaxNewSize                               = 1287651328                                {product} {ergonomic}
   size_t MinHeapDeltaBytes                        = 1048576                                   {product} {ergonomic}
   size_t MinHeapSize                              = 8388608                                   {product} {ergonomic}
    uintx NonNMethodCodeHeapSize                   = 5839372                                {pd product} {ergonomic}
    uintx NonProfiledCodeHeapSize                  = 122909434                              {pd product} {ergonomic}
    uintx ProfiledCodeHeapSize                     = 122909434                              {pd product} {ergonomic}
    uintx ReservedCodeCacheSize                    = 251658240                              {pd product} {ergonomic}
     bool SegmentedCodeCache                       = true                                      {product} {ergonomic}
   size_t SoftMaxHeapSize                          = 2147483648                             {manageable} {ergonomic}
     bool UseCompressedClassPointers               = true                           {product lp64_product} {ergonomic}
     bool UseCompressedOops                        = true                           {product lp64_product} {ergonomic}
     bool UseG1GC                                  = true                                      {product} {ergonomic}
     bool UseLargePagesIndividualAllocation        = false                                  {pd product} {ergonomic}

Logging:
Log output configuration:
 #0: stdout all=warning uptime,level,tags
 #1: stderr all=off uptime,level,tags

Environment Variables:
PATH=C:\ProgramData\Oracle\Java\javapath;C:\Program Files\Zulu\zulu-17\bin\;C:\Program Files\Common Files\Oracle\Java\javapath;C:\WINDOWS\system32;C:\WINDOWS;C:\WINDOWS\System32\Wbem;C:\WINDOWS\System32\WindowsPowerShell\v1.0\;C:\WINDOWS\System32\OpenSSH\;C:\Program Files\Git\cmd;C:\Program Files\dotnet\;C:\Program Files\Microsoft SQL Server\130\Tools\Binn\;C:\Program Files\MySQL\MySQL Shell 8.0\bin\;C:\Users\yiqua\AppData\Local\Microsoft\WindowsApps;C:\Program Files\Git\cmd;C:\Program Files\Git;C:\Program Files\Git\bin;;D:\Microsoft VS Code\bin;C:\Users\yiqua\.dotnet\tools
USERNAME=yiqua
OS=Windows_NT
PROCESSOR_IDENTIFIER=AMD64 Family 23 Model 24 Stepping 1, AuthenticAMD



---------------  S Y S T E M  ---------------

OS:
 Windows 10 , 64 bit Build 19041 (10.0.19041.1706)
OS uptime: 1 days 23:47 hours

CPU: total 8 (initial active 8) (8 cores per cpu, 2 threads per core) family 23 model 24 stepping 1 microcode 0x0, cx8, cmov, fxsr, ht, mmx, 3dnowpref, sse, sse2, sse3, ssse3, sse4a, sse4.1, sse4.2, popcnt, lzcnt, tsc, tscinvbit, avx, avx2, aes, clmul, bmi1, bmi2, adx, sha, fma, vzeroupper, clflush, clflushopt

Memory: 4k page, system-wide physical 7103M (730M free)
TotalPageFile size 11199M (AvailPageFile size 14M)
current process WorkingSet (physical memory assigned to process): 256M, peak: 257M
current process commit charge ("private bytes"): 299M, peak: 314M

vm_info: OpenJDK 64-Bit Server VM (16.0.2+7-67) for windows-amd64 JRE (16.0.2+7-67), built on Jun  8 2021 23:21:43 by "mach5one" with MS VC++ 16.7 (VS2019)

END.
