#
# There is insufficient memory for the Java Runtime Environment to continue.
# Native memory allocation (malloc) failed to allocate 721360 bytes for Chunk::new
# Possible reasons:
#   The system is out of physical RAM or swap space
#   The process is running with CompressedOops enabled, and the Java Heap may be blocking the growth of the native heap
# Possible solutions:
#   Reduce memory load on the system
#   Increase physical memory or swap space
#   Check if swap backing store is full
#   Decrease Java heap size (-Xmx/-Xms)
#   Decrease number of Java threads
#   Decrease Java thread stack sizes (-Xss)
#   Set larger code cache with -XX:ReservedCodeCacheSize=
#   JVM is running with Unscaled Compressed Oops mode in which the Java heap is
#     placed in the first 4GB address space. The Java Heap base address is the
#     maximum limit for the native heap growth. Please use -XX:HeapBaseMinAddress
#     to set the Java Heap base and to place the Java Heap above 4GB virtual address.
# This output file may be truncated or incomplete.
#
#  Out of Memory Error (arena.cpp:195), pid=12828, tid=16108
#
# JRE version: OpenJDK Runtime Environment (16.0.2+7) (build 16.0.2+7-67)
# Java VM: OpenJDK 64-Bit Server VM (16.0.2+7-67, mixed mode, sharing, tiered, compressed oops, compressed class ptrs, g1 gc, windows-amd64)
# No core dump will be written. Minidumps are not enabled by default on client versions of Windows
#

---------------  S U M M A R Y ------------

Command Line: --add-opens=java.base/java.util=ALL-UNNAMED --add-opens=java.base/java.lang=ALL-UNNAMED --add-opens=java.base/java.lang.invoke=ALL-UNNAMED --add-opens=java.base/java.util=ALL-UNNAMED --add-opens=java.prefs/java.util.prefs=ALL-UNNAMED --add-opens=java.prefs/java.util.prefs=ALL-UNNAMED --add-opens=java.base/java.nio.charset=ALL-UNNAMED --add-opens=java.base/java.net=ALL-UNNAMED --add-opens=java.base/java.util.concurrent.atomic=ALL-UNNAMED -Xmx2048m -Dfile.encoding=UTF-8 -Duser.country=CN -Duser.language=zh -Duser.variant org.gradle.launcher.daemon.bootstrap.GradleDaemon 7.2

Host: AMD Ryzen 5 3500U with Radeon Vega Mobile Gfx  , 8 cores, 6G,  Windows 10 , 64 bit Build 19041 (10.0.19041.1706)
Time: Mon Jun 13 17:29:45 2022  Windows 10 , 64 bit Build 19041 (10.0.19041.1706) elapsed time: 10.345839 seconds (0d 0h 0m 10s)

---------------  T H R E A D  ---------------

Current thread (0x0000026c90525fb0):  JavaThread "C2 CompilerThread1" daemon [_thread_in_native, id=16108, stack(0x000000bf55000000,0x000000bf55100000)]


Current CompileTask:
C2:  10345 6927   !   4       java.net.URLClassLoader::findClass (47 bytes)

Stack: [0x000000bf55000000,0x000000bf55100000]
Native frames: (J=compiled Java code, j=interpreted, Vv=VM code, C=native code)
V  [jvm.dll+0x6681ca]
V  [jvm.dll+0x7c9e69]
V  [jvm.dll+0x7cb61e]
V  [jvm.dll+0x7cbc73]
V  [jvm.dll+0x242c55]
V  [jvm.dll+0xadeba]
V  [jvm.dll+0xae45c]
V  [jvm.dll+0x11b9a7]
V  [jvm.dll+0x5fb065]
V  [jvm.dll+0x5f979c]
V  [jvm.dll+0x215b58]
V  [jvm.dll+0x215100]
V  [jvm.dll+0x1a1beb]
V  [jvm.dll+0x225158]
V  [jvm.dll+0x22319c]
V  [jvm.dll+0x77fa62]
V  [jvm.dll+0x7795aa]
V  [jvm.dll+0x667066]
C  [ucrtbase.dll+0x21bb2]
C  [KERNEL32.DLL+0x17034]
C  [ntdll.dll+0x52651]


---------------  P R O C E S S  ---------------

Threads class SMR info:
_java_thread_list=0x0000026c9782c6d0, length=126, elements={
0x0000026cf195e810, 0x0000026c8f9dff40, 0x0000026c8f9e34c0, 0x0000026c8f9efff0,
0x0000026c8f9f2910, 0x0000026c8f9f49d0, 0x0000026c8f9f7a90, 0x0000026c8fa060f0,
0x0000026c8fa06a40, 0x0000026c8f9fb810, 0x0000026c904bda70, 0x0000026c904e49d0,
0x0000026c90525fb0, 0x0000026c91641000, 0x0000026c9074dc90, 0x0000026c91286e60,
0x0000026c91fb25b0, 0x0000026c91ba0360, 0x0000026c91e138a0, 0x0000026c9250ce10,
0x0000026c916c3930, 0x0000026c916c5e60, 0x0000026c916c43d0, 0x0000026c916c63b0,
0x0000026c916c2e90, 0x0000026c916c33e0, 0x0000026c916c53c0, 0x0000026c916c3e80,
0x0000026c916c5910, 0x0000026c916c4920, 0x0000026c916c4e70, 0x0000026c9407e1e0,
0x0000026c94079230, 0x0000026c9407acc0, 0x0000026c9407f1d0, 0x0000026c94078ce0,
0x0000026c9407d1f0, 0x0000026c9407bcb0, 0x0000026c94079780, 0x0000026c9407a220,
0x0000026c9407b210, 0x0000026c9407b760, 0x0000026c9407a770, 0x0000026c9407c200,
0x0000026c9407c750, 0x0000026c9407cca0, 0x0000026c9407d740, 0x0000026c9407e730,
0x0000026c9407dc90, 0x0000026c94077cf0, 0x0000026c94cb5fd0, 0x0000026c94cb2560,
0x0000026c94cb6a70, 0x0000026c94cb7a60, 0x0000026c94cb3ff0, 0x0000026c94cb2ab0,
0x0000026c94cb3000, 0x0000026c94cb4540, 0x0000026c94cb0ad0, 0x0000026c94cb7fb0,
0x0000026c94cb8500, 0x0000026c94cb3550, 0x0000026c94cb2010, 0x0000026c94cb3aa0,
0x0000026c94cb6fc0, 0x0000026c94cb1020, 0x0000026c94cb4a90, 0x0000026c94cb4fe0,
0x0000026c94cb5530, 0x0000026c94cb7510, 0x0000026c94cb1ac0, 0x0000026c94cb5a80,
0x0000026c94cb6520, 0x0000026c94cb1570, 0x0000026c91e1ae10, 0x0000026c91e1b8b0,
0x0000026c91e1a370, 0x0000026c91e1b360, 0x0000026c91e1d340, 0x0000026c91e1dde0,
0x0000026c91e1be00, 0x0000026c91e1d890, 0x0000026c91e1f320, 0x0000026c91e1c350,
0x0000026c91e19380, 0x0000026c91e1e330, 0x0000026c91e1e880, 0x0000026c91e20310,
0x0000026c91e1cdf0, 0x0000026c91e1c8a0, 0x0000026c91e19e20, 0x0000026c91e1edd0,
0x0000026c91e1f870, 0x0000026c91e1a8c0, 0x0000026c91e198d0, 0x0000026c91e1fdc0,
0x0000026c91e20860, 0x0000026c91e18e30, 0x0000026c924fed30, 0x0000026c924fad70,
0x0000026c92501260, 0x0000026c925007c0, 0x0000026c924fbd60, 0x0000026c924fcd50,
0x0000026c925017b0, 0x0000026c92501d00, 0x0000026c92502250, 0x0000026c925027a0,
0x0000026c924ff280, 0x0000026c924fb2c0, 0x0000026c924fb810, 0x0000026c924fc2b0,
0x0000026c924ff7d0, 0x0000026c924fc800, 0x0000026c924fe7e0, 0x0000026c924fd2a0,
0x0000026c92500d10, 0x0000026c924fd7f0, 0x0000026c924fdd40, 0x0000026c924ffd20,
0x0000026c92500270, 0x0000026c924fe290, 0x0000026c91f82080, 0x0000026c91f86040,
0x0000026c95d1e950, 0x0000026c91f84b00
}

Java Threads: ( => current thread )
  0x0000026cf195e810 JavaThread "main" [_thread_blocked, id=12032, stack(0x000000bf53d00000,0x000000bf53e00000)]
  0x0000026c8f9dff40 JavaThread "Reference Handler" daemon [_thread_blocked, id=12412, stack(0x000000bf54400000,0x000000bf54500000)]
  0x0000026c8f9e34c0 JavaThread "Finalizer" daemon [_thread_blocked, id=14268, stack(0x000000bf54500000,0x000000bf54600000)]
  0x0000026c8f9efff0 JavaThread "Signal Dispatcher" daemon [_thread_blocked, id=14584, stack(0x000000bf54600000,0x000000bf54700000)]
  0x0000026c8f9f2910 JavaThread "Attach Listener" daemon [_thread_blocked, id=8644, stack(0x000000bf54700000,0x000000bf54800000)]
  0x0000026c8f9f49d0 JavaThread "Service Thread" daemon [_thread_blocked, id=11320, stack(0x000000bf54800000,0x000000bf54900000)]
  0x0000026c8f9f7a90 JavaThread "Monitor Deflation Thread" daemon [_thread_blocked, id=7620, stack(0x000000bf54900000,0x000000bf54a00000)]
  0x0000026c8fa060f0 JavaThread "C2 CompilerThread0" daemon [_thread_in_native, id=6072, stack(0x000000bf54a00000,0x000000bf54b00000)]
  0x0000026c8fa06a40 JavaThread "C1 CompilerThread0" daemon [_thread_blocked, id=18972, stack(0x000000bf54b00000,0x000000bf54c00000)]
  0x0000026c8f9fb810 JavaThread "Sweeper thread" daemon [_thread_blocked, id=5132, stack(0x000000bf54c00000,0x000000bf54d00000)]
  0x0000026c904bda70 JavaThread "Common-Cleaner" daemon [_thread_blocked, id=5868, stack(0x000000bf54d00000,0x000000bf54e00000)]
  0x0000026c904e49d0 JavaThread "Notification Thread" daemon [_thread_blocked, id=5892, stack(0x000000bf54e00000,0x000000bf54f00000)]
=>0x0000026c90525fb0 JavaThread "C2 CompilerThread1" daemon [_thread_in_native, id=16108, stack(0x000000bf55000000,0x000000bf55100000)]
  0x0000026c91641000 JavaThread "Daemon health stats" [_thread_blocked, id=15280, stack(0x000000bf55700000,0x000000bf55800000)]
  0x0000026c9074dc90 JavaThread "Incoming local TCP Connector on port 61298" [_thread_in_native, id=14736, stack(0x000000bf55100000,0x000000bf55200000)]
  0x0000026c91286e60 JavaThread "Daemon periodic checks" [_thread_blocked, id=16736, stack(0x000000bf55800000,0x000000bf55900000)]
  0x0000026c91fb25b0 JavaThread "Daemon" [_thread_blocked, id=7556, stack(0x000000bf55900000,0x000000bf55a00000)]
  0x0000026c91ba0360 JavaThread "Handler for socket connection from /127.0.0.1:61298 to /127.0.0.1:61299" [_thread_in_native, id=10380, stack(0x000000bf55a00000,0x000000bf55b00000)]
  0x0000026c91e138a0 JavaThread "Cancel handler" [_thread_blocked, id=19036, stack(0x000000bf55b00000,0x000000bf55c00000)]
  0x0000026c9250ce10 JavaThread "Daemon worker" [_thread_in_Java, id=17968, stack(0x000000bf55c00000,0x000000bf55d00000)]
  0x0000026c916c3930 JavaThread "Asynchronous log dispatcher for DefaultDaemonConnection: socket connection from /127.0.0.1:61298 to /127.0.0.1:61299" [_thread_blocked, id=10016, stack(0x000000bf55d00000,0x000000bf55e00000)]
  0x0000026c916c5e60 JavaThread "Stdin handler" [_thread_blocked, id=13688, stack(0x000000bf55e00000,0x000000bf55f00000)]
  0x0000026c916c43d0 JavaThread "Daemon client event forwarder" [_thread_blocked, id=18952, stack(0x000000bf55f00000,0x000000bf56000000)]
  0x0000026c916c63b0 JavaThread "Cache worker for journal cache (C:\Users\yiqua\.gradle\caches\journal-1)" [_thread_blocked, id=3740, stack(0x000000bf56000000,0x000000bf56100000)]
  0x0000026c916c2e90 JavaThread "File lock request listener" [_thread_in_native, id=13964, stack(0x000000bf56100000,0x000000bf56200000)]
  0x0000026c916c33e0 JavaThread "Cache worker for file hash cache (C:\Users\yiqua\.gradle\caches\7.2\fileHashes)" [_thread_blocked, id=9348, stack(0x000000bf56200000,0x000000bf56300000)]
  0x0000026c916c53c0 JavaThread "Cache worker for file hash cache (C:\Users\yiqua\AndroidStudioProjects\EHailing\.gradle\7.2\fileHashes)" [_thread_blocked, id=15588, stack(0x000000bf56500000,0x000000bf56600000)]
  0x0000026c916c3e80 JavaThread "File watcher server" daemon [_thread_in_native, id=8180, stack(0x000000bf56700000,0x000000bf56800000)]
  0x0000026c916c5910 JavaThread "File watcher consumer" daemon [_thread_blocked, id=1772, stack(0x000000bf56800000,0x000000bf56900000)]
  0x0000026c916c4920 JavaThread "Cache worker for checksums cache (C:\Users\yiqua\AndroidStudioProjects\EHailing\.gradle\checksums)" [_thread_blocked, id=5208, stack(0x000000bf56900000,0x000000bf56a00000)]
  0x0000026c916c4e70 JavaThread "Cache worker for cache directory md-supplier (C:\Users\yiqua\.gradle\caches\7.2\md-supplier)" [_thread_blocked, id=17500, stack(0x000000bf56a00000,0x000000bf56b00000)]
  0x0000026c9407e1e0 JavaThread "Cache worker for cache directory md-rule (C:\Users\yiqua\.gradle\caches\7.2\md-rule)" [_thread_blocked, id=18492, stack(0x000000bf56b00000,0x000000bf56c00000)]
  0x0000026c94079230 JavaThread "Cache worker for execution history cache (C:\Users\yiqua\.gradle\caches\7.2\executionHistory)" [_thread_blocked, id=9336, stack(0x000000bf56c00000,0x000000bf56d00000)]
  0x0000026c9407acc0 JavaThread "jar transforms" [_thread_blocked, id=2320, stack(0x000000bf56e00000,0x000000bf56f00000)]
  0x0000026c9407f1d0 JavaThread "Cache worker for file content cache (C:\Users\yiqua\.gradle\caches\7.2\fileContent)" [_thread_blocked, id=3920, stack(0x000000bf56f00000,0x000000bf57000000)]
  0x0000026c94078ce0 JavaThread "jar transforms Thread 2" [_thread_blocked, id=2024, stack(0x000000bf57000000,0x000000bf57100000)]
  0x0000026c9407d1f0 JavaThread "Cache worker for dependencies-accessors (C:\Users\yiqua\AndroidStudioProjects\EHailing\.gradle\7.2\dependencies-accessors)" [_thread_blocked, id=15984, stack(0x000000bf57100000,0x000000bf57200000)]
  0x0000026c9407bcb0 JavaThread "jar transforms Thread 3" [_thread_blocked, id=19200, stack(0x000000bf57200000,0x000000bf57300000)]
  0x0000026c94079780 JavaThread "Cache worker for Build Output Cleanup Cache (C:\Users\yiqua\AndroidStudioProjects\EHailing\.gradle\buildOutputCleanup)" [_thread_blocked, id=7416, stack(0x000000bf57300000,0x000000bf57400000)]
  0x0000026c9407a220 JavaThread "Unconstrained build operations" [_thread_blocked, id=3004, stack(0x000000bf57400000,0x000000bf57500000)]
  0x0000026c9407b210 JavaThread "Unconstrained build operations Thread 2" [_thread_blocked, id=15144, stack(0x000000bf57500000,0x000000bf57600000)]
  0x0000026c9407b760 JavaThread "Unconstrained build operations Thread 3" [_thread_blocked, id=13744, stack(0x000000bf57600000,0x000000bf57700000)]
  0x0000026c9407a770 JavaThread "Unconstrained build operations Thread 4" [_thread_blocked, id=5816, stack(0x000000bf57700000,0x000000bf57800000)]
  0x0000026c9407c200 JavaThread "Unconstrained build operations Thread 5" [_thread_blocked, id=7636, stack(0x000000bf57800000,0x000000bf57900000)]
  0x0000026c9407c750 JavaThread "Unconstrained build operations Thread 6" [_thread_blocked, id=12444, stack(0x000000bf57900000,0x000000bf57a00000)]
  0x0000026c9407cca0 JavaThread "Unconstrained build operations Thread 7" [_thread_blocked, id=13568, stack(0x000000bf57a00000,0x000000bf57b00000)]
  0x0000026c9407d740 JavaThread "Unconstrained build operations Thread 8" [_thread_blocked, id=17484, stack(0x000000bf57b00000,0x000000bf57c00000)]
  0x0000026c9407e730 JavaThread "Unconstrained build operations Thread 9" [_thread_blocked, id=11080, stack(0x000000bf57c00000,0x000000bf57d00000)]
  0x0000026c9407dc90 JavaThread "Unconstrained build operations Thread 10" [_thread_blocked, id=6568, stack(0x000000bf57d00000,0x000000bf57e00000)]
  0x0000026c94077cf0 JavaThread "Unconstrained build operations Thread 11" [_thread_blocked, id=18136, stack(0x000000bf57e00000,0x000000bf57f00000)]
  0x0000026c94cb5fd0 JavaThread "Unconstrained build operations Thread 12" [_thread_blocked, id=6448, stack(0x000000bf57f00000,0x000000bf58000000)]
  0x0000026c94cb2560 JavaThread "Unconstrained build operations Thread 13" [_thread_blocked, id=13008, stack(0x000000bf58000000,0x000000bf58100000)]
  0x0000026c94cb6a70 JavaThread "Unconstrained build operations Thread 14" [_thread_blocked, id=8456, stack(0x000000bf58100000,0x000000bf58200000)]
  0x0000026c94cb7a60 JavaThread "Unconstrained build operations Thread 15" [_thread_blocked, id=6988, stack(0x000000bf58200000,0x000000bf58300000)]
  0x0000026c94cb3ff0 JavaThread "Unconstrained build operations Thread 16" [_thread_blocked, id=4248, stack(0x000000bf58300000,0x000000bf58400000)]
  0x0000026c94cb2ab0 JavaThread "Unconstrained build operations Thread 17" [_thread_blocked, id=12860, stack(0x000000bf58400000,0x000000bf58500000)]
  0x0000026c94cb3000 JavaThread "Unconstrained build operations Thread 18" [_thread_blocked, id=11668, stack(0x000000bf58500000,0x000000bf58600000)]
  0x0000026c94cb4540 JavaThread "Unconstrained build operations Thread 19" [_thread_blocked, id=14060, stack(0x000000bf58600000,0x000000bf58700000)]
  0x0000026c94cb0ad0 JavaThread "Unconstrained build operations Thread 20" [_thread_blocked, id=3492, stack(0x000000bf58700000,0x000000bf58800000)]
  0x0000026c94cb7fb0 JavaThread "Unconstrained build operations Thread 21" [_thread_blocked, id=10516, stack(0x000000bf58800000,0x000000bf58900000)]
  0x0000026c94cb8500 JavaThread "Unconstrained build operations Thread 22" [_thread_blocked, id=5996, stack(0x000000bf58900000,0x000000bf58a00000)]
  0x0000026c94cb3550 JavaThread "Unconstrained build operations Thread 23" [_thread_blocked, id=8048, stack(0x000000bf58a00000,0x000000bf58b00000)]
  0x0000026c94cb2010 JavaThread "Unconstrained build operations Thread 24" [_thread_blocked, id=2764, stack(0x000000bf58b00000,0x000000bf58c00000)]
  0x0000026c94cb3aa0 JavaThread "Unconstrained build operations Thread 25" [_thread_blocked, id=16056, stack(0x000000bf58c00000,0x000000bf58d00000)]
  0x0000026c94cb6fc0 JavaThread "Unconstrained build operations Thread 26" [_thread_blocked, id=3736, stack(0x000000bf58d00000,0x000000bf58e00000)]
  0x0000026c94cb1020 JavaThread "Unconstrained build operations Thread 27" [_thread_blocked, id=5596, stack(0x000000bf58e00000,0x000000bf58f00000)]
  0x0000026c94cb4a90 JavaThread "Unconstrained build operations Thread 28" [_thread_blocked, id=10056, stack(0x000000bf58f00000,0x000000bf59000000)]
  0x0000026c94cb4fe0 JavaThread "Unconstrained build operations Thread 29" [_thread_blocked, id=12748, stack(0x000000bf59000000,0x000000bf59100000)]
  0x0000026c94cb5530 JavaThread "Unconstrained build operations Thread 30" [_thread_blocked, id=7984, stack(0x000000bf59100000,0x000000bf59200000)]
  0x0000026c94cb7510 JavaThread "Unconstrained build operations Thread 31" [_thread_blocked, id=8432, stack(0x000000bf59200000,0x000000bf59300000)]
  0x0000026c94cb1ac0 JavaThread "Unconstrained build operations Thread 32" [_thread_blocked, id=15740, stack(0x000000bf59300000,0x000000bf59400000)]
  0x0000026c94cb5a80 JavaThread "Unconstrained build operations Thread 33" [_thread_blocked, id=12460, stack(0x000000bf59400000,0x000000bf59500000)]
  0x0000026c94cb6520 JavaThread "Unconstrained build operations Thread 34" [_thread_blocked, id=16428, stack(0x000000bf59500000,0x000000bf59600000)]
  0x0000026c94cb1570 JavaThread "Unconstrained build operations Thread 35" [_thread_blocked, id=13148, stack(0x000000bf59600000,0x000000bf59700000)]
  0x0000026c91e1ae10 JavaThread "Unconstrained build operations Thread 36" [_thread_blocked, id=18588, stack(0x000000bf59700000,0x000000bf59800000)]
  0x0000026c91e1b8b0 JavaThread "Unconstrained build operations Thread 37" [_thread_blocked, id=10148, stack(0x000000bf59800000,0x000000bf59900000)]
  0x0000026c91e1a370 JavaThread "Unconstrained build operations Thread 38" [_thread_blocked, id=7644, stack(0x000000bf59900000,0x000000bf59a00000)]
  0x0000026c91e1b360 JavaThread "Unconstrained build operations Thread 39" [_thread_blocked, id=572, stack(0x000000bf59a00000,0x000000bf59b00000)]
  0x0000026c91e1d340 JavaThread "Unconstrained build operations Thread 40" [_thread_blocked, id=13120, stack(0x000000bf59b00000,0x000000bf59c00000)]
  0x0000026c91e1dde0 JavaThread "Unconstrained build operations Thread 41" [_thread_blocked, id=14224, stack(0x000000bf59c00000,0x000000bf59d00000)]
  0x0000026c91e1be00 JavaThread "Unconstrained build operations Thread 42" [_thread_blocked, id=17060, stack(0x000000bf59d00000,0x000000bf59e00000)]
  0x0000026c91e1d890 JavaThread "Unconstrained build operations Thread 43" [_thread_blocked, id=5812, stack(0x000000bf59e00000,0x000000bf59f00000)]
  0x0000026c91e1f320 JavaThread "Unconstrained build operations Thread 44" [_thread_blocked, id=12352, stack(0x000000bf59f00000,0x000000bf5a000000)]
  0x0000026c91e1c350 JavaThread "Unconstrained build operations Thread 45" [_thread_blocked, id=13980, stack(0x000000bf5a000000,0x000000bf5a100000)]
  0x0000026c91e19380 JavaThread "Unconstrained build operations Thread 46" [_thread_blocked, id=12436, stack(0x000000bf5a100000,0x000000bf5a200000)]
  0x0000026c91e1e330 JavaThread "Unconstrained build operations Thread 47" [_thread_blocked, id=17204, stack(0x000000bf5a200000,0x000000bf5a300000)]
  0x0000026c91e1e880 JavaThread "Unconstrained build operations Thread 48" [_thread_blocked, id=10288, stack(0x000000bf5a300000,0x000000bf5a400000)]
  0x0000026c91e20310 JavaThread "Unconstrained build operations Thread 49" [_thread_blocked, id=12192, stack(0x000000bf5a400000,0x000000bf5a500000)]
  0x0000026c91e1cdf0 JavaThread "Unconstrained build operations Thread 50" [_thread_blocked, id=9520, stack(0x000000bf5a500000,0x000000bf5a600000)]
  0x0000026c91e1c8a0 JavaThread "Unconstrained build operations Thread 51" [_thread_blocked, id=15716, stack(0x000000bf5a600000,0x000000bf5a700000)]
  0x0000026c91e19e20 JavaThread "Unconstrained build operations Thread 52" [_thread_blocked, id=16472, stack(0x000000bf5a700000,0x000000bf5a800000)]
  0x0000026c91e1edd0 JavaThread "Unconstrained build operations Thread 53" [_thread_blocked, id=1808, stack(0x000000bf5a800000,0x000000bf5a900000)]
  0x0000026c91e1f870 JavaThread "Unconstrained build operations Thread 54" [_thread_blocked, id=8224, stack(0x000000bf5a900000,0x000000bf5aa00000)]
  0x0000026c91e1a8c0 JavaThread "Unconstrained build operations Thread 55" [_thread_blocked, id=6560, stack(0x000000bf5aa00000,0x000000bf5ab00000)]
  0x0000026c91e198d0 JavaThread "Unconstrained build operations Thread 56" [_thread_blocked, id=18568, stack(0x000000bf5ab00000,0x000000bf5ac00000)]
  0x0000026c91e1fdc0 JavaThread "Unconstrained build operations Thread 57" [_thread_blocked, id=19256, stack(0x000000bf5ac00000,0x000000bf5ad00000)]
  0x0000026c91e20860 JavaThread "Unconstrained build operations Thread 58" [_thread_blocked, id=5948, stack(0x000000bf5ad00000,0x000000bf5ae00000)]
  0x0000026c91e18e30 JavaThread "Unconstrained build operations Thread 59" [_thread_blocked, id=10088, stack(0x000000bf5ae00000,0x000000bf5af00000)]
  0x0000026c924fed30 JavaThread "Unconstrained build operations Thread 60" [_thread_blocked, id=7968, stack(0x000000bf5af00000,0x000000bf5b000000)]
  0x0000026c924fad70 JavaThread "Unconstrained build operations Thread 61" [_thread_blocked, id=13288, stack(0x000000bf5b000000,0x000000bf5b100000)]
  0x0000026c92501260 JavaThread "Unconstrained build operations Thread 62" [_thread_blocked, id=6760, stack(0x000000bf5b100000,0x000000bf5b200000)]
  0x0000026c925007c0 JavaThread "Unconstrained build operations Thread 63" [_thread_blocked, id=6116, stack(0x000000bf5b200000,0x000000bf5b300000)]
  0x0000026c924fbd60 JavaThread "Unconstrained build operations Thread 64" [_thread_blocked, id=5572, stack(0x000000bf5b300000,0x000000bf5b400000)]
  0x0000026c924fcd50 JavaThread "Unconstrained build operations Thread 65" [_thread_blocked, id=18132, stack(0x000000bf5b400000,0x000000bf5b500000)]
  0x0000026c925017b0 JavaThread "Unconstrained build operations Thread 66" [_thread_blocked, id=18856, stack(0x000000bf5b500000,0x000000bf5b600000)]
  0x0000026c92501d00 JavaThread "Unconstrained build operations Thread 67" [_thread_blocked, id=13280, stack(0x000000bf5b600000,0x000000bf5b700000)]
  0x0000026c92502250 JavaThread "Unconstrained build operations Thread 68" [_thread_blocked, id=1608, stack(0x000000bf5b700000,0x000000bf5b800000)]
  0x0000026c925027a0 JavaThread "Unconstrained build operations Thread 69" [_thread_blocked, id=8948, stack(0x000000bf5b800000,0x000000bf5b900000)]
  0x0000026c924ff280 JavaThread "Unconstrained build operations Thread 70" [_thread_blocked, id=7020, stack(0x000000bf5b900000,0x000000bf5ba00000)]
  0x0000026c924fb2c0 JavaThread "Unconstrained build operations Thread 71" [_thread_blocked, id=2524, stack(0x000000bf5ba00000,0x000000bf5bb00000)]
  0x0000026c924fb810 JavaThread "Unconstrained build operations Thread 72" [_thread_blocked, id=18636, stack(0x000000bf5bb00000,0x000000bf5bc00000)]
  0x0000026c924fc2b0 JavaThread "Unconstrained build operations Thread 73" [_thread_blocked, id=9188, stack(0x000000bf5bc00000,0x000000bf5bd00000)]
  0x0000026c924ff7d0 JavaThread "Unconstrained build operations Thread 74" [_thread_blocked, id=8868, stack(0x000000bf5bd00000,0x000000bf5be00000)]
  0x0000026c924fc800 JavaThread "Unconstrained build operations Thread 75" [_thread_blocked, id=3652, stack(0x000000bf5be00000,0x000000bf5bf00000)]
  0x0000026c924fe7e0 JavaThread "Unconstrained build operations Thread 76" [_thread_blocked, id=3484, stack(0x000000bf5bf00000,0x000000bf5c000000)]
  0x0000026c924fd2a0 JavaThread "Unconstrained build operations Thread 77" [_thread_blocked, id=19056, stack(0x000000bf5c000000,0x000000bf5c100000)]
  0x0000026c92500d10 JavaThread "Unconstrained build operations Thread 78" [_thread_blocked, id=19184, stack(0x000000bf5c100000,0x000000bf5c200000)]
  0x0000026c924fd7f0 JavaThread "Unconstrained build operations Thread 79" [_thread_blocked, id=18404, stack(0x000000bf5c200000,0x000000bf5c300000)]
  0x0000026c924fdd40 JavaThread "Unconstrained build operations Thread 80" [_thread_blocked, id=1340, stack(0x000000bf5c300000,0x000000bf5c400000)]
  0x0000026c924ffd20 JavaThread "jar transforms Thread 4" [_thread_blocked, id=17064, stack(0x000000bf5c400000,0x000000bf5c500000)]
  0x0000026c92500270 JavaThread "jar transforms Thread 5" [_thread_blocked, id=9404, stack(0x000000bf5c500000,0x000000bf5c600000)]
  0x0000026c924fe290 JavaThread "jar transforms Thread 6" [_thread_blocked, id=14592, stack(0x000000bf5c600000,0x000000bf5c700000)]
  0x0000026c91f82080 JavaThread "jar transforms Thread 7" [_thread_blocked, id=6928, stack(0x000000bf5c700000,0x000000bf5c800000)]
  0x0000026c91f86040 JavaThread "jar transforms Thread 8" [_thread_blocked, id=9664, stack(0x000000bf5c800000,0x000000bf5c900000)]
  0x0000026c95d1e950 JavaThread "C2 CompilerThread2" daemon [_thread_in_native, id=14856, stack(0x000000bf56600000,0x000000bf56700000)]
  0x0000026c91f84b00 JavaThread "Memory manager" [_thread_blocked, id=8340, stack(0x000000bf5c900000,0x000000bf5ca00000)]

Other Threads:
  0x0000026c8f9dbc40 VMThread "VM Thread" [stack: 0x000000bf54300000,0x000000bf54400000] [id=18624]
  0x0000026c904e7b10 WatcherThread [stack: 0x000000bf54f00000,0x000000bf55000000] [id=10948]
  0x0000026cf199ca30 GCTaskThread "GC Thread#0" [stack: 0x000000bf53e00000,0x000000bf53f00000] [id=18164]
  0x0000026c9102c020 GCTaskThread "GC Thread#1" [stack: 0x000000bf55200000,0x000000bf55300000] [id=8332]
  0x0000026c91194700 GCTaskThread "GC Thread#2" [stack: 0x000000bf55300000,0x000000bf55400000] [id=4100]
  0x0000026c9129bfa0 GCTaskThread "GC Thread#3" [stack: 0x000000bf55400000,0x000000bf55500000] [id=3664]
  0x0000026c912038b0 GCTaskThread "GC Thread#4" [stack: 0x000000bf55500000,0x000000bf55600000] [id=18336]
  0x0000026c9102cf60 GCTaskThread "GC Thread#5" [stack: 0x000000bf55600000,0x000000bf55700000] [id=11732]
  0x0000026c91b3e5e0 GCTaskThread "GC Thread#6" [stack: 0x000000bf56300000,0x000000bf56400000] [id=18876]
  0x0000026c92b447e0 GCTaskThread "GC Thread#7" [stack: 0x000000bf56400000,0x000000bf56500000] [id=2860]
  0x0000026cf19ada80 ConcurrentGCThread "G1 Main Marker" [stack: 0x000000bf53f00000,0x000000bf54000000] [id=19332]
  0x0000026cf19aec20 ConcurrentGCThread "G1 Conc#0" [stack: 0x000000bf54000000,0x000000bf54100000] [id=16508]
  0x0000026c94fc6500 ConcurrentGCThread "G1 Conc#1" [stack: 0x000000bf56d00000,0x000000bf56e00000] [id=9992]
  0x0000026c8f890090 ConcurrentGCThread "G1 Refine#0" [stack: 0x000000bf54100000,0x000000bf54200000] [id=9300]
  0x0000026c8f890920 ConcurrentGCThread "G1 Service" [stack: 0x000000bf54200000,0x000000bf54300000] [id=6892]

Threads with active compile tasks:
C2 CompilerThread0    10382 6835   !   4       com.sun.beans.TypeResolver::resolve (261 bytes)
C2 CompilerThread1    10382 6927   !   4       java.net.URLClassLoader::findClass (47 bytes)
C2 CompilerThread2    10382 6941 %     4       org.gradle.internal.instantiation.generator.AbstractClassGenerator::inspectType @ 107 (560 bytes)

VM state: not at safepoint (normal execution)

VM Mutex/Monitor currently owned by a thread: None

Heap address: 0x0000000080000000, size: 2048 MB, Compressed Oops mode: 32-bit

CDS archive(s) mapped at: [0x0000000800000000-0x0000000800bb0000-0x0000000800bb0000), size 12255232, SharedBaseAddress: 0x0000000800000000, ArchiveRelocationMode: 0.
Compressed class space mapped at: 0x0000000800c00000-0x0000000840c00000, reserved size: 1073741824
Narrow klass base: 0x0000000800000000, Narrow klass shift: 3, Narrow klass range: 0x100000000

GC Precious Log:
 CPUs: 8 total, 8 available
 Memory: 7103M
 Large Page Support: Disabled
 NUMA Support: Disabled
 Compressed Oops: Enabled (32-bit)
 Heap Region Size: 1M
 Heap Min Capacity: 8M
 Heap Initial Capacity: 112M
 Heap Max Capacity: 2G
 Pre-touch: Disabled
 Parallel Workers: 8
 Concurrent Workers: 2
 Concurrent Refinement Workers: 8
 Periodic GC: Disabled

Heap:
 garbage-first heap   total 107520K, used 76415K [0x0000000080000000, 0x0000000100000000)
  region size 1024K, 20 young (20480K), 3 survivors (3072K)
 Metaspace       used 58004K, committed 58496K, reserved 1105920K
  class space    used 7609K, committed 7872K, reserved 1048576K

Heap Regions: E=young(eden), S=young(survivor), O=old, HS=humongous(starts), HC=humongous(continues), CS=collection set, F=free, OA=open archive, CA=closed archive, TAMS=top-at-mark-start (previous, next)
|   0|0x0000000080000000, 0x0000000080100000, 0x0000000080100000|100%| O|  |TAMS 0x0000000080100000, 0x0000000080000000| Untracked 
|   1|0x0000000080100000, 0x0000000080200000, 0x0000000080200000|100%| O|  |TAMS 0x0000000080200000, 0x0000000080100000| Untracked 
|   2|0x0000000080200000, 0x0000000080300000, 0x0000000080300000|100%| O|  |TAMS 0x0000000080300000, 0x0000000080200000| Untracked 
|   3|0x0000000080300000, 0x0000000080400000, 0x0000000080400000|100%|HS|  |TAMS 0x0000000080400000, 0x0000000080300000| Complete 
|   4|0x0000000080400000, 0x0000000080500000, 0x0000000080500000|100%|HC|  |TAMS 0x0000000080500000, 0x0000000080400000| Complete 
|   5|0x0000000080500000, 0x0000000080600000, 0x0000000080600000|100%|HC|  |TAMS 0x0000000080600000, 0x0000000080500000| Complete 
|   6|0x0000000080600000, 0x0000000080700000, 0x0000000080700000|100%| O|  |TAMS 0x0000000080700000, 0x0000000080600000| Untracked 
|   7|0x0000000080700000, 0x0000000080800000, 0x0000000080800000|100%| O|  |TAMS 0x0000000080800000, 0x0000000080700000| Untracked 
|   8|0x0000000080800000, 0x0000000080900000, 0x0000000080900000|100%| O|  |TAMS 0x0000000080900000, 0x0000000080800000| Untracked 
|   9|0x0000000080900000, 0x0000000080a00000, 0x0000000080a00000|100%| O|  |TAMS 0x0000000080a00000, 0x0000000080900000| Untracked 
|  10|0x0000000080a00000, 0x0000000080b00000, 0x0000000080b00000|100%| O|  |TAMS 0x0000000080b00000, 0x0000000080a00000| Untracked 
|  11|0x0000000080b00000, 0x0000000080c00000, 0x0000000080c00000|100%| O|  |TAMS 0x0000000080c00000, 0x0000000080b00000| Untracked 
|  12|0x0000000080c00000, 0x0000000080d00000, 0x0000000080d00000|100%| O|  |TAMS 0x0000000080d00000, 0x0000000080c00000| Untracked 
|  13|0x0000000080d00000, 0x0000000080e00000, 0x0000000080e00000|100%| O|  |TAMS 0x0000000080e00000, 0x0000000080d00000| Untracked 
|  14|0x0000000080e00000, 0x0000000080f00000, 0x0000000080f00000|100%| O|  |TAMS 0x0000000080f00000, 0x0000000080e00000| Untracked 
|  15|0x0000000080f00000, 0x0000000081000000, 0x0000000081000000|100%| O|  |TAMS 0x0000000081000000, 0x0000000080f00000| Untracked 
|  16|0x0000000081000000, 0x0000000081100000, 0x0000000081100000|100%| O|  |TAMS 0x0000000081100000, 0x0000000081000000| Untracked 
|  17|0x0000000081100000, 0x00000000811c6800, 0x0000000081200000| 77%| O|  |TAMS 0x00000000811c6800, 0x0000000081100000| Untracked 
|  18|0x0000000081200000, 0x0000000081300000, 0x0000000081300000|100%| O|  |TAMS 0x0000000081300000, 0x0000000081200000| Untracked 
|  19|0x0000000081300000, 0x0000000081400000, 0x0000000081400000|100%| O|  |TAMS 0x0000000081400000, 0x0000000081300000| Untracked 
|  20|0x0000000081400000, 0x0000000081500000, 0x0000000081500000|100%| O|  |TAMS 0x0000000081500000, 0x0000000081400000| Untracked 
|  21|0x0000000081500000, 0x0000000081600000, 0x0000000081600000|100%| O|  |TAMS 0x0000000081600000, 0x0000000081500000| Untracked 
|  22|0x0000000081600000, 0x0000000081700000, 0x0000000081700000|100%| O|  |TAMS 0x0000000081700000, 0x0000000081600000| Untracked 
|  23|0x0000000081700000, 0x0000000081800000, 0x0000000081800000|100%| O|  |TAMS 0x0000000081800000, 0x0000000081700000| Untracked 
|  24|0x0000000081800000, 0x0000000081900000, 0x0000000081900000|100%| O|  |TAMS 0x0000000081900000, 0x0000000081800000| Untracked 
|  25|0x0000000081900000, 0x0000000081a00000, 0x0000000081a00000|100%| O|  |TAMS 0x0000000081a00000, 0x0000000081900000| Untracked 
|  26|0x0000000081a00000, 0x0000000081b00000, 0x0000000081b00000|100%|HS|  |TAMS 0x0000000081b00000, 0x0000000081a00000| Complete 
|  27|0x0000000081b00000, 0x0000000081c00000, 0x0000000081c00000|100%|HS|  |TAMS 0x0000000081c00000, 0x0000000081b00000| Complete 
|  28|0x0000000081c00000, 0x0000000081d00000, 0x0000000081d00000|100%| O|  |TAMS 0x0000000081d00000, 0x0000000081c00000| Untracked 
|  29|0x0000000081d00000, 0x0000000081e00000, 0x0000000081e00000|100%| O|  |TAMS 0x0000000081e00000, 0x0000000081d00000| Untracked 
|  30|0x0000000081e00000, 0x0000000081f00000, 0x0000000081f00000|100%| O|  |TAMS 0x0000000081f00000, 0x0000000081e00000| Untracked 
|  31|0x0000000081f00000, 0x0000000082000000, 0x0000000082000000|100%| O|  |TAMS 0x0000000082000000, 0x0000000081f00000| Untracked 
|  32|0x0000000082000000, 0x0000000082100000, 0x0000000082100000|100%| O|  |TAMS 0x0000000082100000, 0x0000000082000000| Untracked 
|  33|0x0000000082100000, 0x0000000082200000, 0x0000000082200000|100%| O|  |TAMS 0x0000000082200000, 0x0000000082100000| Untracked 
|  34|0x0000000082200000, 0x0000000082300000, 0x0000000082300000|100%| O|  |TAMS 0x0000000082300000, 0x0000000082200000| Untracked 
|  35|0x0000000082300000, 0x0000000082400000, 0x0000000082400000|100%| O|  |TAMS 0x0000000082400000, 0x0000000082300000| Untracked 
|  36|0x0000000082400000, 0x0000000082500000, 0x0000000082500000|100%| O|  |TAMS 0x0000000082500000, 0x0000000082400000| Untracked 
|  37|0x0000000082500000, 0x0000000082600000, 0x0000000082600000|100%| O|  |TAMS 0x0000000082600000, 0x0000000082500000| Untracked 
|  38|0x0000000082600000, 0x0000000082700000, 0x0000000082700000|100%| O|  |TAMS 0x0000000082700000, 0x0000000082600000| Untracked 
|  39|0x0000000082700000, 0x0000000082800000, 0x0000000082800000|100%|HS|  |TAMS 0x0000000082800000, 0x0000000082700000| Complete 
|  40|0x0000000082800000, 0x0000000082900000, 0x0000000082900000|100%| O|  |TAMS 0x0000000082900000, 0x0000000082800000| Untracked 
|  41|0x0000000082900000, 0x0000000082a00000, 0x0000000082a00000|100%|HS|  |TAMS 0x0000000082a00000, 0x0000000082900000| Complete 
|  42|0x0000000082a00000, 0x0000000082b00000, 0x0000000082b00000|100%|HC|  |TAMS 0x0000000082b00000, 0x0000000082a00000| Complete 
|  43|0x0000000082b00000, 0x0000000082c00000, 0x0000000082c00000|100%| O|  |TAMS 0x0000000082c00000, 0x0000000082b00000| Untracked 
|  44|0x0000000082c00000, 0x0000000082d00000, 0x0000000082d00000|100%| O|  |TAMS 0x0000000082d00000, 0x0000000082c00000| Untracked 
|  45|0x0000000082d00000, 0x0000000082e00000, 0x0000000082e00000|100%| O|  |TAMS 0x0000000082e00000, 0x0000000082d00000| Untracked 
|  46|0x0000000082e00000, 0x0000000082f00000, 0x0000000082f00000|100%| O|  |TAMS 0x0000000082f00000, 0x0000000082e00000| Untracked 
|  47|0x0000000082f00000, 0x0000000083000000, 0x0000000083000000|100%| O|  |TAMS 0x0000000083000000, 0x0000000082f00000| Untracked 
|  48|0x0000000083000000, 0x0000000083100000, 0x0000000083100000|100%| O|  |TAMS 0x0000000083100000, 0x0000000083000000| Untracked 
|  49|0x0000000083100000, 0x0000000083200000, 0x0000000083200000|100%| O|  |TAMS 0x0000000083200000, 0x0000000083100000| Untracked 
|  50|0x0000000083200000, 0x0000000083300000, 0x0000000083300000|100%| O|  |TAMS 0x0000000083300000, 0x0000000083200000| Untracked 
|  51|0x0000000083300000, 0x0000000083400000, 0x0000000083400000|100%| O|  |TAMS 0x0000000083400000, 0x0000000083300000| Untracked 
|  52|0x0000000083400000, 0x0000000083500000, 0x0000000083500000|100%| O|  |TAMS 0x0000000083500000, 0x0000000083400000| Untracked 
|  53|0x0000000083500000, 0x0000000083600000, 0x0000000083600000|100%| O|  |TAMS 0x000000008358e000, 0x0000000083500000| Untracked 
|  54|0x0000000083600000, 0x0000000083700000, 0x0000000083700000|100%| O|  |TAMS 0x0000000083600000, 0x0000000083600000| Untracked 
|  55|0x0000000083700000, 0x0000000083800000, 0x0000000083800000|100%| O|  |TAMS 0x0000000083700000, 0x0000000083700000| Untracked 
|  56|0x0000000083800000, 0x00000000838a5a00, 0x0000000083900000| 64%| O|  |TAMS 0x0000000083800000, 0x0000000083800000| Untracked 
|  57|0x0000000083900000, 0x0000000083900000, 0x0000000083a00000|  0%| F|  |TAMS 0x0000000083900000, 0x0000000083900000| Untracked 
|  58|0x0000000083a00000, 0x0000000083a00000, 0x0000000083b00000|  0%| F|  |TAMS 0x0000000083a00000, 0x0000000083a00000| Untracked 
|  59|0x0000000083b00000, 0x0000000083b00000, 0x0000000083c00000|  0%| F|  |TAMS 0x0000000083b00000, 0x0000000083b00000| Untracked 
|  60|0x0000000083c00000, 0x0000000083c00000, 0x0000000083d00000|  0%| F|  |TAMS 0x0000000083c00000, 0x0000000083c00000| Untracked 
|  61|0x0000000083d00000, 0x0000000083d00000, 0x0000000083e00000|  0%| F|  |TAMS 0x0000000083d00000, 0x0000000083d00000| Untracked 
|  62|0x0000000083e00000, 0x0000000083e00000, 0x0000000083f00000|  0%| F|  |TAMS 0x0000000083e00000, 0x0000000083e00000| Untracked 
|  63|0x0000000083f00000, 0x0000000083f00000, 0x0000000084000000|  0%| F|  |TAMS 0x0000000083f00000, 0x0000000083f00000| Untracked 
|  64|0x0000000084000000, 0x0000000084000000, 0x0000000084100000|  0%| F|  |TAMS 0x0000000084000000, 0x0000000084000000| Untracked 
|  65|0x0000000084100000, 0x0000000084100000, 0x0000000084200000|  0%| F|  |TAMS 0x0000000084100000, 0x0000000084100000| Untracked 
|  66|0x0000000084200000, 0x0000000084200000, 0x0000000084300000|  0%| F|  |TAMS 0x0000000084200000, 0x0000000084200000| Untracked 
|  67|0x0000000084300000, 0x0000000084300000, 0x0000000084400000|  0%| F|  |TAMS 0x0000000084300000, 0x0000000084300000| Untracked 
|  68|0x0000000084400000, 0x0000000084400000, 0x0000000084500000|  0%| F|  |TAMS 0x0000000084400000, 0x0000000084400000| Untracked 
|  69|0x0000000084500000, 0x0000000084500000, 0x0000000084600000|  0%| F|  |TAMS 0x0000000084500000, 0x0000000084500000| Untracked 
|  70|0x0000000084600000, 0x0000000084600000, 0x0000000084700000|  0%| F|  |TAMS 0x0000000084600000, 0x0000000084600000| Untracked 
|  71|0x0000000084700000, 0x0000000084700000, 0x0000000084800000|  0%| F|  |TAMS 0x0000000084700000, 0x0000000084700000| Untracked 
|  72|0x0000000084800000, 0x0000000084800000, 0x0000000084900000|  0%| F|  |TAMS 0x0000000084800000, 0x0000000084800000| Untracked 
|  73|0x0000000084900000, 0x0000000084900000, 0x0000000084a00000|  0%| F|  |TAMS 0x0000000084900000, 0x0000000084900000| Untracked 
|  74|0x0000000084a00000, 0x0000000084a00000, 0x0000000084b00000|  0%| F|  |TAMS 0x0000000084a00000, 0x0000000084a00000| Untracked 
|  75|0x0000000084b00000, 0x0000000084b33a38, 0x0000000084c00000| 20%| S|CS|TAMS 0x0000000084b00000, 0x0000000084b00000| Complete 
|  76|0x0000000084c00000, 0x0000000084d00000, 0x0000000084d00000|100%| S|CS|TAMS 0x0000000084c00000, 0x0000000084c00000| Complete 
|  77|0x0000000084d00000, 0x0000000084e00000, 0x0000000084e00000|100%| S|CS|TAMS 0x0000000084d00000, 0x0000000084d00000| Complete 
|  78|0x0000000084e00000, 0x0000000084e00000, 0x0000000084f00000|  0%| F|  |TAMS 0x0000000084e00000, 0x0000000084e00000| Untracked 
|  79|0x0000000084f00000, 0x0000000084f00000, 0x0000000085000000|  0%| F|  |TAMS 0x0000000084f00000, 0x0000000084f00000| Untracked 
|  80|0x0000000085000000, 0x0000000085000000, 0x0000000085100000|  0%| F|  |TAMS 0x0000000085000000, 0x0000000085000000| Untracked 
|  81|0x0000000085100000, 0x0000000085100000, 0x0000000085200000|  0%| F|  |TAMS 0x0000000085100000, 0x0000000085100000| Untracked 
|  82|0x0000000085200000, 0x0000000085200000, 0x0000000085300000|  0%| F|  |TAMS 0x0000000085200000, 0x0000000085200000| Untracked 
|  83|0x0000000085300000, 0x0000000085300000, 0x0000000085400000|  0%| F|  |TAMS 0x0000000085300000, 0x0000000085300000| Untracked 
|  84|0x0000000085400000, 0x0000000085400000, 0x0000000085500000|  0%| F|  |TAMS 0x0000000085400000, 0x0000000085400000| Untracked 
|  85|0x0000000085500000, 0x0000000085500000, 0x0000000085600000|  0%| F|  |TAMS 0x0000000085500000, 0x0000000085500000| Untracked 
|  86|0x0000000085600000, 0x0000000085600000, 0x0000000085700000|  0%| F|  |TAMS 0x0000000085600000, 0x0000000085600000| Untracked 
|  87|0x0000000085700000, 0x0000000085700000, 0x0000000085800000|  0%| F|  |TAMS 0x0000000085700000, 0x0000000085700000| Untracked 
|  88|0x0000000085800000, 0x00000000858d2a10, 0x0000000085900000| 82%| E|  |TAMS 0x0000000085800000, 0x0000000085800000| Complete 
|  89|0x0000000085900000, 0x0000000085a00000, 0x0000000085a00000|100%| E|CS|TAMS 0x0000000085900000, 0x0000000085900000| Complete 
|  90|0x0000000085a00000, 0x0000000085b00000, 0x0000000085b00000|100%| E|CS|TAMS 0x0000000085a00000, 0x0000000085a00000| Complete 
|  91|0x0000000085b00000, 0x0000000085c00000, 0x0000000085c00000|100%| E|CS|TAMS 0x0000000085b00000, 0x0000000085b00000| Complete 
|  92|0x0000000085c00000, 0x0000000085d00000, 0x0000000085d00000|100%| E|CS|TAMS 0x0000000085c00000, 0x0000000085c00000| Complete 
|  93|0x0000000085d00000, 0x0000000085e00000, 0x0000000085e00000|100%| E|CS|TAMS 0x0000000085d00000, 0x0000000085d00000| Complete 
|  94|0x0000000085e00000, 0x0000000085f00000, 0x0000000085f00000|100%| E|CS|TAMS 0x0000000085e00000, 0x0000000085e00000| Complete 
|  95|0x0000000085f00000, 0x0000000086000000, 0x0000000086000000|100%| E|CS|TAMS 0x0000000085f00000, 0x0000000085f00000| Complete 
|  96|0x0000000086000000, 0x0000000086100000, 0x0000000086100000|100%| E|CS|TAMS 0x0000000086000000, 0x0000000086000000| Complete 
|  97|0x0000000086100000, 0x0000000086200000, 0x0000000086200000|100%| E|CS|TAMS 0x0000000086100000, 0x0000000086100000| Complete 
|  98|0x0000000086200000, 0x0000000086300000, 0x0000000086300000|100%| E|CS|TAMS 0x0000000086200000, 0x0000000086200000| Complete 
|  99|0x0000000086300000, 0x0000000086400000, 0x0000000086400000|100%| E|CS|TAMS 0x0000000086300000, 0x0000000086300000| Complete 
| 100|0x0000000086400000, 0x0000000086500000, 0x0000000086500000|100%| E|CS|TAMS 0x0000000086400000, 0x0000000086400000| Complete 
| 101|0x0000000086500000, 0x0000000086600000, 0x0000000086600000|100%| E|CS|TAMS 0x0000000086500000, 0x0000000086500000| Complete 
| 102|0x0000000086600000, 0x0000000086700000, 0x0000000086700000|100%| E|CS|TAMS 0x0000000086600000, 0x0000000086600000| Complete 
| 103|0x0000000086700000, 0x0000000086800000, 0x0000000086800000|100%| E|CS|TAMS 0x0000000086700000, 0x0000000086700000| Complete 
| 111|0x0000000086f00000, 0x0000000087000000, 0x0000000087000000|100%| E|CS|TAMS 0x0000000086f00000, 0x0000000086f00000| Complete 

Card table byte_map: [0x0000026cf9800000,0x0000026cf9c00000] _byte_map_base: 0x0000026cf9400000

Marking Bits (Prev, Next): (CMBitMap*) 0x0000026cf199d030, (CMBitMap*) 0x0000026cf199d070
 Prev Bits: [0x0000026cfa000000, 0x0000026cfc000000)
 Next Bits: [0x0000026cfc000000, 0x0000026cfe000000)

Polling page: 0x0000026cef850000

Metaspace:

Usage:
  Non-class:     49.24 MB used.
      Class:      7.44 MB used.
       Both:     56.67 MB used.

Virtual space:
  Non-class space:       56.00 MB reserved,      49.50 MB ( 88%) committed,  7 nodes.
      Class space:        1.00 GB reserved,       7.69 MB ( <1%) committed,  1 nodes.
              Both:        1.05 GB reserved,      57.19 MB (  5%) committed. 

Chunk freelists:
   Non-Class:  1.61 MB
       Class:  288.00 KB
        Both:  1.89 MB

MaxMetaspaceSize: 17179869184.00 GB
CompressedClassSpaceSize: 1.00 GB
 - commit_granule_bytes: 65536.
 - commit_granule_words: 8192.
 - virtual_space_node_default_size: 1048576.
 - enlarge_chunks_in_place: 1.
 - new_chunks_are_fully_committed: 0.
 - uncommit_free_chunks: 1.
 - use_allocation_guard: 0.
 - handle_deallocations: 1.


Internal statistics:

num_allocs_failed_limit: 6.
num_arena_births: 548.
num_arena_deaths: 0.
num_vsnodes_births: 8.
num_vsnodes_deaths: 0.
num_space_committed: 915.
num_space_uncommitted: 0.
num_chunks_returned_to_freelist: 6.
num_chunks_taken_from_freelist: 2727.
num_chunk_merges: 6.
num_chunk_splits: 1864.
num_chunks_enlarged: 1305.
num_purges: 0.

CodeHeap 'non-profiled nmethods': size=120000Kb used=3577Kb max_used=3622Kb free=116422Kb
 bounds [0x0000026c87ad0000, 0x0000026c87e60000, 0x0000026c8f000000]
CodeHeap 'profiled nmethods': size=120000Kb used=12008Kb max_used=12453Kb free=107992Kb
 bounds [0x0000026c805a0000, 0x0000026c811d0000, 0x0000026c87ad0000]
CodeHeap 'non-nmethods': size=5760Kb used=2425Kb max_used=2425Kb free=3334Kb
 bounds [0x0000026c80000000, 0x0000026c80270000, 0x0000026c805a0000]
 total_blobs=6998 nmethods=6112 adapters=796
 compilation: enabled
              stopped_count=0, restarted_count=0
 full_count=0

Compilation events (20 events):
Event: 10.269 Thread 0x0000026c8fa06a40 nmethod 6945 0x0000026c8068fc10 code [0x0000026c8068fdc0, 0x0000026c80690078]
Event: 10.274 Thread 0x0000026c8fa06a40 6947       1       org.gradle.api.internal.tasks.properties.annotations.OutputPropertyRoleAnnotationHandler::getAnnotationTypes (5 bytes)
Event: 10.275 Thread 0x0000026c8fa06a40 nmethod 6947 0x0000026c87cb2090 code [0x0000026c87cb2220, 0x0000026c87cb22f8]
Event: 10.286 Thread 0x0000026c8fa06a40 6950       1       com.android.build.gradle.internal.services.ProjectServices::getObjectFactory (5 bytes)
Event: 10.286 Thread 0x0000026c8fa06a40 nmethod 6950 0x0000026c87c00490 code [0x0000026c87c00620, 0x0000026c87c006f8]
Event: 10.291 Thread 0x0000026c8fa06a40 6951       3       org.gradle.api.internal.provider.AbstractMinimalProvider::asSupplier (96 bytes)
Event: 10.292 Thread 0x0000026c8fa06a40 nmethod 6951 0x0000026c80754b90 code [0x0000026c80754f20, 0x0000026c80756a28]
Event: 10.292 Thread 0x0000026c8fa06a40 6952       3       kotlin.jvm.internal.Lambda::<init> (10 bytes)
Event: 10.293 Thread 0x0000026c8fa06a40 nmethod 6952 0x0000026c80649b10 code [0x0000026c80649cc0, 0x0000026c80649e38]
Event: 10.296 Thread 0x0000026c8fa06a40 6953       3       java.util.regex.Matcher::appendTail (19 bytes)
Event: 10.296 Thread 0x0000026c8fa06a40 nmethod 6953 0x0000026c808e7790 code [0x0000026c808e7960, 0x0000026c808e7c58]
Event: 10.305 Thread 0x0000026c8fa06a40 6954   !   3       jdk.internal.reflect.GeneratedConstructorAccessor2::newInstance (53 bytes)
Event: 10.305 Thread 0x0000026c8fa06a40 nmethod 6954 0x0000026c808e6810 code [0x0000026c808e6a60, 0x0000026c808e7328]
Event: 10.341 Thread 0x0000026c8fa06a40 6956       1       com.google.common.cache.LocalCache$2::poll (2 bytes)
Event: 10.341 Thread 0x0000026c8fa06a40 nmethod 6956 0x0000026c87c00190 code [0x0000026c87c00320, 0x0000026c87c003f8]
Event: 10.342 Thread 0x0000026c8fa06a40 6957       3       org.gradle.configuration.internal.DefaultUserCodeApplicationContext$CurrentApplication::reapplyLater (10 bytes)
Event: 10.342 Thread 0x0000026c8fa06a40 nmethod 6957 0x0000026c80754610 code [0x0000026c807547c0, 0x0000026c80754a98]
Event: 10.342 Thread 0x0000026c8fa06a40 6958       3       org.gradle.configuration.internal.DefaultUserCodeApplicationContext$CurrentApplication$1::<init> (15 bytes)
Event: 10.343 Thread 0x0000026c8fa06a40 nmethod 6958 0x0000026c808e6390 code [0x0000026c808e6540, 0x0000026c808e6758]
Event: 10.343 Thread 0x0000026c8fa06a40 6959       3       org.gradle.api.internal.provider.DefaultValueSourceProviderFactory$ValueSourceProvider::calculateOwnValue (18 bytes)

GC Heap History (20 events):
Event: 7.115 GC heap before
{Heap before GC invocations=12 (full 0):
 garbage-first heap   total 75776K, used 39018K [0x0000000080000000, 0x0000000100000000)
  region size 1024K, 5 young (5120K), 4 survivors (4096K)
 Metaspace       used 38774K, committed 39168K, reserved 1089536K
  class space    used 5235K, committed 5440K, reserved 1048576K
}
Event: 7.118 GC heap after
{Heap after GC invocations=13 (full 0):
 garbage-first heap   total 75776K, used 39665K [0x0000000080000000, 0x0000000100000000)
  region size 1024K, 1 young (1024K), 1 survivors (1024K)
 Metaspace       used 38774K, committed 39168K, reserved 1089536K
  class space    used 5235K, committed 5440K, reserved 1048576K
}
Event: 7.196 GC heap before
{Heap before GC invocations=14 (full 0):
 garbage-first heap   total 75776K, used 44785K [0x0000000080000000, 0x0000000100000000)
  region size 1024K, 7 young (7168K), 1 survivors (1024K)
 Metaspace       used 38787K, committed 39232K, reserved 1089536K
  class space    used 5235K, committed 5440K, reserved 1048576K
}
Event: 7.198 GC heap after
{Heap after GC invocations=15 (full 0):
 garbage-first heap   total 75776K, used 44144K [0x0000000080000000, 0x0000000100000000)
  region size 1024K, 3 young (3072K), 3 survivors (3072K)
 Metaspace       used 38787K, committed 39232K, reserved 1089536K
  class space    used 5235K, committed 5440K, reserved 1048576K
}
Event: 7.423 GC heap before
{Heap before GC invocations=16 (full 0):
 garbage-first heap   total 83968K, used 57456K [0x0000000080000000, 0x0000000100000000)
  region size 1024K, 14 young (14336K), 3 survivors (3072K)
 Metaspace       used 39710K, committed 40192K, reserved 1089536K
  class space    used 5365K, committed 5568K, reserved 1048576K
}
Event: 7.426 GC heap after
{Heap after GC invocations=17 (full 0):
 garbage-first heap   total 101376K, used 48591K [0x0000000080000000, 0x0000000100000000)
  region size 1024K, 2 young (2048K), 2 survivors (2048K)
 Metaspace       used 39710K, committed 40192K, reserved 1089536K
  class space    used 5365K, committed 5568K, reserved 1048576K
}
Event: 7.757 GC heap before
{Heap before GC invocations=17 (full 0):
 garbage-first heap   total 101376K, used 68047K [0x0000000080000000, 0x0000000100000000)
  region size 1024K, 22 young (22528K), 2 survivors (2048K)
 Metaspace       used 42745K, committed 43136K, reserved 1089536K
  class space    used 5734K, committed 5888K, reserved 1048576K
}
Event: 7.760 GC heap after
{Heap after GC invocations=18 (full 0):
 garbage-first heap   total 101376K, used 49461K [0x0000000080000000, 0x0000000100000000)
  region size 1024K, 1 young (1024K), 1 survivors (1024K)
 Metaspace       used 42745K, committed 43136K, reserved 1089536K
  class space    used 5734K, committed 5888K, reserved 1048576K
}
Event: 8.226 GC heap before
{Heap before GC invocations=19 (full 0):
 garbage-first heap   total 101376K, used 71989K [0x0000000080000000, 0x0000000100000000)
  region size 1024K, 23 young (23552K), 1 survivors (1024K)
 Metaspace       used 46846K, committed 47296K, reserved 1097728K
  class space    used 6207K, committed 6400K, reserved 1048576K
}
Event: 8.228 GC heap after
{Heap after GC invocations=20 (full 0):
 garbage-first heap   total 101376K, used 50300K [0x0000000080000000, 0x0000000100000000)
  region size 1024K, 2 young (2048K), 2 survivors (2048K)
 Metaspace       used 46846K, committed 47296K, reserved 1097728K
  class space    used 6207K, committed 6400K, reserved 1048576K
}
Event: 8.755 GC heap before
{Heap before GC invocations=20 (full 0):
 garbage-first heap   total 101376K, used 73852K [0x0000000080000000, 0x0000000100000000)
  region size 1024K, 25 young (25600K), 2 survivors (2048K)
 Metaspace       used 51462K, committed 52032K, reserved 1097728K
  class space    used 6777K, committed 7040K, reserved 1048576K
}
Event: 8.759 GC heap after
{Heap after GC invocations=21 (full 0):
 garbage-first heap   total 101376K, used 52459K [0x0000000080000000, 0x0000000100000000)
  region size 1024K, 4 young (4096K), 4 survivors (4096K)
 Metaspace       used 51462K, committed 52032K, reserved 1097728K
  class space    used 6777K, committed 7040K, reserved 1048576K
}
Event: 9.084 GC heap before
{Heap before GC invocations=22 (full 0):
 garbage-first heap   total 102400K, used 74987K [0x0000000080000000, 0x0000000100000000)
  region size 1024K, 27 young (27648K), 4 survivors (4096K)
 Metaspace       used 53255K, committed 53760K, reserved 1097728K
  class space    used 6994K, committed 7232K, reserved 1048576K
}
Event: 9.089 GC heap after
{Heap after GC invocations=23 (full 0):
 garbage-first heap   total 102400K, used 54785K [0x0000000080000000, 0x0000000100000000)
  region size 1024K, 3 young (3072K), 3 survivors (3072K)
 Metaspace       used 53255K, committed 53760K, reserved 1097728K
  class space    used 6994K, committed 7232K, reserved 1048576K
}
Event: 9.361 GC heap before
{Heap before GC invocations=23 (full 0):
 garbage-first heap   total 102400K, used 69121K [0x0000000080000000, 0x0000000100000000)
  region size 1024K, 19 young (19456K), 3 survivors (3072K)
 Metaspace       used 54664K, committed 55232K, reserved 1097728K
  class space    used 7144K, committed 7424K, reserved 1048576K
}
Event: 9.364 GC heap after
{Heap after GC invocations=24 (full 0):
 garbage-first heap   total 102400K, used 56082K [0x0000000080000000, 0x0000000100000000)
  region size 1024K, 2 young (2048K), 2 survivors (2048K)
 Metaspace       used 54664K, committed 55232K, reserved 1097728K
  class space    used 7144K, committed 7424K, reserved 1048576K
}
Event: 9.742 GC heap before
{Heap before GC invocations=25 (full 0):
 garbage-first heap   total 102400K, used 80658K [0x0000000080000000, 0x0000000100000000)
  region size 1024K, 25 young (25600K), 2 survivors (2048K)
 Metaspace       used 55598K, committed 56128K, reserved 1105920K
  class space    used 7294K, committed 7552K, reserved 1048576K
}
Event: 9.746 GC heap after
{Heap after GC invocations=26 (full 0):
 garbage-first heap   total 102400K, used 57965K [0x0000000080000000, 0x0000000100000000)
  region size 1024K, 4 young (4096K), 4 survivors (4096K)
 Metaspace       used 55598K, committed 56128K, reserved 1105920K
  class space    used 7294K, committed 7552K, reserved 1048576K
}
Event: 10.005 GC heap before
{Heap before GC invocations=26 (full 0):
 garbage-first heap   total 102400K, used 80493K [0x0000000080000000, 0x0000000100000000)
  region size 1024K, 26 young (26624K), 4 survivors (4096K)
 Metaspace       used 56016K, committed 56512K, reserved 1105920K
  class space    used 7337K, committed 7616K, reserved 1048576K
}
Event: 10.011 GC heap after
{Heap after GC invocations=27 (full 0):
 garbage-first heap   total 102400K, used 60031K [0x0000000080000000, 0x0000000100000000)
  region size 1024K, 3 young (3072K), 3 survivors (3072K)
 Metaspace       used 56016K, committed 56512K, reserved 1105920K
  class space    used 7337K, committed 7616K, reserved 1048576K
}

Deoptimization events (20 events):
Event: 9.605 Thread 0x0000026c9250ce10 DEOPT PACKING pc=0x0000026c87e03640 sp=0x000000bf55cf4c30
Event: 9.605 Thread 0x0000026c9250ce10 DEOPT UNPACKING pc=0x0000026c8004d72e sp=0x000000bf55cf4bf8 mode 2
Event: 9.616 Thread 0x0000026c9250ce10 Uncommon trap: trap_request=0xffffff45 fr.pc=0x0000026c87d273b0 relative=0x0000000000000890
Event: 9.616 Thread 0x0000026c9250ce10 Uncommon trap: reason=unstable_if action=reinterpret pc=0x0000026c87d273b0 method=com.sun.beans.introspect.MethodInfo$MethodOrder.compare(Ljava/lang/reflect/Method;Ljava/lang/reflect/Method;)I @ 124 c2
Event: 9.616 Thread 0x0000026c9250ce10 DEOPT PACKING pc=0x0000026c87d273b0 sp=0x000000bf55cf8570
Event: 9.616 Thread 0x0000026c9250ce10 DEOPT UNPACKING pc=0x0000026c8004d72e sp=0x000000bf55cf84a0 mode 2
Event: 9.663 Thread 0x0000026c9250ce10 Uncommon trap: trap_request=0xffffff45 fr.pc=0x0000026c87cad654 relative=0x0000000000000414
Event: 9.663 Thread 0x0000026c9250ce10 Uncommon trap: reason=unstable_if action=reinterpret pc=0x0000026c87cad654 method=java.util.StringJoiner.add(Ljava/lang/CharSequence;)Ljava/util/StringJoiner; @ 33 c2
Event: 9.663 Thread 0x0000026c9250ce10 DEOPT PACKING pc=0x0000026c87cad654 sp=0x000000bf55cf7110
Event: 9.663 Thread 0x0000026c9250ce10 DEOPT UNPACKING pc=0x0000026c8004d72e sp=0x000000bf55cf70c0 mode 2
Event: 9.876 Thread 0x0000026c9250ce10 Uncommon trap: trap_request=0xffffff45 fr.pc=0x0000026c87d0d354 relative=0x0000000000000f74
Event: 9.876 Thread 0x0000026c9250ce10 Uncommon trap: reason=unstable_if action=reinterpret pc=0x0000026c87d0d354 method=org.codehaus.groovy.runtime.metaclass.MetaMethodIndex.isOverridden(Lgroovy/lang/MetaMethod;Lgroovy/lang/MetaMethod;)Z @ 33 c2
Event: 9.876 Thread 0x0000026c9250ce10 DEOPT PACKING pc=0x0000026c87d0d354 sp=0x000000bf55cf4610
Event: 9.876 Thread 0x0000026c9250ce10 DEOPT UNPACKING pc=0x0000026c8004d72e sp=0x000000bf55cf4558 mode 2
Event: 9.919 Thread 0x0000026c9250ce10 Uncommon trap: trap_request=0xffffff45 fr.pc=0x0000026c87d0ac24 relative=0x0000000000000e04
Event: 9.919 Thread 0x0000026c9250ce10 Uncommon trap: reason=unstable_if action=reinterpret pc=0x0000026c87d0ac24 method=org.codehaus.groovy.reflection.CachedMethod.compareToMethod(Ljava/lang/reflect/Method;)I @ 111 c2
Event: 9.919 Thread 0x0000026c9250ce10 DEOPT PACKING pc=0x0000026c87d0ac24 sp=0x000000bf55cf5bc0
Event: 9.919 Thread 0x0000026c9250ce10 DEOPT UNPACKING pc=0x0000026c8004d72e sp=0x000000bf55cf5b00 mode 2
Event: 10.276 Thread 0x0000026c9250ce10 DEOPT PACKING pc=0x0000026c809c7470 sp=0x000000bf55cf82d0
Event: 10.276 Thread 0x0000026c9250ce10 DEOPT UNPACKING pc=0x0000026c8004dece sp=0x000000bf55cf77b0 mode 0

Classes unloaded (0 events):
No events

Classes redefined (0 events):
No events

Internal exceptions (20 events):
Event: 9.886 Thread 0x0000026c9250ce10 Exception <a 'java/lang/ClassNotFoundException'{0x000000008539ed48}: com/android/build/gradle/internal/dsl/BuildType$AgpDecoratedCustomizer> (0x000000008539ed48) 
thrown [t:\workspace\open\src\hotspot\share\classfile\systemDictionary.cpp, line 256]
Event: 9.888 Thread 0x0000026c9250ce10 Exception <a 'java/lang/ClassNotFoundException'{0x00000000853dae70}: com/android/build/gradle/internal/dsl/BuildType$AgpDecorated_DecoratedCustomizer> (0x00000000853dae70) 
thrown [t:\workspace\open\src\hotspot\share\classfile\systemDictionary.cpp, line 256]
Event: 9.893 Thread 0x0000026c9250ce10 Exception <a 'java/lang/ClassNotFoundException'{0x00000000852a0ed8}: build_7p7wstnkz4ofhbu7hl5earztv$_run_closure1$_closure4BeanInfo> (0x00000000852a0ed8) 
thrown [t:\workspace\open\src\hotspot\share\classfile\systemDictionary.cpp, line 256]
Event: 9.894 Thread 0x0000026c9250ce10 Exception <a 'java/lang/ClassNotFoundException'{0x00000000852aa9a0}: build_7p7wstnkz4ofhbu7hl5earztv$_run_closure1$_closure4Customizer> (0x00000000852aa9a0) 
thrown [t:\workspace\open\src\hotspot\share\classfile\systemDictionary.cpp, line 256]
Event: 9.896 Thread 0x0000026c9250ce10 Exception <a 'java/lang/ClassNotFoundException'{0x00000000852d3148}: build_7p7wstnkz4ofhbu7hl5earztv$_run_closure1BeanInfo> (0x00000000852d3148) 
thrown [t:\workspace\open\src\hotspot\share\classfile\systemDictionary.cpp, line 256]
Event: 9.897 Thread 0x0000026c9250ce10 Exception <a 'java/lang/ClassNotFoundException'{0x00000000852dce70}: build_7p7wstnkz4ofhbu7hl5earztv$_run_closure1Customizer> (0x00000000852dce70) 
thrown [t:\workspace\open\src\hotspot\share\classfile\systemDictionary.cpp, line 256]
Event: 9.905 Thread 0x0000026c9250ce10 Exception <a 'java/lang/ClassNotFoundException'{0x0000000085116698}: org/gradle/api/JavaVersionBeanInfo> (0x0000000085116698) 
thrown [t:\workspace\open\src\hotspot\share\classfile\systemDictionary.cpp, line 256]
Event: 9.906 Thread 0x0000026c9250ce10 Exception <a 'java/lang/ClassNotFoundException'{0x0000000085129a50}: org/gradle/api/JavaVersionCustomizer> (0x0000000085129a50) 
thrown [t:\workspace\open\src\hotspot\share\classfile\systemDictionary.cpp, line 256]
Event: 9.911 Thread 0x0000026c9250ce10 Exception <a 'java/lang/ClassNotFoundException'{0x000000008517b278}: com/android/build/gradle/internal/CompileOptions$AgpDecorated_DecoratedBeanInfo> (0x000000008517b278) 
thrown [t:\workspace\open\src\hotspot\share\classfile\systemDictionary.cpp, line 256]
Event: 9.912 Thread 0x0000026c9250ce10 Exception <a 'java/lang/ClassNotFoundException'{0x0000000085186000}: com/android/build/gradle/internal/CompileOptions$AgpDecoratedBeanInfo> (0x0000000085186000) 
thrown [t:\workspace\open\src\hotspot\share\classfile\systemDictionary.cpp, line 256]
Event: 9.913 Thread 0x0000026c9250ce10 Exception <a 'java/lang/ClassNotFoundException'{0x0000000085191458}: com/android/build/gradle/internal/CompileOptionsBeanInfo> (0x0000000085191458) 
thrown [t:\workspace\open\src\hotspot\share\classfile\systemDictionary.cpp, line 256]
Event: 9.914 Thread 0x0000026c9250ce10 Exception <a 'java/lang/ClassNotFoundException'{0x000000008519c368}: com/android/build/gradle/internal/CompileOptionsCustomizer> (0x000000008519c368) 
thrown [t:\workspace\open\src\hotspot\share\classfile\systemDictionary.cpp, line 256]
Event: 9.916 Thread 0x0000026c9250ce10 Exception <a 'java/lang/ClassNotFoundException'{0x00000000851b30f8}: com/android/build/gradle/internal/CompileOptions$AgpDecoratedCustomizer> (0x00000000851b30f8) 
thrown [t:\workspace\open\src\hotspot\share\classfile\systemDictionary.cpp, line 256]
Event: 9.917 Thread 0x0000026c9250ce10 Exception <a 'java/lang/ClassNotFoundException'{0x00000000851cc2e0}: com/android/build/gradle/internal/CompileOptions$AgpDecorated_DecoratedCustomizer> (0x00000000851cc2e0) 
thrown [t:\workspace\open\src\hotspot\share\classfile\systemDictionary.cpp, line 256]
Event: 9.926 Thread 0x0000026c9250ce10 Exception <a 'java/lang/ClassNotFoundException'{0x0000000085056bb0}: com/android/build/gradle/internal/dsl/ApplicationBuildFeaturesImpl_DecoratedBeanInfo> (0x0000000085056bb0) 
thrown [t:\workspace\open\src\hotspot\share\classfile\systemDictionary.cpp, line 256]
Event: 9.927 Thread 0x0000026c9250ce10 Exception <a 'java/lang/ClassNotFoundException'{0x00000000850619e0}: com/android/build/gradle/internal/dsl/ApplicationBuildFeaturesImplBeanInfo> (0x00000000850619e0) 
thrown [t:\workspace\open\src\hotspot\share\classfile\systemDictionary.cpp, line 256]
Event: 9.927 Thread 0x0000026c9250ce10 Exception <a 'java/lang/ClassNotFoundException'{0x000000008506cef0}: com/android/build/gradle/internal/dsl/BuildFeaturesImplBeanInfo> (0x000000008506cef0) 
thrown [t:\workspace\open\src\hotspot\share\classfile\systemDictionary.cpp, line 256]
Event: 9.928 Thread 0x0000026c9250ce10 Exception <a 'java/lang/ClassNotFoundException'{0x00000000850781b8}: com/android/build/gradle/internal/dsl/BuildFeaturesImplCustomizer> (0x00000000850781b8) 
thrown [t:\workspace\open\src\hotspot\share\classfile\systemDictionary.cpp, line 256]
Event: 9.929 Thread 0x0000026c9250ce10 Exception <a 'java/lang/ClassNotFoundException'{0x000000008508e020}: com/android/build/gradle/internal/dsl/ApplicationBuildFeaturesImplCustomizer> (0x000000008508e020) 
thrown [t:\workspace\open\src\hotspot\share\classfile\systemDictionary.cpp, line 256]
Event: 9.932 Thread 0x0000026c9250ce10 Exception <a 'java/lang/ClassNotFoundException'{0x000000008509eb10}: com/android/build/gradle/internal/dsl/ApplicationBuildFeaturesImpl_DecoratedCustomizer> (0x000000008509eb10) 
thrown [t:\workspace\open\src\hotspot\share\classfile\systemDictionary.cpp, line 256]

Events (20 events):
Event: 9.602 loading class java/util/ArrayListCustomizer
Event: 9.602 loading class java/util/ArrayListCustomizer done
Event: 9.602 loading class java/util/ArrayListCustomizer
Event: 9.602 loading class java/util/ArrayListCustomizer done
Event: 9.700 loading class java/util/regex/Pattern$Neg
Event: 9.700 loading class java/util/regex/Pattern$Neg done
Event: 9.742 Executing  VM operation: G1CollectForAllocation
Event: 9.746 Executing  VM operation: G1CollectForAllocation done
Event: 9.808 loading class java/beans/IntrospectionException
Event: 9.808 loading class java/beans/IntrospectionException done
Event: 9.983 Executing  VM operation: HandshakeAllThreads
Event: 9.984 Executing  VM operation: HandshakeAllThreads done
Event: 10.005 Executing  VM operation: G1CollectForAllocation
Event: 10.011 Executing  VM operation: G1CollectForAllocation done
Event: 10.070 Executing  VM operation: G1Concurrent
Event: 10.074 Executing  VM operation: G1Concurrent done
Event: 10.107 Executing  VM operation: G1Concurrent
Event: 10.107 Executing  VM operation: G1Concurrent done
Event: 10.313 Executing  VM operation: ICBufferFull
Event: 10.313 Executing  VM operation: ICBufferFull done


Dynamic libraries:
0x00007ff6416c0000 - 0x00007ff6416ce000 	D:\jdk-16.0.2\bin\java.exe
0x00007ffc0f130000 - 0x00007ffc0f325000 	C:\WINDOWS\SYSTEM32\ntdll.dll
0x00007ffc0dcd0000 - 0x00007ffc0dd8d000 	C:\WINDOWS\System32\KERNEL32.DLL
0x00007ffc0ca10000 - 0x00007ffc0ccdd000 	C:\WINDOWS\System32\KERNELBASE.dll
0x00007ffc0cfd0000 - 0x00007ffc0d0d0000 	C:\WINDOWS\System32\ucrtbase.dll
0x00007ffc04990000 - 0x00007ffc049a9000 	D:\jdk-16.0.2\bin\VCRUNTIME140.dll
0x00007ffbfd1d0000 - 0x00007ffbfd1e8000 	D:\jdk-16.0.2\bin\jli.dll
0x00007ffc0df80000 - 0x00007ffc0e120000 	C:\WINDOWS\System32\USER32.dll
0x00007ffc0ced0000 - 0x00007ffc0cef2000 	C:\WINDOWS\System32\win32u.dll
0x00007ffbf6060000 - 0x00007ffbf62fa000 	C:\WINDOWS\WinSxS\amd64_microsoft.windows.common-controls_6595b64144ccf1df_6.0.19041.1110_none_60b5254171f9507e\COMCTL32.dll
0x00007ffc0f0c0000 - 0x00007ffc0f0ea000 	C:\WINDOWS\System32\GDI32.dll
0x00007ffc0d750000 - 0x00007ffc0d7ee000 	C:\WINDOWS\System32\msvcrt.dll
0x00007ffc0c840000 - 0x00007ffc0c94b000 	C:\WINDOWS\System32\gdi32full.dll
0x00007ffc0cf00000 - 0x00007ffc0cf9d000 	C:\WINDOWS\System32\msvcp_win.dll
0x00007ffc0f030000 - 0x00007ffc0f060000 	C:\WINDOWS\System32\IMM32.DLL
0x00007ffc04e20000 - 0x00007ffc04e2c000 	D:\jdk-16.0.2\bin\vcruntime140_1.dll
0x00007ffbe2ec0000 - 0x00007ffbe2f51000 	D:\jdk-16.0.2\bin\msvcp140.dll
0x00007ffbc9550000 - 0x00007ffbca0fb000 	D:\jdk-16.0.2\bin\server\jvm.dll
0x00007ffc0d570000 - 0x00007ffc0d61e000 	C:\WINDOWS\System32\ADVAPI32.dll
0x00007ffc0e140000 - 0x00007ffc0e1dc000 	C:\WINDOWS\System32\sechost.dll
0x00007ffc0d620000 - 0x00007ffc0d745000 	C:\WINDOWS\System32\RPCRT4.dll
0x00007ffc0ded0000 - 0x00007ffc0ded8000 	C:\WINDOWS\System32\PSAPI.DLL
0x00007ffc049e0000 - 0x00007ffc049e9000 	C:\WINDOWS\SYSTEM32\WSOCK32.dll
0x00007ffc02100000 - 0x00007ffc02127000 	C:\WINDOWS\SYSTEM32\WINMM.dll
0x00007ffc02be0000 - 0x00007ffc02bea000 	C:\WINDOWS\SYSTEM32\VERSION.dll
0x00007ffc0efc0000 - 0x00007ffc0f02b000 	C:\WINDOWS\System32\WS2_32.dll
0x00007ffc0b120000 - 0x00007ffc0b132000 	C:\WINDOWS\SYSTEM32\kernel.appcore.dll
0x00007ffc03c10000 - 0x00007ffc03c1a000 	D:\jdk-16.0.2\bin\jimage.dll
0x00007ffc0ab80000 - 0x00007ffc0ad64000 	C:\WINDOWS\SYSTEM32\DBGHELP.DLL
0x00007ffbff190000 - 0x00007ffbff1bc000 	C:\WINDOWS\SYSTEM32\dbgcore.DLL
0x00007ffc0ce40000 - 0x00007ffc0cec2000 	C:\WINDOWS\System32\bcryptPrimitives.dll
0x00007ffbfd1a0000 - 0x00007ffbfd1c5000 	D:\jdk-16.0.2\bin\java.dll
0x00007ffc0e390000 - 0x00007ffc0ead4000 	C:\WINDOWS\System32\SHELL32.dll
0x00007ffc0a310000 - 0x00007ffc0aaa4000 	C:\WINDOWS\SYSTEM32\windows.storage.dll
0x00007ffc0eae0000 - 0x00007ffc0ee34000 	C:\WINDOWS\System32\combase.dll
0x00007ffc0c1d0000 - 0x00007ffc0c1fc000 	C:\WINDOWS\SYSTEM32\Wldp.dll
0x00007ffc0d440000 - 0x00007ffc0d4ed000 	C:\WINDOWS\System32\SHCORE.dll
0x00007ffc0f060000 - 0x00007ffc0f0b5000 	C:\WINDOWS\System32\shlwapi.dll
0x00007ffc0c780000 - 0x00007ffc0c79f000 	C:\WINDOWS\SYSTEM32\profapi.dll
0x00007ffbfd180000 - 0x00007ffbfd199000 	D:\jdk-16.0.2\bin\net.dll
0x00007ffbff3a0000 - 0x00007ffbff4aa000 	C:\WINDOWS\SYSTEM32\WINHTTP.dll
0x00007ffc0bf30000 - 0x00007ffc0bf9a000 	C:\WINDOWS\system32\mswsock.dll
0x00007ffbfd120000 - 0x00007ffbfd133000 	D:\jdk-16.0.2\bin\nio.dll
0x00007ffbf9060000 - 0x00007ffbf9078000 	D:\jdk-16.0.2\bin\zip.dll
0x00007ffbff330000 - 0x00007ffbff340000 	D:\jdk-16.0.2\bin\verify.dll
0x00007ffbebe90000 - 0x00007ffbebeb7000 	C:\Users\yiqua\.gradle\native\e1d6ef7f7dcc3fd88c89a11ec53ec762bb8ba0a96d01ffa2cd45eb1d1d8dd5c5\windows-amd64\native-platform.dll
0x00007ffbdb7d0000 - 0x00007ffbdb914000 	C:\Users\yiqua\.gradle\native\5664cfc778a61ccfe75a443a1ab52a65af34e5dc3c78e0209fed803814484fcb\windows-amd64\native-platform-file-events.dll
0x00007ffbfd110000 - 0x00007ffbfd119000 	D:\jdk-16.0.2\bin\management.dll
0x00007ffbf9050000 - 0x00007ffbf905b000 	D:\jdk-16.0.2\bin\management_ext.dll
0x00007ffc0c130000 - 0x00007ffc0c148000 	C:\WINDOWS\SYSTEM32\CRYPTSP.dll
0x00007ffc0b8b0000 - 0x00007ffc0b8e4000 	C:\WINDOWS\system32\rsaenh.dll
0x00007ffc0cfa0000 - 0x00007ffc0cfc7000 	C:\WINDOWS\System32\bcrypt.dll
0x00007ffc0c740000 - 0x00007ffc0c76e000 	C:\WINDOWS\SYSTEM32\USERENV.dll
0x00007ffc0c120000 - 0x00007ffc0c12c000 	C:\WINDOWS\SYSTEM32\CRYPTBASE.dll
0x00007ffc0bc20000 - 0x00007ffc0bc5b000 	C:\WINDOWS\SYSTEM32\IPHLPAPI.DLL
0x00007ffc0d430000 - 0x00007ffc0d438000 	C:\WINDOWS\System32\NSI.dll
0x00007ffc02d20000 - 0x00007ffc02d37000 	C:\WINDOWS\SYSTEM32\dhcpcsvc6.DLL
0x00007ffc03fb0000 - 0x00007ffc03fcd000 	C:\WINDOWS\SYSTEM32\dhcpcsvc.DLL
0x00007ffc0bc60000 - 0x00007ffc0bd2b000 	C:\WINDOWS\SYSTEM32\DNSAPI.dll
0x00007ffbf9040000 - 0x00007ffbf904e000 	D:\jdk-16.0.2\bin\sunmscapi.dll
0x00007ffc0cce0000 - 0x00007ffc0ce36000 	C:\WINDOWS\System32\CRYPT32.dll
0x00007ffc0c240000 - 0x00007ffc0c267000 	C:\WINDOWS\SYSTEM32\ncrypt.dll
0x00007ffc0c200000 - 0x00007ffc0c23b000 	C:\WINDOWS\SYSTEM32\NTASN1.dll
0x00007ffbf8ff0000 - 0x00007ffbf8ff7000 	C:\WINDOWS\system32\wshunix.dll

dbghelp: loaded successfully - version: 4.0.5 - missing functions: none
symbol engine: initialized successfully - sym options: 0x614 - pdb path: .;D:\jdk-16.0.2\bin;C:\WINDOWS\SYSTEM32;C:\WINDOWS\WinSxS\amd64_microsoft.windows.common-controls_6595b64144ccf1df_6.0.19041.1110_none_60b5254171f9507e;D:\jdk-16.0.2\bin\server;C:\Users\yiqua\.gradle\native\e1d6ef7f7dcc3fd88c89a11ec53ec762bb8ba0a96d01ffa2cd45eb1d1d8dd5c5\windows-amd64;C:\Users\yiqua\.gradle\native\5664cfc778a61ccfe75a443a1ab52a65af34e5dc3c78e0209fed803814484fcb\windows-amd64

VM Arguments:
jvm_args: --add-opens=java.base/java.util=ALL-UNNAMED --add-opens=java.base/java.lang=ALL-UNNAMED --add-opens=java.base/java.lang.invoke=ALL-UNNAMED --add-opens=java.base/java.util=ALL-UNNAMED --add-opens=java.prefs/java.util.prefs=ALL-UNNAMED --add-opens=java.prefs/java.util.prefs=ALL-UNNAMED --add-opens=java.base/java.nio.charset=ALL-UNNAMED --add-opens=java.base/java.net=ALL-UNNAMED --add-opens=java.base/java.util.concurrent.atomic=ALL-UNNAMED -Xmx2048m -Dfile.encoding=UTF-8 -Duser.country=CN -Duser.language=zh -Duser.variant 
java_command: org.gradle.launcher.daemon.bootstrap.GradleDaemon 7.2
java_class_path (initial): C:\Users\yiqua\.gradle\wrapper\dists\gradle-7.2-bin\2dnblmf4td7x66yl1d74lt32g\gradle-7.2\lib\gradle-launcher-7.2.jar
Launcher Type: SUN_STANDARD

[Global flags]
     intx CICompilerCount                          = 4                                         {product} {ergonomic}
     uint ConcGCThreads                            = 2                                         {product} {ergonomic}
     uint G1ConcRefinementThreads                  = 8                                         {product} {ergonomic}
   size_t G1HeapRegionSize                         = 1048576                                   {product} {ergonomic}
    uintx GCDrainStackTargetSize                   = 64                                        {product} {ergonomic}
   size_t InitialHeapSize                          = 117440512                                 {product} {ergonomic}
   size_t MarkStackSize                            = 4194304                                   {product} {ergonomic}
   size_t MaxHeapSize                              = 2147483648                                {product} {command line}
   size_t MaxNewSize                               = 1287651328                                {product} {ergonomic}
   size_t MinHeapDeltaBytes                        = 1048576                                   {product} {ergonomic}
   size_t MinHeapSize                              = 8388608                                   {product} {ergonomic}
    uintx NonNMethodCodeHeapSize                   = 5839372                                {pd product} {ergonomic}
    uintx NonProfiledCodeHeapSize                  = 122909434                              {pd product} {ergonomic}
    uintx ProfiledCodeHeapSize                     = 122909434                              {pd product} {ergonomic}
    uintx ReservedCodeCacheSize                    = 251658240                              {pd product} {ergonomic}
     bool SegmentedCodeCache                       = true                                      {product} {ergonomic}
   size_t SoftMaxHeapSize                          = 2147483648                             {manageable} {ergonomic}
     bool UseCompressedClassPointers               = true                           {product lp64_product} {ergonomic}
     bool UseCompressedOops                        = true                           {product lp64_product} {ergonomic}
     bool UseG1GC                                  = true                                      {product} {ergonomic}
     bool UseLargePagesIndividualAllocation        = false                                  {pd product} {ergonomic}

Logging:
Log output configuration:
 #0: stdout all=warning uptime,level,tags
 #1: stderr all=off uptime,level,tags

Environment Variables:
PATH=C:\ProgramData\Oracle\Java\javapath;C:\Program Files\Zulu\zulu-17\bin\;C:\Program Files\Common Files\Oracle\Java\javapath;C:\WINDOWS\system32;C:\WINDOWS;C:\WINDOWS\System32\Wbem;C:\WINDOWS\System32\WindowsPowerShell\v1.0\;C:\WINDOWS\System32\OpenSSH\;C:\Program Files\Git\cmd;C:\Program Files\dotnet\;C:\Program Files\Microsoft SQL Server\130\Tools\Binn\;C:\Program Files\MySQL\MySQL Shell 8.0\bin\;C:\Users\yiqua\AppData\Local\Microsoft\WindowsApps;C:\Program Files\Git\cmd;C:\Program Files\Git;C:\Program Files\Git\bin;;D:\Microsoft VS Code\bin;C:\Users\yiqua\.dotnet\tools
USERNAME=yiqua
OS=Windows_NT
PROCESSOR_IDENTIFIER=AMD64 Family 23 Model 24 Stepping 1, AuthenticAMD



---------------  S Y S T E M  ---------------

OS:
 Windows 10 , 64 bit Build 19041 (10.0.19041.1706)
OS uptime: 1 days 23:45 hours

CPU: total 8 (initial active 8) (8 cores per cpu, 2 threads per core) family 23 model 24 stepping 1 microcode 0x0, cx8, cmov, fxsr, ht, mmx, 3dnowpref, sse, sse2, sse3, ssse3, sse4a, sse4.1, sse4.2, popcnt, lzcnt, tsc, tscinvbit, avx, avx2, aes, clmul, bmi1, bmi2, adx, sha, fma, vzeroupper, clflush, clflushopt

Memory: 4k page, system-wide physical 7103M (610M free)
TotalPageFile size 11199M (AvailPageFile size 9M)
current process WorkingSet (physical memory assigned to process): 315M, peak: 319M
current process commit charge ("private bytes"): 360M, peak: 365M

vm_info: OpenJDK 64-Bit Server VM (16.0.2+7-67) for windows-amd64 JRE (16.0.2+7-67), built on Jun  8 2021 23:21:43 by "mach5one" with MS VC++ 16.7 (VS2019)

END.
