#
# There is insufficient memory for the Java Runtime Environment to continue.
# Native memory allocation (mmap) failed to map 17825792 bytes for G1 virtual space
# Possible reasons:
#   The system is out of physical RAM or swap space
#   The process is running with CompressedOops enabled, and the Java Heap may be blocking the growth of the native heap
# Possible solutions:
#   Reduce memory load on the system
#   Increase physical memory or swap space
#   Check if swap backing store is full
#   Decrease Java heap size (-Xmx/-Xms)
#   Decrease number of Java threads
#   Decrease Java thread stack sizes (-Xss)
#   Set larger code cache with -XX:ReservedCodeCacheSize=
#   JVM is running with Unscaled Compressed Oops mode in which the Java heap is
#     placed in the first 4GB address space. The Java Heap base address is the
#     maximum limit for the native heap growth. Please use -XX:HeapBaseMinAddress
#     to set the Java Heap base and to place the Java Heap above 4GB virtual address.
# This output file may be truncated or incomplete.
#
#  Out of Memory Error (os_windows.cpp:3466), pid=19172, tid=8688
#
# JRE version: OpenJDK Runtime Environment (16.0.2+7) (build 16.0.2+7-67)
# Java VM: OpenJDK 64-Bit Server VM (16.0.2+7-67, mixed mode, sharing, tiered, compressed oops, compressed class ptrs, g1 gc, windows-amd64)
# No core dump will be written. Minidumps are not enabled by default on client versions of Windows
#

---------------  S U M M A R Y ------------

Command Line: --add-opens=java.base/java.util=ALL-UNNAMED --add-opens=java.base/java.lang=ALL-UNNAMED --add-opens=java.base/java.lang.invoke=ALL-UNNAMED --add-opens=java.base/java.util=ALL-UNNAMED --add-opens=java.prefs/java.util.prefs=ALL-UNNAMED --add-opens=java.prefs/java.util.prefs=ALL-UNNAMED --add-opens=java.base/java.nio.charset=ALL-UNNAMED --add-opens=java.base/java.net=ALL-UNNAMED --add-opens=java.base/java.util.concurrent.atomic=ALL-UNNAMED -Xmx2048m -Dfile.encoding=UTF-8 -Duser.country=CN -Duser.language=zh -Duser.variant org.gradle.launcher.daemon.bootstrap.GradleDaemon 7.2

Host: AMD Ryzen 5 3500U with Radeon Vega Mobile Gfx  , 8 cores, 6G,  Windows 10 , 64 bit Build 19041 (10.0.19041.1706)
Time: Mon Jun 13 17:24:04 2022  Windows 10 , 64 bit Build 19041 (10.0.19041.1706) elapsed time: 16.348289 seconds (0d 0h 0m 16s)

---------------  T H R E A D  ---------------

Current thread (0x00000210b198c2c0):  VMThread "VM Thread" [stack: 0x00000010b4b00000,0x00000010b4c00000] [id=8688]

Stack: [0x00000010b4b00000,0x00000010b4c00000]
Native frames: (J=compiled Java code, j=interpreted, Vv=VM code, C=native code)
V  [jvm.dll+0x6681ca]
V  [jvm.dll+0x7c9e69]
V  [jvm.dll+0x7cb61e]
V  [jvm.dll+0x7cbc73]
V  [jvm.dll+0x242c55]
V  [jvm.dll+0x664f89]
V  [jvm.dll+0x659b75]
V  [jvm.dll+0x2fbfbb]
V  [jvm.dll+0x3031b6]
V  [jvm.dll+0x35299e]
V  [jvm.dll+0x352bcf]
V  [jvm.dll+0x2d3028]
V  [jvm.dll+0x2d0bb5]
V  [jvm.dll+0x2d01ec]
V  [jvm.dll+0x3152d2]
V  [jvm.dll+0x7d00ab]
V  [jvm.dll+0x7d0da4]
V  [jvm.dll+0x7d12a9]
V  [jvm.dll+0x7d1564]
V  [jvm.dll+0x7d1630]
V  [jvm.dll+0x7795aa]
V  [jvm.dll+0x667066]
C  [ucrtbase.dll+0x21bb2]
C  [KERNEL32.DLL+0x17034]
C  [ntdll.dll+0x52651]

VM_Operation (0x00000010b65f3b20): G1CollectForAllocation, mode: safepoint, requested by thread 0x00000210b393b6e0


---------------  P R O C E S S  ---------------

Threads class SMR info:
_java_thread_list=0x00000210b5ae9fc0, length=125, elements={
0x000002109389a6a0, 0x00000210b198de10, 0x00000210b1990bf0, 0x00000210b19a01f0,
0x00000210b19a4020, 0x00000210b19a5940, 0x00000210b19a9750, 0x00000210b19aa7a0,
0x00000210b19ad1b0, 0x00000210b19b7b20, 0x00000210b249cdb0, 0x00000210b249f2e0,
0x00000210b393c180, 0x00000210b393ac40, 0x00000210b393d6c0, 0x00000210b393d170,
0x00000210b393c6d0, 0x00000210b393b190, 0x00000210b393b6e0, 0x00000210b393bc30,
0x00000210b393a1a0, 0x00000210b393a6f0, 0x00000210b4202590, 0x00000210b41fe5d0,
0x00000210b41ffb10, 0x00000210b4205010, 0x00000210b4201050, 0x00000210b4205560,
0x00000210b4202040, 0x00000210b4205ab0, 0x00000210b41fe080, 0x00000210b4204020,
0x00000210b4200060, 0x00000210b4202ae0, 0x00000210b42015a0, 0x00000210b4204ac0,
0x00000210b4203030, 0x00000210b4203580, 0x00000210b4200b00, 0x00000210b41feb20,
0x00000210b41ff070, 0x00000210b41ff5c0, 0x00000210b42005b0, 0x00000210b742e020,
0x00000210b7430ff0, 0x00000210b7431540, 0x00000210b742b050, 0x00000210b742d580,
0x00000210b7431a90, 0x00000210b742dad0, 0x00000210b742b5a0, 0x00000210b742baf0,
0x00000210b742c040, 0x00000210b742eac0, 0x00000210b742a060, 0x00000210b742c590,
0x00000210b742a5b0, 0x00000210b742e570, 0x00000210b742f560, 0x00000210b742f010,
0x00000210b742fab0, 0x00000210b7430000, 0x00000210b742ab00, 0x00000210b7430550,
0x00000210b7430aa0, 0x00000210b742cae0, 0x00000210b742d030, 0x00000210b42c7670,
0x00000210b42c6bd0, 0x00000210b42c5140, 0x00000210b42c8110, 0x00000210b42c9100,
0x00000210b42c7bc0, 0x00000210b42c7120, 0x00000210b42c46a0, 0x00000210b42c6130,
0x00000210b42c8660, 0x00000210b42c8bb0, 0x00000210b42c9650, 0x00000210b42c9ba0,
0x00000210b42c6680, 0x00000210b42ca0f0, 0x00000210b42ca640, 0x00000210b42cab90,
0x00000210b42c5690, 0x00000210b42cb0e0, 0x00000210b42c4bf0, 0x00000210b42c5be0,
0x00000210b42c3c00, 0x00000210b42cb630, 0x00000210b42c4150, 0x00000210b4dc4110,
0x00000210b4dc6b90, 0x00000210b4dc5ba0, 0x00000210b4dc5100, 0x00000210b4dc5650,
0x00000210b4dc60f0, 0x00000210b4dc70e0, 0x00000210b4dc6640, 0x00000210b4dc4660,
0x00000210b4dc3bc0, 0x00000210b4dc4bb0, 0x00000210b7c8aad0, 0x00000210b7c89590,
0x00000210b7c8a030, 0x00000210b7c885a0, 0x00000210b7c8c010, 0x00000210b7c87060,
0x00000210b7c875b0, 0x00000210b7c8a580, 0x00000210b7c8b570, 0x00000210b7c8c560,
0x00000210b7c8d000, 0x00000210b7c8cab0, 0x00000210b7c8b020, 0x00000210b7c8bac0,
0x00000210b7c8d550, 0x00000210b7c8daa0, 0x00000210b7c87b00, 0x00000210b7c89040,
0x00000210b7c86070, 0x00000210b7c865c0, 0x00000210b7c86b10, 0x00000210b4dd71e0,
0x00000210b7c88050
}

Java Threads: ( => current thread )
  0x000002109389a6a0 JavaThread "main" [_thread_blocked, id=12396, stack(0x00000010b4500000,0x00000010b4600000)]
  0x00000210b198de10 JavaThread "Reference Handler" daemon [_thread_blocked, id=18948, stack(0x00000010b4c00000,0x00000010b4d00000)]
  0x00000210b1990bf0 JavaThread "Finalizer" daemon [_thread_blocked, id=3316, stack(0x00000010b4d00000,0x00000010b4e00000)]
  0x00000210b19a01f0 JavaThread "Signal Dispatcher" daemon [_thread_blocked, id=9132, stack(0x00000010b4e00000,0x00000010b4f00000)]
  0x00000210b19a4020 JavaThread "Attach Listener" daemon [_thread_blocked, id=9744, stack(0x00000010b4f00000,0x00000010b5000000)]
  0x00000210b19a5940 JavaThread "Service Thread" daemon [_thread_blocked, id=13788, stack(0x00000010b5000000,0x00000010b5100000)]
  0x00000210b19a9750 JavaThread "Monitor Deflation Thread" daemon [_thread_blocked, id=11308, stack(0x00000010b5100000,0x00000010b5200000)]
  0x00000210b19aa7a0 JavaThread "C2 CompilerThread0" daemon [_thread_blocked, id=15792, stack(0x00000010b5200000,0x00000010b5300000)]
  0x00000210b19ad1b0 JavaThread "C1 CompilerThread0" daemon [_thread_blocked, id=6520, stack(0x00000010b5300000,0x00000010b5400000)]
  0x00000210b19b7b20 JavaThread "Sweeper thread" daemon [_thread_blocked, id=15556, stack(0x00000010b5400000,0x00000010b5500000)]
  0x00000210b249cdb0 JavaThread "Common-Cleaner" daemon [_thread_blocked, id=14272, stack(0x00000010b5500000,0x00000010b5600000)]
  0x00000210b249f2e0 JavaThread "Notification Thread" daemon [_thread_blocked, id=17076, stack(0x00000010b5600000,0x00000010b5700000)]
  0x00000210b393c180 JavaThread "Daemon health stats" [_thread_blocked, id=16240, stack(0x00000010b5f00000,0x00000010b6000000)]
  0x00000210b393ac40 JavaThread "Incoming local TCP Connector on port 61133" [_thread_in_native, id=13536, stack(0x00000010b6000000,0x00000010b6100000)]
  0x00000210b393d6c0 JavaThread "Daemon periodic checks" [_thread_blocked, id=13712, stack(0x00000010b6100000,0x00000010b6200000)]
  0x00000210b393d170 JavaThread "Daemon" [_thread_blocked, id=7540, stack(0x00000010b6200000,0x00000010b6300000)]
  0x00000210b393c6d0 JavaThread "Handler for socket connection from /127.0.0.1:61133 to /127.0.0.1:61134" [_thread_in_native, id=13348, stack(0x00000010b6300000,0x00000010b6400000)]
  0x00000210b393b190 JavaThread "Cancel handler" [_thread_blocked, id=10712, stack(0x00000010b6400000,0x00000010b6500000)]
  0x00000210b393b6e0 JavaThread "Daemon worker" [_thread_blocked, id=19404, stack(0x00000010b6500000,0x00000010b6600000)]
  0x00000210b393bc30 JavaThread "Asynchronous log dispatcher for DefaultDaemonConnection: socket connection from /127.0.0.1:61133 to /127.0.0.1:61134" [_thread_blocked, id=13608, stack(0x00000010b6600000,0x00000010b6700000)]
  0x00000210b393a1a0 JavaThread "Stdin handler" [_thread_blocked, id=10848, stack(0x00000010b6700000,0x00000010b6800000)]
  0x00000210b393a6f0 JavaThread "Daemon client event forwarder" [_thread_blocked, id=4528, stack(0x00000010b6800000,0x00000010b6900000)]
  0x00000210b4202590 JavaThread "Cache worker for journal cache (C:\Users\yiqua\.gradle\caches\journal-1)" [_thread_blocked, id=11812, stack(0x00000010b5800000,0x00000010b5900000)]
  0x00000210b41fe5d0 JavaThread "File lock request listener" [_thread_in_native, id=12876, stack(0x00000010b5e00000,0x00000010b5f00000)]
  0x00000210b41ffb10 JavaThread "Cache worker for file hash cache (C:\Users\yiqua\.gradle\caches\7.2\fileHashes)" [_thread_blocked, id=12308, stack(0x00000010b6900000,0x00000010b6a00000)]
  0x00000210b4205010 JavaThread "Cache worker for file hash cache (C:\Users\yiqua\AndroidStudioProjects\EHailing\.gradle\7.2\fileHashes)" [_thread_blocked, id=9696, stack(0x00000010b6d00000,0x00000010b6e00000)]
  0x00000210b4201050 JavaThread "File watcher server" daemon [_thread_in_native, id=17448, stack(0x00000010b6e00000,0x00000010b6f00000)]
  0x00000210b4205560 JavaThread "File watcher consumer" daemon [_thread_blocked, id=10744, stack(0x00000010b6f00000,0x00000010b7000000)]
  0x00000210b4202040 JavaThread "Cache worker for checksums cache (C:\Users\yiqua\AndroidStudioProjects\EHailing\.gradle\checksums)" [_thread_blocked, id=14980, stack(0x00000010b7000000,0x00000010b7100000)]
  0x00000210b4205ab0 JavaThread "Cache worker for cache directory md-supplier (C:\Users\yiqua\.gradle\caches\7.2\md-supplier)" [_thread_blocked, id=15308, stack(0x00000010b7100000,0x00000010b7200000)]
  0x00000210b41fe080 JavaThread "Cache worker for cache directory md-rule (C:\Users\yiqua\.gradle\caches\7.2\md-rule)" [_thread_blocked, id=12544, stack(0x00000010b7200000,0x00000010b7300000)]
  0x00000210b4204020 JavaThread "Cache worker for execution history cache (C:\Users\yiqua\.gradle\caches\7.2\executionHistory)" [_thread_blocked, id=1604, stack(0x00000010b7300000,0x00000010b7400000)]
  0x00000210b4200060 JavaThread "jar transforms" [_thread_blocked, id=14144, stack(0x00000010b7600000,0x00000010b7700000)]
  0x00000210b4202ae0 JavaThread "Cache worker for file content cache (C:\Users\yiqua\.gradle\caches\7.2\fileContent)" [_thread_blocked, id=4816, stack(0x00000010b7700000,0x00000010b7800000)]
  0x00000210b42015a0 JavaThread "jar transforms Thread 2" [_thread_blocked, id=15904, stack(0x00000010b7800000,0x00000010b7900000)]
  0x00000210b4204ac0 JavaThread "Cache worker for dependencies-accessors (C:\Users\yiqua\AndroidStudioProjects\EHailing\.gradle\7.2\dependencies-accessors)" [_thread_blocked, id=11872, stack(0x00000010b7900000,0x00000010b7a00000)]
  0x00000210b4203030 JavaThread "jar transforms Thread 3" [_thread_blocked, id=13196, stack(0x00000010b7a00000,0x00000010b7b00000)]
  0x00000210b4203580 JavaThread "Cache worker for Build Output Cleanup Cache (C:\Users\yiqua\AndroidStudioProjects\EHailing\.gradle\buildOutputCleanup)" [_thread_blocked, id=2840, stack(0x00000010b7b00000,0x00000010b7c00000)]
  0x00000210b4200b00 JavaThread "Unconstrained build operations" [_thread_blocked, id=2572, stack(0x00000010b6c00000,0x00000010b6d00000)]
  0x00000210b41feb20 JavaThread "Unconstrained build operations Thread 2" [_thread_blocked, id=12304, stack(0x00000010b7c00000,0x00000010b7d00000)]
  0x00000210b41ff070 JavaThread "Unconstrained build operations Thread 3" [_thread_blocked, id=15512, stack(0x00000010b7d00000,0x00000010b7e00000)]
  0x00000210b41ff5c0 JavaThread "Unconstrained build operations Thread 4" [_thread_blocked, id=9232, stack(0x00000010b7e00000,0x00000010b7f00000)]
  0x00000210b42005b0 JavaThread "Unconstrained build operations Thread 5" [_thread_blocked, id=436, stack(0x00000010b7f00000,0x00000010b8000000)]
  0x00000210b742e020 JavaThread "Unconstrained build operations Thread 6" [_thread_blocked, id=3180, stack(0x00000010b8000000,0x00000010b8100000)]
  0x00000210b7430ff0 JavaThread "Unconstrained build operations Thread 7" [_thread_blocked, id=4864, stack(0x00000010b8100000,0x00000010b8200000)]
  0x00000210b7431540 JavaThread "Unconstrained build operations Thread 8" [_thread_blocked, id=17140, stack(0x00000010b8200000,0x00000010b8300000)]
  0x00000210b742b050 JavaThread "Unconstrained build operations Thread 9" [_thread_blocked, id=2188, stack(0x00000010b8300000,0x00000010b8400000)]
  0x00000210b742d580 JavaThread "Unconstrained build operations Thread 10" [_thread_blocked, id=11228, stack(0x00000010b8400000,0x00000010b8500000)]
  0x00000210b7431a90 JavaThread "Unconstrained build operations Thread 11" [_thread_blocked, id=7476, stack(0x00000010b8500000,0x00000010b8600000)]
  0x00000210b742dad0 JavaThread "Unconstrained build operations Thread 12" [_thread_blocked, id=17720, stack(0x00000010b8600000,0x00000010b8700000)]
  0x00000210b742b5a0 JavaThread "Unconstrained build operations Thread 13" [_thread_blocked, id=1524, stack(0x00000010b8700000,0x00000010b8800000)]
  0x00000210b742baf0 JavaThread "Unconstrained build operations Thread 14" [_thread_blocked, id=12552, stack(0x00000010b8800000,0x00000010b8900000)]
  0x00000210b742c040 JavaThread "Unconstrained build operations Thread 15" [_thread_blocked, id=1632, stack(0x00000010b8900000,0x00000010b8a00000)]
  0x00000210b742eac0 JavaThread "Unconstrained build operations Thread 16" [_thread_blocked, id=17192, stack(0x00000010b8a00000,0x00000010b8b00000)]
  0x00000210b742a060 JavaThread "Unconstrained build operations Thread 17" [_thread_blocked, id=7220, stack(0x00000010b8b00000,0x00000010b8c00000)]
  0x00000210b742c590 JavaThread "Unconstrained build operations Thread 18" [_thread_blocked, id=9532, stack(0x00000010b8c00000,0x00000010b8d00000)]
  0x00000210b742a5b0 JavaThread "Unconstrained build operations Thread 19" [_thread_blocked, id=12044, stack(0x00000010b8d00000,0x00000010b8e00000)]
  0x00000210b742e570 JavaThread "Unconstrained build operations Thread 20" [_thread_blocked, id=6160, stack(0x00000010b8e00000,0x00000010b8f00000)]
  0x00000210b742f560 JavaThread "Unconstrained build operations Thread 21" [_thread_blocked, id=15232, stack(0x00000010b8f00000,0x00000010b9000000)]
  0x00000210b742f010 JavaThread "Unconstrained build operations Thread 22" [_thread_blocked, id=3712, stack(0x00000010b9000000,0x00000010b9100000)]
  0x00000210b742fab0 JavaThread "Unconstrained build operations Thread 23" [_thread_blocked, id=9468, stack(0x00000010b9100000,0x00000010b9200000)]
  0x00000210b7430000 JavaThread "Unconstrained build operations Thread 24" [_thread_blocked, id=10676, stack(0x00000010b9200000,0x00000010b9300000)]
  0x00000210b742ab00 JavaThread "Unconstrained build operations Thread 25" [_thread_blocked, id=13816, stack(0x00000010b9300000,0x00000010b9400000)]
  0x00000210b7430550 JavaThread "Unconstrained build operations Thread 26" [_thread_blocked, id=13216, stack(0x00000010b9400000,0x00000010b9500000)]
  0x00000210b7430aa0 JavaThread "Unconstrained build operations Thread 27" [_thread_blocked, id=15868, stack(0x00000010b9500000,0x00000010b9600000)]
  0x00000210b742cae0 JavaThread "Unconstrained build operations Thread 28" [_thread_blocked, id=17976, stack(0x00000010b9600000,0x00000010b9700000)]
  0x00000210b742d030 JavaThread "Unconstrained build operations Thread 29" [_thread_blocked, id=18064, stack(0x00000010b9700000,0x00000010b9800000)]
  0x00000210b42c7670 JavaThread "Unconstrained build operations Thread 30" [_thread_blocked, id=7032, stack(0x00000010b9800000,0x00000010b9900000)]
  0x00000210b42c6bd0 JavaThread "Unconstrained build operations Thread 31" [_thread_blocked, id=10960, stack(0x00000010b9900000,0x00000010b9a00000)]
  0x00000210b42c5140 JavaThread "Unconstrained build operations Thread 32" [_thread_blocked, id=6784, stack(0x00000010b9a00000,0x00000010b9b00000)]
  0x00000210b42c8110 JavaThread "Unconstrained build operations Thread 33" [_thread_blocked, id=11024, stack(0x00000010b9b00000,0x00000010b9c00000)]
  0x00000210b42c9100 JavaThread "Unconstrained build operations Thread 34" [_thread_blocked, id=280, stack(0x00000010b9c00000,0x00000010b9d00000)]
  0x00000210b42c7bc0 JavaThread "Unconstrained build operations Thread 35" [_thread_blocked, id=4712, stack(0x00000010b9d00000,0x00000010b9e00000)]
  0x00000210b42c7120 JavaThread "Unconstrained build operations Thread 36" [_thread_blocked, id=13208, stack(0x00000010b9e00000,0x00000010b9f00000)]
  0x00000210b42c46a0 JavaThread "Unconstrained build operations Thread 37" [_thread_blocked, id=7564, stack(0x00000010b9f00000,0x00000010ba000000)]
  0x00000210b42c6130 JavaThread "Unconstrained build operations Thread 38" [_thread_blocked, id=10816, stack(0x00000010ba000000,0x00000010ba100000)]
  0x00000210b42c8660 JavaThread "Unconstrained build operations Thread 39" [_thread_blocked, id=4692, stack(0x00000010ba100000,0x00000010ba200000)]
  0x00000210b42c8bb0 JavaThread "Unconstrained build operations Thread 40" [_thread_blocked, id=7632, stack(0x00000010ba200000,0x00000010ba300000)]
  0x00000210b42c9650 JavaThread "Unconstrained build operations Thread 41" [_thread_blocked, id=3468, stack(0x00000010ba300000,0x00000010ba400000)]
  0x00000210b42c9ba0 JavaThread "Unconstrained build operations Thread 42" [_thread_blocked, id=9604, stack(0x00000010ba400000,0x00000010ba500000)]
  0x00000210b42c6680 JavaThread "Unconstrained build operations Thread 43" [_thread_blocked, id=9700, stack(0x00000010ba500000,0x00000010ba600000)]
  0x00000210b42ca0f0 JavaThread "Unconstrained build operations Thread 44" [_thread_blocked, id=5672, stack(0x00000010ba600000,0x00000010ba700000)]
  0x00000210b42ca640 JavaThread "Unconstrained build operations Thread 45" [_thread_blocked, id=15844, stack(0x00000010ba700000,0x00000010ba800000)]
  0x00000210b42cab90 JavaThread "Unconstrained build operations Thread 46" [_thread_blocked, id=7460, stack(0x00000010ba800000,0x00000010ba900000)]
  0x00000210b42c5690 JavaThread "Unconstrained build operations Thread 47" [_thread_blocked, id=13484, stack(0x00000010ba900000,0x00000010baa00000)]
  0x00000210b42cb0e0 JavaThread "Unconstrained build operations Thread 48" [_thread_blocked, id=2160, stack(0x00000010baa00000,0x00000010bab00000)]
  0x00000210b42c4bf0 JavaThread "Unconstrained build operations Thread 49" [_thread_blocked, id=10760, stack(0x00000010bab00000,0x00000010bac00000)]
  0x00000210b42c5be0 JavaThread "Unconstrained build operations Thread 50" [_thread_blocked, id=19024, stack(0x00000010bac00000,0x00000010bad00000)]
  0x00000210b42c3c00 JavaThread "Unconstrained build operations Thread 51" [_thread_blocked, id=12976, stack(0x00000010bad00000,0x00000010bae00000)]
  0x00000210b42cb630 JavaThread "Unconstrained build operations Thread 52" [_thread_blocked, id=11544, stack(0x00000010bae00000,0x00000010baf00000)]
  0x00000210b42c4150 JavaThread "Unconstrained build operations Thread 53" [_thread_blocked, id=15336, stack(0x00000010baf00000,0x00000010bb000000)]
  0x00000210b4dc4110 JavaThread "Unconstrained build operations Thread 54" [_thread_blocked, id=3416, stack(0x00000010bb000000,0x00000010bb100000)]
  0x00000210b4dc6b90 JavaThread "Unconstrained build operations Thread 55" [_thread_blocked, id=9896, stack(0x00000010bb100000,0x00000010bb200000)]
  0x00000210b4dc5ba0 JavaThread "Unconstrained build operations Thread 56" [_thread_blocked, id=18252, stack(0x00000010bb200000,0x00000010bb300000)]
  0x00000210b4dc5100 JavaThread "Unconstrained build operations Thread 57" [_thread_blocked, id=16904, stack(0x00000010bb300000,0x00000010bb400000)]
  0x00000210b4dc5650 JavaThread "Unconstrained build operations Thread 58" [_thread_blocked, id=5900, stack(0x00000010bb400000,0x00000010bb500000)]
  0x00000210b4dc60f0 JavaThread "Unconstrained build operations Thread 59" [_thread_blocked, id=15076, stack(0x00000010bb500000,0x00000010bb600000)]
  0x00000210b4dc70e0 JavaThread "Unconstrained build operations Thread 60" [_thread_blocked, id=17864, stack(0x00000010bb600000,0x00000010bb700000)]
  0x00000210b4dc6640 JavaThread "Unconstrained build operations Thread 61" [_thread_blocked, id=2772, stack(0x00000010bb700000,0x00000010bb800000)]
  0x00000210b4dc4660 JavaThread "Unconstrained build operations Thread 62" [_thread_blocked, id=2284, stack(0x00000010bb800000,0x00000010bb900000)]
  0x00000210b4dc3bc0 JavaThread "Unconstrained build operations Thread 63" [_thread_blocked, id=16892, stack(0x00000010bb900000,0x00000010bba00000)]
  0x00000210b4dc4bb0 JavaThread "Unconstrained build operations Thread 64" [_thread_blocked, id=4232, stack(0x00000010bba00000,0x00000010bbb00000)]
  0x00000210b7c8aad0 JavaThread "Unconstrained build operations Thread 65" [_thread_blocked, id=15316, stack(0x00000010bbb00000,0x00000010bbc00000)]
  0x00000210b7c89590 JavaThread "Unconstrained build operations Thread 66" [_thread_blocked, id=10160, stack(0x00000010bbc00000,0x00000010bbd00000)]
  0x00000210b7c8a030 JavaThread "Unconstrained build operations Thread 67" [_thread_blocked, id=18548, stack(0x00000010bbd00000,0x00000010bbe00000)]
  0x00000210b7c885a0 JavaThread "Unconstrained build operations Thread 68" [_thread_blocked, id=16100, stack(0x00000010bbe00000,0x00000010bbf00000)]
  0x00000210b7c8c010 JavaThread "Unconstrained build operations Thread 69" [_thread_blocked, id=17360, stack(0x00000010bbf00000,0x00000010bc000000)]
  0x00000210b7c87060 JavaThread "Unconstrained build operations Thread 70" [_thread_blocked, id=8420, stack(0x00000010bc000000,0x00000010bc100000)]
  0x00000210b7c875b0 JavaThread "Unconstrained build operations Thread 71" [_thread_blocked, id=7688, stack(0x00000010bc100000,0x00000010bc200000)]
  0x00000210b7c8a580 JavaThread "Unconstrained build operations Thread 72" [_thread_blocked, id=11796, stack(0x00000010bc200000,0x00000010bc300000)]
  0x00000210b7c8b570 JavaThread "Unconstrained build operations Thread 73" [_thread_blocked, id=12668, stack(0x00000010bc300000,0x00000010bc400000)]
  0x00000210b7c8c560 JavaThread "Unconstrained build operations Thread 74" [_thread_blocked, id=17832, stack(0x00000010bc400000,0x00000010bc500000)]
  0x00000210b7c8d000 JavaThread "Unconstrained build operations Thread 75" [_thread_blocked, id=8504, stack(0x00000010bc500000,0x00000010bc600000)]
  0x00000210b7c8cab0 JavaThread "Unconstrained build operations Thread 76" [_thread_blocked, id=1380, stack(0x00000010bc600000,0x00000010bc700000)]
  0x00000210b7c8b020 JavaThread "Unconstrained build operations Thread 77" [_thread_blocked, id=8540, stack(0x00000010bc700000,0x00000010bc800000)]
  0x00000210b7c8bac0 JavaThread "Unconstrained build operations Thread 78" [_thread_blocked, id=16252, stack(0x00000010bc800000,0x00000010bc900000)]
  0x00000210b7c8d550 JavaThread "Unconstrained build operations Thread 79" [_thread_blocked, id=13772, stack(0x00000010bc900000,0x00000010bca00000)]
  0x00000210b7c8daa0 JavaThread "Unconstrained build operations Thread 80" [_thread_blocked, id=8476, stack(0x00000010bca00000,0x00000010bcb00000)]
  0x00000210b7c87b00 JavaThread "jar transforms Thread 4" [_thread_blocked, id=15532, stack(0x00000010bcc00000,0x00000010bcd00000)]
  0x00000210b7c89040 JavaThread "jar transforms Thread 5" [_thread_blocked, id=16764, stack(0x00000010bcd00000,0x00000010bce00000)]
  0x00000210b7c86070 JavaThread "jar transforms Thread 6" [_thread_blocked, id=13036, stack(0x00000010bce00000,0x00000010bcf00000)]
  0x00000210b7c865c0 JavaThread "jar transforms Thread 7" [_thread_blocked, id=932, stack(0x00000010bcf00000,0x00000010bd000000)]
  0x00000210b7c86b10 JavaThread "jar transforms Thread 8" [_thread_blocked, id=16876, stack(0x00000010bd000000,0x00000010bd100000)]
  0x00000210b4dd71e0 JavaThread "C2 CompilerThread1" daemon [_thread_in_native, id=1120, stack(0x00000010bcb00000,0x00000010bcc00000)]
  0x00000210b7c88050 JavaThread "Memory manager" [_thread_blocked, id=7812, stack(0x00000010bd100000,0x00000010bd200000)]

Other Threads:
=>0x00000210b198c2c0 VMThread "VM Thread" [stack: 0x00000010b4b00000,0x00000010b4c00000] [id=8688]
  0x00000210b24a4830 WatcherThread [stack: 0x00000010b5700000,0x00000010b5800000] [id=4800]
  0x00000210938dcaf0 GCTaskThread "GC Thread#0" [stack: 0x00000010b4600000,0x00000010b4700000] [id=7992]
  0x00000210b2ece4d0 GCTaskThread "GC Thread#1" [stack: 0x00000010b5900000,0x00000010b5a00000] [id=11436]
  0x00000210b2fd8320 GCTaskThread "GC Thread#2" [stack: 0x00000010b5a00000,0x00000010b5b00000] [id=14976]
  0x00000210b320ee10 GCTaskThread "GC Thread#3" [stack: 0x00000010b5b00000,0x00000010b5c00000] [id=1136]
  0x00000210b2f04ec0 GCTaskThread "GC Thread#4" [stack: 0x00000010b5c00000,0x00000010b5d00000] [id=7936]
  0x00000210b2f055e0 GCTaskThread "GC Thread#5" [stack: 0x00000010b5d00000,0x00000010b5e00000] [id=18900]
  0x00000210b4c8d9c0 GCTaskThread "GC Thread#6" [stack: 0x00000010b6a00000,0x00000010b6b00000] [id=19240]
  0x00000210b4c8d3a0 GCTaskThread "GC Thread#7" [stack: 0x00000010b6b00000,0x00000010b6c00000] [id=15548]
  0x00000210938edb40 ConcurrentGCThread "G1 Main Marker" [stack: 0x00000010b4700000,0x00000010b4800000] [id=9556]
  0x00000210938eece0 ConcurrentGCThread "G1 Conc#0" [stack: 0x00000010b4800000,0x00000010b4900000] [id=7852]
  0x00000210b4c8dcd0 ConcurrentGCThread "G1 Conc#1" [stack: 0x00000010b7400000,0x00000010b7500000] [id=16836]
  0x00000210939654b0 ConcurrentGCThread "G1 Refine#0" [stack: 0x00000010b4900000,0x00000010b4a00000] [id=18804]
  0x00000210b5ec2fd0 ConcurrentGCThread "G1 Refine#1" [stack: 0x00000010b7500000,0x00000010b7600000] [id=12060]
  0x0000021093965ec0 ConcurrentGCThread "G1 Service" [stack: 0x00000010b4a00000,0x00000010b4b00000] [id=8624]

Threads with active compile tasks:
C2 CompilerThread0    16382 6890       4       java.lang.Class::getMethodsRecursive (99 bytes)
C2 CompilerThread1    16382 6861       4       groovy.lang.MetaClassImpl$1MOPIter::methodNameAction (325 bytes)

VM state: at safepoint (normal execution)

VM Mutex/Monitor currently owned by a thread:  ([mutex/lock_event])
[0x0000021093888950] Threads_lock - owner thread: 0x00000210b198c2c0
[0x0000021093888e60] Heap_lock - owner thread: 0x00000210b393b6e0

Heap address: 0x0000000080000000, size: 2048 MB, Compressed Oops mode: 32-bit

CDS archive(s) mapped at: [0x0000000800000000-0x0000000800bb0000-0x0000000800bb0000), size 12255232, SharedBaseAddress: 0x0000000800000000, ArchiveRelocationMode: 0.
Compressed class space mapped at: 0x0000000800c00000-0x0000000840c00000, reserved size: 1073741824
Narrow klass base: 0x0000000800000000, Narrow klass shift: 3, Narrow klass range: 0x100000000

GC Precious Log:
 CPUs: 8 total, 8 available
 Memory: 7103M
 Large Page Support: Disabled
 NUMA Support: Disabled
 Compressed Oops: Enabled (32-bit)
 Heap Region Size: 1M
 Heap Min Capacity: 8M
 Heap Initial Capacity: 112M
 Heap Max Capacity: 2G
 Pre-touch: Disabled
 Parallel Workers: 8
 Concurrent Workers: 2
 Concurrent Refinement Workers: 8
 Periodic GC: Disabled

Heap:
 garbage-first heap   total 97280K, used 56891K [0x0000000080000000, 0x0000000100000000)
  region size 1024K, 4 young (4096K), 4 survivors (4096K)
 Metaspace       used 55770K, committed 56320K, reserved 1097728K
  class space    used 7316K, committed 7552K, reserved 1048576K

Heap Regions: E=young(eden), S=young(survivor), O=old, HS=humongous(starts), HC=humongous(continues), CS=collection set, F=free, OA=open archive, CA=closed archive, TAMS=top-at-mark-start (previous, next)
|   0|0x0000000080000000, 0x0000000080100000, 0x0000000080100000|100%| O|  |TAMS 0x0000000080100000, 0x0000000080100000| Untracked 
|   1|0x0000000080100000, 0x0000000080200000, 0x0000000080200000|100%| O|  |TAMS 0x0000000080200000, 0x0000000080200000| Untracked 
|   2|0x0000000080200000, 0x0000000080300000, 0x0000000080300000|100%| O|  |TAMS 0x0000000080300000, 0x0000000080300000| Untracked 
|   3|0x0000000080300000, 0x0000000080400000, 0x0000000080400000|100%|HS|  |TAMS 0x0000000080400000, 0x0000000080400000| Complete 
|   4|0x0000000080400000, 0x0000000080500000, 0x0000000080500000|100%|HC|  |TAMS 0x0000000080500000, 0x0000000080500000| Complete 
|   5|0x0000000080500000, 0x0000000080600000, 0x0000000080600000|100%|HC|  |TAMS 0x0000000080600000, 0x0000000080600000| Complete 
|   6|0x0000000080600000, 0x0000000080700000, 0x0000000080700000|100%| O|  |TAMS 0x0000000080700000, 0x0000000080700000| Untracked 
|   7|0x0000000080700000, 0x0000000080800000, 0x0000000080800000|100%| O|  |TAMS 0x0000000080800000, 0x0000000080800000| Untracked 
|   8|0x0000000080800000, 0x0000000080900000, 0x0000000080900000|100%| O|  |TAMS 0x0000000080900000, 0x0000000080900000| Untracked 
|   9|0x0000000080900000, 0x0000000080a00000, 0x0000000080a00000|100%| O|  |TAMS 0x0000000080a00000, 0x0000000080a00000| Untracked 
|  10|0x0000000080a00000, 0x0000000080b00000, 0x0000000080b00000|100%| O|  |TAMS 0x0000000080b00000, 0x0000000080b00000| Untracked 
|  11|0x0000000080b00000, 0x0000000080c00000, 0x0000000080c00000|100%| O|  |TAMS 0x0000000080c00000, 0x0000000080c00000| Untracked 
|  12|0x0000000080c00000, 0x0000000080d00000, 0x0000000080d00000|100%| O|  |TAMS 0x0000000080d00000, 0x0000000080d00000| Untracked 
|  13|0x0000000080d00000, 0x0000000080e00000, 0x0000000080e00000|100%| O|  |TAMS 0x0000000080e00000, 0x0000000080e00000| Untracked 
|  14|0x0000000080e00000, 0x0000000080f00000, 0x0000000080f00000|100%| O|  |TAMS 0x0000000080f00000, 0x0000000080f00000| Untracked 
|  15|0x0000000080f00000, 0x0000000081000000, 0x0000000081000000|100%| O|  |TAMS 0x0000000081000000, 0x0000000081000000| Untracked 
|  16|0x0000000081000000, 0x0000000081100000, 0x0000000081100000|100%| O|  |TAMS 0x0000000081100000, 0x0000000081100000| Untracked 
|  17|0x0000000081100000, 0x0000000081200000, 0x0000000081200000|100%| O|  |TAMS 0x0000000081200000, 0x0000000081200000| Untracked 
|  18|0x0000000081200000, 0x0000000081300000, 0x0000000081300000|100%| O|  |TAMS 0x0000000081300000, 0x0000000081300000| Untracked 
|  19|0x0000000081300000, 0x0000000081400000, 0x0000000081400000|100%| O|  |TAMS 0x0000000081400000, 0x0000000081400000| Untracked 
|  20|0x0000000081400000, 0x0000000081500000, 0x0000000081500000|100%| O|  |TAMS 0x0000000081500000, 0x0000000081500000| Untracked 
|  21|0x0000000081500000, 0x0000000081600000, 0x0000000081600000|100%| O|  |TAMS 0x0000000081600000, 0x0000000081600000| Untracked 
|  22|0x0000000081600000, 0x0000000081700000, 0x0000000081700000|100%| O|  |TAMS 0x0000000081700000, 0x0000000081700000| Untracked 
|  23|0x0000000081700000, 0x0000000081800000, 0x0000000081800000|100%| O|  |TAMS 0x0000000081800000, 0x0000000081800000| Untracked 
|  24|0x0000000081800000, 0x0000000081900000, 0x0000000081900000|100%| O|  |TAMS 0x0000000081900000, 0x0000000081900000| Untracked 
|  25|0x0000000081900000, 0x0000000081a00000, 0x0000000081a00000|100%| O|  |TAMS 0x00000000819dd200, 0x0000000081a00000| Untracked 
|  26|0x0000000081a00000, 0x0000000081a00000, 0x0000000081b00000|  0%| F|  |TAMS 0x0000000081a00000, 0x0000000081a00000| Untracked 
|  27|0x0000000081b00000, 0x0000000081c00000, 0x0000000081c00000|100%| O|  |TAMS 0x0000000081c00000, 0x0000000081c00000| Untracked 
|  28|0x0000000081c00000, 0x0000000081d00000, 0x0000000081d00000|100%| O|  |TAMS 0x0000000081d00000, 0x0000000081d00000| Untracked 
|  29|0x0000000081d00000, 0x0000000081e00000, 0x0000000081e00000|100%|HS|  |TAMS 0x0000000081e00000, 0x0000000081e00000| Complete 
|  30|0x0000000081e00000, 0x0000000081f00000, 0x0000000081f00000|100%| O|  |TAMS 0x0000000081f00000, 0x0000000081f00000| Untracked 
|  31|0x0000000081f00000, 0x0000000082000000, 0x0000000082000000|100%| O|  |TAMS 0x0000000082000000, 0x0000000082000000| Untracked 
|  32|0x0000000082000000, 0x0000000082100000, 0x0000000082100000|100%| O|  |TAMS 0x0000000082000000, 0x0000000082100000| Untracked 
|  33|0x0000000082100000, 0x0000000082200000, 0x0000000082200000|100%| O|  |TAMS 0x0000000082200000, 0x0000000082200000| Untracked 
|  34|0x0000000082200000, 0x0000000082300000, 0x0000000082300000|100%| O|  |TAMS 0x0000000082300000, 0x0000000082300000| Untracked 
|  35|0x0000000082300000, 0x0000000082400000, 0x0000000082400000|100%| O|  |TAMS 0x0000000082400000, 0x0000000082400000| Untracked 
|  36|0x0000000082400000, 0x0000000082500000, 0x0000000082500000|100%| O|  |TAMS 0x0000000082500000, 0x0000000082500000| Untracked 
|  37|0x0000000082500000, 0x00000000825d5c00, 0x0000000082600000| 83%| O|  |TAMS 0x0000000082500000, 0x000000008252c800| Untracked 
|  38|0x0000000082600000, 0x0000000082700000, 0x0000000082700000|100%|HS|  |TAMS 0x0000000082700000, 0x0000000082700000| Complete 
|  39|0x0000000082700000, 0x0000000082800000, 0x0000000082800000|100%|HS|  |TAMS 0x0000000082800000, 0x0000000082800000| Complete 
|  40|0x0000000082800000, 0x0000000082900000, 0x0000000082900000|100%|HS|  |TAMS 0x0000000082900000, 0x0000000082900000| Complete 
|  41|0x0000000082900000, 0x0000000082a00000, 0x0000000082a00000|100%|HC|  |TAMS 0x0000000082a00000, 0x0000000082a00000| Complete 
|  42|0x0000000082a00000, 0x0000000082b00000, 0x0000000082b00000|100%| O|  |TAMS 0x0000000082b00000, 0x0000000082b00000| Untracked 
|  43|0x0000000082b00000, 0x0000000082c00000, 0x0000000082c00000|100%| O|  |TAMS 0x0000000082c00000, 0x0000000082c00000| Untracked 
|  44|0x0000000082c00000, 0x0000000082d00000, 0x0000000082d00000|100%| O|  |TAMS 0x0000000082d00000, 0x0000000082d00000| Untracked 
|  45|0x0000000082d00000, 0x0000000082e00000, 0x0000000082e00000|100%| O|  |TAMS 0x0000000082e00000, 0x0000000082e00000| Untracked 
|  46|0x0000000082e00000, 0x0000000082f00000, 0x0000000082f00000|100%| O|  |TAMS 0x0000000082f00000, 0x0000000082f00000| Untracked 
|  47|0x0000000082f00000, 0x0000000083000000, 0x0000000083000000|100%| O|  |TAMS 0x0000000083000000, 0x0000000083000000| Untracked 
|  48|0x0000000083000000, 0x0000000083100000, 0x0000000083100000|100%| O|  |TAMS 0x0000000083100000, 0x0000000083100000| Untracked 
|  49|0x0000000083100000, 0x0000000083200000, 0x0000000083200000|100%| O|  |TAMS 0x0000000083200000, 0x0000000083200000| Untracked 
|  50|0x0000000083200000, 0x0000000083300000, 0x0000000083300000|100%| O|  |TAMS 0x0000000083300000, 0x0000000083300000| Untracked 
|  51|0x0000000083300000, 0x0000000083400000, 0x0000000083400000|100%| O|  |TAMS 0x0000000083400000, 0x0000000083400000| Untracked 
|  52|0x0000000083400000, 0x0000000083500000, 0x0000000083500000|100%| O|  |TAMS 0x0000000083500000, 0x0000000083500000| Untracked 
|  53|0x0000000083500000, 0x0000000083500000, 0x0000000083600000|  0%| F|  |TAMS 0x0000000083500000, 0x0000000083500000| Untracked 
|  54|0x0000000083600000, 0x0000000083600000, 0x0000000083700000|  0%| F|  |TAMS 0x0000000083600000, 0x0000000083600000| Untracked 
|  55|0x0000000083700000, 0x0000000083700000, 0x0000000083800000|  0%| F|  |TAMS 0x0000000083700000, 0x0000000083700000| Untracked 
|  56|0x0000000083800000, 0x0000000083800000, 0x0000000083900000|  0%| F|  |TAMS 0x0000000083800000, 0x0000000083800000| Untracked 
|  57|0x0000000083900000, 0x0000000083900000, 0x0000000083a00000|  0%| F|  |TAMS 0x0000000083900000, 0x0000000083900000| Untracked 
|  58|0x0000000083a00000, 0x0000000083a00000, 0x0000000083b00000|  0%| F|  |TAMS 0x0000000083a00000, 0x0000000083a00000| Untracked 
|  59|0x0000000083b00000, 0x0000000083b00000, 0x0000000083c00000|  0%| F|  |TAMS 0x0000000083b00000, 0x0000000083b00000| Untracked 
|  60|0x0000000083c00000, 0x0000000083c00000, 0x0000000083d00000|  0%| F|  |TAMS 0x0000000083c00000, 0x0000000083c00000| Untracked 
|  61|0x0000000083d00000, 0x0000000083d00000, 0x0000000083e00000|  0%| F|  |TAMS 0x0000000083d00000, 0x0000000083d00000| Untracked 
|  62|0x0000000083e00000, 0x0000000083e00000, 0x0000000083f00000|  0%| F|  |TAMS 0x0000000083e00000, 0x0000000083e00000| Untracked 
|  63|0x0000000083f00000, 0x0000000083f00000, 0x0000000084000000|  0%| F|  |TAMS 0x0000000083f00000, 0x0000000083f00000| Untracked 
|  64|0x0000000084000000, 0x0000000084000000, 0x0000000084100000|  0%| F|  |TAMS 0x0000000084000000, 0x0000000084000000| Untracked 
|  65|0x0000000084100000, 0x0000000084100000, 0x0000000084200000|  0%| F|  |TAMS 0x0000000084100000, 0x0000000084100000| Untracked 
|  66|0x0000000084200000, 0x00000000842b9100, 0x0000000084300000| 72%| S|CS|TAMS 0x0000000084200000, 0x0000000084200000| Complete 
|  67|0x0000000084300000, 0x0000000084400000, 0x0000000084400000|100%| S|CS|TAMS 0x0000000084300000, 0x0000000084300000| Complete 
|  68|0x0000000084400000, 0x0000000084500000, 0x0000000084500000|100%| S|CS|TAMS 0x0000000084400000, 0x0000000084400000| Complete 
|  69|0x0000000084500000, 0x0000000084600000, 0x0000000084600000|100%| S|CS|TAMS 0x0000000084500000, 0x0000000084500000| Complete 
|  70|0x0000000084600000, 0x0000000084600000, 0x0000000084700000|  0%| F|  |TAMS 0x0000000084600000, 0x0000000084600000| Untracked 
|  71|0x0000000084700000, 0x0000000084700000, 0x0000000084800000|  0%| F|  |TAMS 0x0000000084700000, 0x0000000084700000| Untracked 
|  72|0x0000000084800000, 0x0000000084800000, 0x0000000084900000|  0%| F|  |TAMS 0x0000000084800000, 0x0000000084800000| Untracked 
|  73|0x0000000084900000, 0x0000000084900000, 0x0000000084a00000|  0%| F|  |TAMS 0x0000000084900000, 0x0000000084900000| Untracked 
|  74|0x0000000084a00000, 0x0000000084a00000, 0x0000000084b00000|  0%| F|  |TAMS 0x0000000084a00000, 0x0000000084a00000| Untracked 
|  75|0x0000000084b00000, 0x0000000084b00000, 0x0000000084c00000|  0%| F|  |TAMS 0x0000000084b00000, 0x0000000084b00000| Untracked 
|  76|0x0000000084c00000, 0x0000000084c00000, 0x0000000084d00000|  0%| F|  |TAMS 0x0000000084c00000, 0x0000000084c00000| Untracked 
|  77|0x0000000084d00000, 0x0000000084d00000, 0x0000000084e00000|  0%| F|  |TAMS 0x0000000084d00000, 0x0000000084d00000| Untracked 
|  78|0x0000000084e00000, 0x0000000084e00000, 0x0000000084f00000|  0%| F|  |TAMS 0x0000000084e00000, 0x0000000084e00000| Untracked 
|  79|0x0000000084f00000, 0x0000000084f00000, 0x0000000085000000|  0%| F|  |TAMS 0x0000000084f00000, 0x0000000084f00000| Untracked 
|  80|0x0000000085000000, 0x0000000085000000, 0x0000000085100000|  0%| F|  |TAMS 0x0000000085000000, 0x0000000085000000| Untracked 
|  81|0x0000000085100000, 0x0000000085100000, 0x0000000085200000|  0%| F|  |TAMS 0x0000000085100000, 0x0000000085100000| Untracked 
|  82|0x0000000085200000, 0x0000000085200000, 0x0000000085300000|  0%| F|  |TAMS 0x0000000085200000, 0x0000000085200000| Untracked 
|  83|0x0000000085300000, 0x0000000085300000, 0x0000000085400000|  0%| F|  |TAMS 0x0000000085300000, 0x0000000085300000| Untracked 
|  84|0x0000000085400000, 0x0000000085400000, 0x0000000085500000|  0%| F|  |TAMS 0x0000000085400000, 0x0000000085400000| Untracked 
|  85|0x0000000085500000, 0x0000000085500000, 0x0000000085600000|  0%| F|  |TAMS 0x0000000085500000, 0x0000000085500000| Untracked 
|  86|0x0000000085600000, 0x0000000085600000, 0x0000000085700000|  0%| F|  |TAMS 0x0000000085600000, 0x0000000085600000| Untracked 
|  87|0x0000000085700000, 0x0000000085700000, 0x0000000085800000|  0%| F|  |TAMS 0x0000000085700000, 0x0000000085700000| Untracked 
|  88|0x0000000085800000, 0x0000000085800000, 0x0000000085900000|  0%| F|  |TAMS 0x0000000085800000, 0x0000000085800000| Untracked 
|  89|0x0000000085900000, 0x0000000085900000, 0x0000000085a00000|  0%| F|  |TAMS 0x0000000085900000, 0x0000000085900000| Untracked 
|  90|0x0000000085a00000, 0x0000000085a00000, 0x0000000085b00000|  0%| F|  |TAMS 0x0000000085a00000, 0x0000000085a00000| Untracked 
|  91|0x0000000085b00000, 0x0000000085b00000, 0x0000000085c00000|  0%| F|  |TAMS 0x0000000085b00000, 0x0000000085b00000| Untracked 
|  92|0x0000000085c00000, 0x0000000085c00000, 0x0000000085d00000|  0%| F|  |TAMS 0x0000000085c00000, 0x0000000085c00000| Untracked 
|  93|0x0000000085d00000, 0x0000000085d00000, 0x0000000085e00000|  0%| F|  |TAMS 0x0000000085d00000, 0x0000000085d00000| Untracked 
| 111|0x0000000086f00000, 0x0000000086f00000, 0x0000000087000000|  0%| F|  |TAMS 0x0000000086f00000, 0x0000000086f00000| Untracked 

Card table byte_map: [0x00000210aa740000,0x00000210aab40000] _byte_map_base: 0x00000210aa340000

Marking Bits (Prev, Next): (CMBitMap*) 0x00000210938dd0f0, (CMBitMap*) 0x00000210938dd130
 Prev Bits: [0x00000210aaf40000, 0x00000210acf40000)
 Next Bits: [0x00000210acf40000, 0x00000210aef40000)

Polling page: 0x0000021093080000

Metaspace:

Usage:
  Non-class:     47.32 MB used.
      Class:      7.15 MB used.
       Both:     54.46 MB used.

Virtual space:
  Non-class space:       48.00 MB reserved,      47.62 MB (>99%) committed,  6 nodes.
      Class space:        1.00 GB reserved,       7.38 MB ( <1%) committed,  1 nodes.
              Both:        1.05 GB reserved,      55.00 MB (  5%) committed. 

Chunk freelists:
   Non-Class:  312.00 KB
       Class:  596.00 KB
        Both:  908.00 KB

MaxMetaspaceSize: 17179869184.00 GB
CompressedClassSpaceSize: 1.00 GB
 - commit_granule_bytes: 65536.
 - commit_granule_words: 8192.
 - virtual_space_node_default_size: 1048576.
 - enlarge_chunks_in_place: 1.
 - new_chunks_are_fully_committed: 0.
 - uncommit_free_chunks: 1.
 - use_allocation_guard: 0.
 - handle_deallocations: 1.


Internal statistics:

num_allocs_failed_limit: 6.
num_arena_births: 546.
num_arena_deaths: 0.
num_vsnodes_births: 7.
num_vsnodes_deaths: 0.
num_space_committed: 880.
num_space_uncommitted: 0.
num_chunks_returned_to_freelist: 6.
num_chunks_taken_from_freelist: 2638.
num_chunk_merges: 6.
num_chunk_splits: 1780.
num_chunks_enlarged: 1236.
num_purges: 0.

CodeHeap 'non-profiled nmethods': size=120000Kb used=3218Kb max_used=3565Kb free=116781Kb
 bounds [0x00000210a2ae0000, 0x00000210a2e60000, 0x00000210aa010000]
CodeHeap 'profiled nmethods': size=120000Kb used=11820Kb max_used=12616Kb free=108179Kb
 bounds [0x000002109b5b0000, 0x000002109c210000, 0x00000210a2ae0000]
CodeHeap 'non-nmethods': size=5760Kb used=2361Kb max_used=2399Kb free=3398Kb
 bounds [0x000002109b010000, 0x000002109b280000, 0x000002109b5b0000]
 total_blobs=6913 nmethods=6032 adapters=793
 compilation: enabled
              stopped_count=0, restarted_count=0
 full_count=0

Compilation events (20 events):
Event: 16.267 Thread 0x00000210b19ad1b0 6901       3       java.util.LinkedList$ListItr::set (28 bytes)
Event: 16.267 Thread 0x00000210b19ad1b0 nmethod 6901 0x000002109b922c90 code [0x000002109b922e60, 0x000002109b923258]
Event: 16.268 Thread 0x00000210b19ad1b0 6902       3       org.apache.groovy.util.BeanUtils::decapitalize (68 bytes)
Event: 16.270 Thread 0x00000210b19ad1b0 nmethod 6902 0x000002109b720e90 code [0x000002109b721260, 0x000002109b722b28]
Event: 16.270 Thread 0x00000210b19ad1b0 6904       1       java.lang.reflect.AccessibleObject::isAccessible (5 bytes)
Event: 16.270 Thread 0x00000210b19ad1b0 nmethod 6904 0x00000210a2c83410 code [0x00000210a2c835a0, 0x00000210a2c83678]
Event: 16.276 Thread 0x00000210b19ad1b0 6905       3       groovy.lang.GroovySystem::getMetaClassRegistry (4 bytes)
Event: 16.276 Thread 0x00000210b19ad1b0 nmethod 6905 0x000002109b640590 code [0x000002109b640720, 0x000002109b640818]
Event: 16.280 Thread 0x00000210b19ad1b0 6906 %     3       groovy.lang.MetaClassImpl::inheritInterfaceNewMetaMethods @ 100 (195 bytes)
Event: 16.282 Thread 0x00000210b19ad1b0 nmethod 6906% 0x000002109b706710 code [0x000002109b706a20, 0x000002109b708098]
Event: 16.282 Thread 0x00000210b19ad1b0 6907       3       groovy.lang.MetaClassImpl::inheritInterfaceNewMetaMethods (195 bytes)
Event: 16.284 Thread 0x00000210b19ad1b0 nmethod 6907 0x000002109b7c9090 code [0x000002109b7c9380, 0x000002109b7ca6d8]
Event: 16.323 Thread 0x00000210b19ad1b0 6909       3       java.lang.ClassValue$ClassValueMap::sizeCache (51 bytes)
Event: 16.324 Thread 0x00000210b19ad1b0 nmethod 6909 0x000002109b908d90 code [0x000002109b908f60, 0x000002109b9091b8]
Event: 16.325 Thread 0x00000210b19ad1b0 6910       3       org.codehaus.groovy.runtime.metaclass.MetaMethodIndex::addMethodToList (131 bytes)
Event: 16.326 Thread 0x00000210b19ad1b0 nmethod 6910 0x000002109b603c90 code [0x000002109b603f40, 0x000002109b6051c8]
Event: 16.336 Thread 0x00000210b19ad1b0 6911       1       java.beans.GenericBeanInfo::getEventSetDescriptors (5 bytes)
Event: 16.336 Thread 0x00000210b19ad1b0 nmethod 6911 0x00000210a2c83110 code [0x00000210a2c832a0, 0x00000210a2c83378]
Event: 16.336 Thread 0x00000210b19ad1b0 6912       1       java.beans.GenericBeanInfo::getPropertyDescriptors (5 bytes)
Event: 16.336 Thread 0x00000210b19ad1b0 nmethod 6912 0x00000210a2c82e10 code [0x00000210a2c82fa0, 0x00000210a2c83078]

GC Heap History (20 events):
Event: 13.235 GC heap after
{Heap after GC invocations=17 (full 0):
 garbage-first heap   total 78848K, used 48611K [0x0000000080000000, 0x0000000100000000)
  region size 1024K, 3 young (3072K), 3 survivors (3072K)
 Metaspace       used 39977K, committed 40384K, reserved 1089536K
  class space    used 5391K, committed 5568K, reserved 1048576K
}
Event: 13.267 GC heap before
{Heap before GC invocations=17 (full 0):
 garbage-first heap   total 78848K, used 49635K [0x0000000080000000, 0x0000000100000000)
  region size 1024K, 4 young (4096K), 3 survivors (3072K)
 Metaspace       used 40116K, committed 40576K, reserved 1089536K
  class space    used 5413K, committed 5632K, reserved 1048576K
}
Event: 13.272 GC heap after
{Heap after GC invocations=18 (full 0):
 garbage-first heap   total 78848K, used 45807K [0x0000000080000000, 0x0000000100000000)
  region size 1024K, 1 young (1024K), 1 survivors (1024K)
 Metaspace       used 40116K, committed 40576K, reserved 1089536K
  class space    used 5413K, committed 5632K, reserved 1048576K
}
Event: 13.543 GC heap before
{Heap before GC invocations=18 (full 0):
 garbage-first heap   total 78848K, used 59119K [0x0000000080000000, 0x0000000100000000)
  region size 1024K, 14 young (14336K), 1 survivors (1024K)
 Metaspace       used 42016K, committed 42432K, reserved 1089536K
  class space    used 5639K, committed 5824K, reserved 1048576K
}
Event: 13.546 GC heap after
{Heap after GC invocations=19 (full 0):
 garbage-first heap   total 78848K, used 46182K [0x0000000080000000, 0x0000000100000000)
  region size 1024K, 1 young (1024K), 1 survivors (1024K)
 Metaspace       used 42016K, committed 42432K, reserved 1089536K
  class space    used 5639K, committed 5824K, reserved 1048576K
}
Event: 13.961 GC heap before
{Heap before GC invocations=20 (full 0):
 garbage-first heap   total 83968K, used 59494K [0x0000000080000000, 0x0000000100000000)
  region size 1024K, 14 young (14336K), 1 survivors (1024K)
 Metaspace       used 44411K, committed 44864K, reserved 1089536K
  class space    used 5945K, committed 6144K, reserved 1048576K
}
Event: 13.963 GC heap after
{Heap after GC invocations=21 (full 0):
 garbage-first heap   total 83968K, used 46829K [0x0000000080000000, 0x0000000100000000)
  region size 1024K, 2 young (2048K), 2 survivors (2048K)
 Metaspace       used 44411K, committed 44864K, reserved 1089536K
  class space    used 5945K, committed 6144K, reserved 1048576K
}
Event: 14.372 GC heap before
{Heap before GC invocations=21 (full 0):
 garbage-first heap   total 83968K, used 63213K [0x0000000080000000, 0x0000000100000000)
  region size 1024K, 19 young (19456K), 2 survivors (2048K)
 Metaspace       used 47519K, committed 47936K, reserved 1097728K
  class space    used 6268K, committed 6464K, reserved 1048576K
}
Event: 14.375 GC heap after
{Heap after GC invocations=22 (full 0):
 garbage-first heap   total 83968K, used 47519K [0x0000000080000000, 0x0000000100000000)
  region size 1024K, 2 young (2048K), 2 survivors (2048K)
 Metaspace       used 47519K, committed 47936K, reserved 1097728K
  class space    used 6268K, committed 6464K, reserved 1048576K
}
Event: 14.935 GC heap before
{Heap before GC invocations=23 (full 0):
 garbage-first heap   total 83968K, used 65951K [0x0000000080000000, 0x0000000100000000)
  region size 1024K, 20 young (20480K), 2 survivors (2048K)
 Metaspace       used 50400K, committed 50880K, reserved 1097728K
  class space    used 6669K, committed 6912K, reserved 1048576K
}
Event: 14.941 GC heap after
{Heap after GC invocations=24 (full 0):
 garbage-first heap   total 83968K, used 48976K [0x0000000080000000, 0x0000000100000000)
  region size 1024K, 3 young (3072K), 3 survivors (3072K)
 Metaspace       used 50400K, committed 50880K, reserved 1097728K
  class space    used 6669K, committed 6912K, reserved 1048576K
}
Event: 15.254 GC heap before
{Heap before GC invocations=24 (full 0):
 garbage-first heap   total 83968K, used 65360K [0x0000000080000000, 0x0000000100000000)
  region size 1024K, 20 young (20480K), 3 survivors (3072K)
 Metaspace       used 52497K, committed 52992K, reserved 1097728K
  class space    used 6898K, committed 7168K, reserved 1048576K
}
Event: 15.258 GC heap after
{Heap after GC invocations=25 (full 0):
 garbage-first heap   total 83968K, used 50977K [0x0000000080000000, 0x0000000100000000)
  region size 1024K, 3 young (3072K), 3 survivors (3072K)
 Metaspace       used 52497K, committed 52992K, reserved 1097728K
  class space    used 6898K, committed 7168K, reserved 1048576K
}
Event: 15.610 GC heap before
{Heap before GC invocations=26 (full 0):
 garbage-first heap   total 89088K, used 67361K [0x0000000080000000, 0x0000000100000000)
  region size 1024K, 19 young (19456K), 3 survivors (3072K)
 Metaspace       used 54018K, committed 54528K, reserved 1097728K
  class space    used 7087K, committed 7360K, reserved 1048576K
}
Event: 15.613 GC heap after
{Heap after GC invocations=27 (full 0):
 garbage-first heap   total 89088K, used 52572K [0x0000000080000000, 0x0000000100000000)
  region size 1024K, 2 young (2048K), 2 survivors (2048K)
 Metaspace       used 54018K, committed 54528K, reserved 1097728K
  class space    used 7087K, committed 7360K, reserved 1048576K
}
Event: 15.758 GC heap before
{Heap before GC invocations=27 (full 0):
 garbage-first heap   total 89088K, used 59740K [0x0000000080000000, 0x0000000100000000)
  region size 1024K, 10 young (10240K), 2 survivors (2048K)
 Metaspace       used 54812K, committed 55360K, reserved 1097728K
  class space    used 7162K, committed 7424K, reserved 1048576K
}
Event: 15.760 GC heap after
{Heap after GC invocations=28 (full 0):
 garbage-first heap   total 89088K, used 53276K [0x0000000080000000, 0x0000000100000000)
  region size 1024K, 3 young (3072K), 3 survivors (3072K)
 Metaspace       used 54812K, committed 55360K, reserved 1097728K
  class space    used 7162K, committed 7424K, reserved 1048576K
}
Event: 16.078 GC heap before
{Heap before GC invocations=29 (full 0):
 garbage-first heap   total 97280K, used 72732K [0x0000000080000000, 0x0000000100000000)
  region size 1024K, 21 young (21504K), 3 survivors (3072K)
 Metaspace       used 55651K, committed 56192K, reserved 1097728K
  class space    used 7298K, committed 7552K, reserved 1048576K
}
Event: 16.082 GC heap after
{Heap after GC invocations=30 (full 0):
 garbage-first heap   total 97280K, used 54854K [0x0000000080000000, 0x0000000100000000)
  region size 1024K, 3 young (3072K), 3 survivors (3072K)
 Metaspace       used 55651K, committed 56192K, reserved 1097728K
  class space    used 7298K, committed 7552K, reserved 1048576K
}
Event: 16.340 GC heap before
{Heap before GC invocations=30 (full 0):
 garbage-first heap   total 97280K, used 77382K [0x0000000080000000, 0x0000000100000000)
  region size 1024K, 25 young (25600K), 3 survivors (3072K)
 Metaspace       used 55770K, committed 56320K, reserved 1097728K
  class space    used 7316K, committed 7552K, reserved 1048576K
}

Deoptimization events (20 events):
Event: 15.691 Thread 0x00000210b393b6e0 DEOPT PACKING pc=0x00000210a2d0fa60 sp=0x00000010b65f7510
Event: 15.691 Thread 0x00000210b393b6e0 DEOPT UNPACKING pc=0x000002109b05d72e sp=0x00000010b65f74d0 mode 2
Event: 15.801 Thread 0x00000210b393b6e0 DEOPT PACKING pc=0x000002109ba209eb sp=0x00000010b65f6060
Event: 15.801 Thread 0x00000210b393b6e0 DEOPT UNPACKING pc=0x000002109b05dece sp=0x00000010b65f5510 mode 0
Event: 15.853 Thread 0x00000210b393b6e0 Uncommon trap: trap_request=0xffffff45 fr.pc=0x00000210a2b94b80 relative=0x00000000000003e0
Event: 15.853 Thread 0x00000210b393b6e0 Uncommon trap: reason=unstable_if action=reinterpret pc=0x00000210a2b94b80 method=java.lang.StringBuilder.toString()Ljava/lang/String; @ 4 c2
Event: 15.853 Thread 0x00000210b393b6e0 DEOPT PACKING pc=0x00000210a2b94b80 sp=0x00000010b65f6410
Event: 15.853 Thread 0x00000210b393b6e0 DEOPT UNPACKING pc=0x000002109b05d72e sp=0x00000010b65f63f0 mode 2
Event: 16.015 Thread 0x00000210b393b6e0 Uncommon trap: trap_request=0xffffff45 fr.pc=0x00000210a2bdf7e8 relative=0x0000000000001228
Event: 16.015 Thread 0x00000210b393b6e0 Uncommon trap: reason=unstable_if action=reinterpret pc=0x00000210a2bdf7e8 method=java.lang.ClassLoader.checkCerts(Ljava/lang/String;Ljava/security/CodeSource;)V @ 30 c2
Event: 16.015 Thread 0x00000210b393b6e0 DEOPT PACKING pc=0x00000210a2bdf7e8 sp=0x00000010b65f8dd0
Event: 16.015 Thread 0x00000210b393b6e0 DEOPT UNPACKING pc=0x000002109b05d72e sp=0x00000010b65f8d48 mode 2
Event: 16.065 Thread 0x00000210b393b6e0 Uncommon trap: trap_request=0xffffff45 fr.pc=0x00000210a2c758d4 relative=0x0000000000000414
Event: 16.065 Thread 0x00000210b393b6e0 Uncommon trap: reason=unstable_if action=reinterpret pc=0x00000210a2c758d4 method=java.util.StringJoiner.add(Ljava/lang/CharSequence;)Ljava/util/StringJoiner; @ 33 c2
Event: 16.065 Thread 0x00000210b393b6e0 DEOPT PACKING pc=0x00000210a2c758d4 sp=0x00000010b65f73a0
Event: 16.065 Thread 0x00000210b393b6e0 DEOPT UNPACKING pc=0x000002109b05d72e sp=0x00000010b65f7350 mode 2
Event: 16.325 Thread 0x00000210b393b6e0 Uncommon trap: trap_request=0xffffff45 fr.pc=0x00000210a2da8080 relative=0x0000000000000d60
Event: 16.325 Thread 0x00000210b393b6e0 Uncommon trap: reason=unstable_if action=reinterpret pc=0x00000210a2da8080 method=org.codehaus.groovy.runtime.metaclass.MetaMethodIndex.isOverridden(Lgroovy/lang/MetaMethod;Lgroovy/lang/MetaMethod;)Z @ 33 c2
Event: 16.325 Thread 0x00000210b393b6e0 DEOPT PACKING pc=0x00000210a2da8080 sp=0x00000010b65f48c0
Event: 16.325 Thread 0x00000210b393b6e0 DEOPT UNPACKING pc=0x000002109b05d72e sp=0x00000010b65f4808 mode 2

Classes unloaded (0 events):
No events

Classes redefined (0 events):
No events

Internal exceptions (20 events):
Event: 16.261 Thread 0x00000210b393b6e0 Exception <a 'java/lang/ClassNotFoundException'{0x00000000852360e8}: com/android/build/gradle/internal/dsl/DefaultConfig$AgpDecoratedCustomizer> (0x00000000852360e8) 
thrown [t:\workspace\open\src\hotspot\share\classfile\systemDictionary.cpp, line 256]
Event: 16.263 Thread 0x00000210b393b6e0 Exception <a 'java/lang/ClassNotFoundException'{0x000000008527fad0}: com/android/build/gradle/internal/dsl/DefaultConfig$AgpDecorated_DecoratedCustomizer> (0x000000008527fad0) 
thrown [t:\workspace\open\src\hotspot\share\classfile\systemDictionary.cpp, line 256]
Event: 16.273 Thread 0x00000210b393b6e0 Exception <a 'java/lang/ClassNotFoundException'{0x000000008519ea90}: org/gradle/api/internal/NamedDomainObjectContainerConfigureDelegateBeanInfo> (0x000000008519ea90) 
thrown [t:\workspace\open\src\hotspot\share\classfile\systemDictionary.cpp, line 256]
Event: 16.274 Thread 0x00000210b393b6e0 Exception <a 'java/lang/ClassNotFoundException'{0x00000000851b2770}: org/gradle/api/internal/NamedDomainObjectContainerConfigureDelegateCustomizer> (0x00000000851b2770) 
thrown [t:\workspace\open\src\hotspot\share\classfile\systemDictionary.cpp, line 256]
Event: 16.285 Thread 0x00000210b393b6e0 Exception <a 'java/lang/ClassNotFoundException'{0x0000000084ff7070}: org/gradle/api/internal/FactoryNamedDomainObjectContainer_DecoratedBeanInfo> (0x0000000084ff7070) 
thrown [t:\workspace\open\src\hotspot\share\classfile\systemDictionary.cpp, line 256]
Event: 16.286 Thread 0x00000210b393b6e0 Exception <a 'java/lang/ClassNotFoundException'{0x0000000084e0c378}: org/gradle/api/internal/FactoryNamedDomainObjectContainerBeanInfo> (0x0000000084e0c378) 
thrown [t:\workspace\open\src\hotspot\share\classfile\systemDictionary.cpp, line 256]
Event: 16.286 Thread 0x00000210b393b6e0 Exception <a 'java/lang/ClassNotFoundException'{0x0000000084e21c28}: org/gradle/api/internal/AbstractNamedDomainObjectContainerBeanInfo> (0x0000000084e21c28) 
thrown [t:\workspace\open\src\hotspot\share\classfile\systemDictionary.cpp, line 256]
Event: 16.287 Thread 0x00000210b393b6e0 Exception <a 'java/lang/ClassNotFoundException'{0x0000000084e373a8}: org/gradle/api/internal/DefaultNamedDomainObjectSetBeanInfo> (0x0000000084e373a8) 
thrown [t:\workspace\open\src\hotspot\share\classfile\systemDictionary.cpp, line 256]
Event: 16.288 Thread 0x00000210b393b6e0 Exception <a 'java/lang/ClassNotFoundException'{0x0000000084e4cd98}: org/gradle/api/internal/DefaultNamedDomainObjectSetCustomizer> (0x0000000084e4cd98) 
thrown [t:\workspace\open\src\hotspot\share\classfile\systemDictionary.cpp, line 256]
Event: 16.290 Thread 0x00000210b393b6e0 Exception <a 'java/lang/ClassNotFoundException'{0x0000000084e77b08}: org/gradle/api/internal/AbstractNamedDomainObjectContainerCustomizer> (0x0000000084e77b08) 
thrown [t:\workspace\open\src\hotspot\share\classfile\systemDictionary.cpp, line 256]
Event: 16.292 Thread 0x00000210b393b6e0 Exception <a 'java/lang/ClassNotFoundException'{0x0000000084e9f9c0}: org/gradle/api/internal/FactoryNamedDomainObjectContainerCustomizer> (0x0000000084e9f9c0) 
thrown [t:\workspace\open\src\hotspot\share\classfile\systemDictionary.cpp, line 256]
Event: 16.294 Thread 0x00000210b393b6e0 Exception <a 'java/lang/ClassNotFoundException'{0x0000000084ebd000}: org/gradle/api/internal/FactoryNamedDomainObjectContainer_DecoratedCustomizer> (0x0000000084ebd000) 
thrown [t:\workspace\open\src\hotspot\share\classfile\systemDictionary.cpp, line 256]
Event: 16.328 Thread 0x00000210b393b6e0 Exception <a 'java/lang/ClassNotFoundException'{0x0000000084a5eaa0}: com/android/build/gradle/internal/dsl/BuildType$AgpDecorated_DecoratedBeanInfo> (0x0000000084a5eaa0) 
thrown [t:\workspace\open\src\hotspot\share\classfile\systemDictionary.cpp, line 256]
Event: 16.328 Thread 0x00000210b393b6e0 Exception <a 'java/lang/ClassNotFoundException'{0x0000000084a6aab8}: com/android/build/gradle/internal/dsl/BuildType$AgpDecoratedBeanInfo> (0x0000000084a6aab8) 
thrown [t:\workspace\open\src\hotspot\share\classfile\systemDictionary.cpp, line 256]
Event: 16.328 Thread 0x00000210b393b6e0 Exception <a 'java/lang/ClassNotFoundException'{0x0000000084a76c08}: com/android/build/gradle/internal/dsl/BuildTypeBeanInfo> (0x0000000084a76c08) 
thrown [t:\workspace\open\src\hotspot\share\classfile\systemDictionary.cpp, line 256]
Event: 16.329 Thread 0x00000210b393b6e0 Exception <a 'java/lang/ClassNotFoundException'{0x0000000084a83140}: com/android/builder/core/AbstractBuildTypeBeanInfo> (0x0000000084a83140) 
thrown [t:\workspace\open\src\hotspot\share\classfile\systemDictionary.cpp, line 256]
Event: 16.329 Thread 0x00000210b393b6e0 Exception <a 'java/lang/ClassNotFoundException'{0x0000000084a8f118}: com/android/builder/core/AbstractBuildTypeCustomizer> (0x0000000084a8f118) 
thrown [t:\workspace\open\src\hotspot\share\classfile\systemDictionary.cpp, line 256]
Event: 16.331 Thread 0x00000210b393b6e0 Exception <a 'java/lang/ClassNotFoundException'{0x0000000084ab74f8}: com/android/build/gradle/internal/dsl/BuildTypeCustomizer> (0x0000000084ab74f8) 
thrown [t:\workspace\open\src\hotspot\share\classfile\systemDictionary.cpp, line 256]
Event: 16.335 Thread 0x00000210b393b6e0 Exception <a 'java/lang/ClassNotFoundException'{0x000000008463c6c8}: com/android/build/gradle/internal/dsl/BuildType$AgpDecoratedCustomizer> (0x000000008463c6c8) 
thrown [t:\workspace\open\src\hotspot\share\classfile\systemDictionary.cpp, line 256]
Event: 16.337 Thread 0x00000210b393b6e0 Exception <a 'java/lang/ClassNotFoundException'{0x00000000846787b0}: com/android/build/gradle/internal/dsl/BuildType$AgpDecorated_DecoratedCustomizer> (0x00000000846787b0) 
thrown [t:\workspace\open\src\hotspot\share\classfile\systemDictionary.cpp, line 256]

Events (20 events):
Event: 16.011 loading class java/util/ArrayListBeanInfo done
Event: 16.011 loading class java/util/AbstractListBeanInfo
Event: 16.011 loading class java/util/AbstractListBeanInfo done
Event: 16.011 loading class java/util/AbstractListBeanInfo
Event: 16.011 loading class java/util/AbstractListBeanInfo done
Event: 16.011 loading class java/util/AbstractListCustomizer
Event: 16.011 loading class java/util/AbstractListCustomizer done
Event: 16.012 loading class java/util/AbstractListCustomizer
Event: 16.012 loading class java/util/AbstractListCustomizer done
Event: 16.012 loading class java/util/ArrayListCustomizer
Event: 16.012 loading class java/util/ArrayListCustomizer done
Event: 16.013 loading class java/util/ArrayListCustomizer
Event: 16.013 loading class java/util/ArrayListCustomizer done
Event: 16.078 Executing  VM operation: G1CollectForAllocation
Event: 16.082 Executing  VM operation: G1CollectForAllocation done
Event: 16.106 loading class java/util/regex/Pattern$Neg
Event: 16.106 loading class java/util/regex/Pattern$Neg done
Event: 16.259 loading class java/beans/IntrospectionException
Event: 16.259 loading class java/beans/IntrospectionException done
Event: 16.340 Executing  VM operation: G1CollectForAllocation


Dynamic libraries:
0x00007ff6416c0000 - 0x00007ff6416ce000 	D:\jdk-16.0.2\bin\java.exe
0x00007ffc0f130000 - 0x00007ffc0f325000 	C:\WINDOWS\SYSTEM32\ntdll.dll
0x00007ffc0dcd0000 - 0x00007ffc0dd8d000 	C:\WINDOWS\System32\KERNEL32.DLL
0x00007ffc0ca10000 - 0x00007ffc0ccdd000 	C:\WINDOWS\System32\KERNELBASE.dll
0x00007ffc0cfd0000 - 0x00007ffc0d0d0000 	C:\WINDOWS\System32\ucrtbase.dll
0x00007ffc05550000 - 0x00007ffc05568000 	D:\jdk-16.0.2\bin\jli.dll
0x00007ffbfd190000 - 0x00007ffbfd1a9000 	D:\jdk-16.0.2\bin\VCRUNTIME140.dll
0x00007ffc0df80000 - 0x00007ffc0e120000 	C:\WINDOWS\System32\USER32.dll
0x00007ffc0ced0000 - 0x00007ffc0cef2000 	C:\WINDOWS\System32\win32u.dll
0x00007ffbf6060000 - 0x00007ffbf62fa000 	C:\WINDOWS\WinSxS\amd64_microsoft.windows.common-controls_6595b64144ccf1df_6.0.19041.1110_none_60b5254171f9507e\COMCTL32.dll
0x00007ffc0d750000 - 0x00007ffc0d7ee000 	C:\WINDOWS\System32\msvcrt.dll
0x00007ffc0f0c0000 - 0x00007ffc0f0ea000 	C:\WINDOWS\System32\GDI32.dll
0x00007ffc0c840000 - 0x00007ffc0c94b000 	C:\WINDOWS\System32\gdi32full.dll
0x00007ffc0cf00000 - 0x00007ffc0cf9d000 	C:\WINDOWS\System32\msvcp_win.dll
0x00007ffc0f030000 - 0x00007ffc0f060000 	C:\WINDOWS\System32\IMM32.DLL
0x00007ffc04e20000 - 0x00007ffc04e2c000 	D:\jdk-16.0.2\bin\vcruntime140_1.dll
0x00007ffbe2ec0000 - 0x00007ffbe2f51000 	D:\jdk-16.0.2\bin\msvcp140.dll
0x00007ffbc99f0000 - 0x00007ffbca59b000 	D:\jdk-16.0.2\bin\server\jvm.dll
0x00007ffc0d570000 - 0x00007ffc0d61e000 	C:\WINDOWS\System32\ADVAPI32.dll
0x00007ffc0e140000 - 0x00007ffc0e1dc000 	C:\WINDOWS\System32\sechost.dll
0x00007ffc0d620000 - 0x00007ffc0d745000 	C:\WINDOWS\System32\RPCRT4.dll
0x00007ffc0ded0000 - 0x00007ffc0ded8000 	C:\WINDOWS\System32\PSAPI.DLL
0x00007ffc049e0000 - 0x00007ffc049e9000 	C:\WINDOWS\SYSTEM32\WSOCK32.dll
0x00007ffc02100000 - 0x00007ffc02127000 	C:\WINDOWS\SYSTEM32\WINMM.dll
0x00007ffc02be0000 - 0x00007ffc02bea000 	C:\WINDOWS\SYSTEM32\VERSION.dll
0x00007ffc0efc0000 - 0x00007ffc0f02b000 	C:\WINDOWS\System32\WS2_32.dll
0x00007ffc0b120000 - 0x00007ffc0b132000 	C:\WINDOWS\SYSTEM32\kernel.appcore.dll
0x00007ffc03c10000 - 0x00007ffc03c1a000 	D:\jdk-16.0.2\bin\jimage.dll
0x00007ffc0ab80000 - 0x00007ffc0ad64000 	C:\WINDOWS\SYSTEM32\DBGHELP.DLL
0x00007ffbff190000 - 0x00007ffbff1bc000 	C:\WINDOWS\SYSTEM32\dbgcore.DLL
0x00007ffc0ce40000 - 0x00007ffc0cec2000 	C:\WINDOWS\System32\bcryptPrimitives.dll
0x00007ffbfd110000 - 0x00007ffbfd135000 	D:\jdk-16.0.2\bin\java.dll
0x00007ffc0e390000 - 0x00007ffc0ead4000 	C:\WINDOWS\System32\SHELL32.dll
0x00007ffc0a310000 - 0x00007ffc0aaa4000 	C:\WINDOWS\SYSTEM32\windows.storage.dll
0x00007ffc0eae0000 - 0x00007ffc0ee34000 	C:\WINDOWS\System32\combase.dll
0x00007ffc0c1d0000 - 0x00007ffc0c1fc000 	C:\WINDOWS\SYSTEM32\Wldp.dll
0x00007ffc0d440000 - 0x00007ffc0d4ed000 	C:\WINDOWS\System32\SHCORE.dll
0x00007ffc0f060000 - 0x00007ffc0f0b5000 	C:\WINDOWS\System32\shlwapi.dll
0x00007ffc0c780000 - 0x00007ffc0c79f000 	C:\WINDOWS\SYSTEM32\profapi.dll
0x00007ffbf9060000 - 0x00007ffbf9079000 	D:\jdk-16.0.2\bin\net.dll
0x00007ffbff3a0000 - 0x00007ffbff4aa000 	C:\WINDOWS\SYSTEM32\WINHTTP.dll
0x00007ffc0bf30000 - 0x00007ffc0bf9a000 	C:\WINDOWS\system32\mswsock.dll
0x00007ffbf9040000 - 0x00007ffbf9053000 	D:\jdk-16.0.2\bin\nio.dll
0x00007ffbf8fe0000 - 0x00007ffbf8ff8000 	D:\jdk-16.0.2\bin\zip.dll
0x00007ffbff330000 - 0x00007ffbff340000 	D:\jdk-16.0.2\bin\verify.dll
0x00007ffbebe90000 - 0x00007ffbebeb7000 	C:\Users\yiqua\.gradle\native\e1d6ef7f7dcc3fd88c89a11ec53ec762bb8ba0a96d01ffa2cd45eb1d1d8dd5c5\windows-amd64\native-platform.dll
0x00007ffbdb7d0000 - 0x00007ffbdb914000 	C:\Users\yiqua\.gradle\native\5664cfc778a61ccfe75a443a1ab52a65af34e5dc3c78e0209fed803814484fcb\windows-amd64\native-platform-file-events.dll
0x00007ffbfd180000 - 0x00007ffbfd189000 	D:\jdk-16.0.2\bin\management.dll
0x00007ffbf8fd0000 - 0x00007ffbf8fdb000 	D:\jdk-16.0.2\bin\management_ext.dll
0x00007ffc0c130000 - 0x00007ffc0c148000 	C:\WINDOWS\SYSTEM32\CRYPTSP.dll
0x00007ffc0b8b0000 - 0x00007ffc0b8e4000 	C:\WINDOWS\system32\rsaenh.dll
0x00007ffc0cfa0000 - 0x00007ffc0cfc7000 	C:\WINDOWS\System32\bcrypt.dll
0x00007ffc0c740000 - 0x00007ffc0c76e000 	C:\WINDOWS\SYSTEM32\USERENV.dll
0x00007ffc0c120000 - 0x00007ffc0c12c000 	C:\WINDOWS\SYSTEM32\CRYPTBASE.dll
0x00007ffc0bc20000 - 0x00007ffc0bc5b000 	C:\WINDOWS\SYSTEM32\IPHLPAPI.DLL
0x00007ffc0d430000 - 0x00007ffc0d438000 	C:\WINDOWS\System32\NSI.dll
0x00007ffc02d20000 - 0x00007ffc02d37000 	C:\WINDOWS\SYSTEM32\dhcpcsvc6.DLL
0x00007ffc03fb0000 - 0x00007ffc03fcd000 	C:\WINDOWS\SYSTEM32\dhcpcsvc.DLL
0x00007ffc0bc60000 - 0x00007ffc0bd2b000 	C:\WINDOWS\SYSTEM32\DNSAPI.dll
0x00007ffbefdb0000 - 0x00007ffbefdbe000 	D:\jdk-16.0.2\bin\sunmscapi.dll
0x00007ffc0cce0000 - 0x00007ffc0ce36000 	C:\WINDOWS\System32\CRYPT32.dll
0x00007ffc0c240000 - 0x00007ffc0c267000 	C:\WINDOWS\SYSTEM32\ncrypt.dll
0x00007ffc0c200000 - 0x00007ffc0c23b000 	C:\WINDOWS\SYSTEM32\NTASN1.dll
0x00007ffbefd30000 - 0x00007ffbefd37000 	C:\WINDOWS\system32\wshunix.dll

dbghelp: loaded successfully - version: 4.0.5 - missing functions: none
symbol engine: initialized successfully - sym options: 0x614 - pdb path: .;D:\jdk-16.0.2\bin;C:\WINDOWS\SYSTEM32;C:\WINDOWS\WinSxS\amd64_microsoft.windows.common-controls_6595b64144ccf1df_6.0.19041.1110_none_60b5254171f9507e;D:\jdk-16.0.2\bin\server;C:\Users\yiqua\.gradle\native\e1d6ef7f7dcc3fd88c89a11ec53ec762bb8ba0a96d01ffa2cd45eb1d1d8dd5c5\windows-amd64;C:\Users\yiqua\.gradle\native\5664cfc778a61ccfe75a443a1ab52a65af34e5dc3c78e0209fed803814484fcb\windows-amd64

VM Arguments:
jvm_args: --add-opens=java.base/java.util=ALL-UNNAMED --add-opens=java.base/java.lang=ALL-UNNAMED --add-opens=java.base/java.lang.invoke=ALL-UNNAMED --add-opens=java.base/java.util=ALL-UNNAMED --add-opens=java.prefs/java.util.prefs=ALL-UNNAMED --add-opens=java.prefs/java.util.prefs=ALL-UNNAMED --add-opens=java.base/java.nio.charset=ALL-UNNAMED --add-opens=java.base/java.net=ALL-UNNAMED --add-opens=java.base/java.util.concurrent.atomic=ALL-UNNAMED -Xmx2048m -Dfile.encoding=UTF-8 -Duser.country=CN -Duser.language=zh -Duser.variant 
java_command: org.gradle.launcher.daemon.bootstrap.GradleDaemon 7.2
java_class_path (initial): C:\Users\yiqua\.gradle\wrapper\dists\gradle-7.2-bin\2dnblmf4td7x66yl1d74lt32g\gradle-7.2\lib\gradle-launcher-7.2.jar
Launcher Type: SUN_STANDARD

[Global flags]
     intx CICompilerCount                          = 4                                         {product} {ergonomic}
     uint ConcGCThreads                            = 2                                         {product} {ergonomic}
     uint G1ConcRefinementThreads                  = 8                                         {product} {ergonomic}
   size_t G1HeapRegionSize                         = 1048576                                   {product} {ergonomic}
    uintx GCDrainStackTargetSize                   = 64                                        {product} {ergonomic}
   size_t InitialHeapSize                          = 117440512                                 {product} {ergonomic}
   size_t MarkStackSize                            = 4194304                                   {product} {ergonomic}
   size_t MaxHeapSize                              = 2147483648                                {product} {command line}
   size_t MaxNewSize                               = 1287651328                                {product} {ergonomic}
   size_t MinHeapDeltaBytes                        = 1048576                                   {product} {ergonomic}
   size_t MinHeapSize                              = 8388608                                   {product} {ergonomic}
    uintx NonNMethodCodeHeapSize                   = 5839372                                {pd product} {ergonomic}
    uintx NonProfiledCodeHeapSize                  = 122909434                              {pd product} {ergonomic}
    uintx ProfiledCodeHeapSize                     = 122909434                              {pd product} {ergonomic}
    uintx ReservedCodeCacheSize                    = 251658240                              {pd product} {ergonomic}
     bool SegmentedCodeCache                       = true                                      {product} {ergonomic}
   size_t SoftMaxHeapSize                          = 2147483648                             {manageable} {ergonomic}
     bool UseCompressedClassPointers               = true                           {product lp64_product} {ergonomic}
     bool UseCompressedOops                        = true                           {product lp64_product} {ergonomic}
     bool UseG1GC                                  = true                                      {product} {ergonomic}
     bool UseLargePagesIndividualAllocation        = false                                  {pd product} {ergonomic}

Logging:
Log output configuration:
 #0: stdout all=warning uptime,level,tags
 #1: stderr all=off uptime,level,tags

Environment Variables:
PATH=C:\ProgramData\Oracle\Java\javapath;C:\Program Files\Zulu\zulu-17\bin\;C:\Program Files\Common Files\Oracle\Java\javapath;C:\WINDOWS\system32;C:\WINDOWS;C:\WINDOWS\System32\Wbem;C:\WINDOWS\System32\WindowsPowerShell\v1.0\;C:\WINDOWS\System32\OpenSSH\;C:\Program Files\Git\cmd;C:\Program Files\dotnet\;C:\Program Files\Microsoft SQL Server\130\Tools\Binn\;C:\Program Files\MySQL\MySQL Shell 8.0\bin\;C:\Users\yiqua\AppData\Local\Microsoft\WindowsApps;C:\Program Files\Git\cmd;C:\Program Files\Git;C:\Program Files\Git\bin;;D:\Microsoft VS Code\bin;C:\Users\yiqua\.dotnet\tools
USERNAME=yiqua
OS=Windows_NT
PROCESSOR_IDENTIFIER=AMD64 Family 23 Model 24 Stepping 1, AuthenticAMD



---------------  S Y S T E M  ---------------

OS:
 Windows 10 , 64 bit Build 19041 (10.0.19041.1706)
OS uptime: 1 days 23:39 hours

CPU: total 8 (initial active 8) (8 cores per cpu, 2 threads per core) family 23 model 24 stepping 1 microcode 0x0, cx8, cmov, fxsr, ht, mmx, 3dnowpref, sse, sse2, sse3, ssse3, sse4a, sse4.1, sse4.2, popcnt, lzcnt, tsc, tscinvbit, avx, avx2, aes, clmul, bmi1, bmi2, adx, sha, fma, vzeroupper, clflush, clflushopt

Memory: 4k page, system-wide physical 7103M (499M free)
TotalPageFile size 11199M (AvailPageFile size 5M)
current process WorkingSet (physical memory assigned to process): 285M, peak: 290M
current process commit charge ("private bytes"): 329M, peak: 346M

vm_info: OpenJDK 64-Bit Server VM (16.0.2+7-67) for windows-amd64 JRE (16.0.2+7-67), built on Jun  8 2021 23:21:43 by "mach5one" with MS VC++ 16.7 (VS2019)

END.
