#
# There is insufficient memory for the Java Runtime Environment to continue.
# Native memory allocation (mmap) failed to map 17825792 bytes for G1 virtual space
# Possible reasons:
#   The system is out of physical RAM or swap space
#   The process is running with CompressedOops enabled, and the Java Heap may be blocking the growth of the native heap
# Possible solutions:
#   Reduce memory load on the system
#   Increase physical memory or swap space
#   Check if swap backing store is full
#   Decrease Java heap size (-Xmx/-Xms)
#   Decrease number of Java threads
#   Decrease Java thread stack sizes (-Xss)
#   Set larger code cache with -XX:ReservedCodeCacheSize=
#   JVM is running with Unscaled Compressed Oops mode in which the Java heap is
#     placed in the first 4GB address space. The Java Heap base address is the
#     maximum limit for the native heap growth. Please use -XX:HeapBaseMinAddress
#     to set the Java Heap base and to place the Java Heap above 4GB virtual address.
# This output file may be truncated or incomplete.
#
#  Out of Memory Error (os_windows.cpp:3466), pid=15024, tid=10584
#
# JRE version: OpenJDK Runtime Environment (16.0.2+7) (build 16.0.2+7-67)
# Java VM: OpenJDK 64-Bit Server VM (16.0.2+7-67, mixed mode, sharing, tiered, compressed oops, compressed class ptrs, g1 gc, windows-amd64)
# No core dump will be written. Minidumps are not enabled by default on client versions of Windows
#

---------------  S U M M A R Y ------------

Command Line: --add-opens=java.base/java.util=ALL-UNNAMED --add-opens=java.base/java.lang=ALL-UNNAMED --add-opens=java.base/java.lang.invoke=ALL-UNNAMED --add-opens=java.base/java.util=ALL-UNNAMED --add-opens=java.prefs/java.util.prefs=ALL-UNNAMED --add-opens=java.prefs/java.util.prefs=ALL-UNNAMED --add-opens=java.base/java.nio.charset=ALL-UNNAMED --add-opens=java.base/java.net=ALL-UNNAMED --add-opens=java.base/java.util.concurrent.atomic=ALL-UNNAMED -Xmx2048m -Dfile.encoding=UTF-8 -Duser.country=CN -Duser.language=zh -Duser.variant org.gradle.launcher.daemon.bootstrap.GradleDaemon 7.2

Host: AMD Ryzen 5 3500U with Radeon Vega Mobile Gfx  , 8 cores, 6G,  Windows 10 , 64 bit Build 19041 (10.0.19041.1706)
Time: Mon Jun 13 17:24:34 2022  Windows 10 , 64 bit Build 19041 (10.0.19041.1706) elapsed time: 9.621853 seconds (0d 0h 0m 9s)

---------------  T H R E A D  ---------------

Current thread (0x000002e1fbbf3860):  VMThread "VM Thread" [stack: 0x000000fb22800000,0x000000fb22900000] [id=10584]

Stack: [0x000000fb22800000,0x000000fb22900000]
Native frames: (J=compiled Java code, j=interpreted, Vv=VM code, C=native code)
V  [jvm.dll+0x6681ca]
V  [jvm.dll+0x7c9e69]
V  [jvm.dll+0x7cb61e]
V  [jvm.dll+0x7cbc73]
V  [jvm.dll+0x242c55]
V  [jvm.dll+0x664f89]
V  [jvm.dll+0x659b75]
V  [jvm.dll+0x2fbfbb]
V  [jvm.dll+0x3031b6]
V  [jvm.dll+0x35299e]
V  [jvm.dll+0x352bcf]
V  [jvm.dll+0x2d3028]
V  [jvm.dll+0x2d0bb5]
V  [jvm.dll+0x2d01ec]
V  [jvm.dll+0x3152d2]
V  [jvm.dll+0x7d00ab]
V  [jvm.dll+0x7d0da4]
V  [jvm.dll+0x7d12a9]
V  [jvm.dll+0x7d1564]
V  [jvm.dll+0x7d1630]
V  [jvm.dll+0x7795aa]
V  [jvm.dll+0x667066]
C  [ucrtbase.dll+0x21bb2]
C  [KERNEL32.DLL+0x17034]
C  [ntdll.dll+0x52651]

VM_Operation (0x000000fb242f36f0): G1CollectForAllocation, mode: safepoint, requested by thread 0x000002e1fd63c200


---------------  P R O C E S S  ---------------

Threads class SMR info:
_java_thread_list=0x000002e18259ca60, length=125, elements={
0x000002e1dbbcccb0, 0x000002e1fbbf7b60, 0x000002e1fbbfd4f0, 0x000002e1fbc0ce40,
0x000002e1fbc0d750, 0x000002e1fbc0e060, 0x000002e1fbc13140, 0x000002e1fbc188a0,
0x000002e1fbc1cb60, 0x000002e1fbc21880, 0x000002e1fc893fd0, 0x000002e1fc8b9750,
0x000002e1fc8f4030, 0x000002e1fe716600, 0x000002e1feb38060, 0x000002e1feb4d5c0,
0x000002e1fe1cef70, 0x000002e1fd63a770, 0x000002e1fd63c750, 0x000002e1fd63c200,
0x000002e1fd63bcb0, 0x000002e1fd63cca0, 0x000002e1fd63d1f0, 0x000002e1fd63b210,
0x000002e1fd63b760, 0x000002e1fd639cd0, 0x000002e1fd63a220, 0x000002e1fd63acc0,
0x000002e180d85f70, 0x000002e180d844e0, 0x000002e180d82fa0, 0x000002e180d81510,
0x000002e180d80a70, 0x000002e180d7ffd0, 0x000002e180d834f0, 0x000002e180d854d0,
0x000002e180d86f60, 0x000002e180d84a30, 0x000002e180d83a40, 0x000002e180d80fc0,
0x000002e180d81a60, 0x000002e180d84f80, 0x000002e180d85a20, 0x000002e180d864c0,
0x000002e180d86a10, 0x000002e180d81fb0, 0x000002e180d82a50, 0x000002e180d874b0,
0x000002e180d82500, 0x000002e181c305e0, 0x000002e181c2c620, 0x000002e181c32b10,
0x000002e181c2f5f0, 0x000002e181c325c0, 0x000002e181c31b20, 0x000002e181c32070,
0x000002e181c2b0e0, 0x000002e181c2fb40, 0x000002e181c2e600, 0x000002e181c31080,
0x000002e181c30090, 0x000002e181c2b630, 0x000002e181c2f0a0, 0x000002e181c30b30,
0x000002e181c315d0, 0x000002e181c2bb80, 0x000002e181c2eb50, 0x000002e181c2d0c0,
0x000002e181c2c0d0, 0x000002e181c2cb70, 0x000002e181c2d610, 0x000002e181c2db60,
0x000002e181c2e0b0, 0x000002e181ecef50, 0x000002e181ecaa40, 0x000002e181ecff40,
0x000002e181ed09e0, 0x000002e181ed0490, 0x000002e181ecf9f0, 0x000002e181ecd4c0,
0x000002e181eccf70, 0x000002e181ecdf60, 0x000002e181ed0f30, 0x000002e181ec9fa0,
0x000002e181ecf4a0, 0x000002e181eca4f0, 0x000002e181ece4b0, 0x000002e181ecaf90,
0x000002e181ecb4e0, 0x000002e181ed1480, 0x000002e181ecba30, 0x000002e181ecbf80,
0x000002e181ecc4d0, 0x000002e181ed19d0, 0x000002e181ecca20, 0x000002e181ecda10,
0x000002e181ecea00, 0x000002e1824c1bc0, 0x000002e1824bebf0, 0x000002e1824c40f0,
0x000002e1824bfbe0, 0x000002e1824c0130, 0x000002e1824c5630, 0x000002e1824c4b90,
0x000002e1824c0680, 0x000002e1824c1670, 0x000002e1824c6620, 0x000002e1824c3650,
0x000002e1824c3ba0, 0x000002e1824c0bd0, 0x000002e1824c2110, 0x000002e1824c1120,
0x000002e1824bf140, 0x000002e1824c4640, 0x000002e1824c2660, 0x000002e1824bf690,
0x000002e1824c60d0, 0x000002e1824c2bb0, 0x000002e1824c50e0, 0x000002e1824c3100,
0x000002e1824c5b80, 0x000002e1fedda790, 0x000002e1fede0c80, 0x000002e1fede0730,
0x000002e1fede21c0
}

Java Threads: ( => current thread )
  0x000002e1dbbcccb0 JavaThread "main" [_thread_blocked, id=6804, stack(0x000000fb22200000,0x000000fb22300000)]
  0x000002e1fbbf7b60 JavaThread "Reference Handler" daemon [_thread_blocked, id=14548, stack(0x000000fb22900000,0x000000fb22a00000)]
  0x000002e1fbbfd4f0 JavaThread "Finalizer" daemon [_thread_blocked, id=4708, stack(0x000000fb22a00000,0x000000fb22b00000)]
  0x000002e1fbc0ce40 JavaThread "Signal Dispatcher" daemon [_thread_blocked, id=14920, stack(0x000000fb22b00000,0x000000fb22c00000)]
  0x000002e1fbc0d750 JavaThread "Attach Listener" daemon [_thread_blocked, id=16908, stack(0x000000fb22c00000,0x000000fb22d00000)]
  0x000002e1fbc0e060 JavaThread "Service Thread" daemon [_thread_blocked, id=3752, stack(0x000000fb22d00000,0x000000fb22e00000)]
  0x000002e1fbc13140 JavaThread "Monitor Deflation Thread" daemon [_thread_blocked, id=9484, stack(0x000000fb22e00000,0x000000fb22f00000)]
  0x000002e1fbc188a0 JavaThread "C2 CompilerThread0" daemon [_thread_in_native, id=18320, stack(0x000000fb22f00000,0x000000fb23000000)]
  0x000002e1fbc1cb60 JavaThread "C1 CompilerThread0" daemon [_thread_blocked, id=19296, stack(0x000000fb23000000,0x000000fb23100000)]
  0x000002e1fbc21880 JavaThread "Sweeper thread" daemon [_thread_blocked, id=16260, stack(0x000000fb23100000,0x000000fb23200000)]
  0x000002e1fc893fd0 JavaThread "Common-Cleaner" daemon [_thread_blocked, id=14788, stack(0x000000fb23200000,0x000000fb23300000)]
  0x000002e1fc8b9750 JavaThread "Notification Thread" daemon [_thread_blocked, id=11728, stack(0x000000fb23300000,0x000000fb23400000)]
  0x000002e1fc8f4030 JavaThread "C2 CompilerThread1" daemon [_thread_in_native, id=12212, stack(0x000000fb23500000,0x000000fb23600000)]
  0x000002e1fe716600 JavaThread "Daemon health stats" [_thread_blocked, id=3852, stack(0x000000fb23c00000,0x000000fb23d00000)]
  0x000002e1feb38060 JavaThread "Incoming local TCP Connector on port 61177" [_thread_in_native, id=15224, stack(0x000000fb23d00000,0x000000fb23e00000)]
  0x000002e1feb4d5c0 JavaThread "Daemon periodic checks" [_thread_blocked, id=14460, stack(0x000000fb23e00000,0x000000fb23f00000)]
  0x000002e1fe1cef70 JavaThread "Daemon" [_thread_blocked, id=9220, stack(0x000000fb23f00000,0x000000fb24000000)]
  0x000002e1fd63a770 JavaThread "Handler for socket connection from /127.0.0.1:61177 to /127.0.0.1:61178" [_thread_in_native, id=19072, stack(0x000000fb24000000,0x000000fb24100000)]
  0x000002e1fd63c750 JavaThread "Cancel handler" [_thread_blocked, id=5580, stack(0x000000fb24100000,0x000000fb24200000)]
  0x000002e1fd63c200 JavaThread "Daemon worker" [_thread_blocked, id=13804, stack(0x000000fb24200000,0x000000fb24300000)]
  0x000002e1fd63bcb0 JavaThread "Asynchronous log dispatcher for DefaultDaemonConnection: socket connection from /127.0.0.1:61177 to /127.0.0.1:61178" [_thread_blocked, id=2800, stack(0x000000fb24300000,0x000000fb24400000)]
  0x000002e1fd63cca0 JavaThread "Stdin handler" [_thread_blocked, id=16276, stack(0x000000fb24400000,0x000000fb24500000)]
  0x000002e1fd63d1f0 JavaThread "Daemon client event forwarder" [_thread_blocked, id=15708, stack(0x000000fb24500000,0x000000fb24600000)]
  0x000002e1fd63b210 JavaThread "Cache worker for journal cache (C:\Users\yiqua\.gradle\caches\journal-1)" [_thread_blocked, id=7824, stack(0x000000fb24600000,0x000000fb24700000)]
  0x000002e1fd63b760 JavaThread "File lock request listener" [_thread_in_native, id=796, stack(0x000000fb24700000,0x000000fb24800000)]
  0x000002e1fd639cd0 JavaThread "Cache worker for file hash cache (C:\Users\yiqua\.gradle\caches\7.2\fileHashes)" [_thread_blocked, id=9080, stack(0x000000fb24800000,0x000000fb24900000)]
  0x000002e1fd63a220 JavaThread "Cache worker for file hash cache (C:\Users\yiqua\AndroidStudioProjects\EHailing\.gradle\7.2\fileHashes)" [_thread_blocked, id=18188, stack(0x000000fb24b00000,0x000000fb24c00000)]
  0x000002e1fd63acc0 JavaThread "File watcher server" daemon [_thread_in_native, id=13356, stack(0x000000fb24c00000,0x000000fb24d00000)]
  0x000002e180d85f70 JavaThread "File watcher consumer" daemon [_thread_blocked, id=1456, stack(0x000000fb24d00000,0x000000fb24e00000)]
  0x000002e180d844e0 JavaThread "Cache worker for checksums cache (C:\Users\yiqua\AndroidStudioProjects\EHailing\.gradle\checksums)" [_thread_blocked, id=17564, stack(0x000000fb24e00000,0x000000fb24f00000)]
  0x000002e180d82fa0 JavaThread "Cache worker for cache directory md-supplier (C:\Users\yiqua\.gradle\caches\7.2\md-supplier)" [_thread_blocked, id=10668, stack(0x000000fb24f00000,0x000000fb25000000)]
  0x000002e180d81510 JavaThread "Cache worker for cache directory md-rule (C:\Users\yiqua\.gradle\caches\7.2\md-rule)" [_thread_blocked, id=18740, stack(0x000000fb25000000,0x000000fb25100000)]
  0x000002e180d80a70 JavaThread "Cache worker for execution history cache (C:\Users\yiqua\.gradle\caches\7.2\executionHistory)" [_thread_blocked, id=12140, stack(0x000000fb25100000,0x000000fb25200000)]
  0x000002e180d7ffd0 JavaThread "jar transforms" [_thread_blocked, id=14424, stack(0x000000fb25300000,0x000000fb25400000)]
  0x000002e180d834f0 JavaThread "Cache worker for file content cache (C:\Users\yiqua\.gradle\caches\7.2\fileContent)" [_thread_blocked, id=19116, stack(0x000000fb25400000,0x000000fb25500000)]
  0x000002e180d854d0 JavaThread "jar transforms Thread 2" [_thread_blocked, id=19164, stack(0x000000fb25500000,0x000000fb25600000)]
  0x000002e180d86f60 JavaThread "Cache worker for dependencies-accessors (C:\Users\yiqua\AndroidStudioProjects\EHailing\.gradle\7.2\dependencies-accessors)" [_thread_blocked, id=10020, stack(0x000000fb25600000,0x000000fb25700000)]
  0x000002e180d84a30 JavaThread "jar transforms Thread 3" [_thread_blocked, id=15520, stack(0x000000fb25700000,0x000000fb25800000)]
  0x000002e180d83a40 JavaThread "Cache worker for Build Output Cleanup Cache (C:\Users\yiqua\AndroidStudioProjects\EHailing\.gradle\buildOutputCleanup)" [_thread_blocked, id=17600, stack(0x000000fb25800000,0x000000fb25900000)]
  0x000002e180d80fc0 JavaThread "Unconstrained build operations" [_thread_blocked, id=14168, stack(0x000000fb25900000,0x000000fb25a00000)]
  0x000002e180d81a60 JavaThread "Unconstrained build operations Thread 2" [_thread_blocked, id=14500, stack(0x000000fb25a00000,0x000000fb25b00000)]
  0x000002e180d84f80 JavaThread "Unconstrained build operations Thread 3" [_thread_blocked, id=780, stack(0x000000fb25b00000,0x000000fb25c00000)]
  0x000002e180d85a20 JavaThread "Unconstrained build operations Thread 4" [_thread_blocked, id=3788, stack(0x000000fb25c00000,0x000000fb25d00000)]
  0x000002e180d864c0 JavaThread "Unconstrained build operations Thread 5" [_thread_blocked, id=7956, stack(0x000000fb25d00000,0x000000fb25e00000)]
  0x000002e180d86a10 JavaThread "Unconstrained build operations Thread 6" [_thread_blocked, id=408, stack(0x000000fb25e00000,0x000000fb25f00000)]
  0x000002e180d81fb0 JavaThread "Unconstrained build operations Thread 7" [_thread_blocked, id=6240, stack(0x000000fb25f00000,0x000000fb26000000)]
  0x000002e180d82a50 JavaThread "Unconstrained build operations Thread 8" [_thread_blocked, id=18520, stack(0x000000fb26000000,0x000000fb26100000)]
  0x000002e180d874b0 JavaThread "Unconstrained build operations Thread 9" [_thread_blocked, id=1484, stack(0x000000fb26100000,0x000000fb26200000)]
  0x000002e180d82500 JavaThread "Unconstrained build operations Thread 10" [_thread_blocked, id=14448, stack(0x000000fb26200000,0x000000fb26300000)]
  0x000002e181c305e0 JavaThread "Unconstrained build operations Thread 11" [_thread_blocked, id=5372, stack(0x000000fb26300000,0x000000fb26400000)]
  0x000002e181c2c620 JavaThread "Unconstrained build operations Thread 12" [_thread_blocked, id=14312, stack(0x000000fb26400000,0x000000fb26500000)]
  0x000002e181c32b10 JavaThread "Unconstrained build operations Thread 13" [_thread_blocked, id=18052, stack(0x000000fb26500000,0x000000fb26600000)]
  0x000002e181c2f5f0 JavaThread "Unconstrained build operations Thread 14" [_thread_blocked, id=6756, stack(0x000000fb26600000,0x000000fb26700000)]
  0x000002e181c325c0 JavaThread "Unconstrained build operations Thread 15" [_thread_blocked, id=9028, stack(0x000000fb26700000,0x000000fb26800000)]
  0x000002e181c31b20 JavaThread "Unconstrained build operations Thread 16" [_thread_blocked, id=2516, stack(0x000000fb26800000,0x000000fb26900000)]
  0x000002e181c32070 JavaThread "Unconstrained build operations Thread 17" [_thread_blocked, id=13520, stack(0x000000fb26900000,0x000000fb26a00000)]
  0x000002e181c2b0e0 JavaThread "Unconstrained build operations Thread 18" [_thread_blocked, id=17760, stack(0x000000fb26a00000,0x000000fb26b00000)]
  0x000002e181c2fb40 JavaThread "Unconstrained build operations Thread 19" [_thread_blocked, id=2072, stack(0x000000fb26b00000,0x000000fb26c00000)]
  0x000002e181c2e600 JavaThread "Unconstrained build operations Thread 20" [_thread_blocked, id=6480, stack(0x000000fb26c00000,0x000000fb26d00000)]
  0x000002e181c31080 JavaThread "Unconstrained build operations Thread 21" [_thread_blocked, id=1984, stack(0x000000fb26d00000,0x000000fb26e00000)]
  0x000002e181c30090 JavaThread "Unconstrained build operations Thread 22" [_thread_blocked, id=10504, stack(0x000000fb26e00000,0x000000fb26f00000)]
  0x000002e181c2b630 JavaThread "Unconstrained build operations Thread 23" [_thread_blocked, id=14400, stack(0x000000fb26f00000,0x000000fb27000000)]
  0x000002e181c2f0a0 JavaThread "Unconstrained build operations Thread 24" [_thread_blocked, id=4564, stack(0x000000fb27000000,0x000000fb27100000)]
  0x000002e181c30b30 JavaThread "Unconstrained build operations Thread 25" [_thread_blocked, id=15392, stack(0x000000fb27100000,0x000000fb27200000)]
  0x000002e181c315d0 JavaThread "Unconstrained build operations Thread 26" [_thread_blocked, id=6396, stack(0x000000fb27200000,0x000000fb27300000)]
  0x000002e181c2bb80 JavaThread "Unconstrained build operations Thread 27" [_thread_blocked, id=18964, stack(0x000000fb27300000,0x000000fb27400000)]
  0x000002e181c2eb50 JavaThread "Unconstrained build operations Thread 28" [_thread_blocked, id=8824, stack(0x000000fb27400000,0x000000fb27500000)]
  0x000002e181c2d0c0 JavaThread "Unconstrained build operations Thread 29" [_thread_blocked, id=16332, stack(0x000000fb27500000,0x000000fb27600000)]
  0x000002e181c2c0d0 JavaThread "Unconstrained build operations Thread 30" [_thread_blocked, id=18676, stack(0x000000fb27600000,0x000000fb27700000)]
  0x000002e181c2cb70 JavaThread "Unconstrained build operations Thread 31" [_thread_blocked, id=12800, stack(0x000000fb27700000,0x000000fb27800000)]
  0x000002e181c2d610 JavaThread "Unconstrained build operations Thread 32" [_thread_blocked, id=15804, stack(0x000000fb27800000,0x000000fb27900000)]
  0x000002e181c2db60 JavaThread "Unconstrained build operations Thread 33" [_thread_blocked, id=9120, stack(0x000000fb27900000,0x000000fb27a00000)]
  0x000002e181c2e0b0 JavaThread "Unconstrained build operations Thread 34" [_thread_blocked, id=14748, stack(0x000000fb27a00000,0x000000fb27b00000)]
  0x000002e181ecef50 JavaThread "Unconstrained build operations Thread 35" [_thread_blocked, id=3668, stack(0x000000fb27b00000,0x000000fb27c00000)]
  0x000002e181ecaa40 JavaThread "Unconstrained build operations Thread 36" [_thread_blocked, id=1448, stack(0x000000fb27c00000,0x000000fb27d00000)]
  0x000002e181ecff40 JavaThread "Unconstrained build operations Thread 37" [_thread_blocked, id=11304, stack(0x000000fb27d00000,0x000000fb27e00000)]
  0x000002e181ed09e0 JavaThread "Unconstrained build operations Thread 38" [_thread_blocked, id=7616, stack(0x000000fb27e00000,0x000000fb27f00000)]
  0x000002e181ed0490 JavaThread "Unconstrained build operations Thread 39" [_thread_blocked, id=11104, stack(0x000000fb27f00000,0x000000fb28000000)]
  0x000002e181ecf9f0 JavaThread "Unconstrained build operations Thread 40" [_thread_blocked, id=8308, stack(0x000000fb28000000,0x000000fb28100000)]
  0x000002e181ecd4c0 JavaThread "Unconstrained build operations Thread 41" [_thread_blocked, id=18752, stack(0x000000fb28100000,0x000000fb28200000)]
  0x000002e181eccf70 JavaThread "Unconstrained build operations Thread 42" [_thread_blocked, id=16224, stack(0x000000fb28200000,0x000000fb28300000)]
  0x000002e181ecdf60 JavaThread "Unconstrained build operations Thread 43" [_thread_blocked, id=7196, stack(0x000000fb28300000,0x000000fb28400000)]
  0x000002e181ed0f30 JavaThread "Unconstrained build operations Thread 44" [_thread_blocked, id=1384, stack(0x000000fb28400000,0x000000fb28500000)]
  0x000002e181ec9fa0 JavaThread "Unconstrained build operations Thread 45" [_thread_blocked, id=19196, stack(0x000000fb28500000,0x000000fb28600000)]
  0x000002e181ecf4a0 JavaThread "Unconstrained build operations Thread 46" [_thread_blocked, id=7872, stack(0x000000fb28600000,0x000000fb28700000)]
  0x000002e181eca4f0 JavaThread "Unconstrained build operations Thread 47" [_thread_blocked, id=5648, stack(0x000000fb28700000,0x000000fb28800000)]
  0x000002e181ece4b0 JavaThread "Unconstrained build operations Thread 48" [_thread_blocked, id=9260, stack(0x000000fb28800000,0x000000fb28900000)]
  0x000002e181ecaf90 JavaThread "Unconstrained build operations Thread 49" [_thread_blocked, id=13948, stack(0x000000fb28900000,0x000000fb28a00000)]
  0x000002e181ecb4e0 JavaThread "Unconstrained build operations Thread 50" [_thread_blocked, id=8472, stack(0x000000fb28a00000,0x000000fb28b00000)]
  0x000002e181ed1480 JavaThread "Unconstrained build operations Thread 51" [_thread_blocked, id=8708, stack(0x000000fb28b00000,0x000000fb28c00000)]
  0x000002e181ecba30 JavaThread "Unconstrained build operations Thread 52" [_thread_blocked, id=19112, stack(0x000000fb28c00000,0x000000fb28d00000)]
  0x000002e181ecbf80 JavaThread "Unconstrained build operations Thread 53" [_thread_blocked, id=7528, stack(0x000000fb28d00000,0x000000fb28e00000)]
  0x000002e181ecc4d0 JavaThread "Unconstrained build operations Thread 54" [_thread_blocked, id=17892, stack(0x000000fb28e00000,0x000000fb28f00000)]
  0x000002e181ed19d0 JavaThread "Unconstrained build operations Thread 55" [_thread_blocked, id=432, stack(0x000000fb28f00000,0x000000fb29000000)]
  0x000002e181ecca20 JavaThread "Unconstrained build operations Thread 56" [_thread_blocked, id=12160, stack(0x000000fb29000000,0x000000fb29100000)]
  0x000002e181ecda10 JavaThread "Unconstrained build operations Thread 57" [_thread_blocked, id=12320, stack(0x000000fb29100000,0x000000fb29200000)]
  0x000002e181ecea00 JavaThread "Unconstrained build operations Thread 58" [_thread_blocked, id=1612, stack(0x000000fb29200000,0x000000fb29300000)]
  0x000002e1824c1bc0 JavaThread "Unconstrained build operations Thread 59" [_thread_blocked, id=11064, stack(0x000000fb29300000,0x000000fb29400000)]
  0x000002e1824bebf0 JavaThread "Unconstrained build operations Thread 60" [_thread_blocked, id=16352, stack(0x000000fb29400000,0x000000fb29500000)]
  0x000002e1824c40f0 JavaThread "Unconstrained build operations Thread 61" [_thread_blocked, id=7312, stack(0x000000fb29500000,0x000000fb29600000)]
  0x000002e1824bfbe0 JavaThread "Unconstrained build operations Thread 62" [_thread_blocked, id=17256, stack(0x000000fb29600000,0x000000fb29700000)]
  0x000002e1824c0130 JavaThread "Unconstrained build operations Thread 63" [_thread_blocked, id=19288, stack(0x000000fb29700000,0x000000fb29800000)]
  0x000002e1824c5630 JavaThread "Unconstrained build operations Thread 64" [_thread_blocked, id=13064, stack(0x000000fb29800000,0x000000fb29900000)]
  0x000002e1824c4b90 JavaThread "Unconstrained build operations Thread 65" [_thread_blocked, id=11136, stack(0x000000fb29900000,0x000000fb29a00000)]
  0x000002e1824c0680 JavaThread "Unconstrained build operations Thread 66" [_thread_blocked, id=10980, stack(0x000000fb29a00000,0x000000fb29b00000)]
  0x000002e1824c1670 JavaThread "Unconstrained build operations Thread 67" [_thread_blocked, id=5264, stack(0x000000fb29b00000,0x000000fb29c00000)]
  0x000002e1824c6620 JavaThread "Unconstrained build operations Thread 68" [_thread_blocked, id=8460, stack(0x000000fb29c00000,0x000000fb29d00000)]
  0x000002e1824c3650 JavaThread "Unconstrained build operations Thread 69" [_thread_blocked, id=13800, stack(0x000000fb29d00000,0x000000fb29e00000)]
  0x000002e1824c3ba0 JavaThread "Unconstrained build operations Thread 70" [_thread_blocked, id=7964, stack(0x000000fb29e00000,0x000000fb29f00000)]
  0x000002e1824c0bd0 JavaThread "Unconstrained build operations Thread 71" [_thread_blocked, id=6848, stack(0x000000fb29f00000,0x000000fb2a000000)]
  0x000002e1824c2110 JavaThread "Unconstrained build operations Thread 72" [_thread_blocked, id=10996, stack(0x000000fb2a000000,0x000000fb2a100000)]
  0x000002e1824c1120 JavaThread "Unconstrained build operations Thread 73" [_thread_blocked, id=12952, stack(0x000000fb2a100000,0x000000fb2a200000)]
  0x000002e1824bf140 JavaThread "Unconstrained build operations Thread 74" [_thread_blocked, id=11028, stack(0x000000fb2a200000,0x000000fb2a300000)]
  0x000002e1824c4640 JavaThread "Unconstrained build operations Thread 75" [_thread_blocked, id=1940, stack(0x000000fb2a300000,0x000000fb2a400000)]
  0x000002e1824c2660 JavaThread "Unconstrained build operations Thread 76" [_thread_blocked, id=6752, stack(0x000000fb2a400000,0x000000fb2a500000)]
  0x000002e1824bf690 JavaThread "Unconstrained build operations Thread 77" [_thread_blocked, id=6964, stack(0x000000fb2a500000,0x000000fb2a600000)]
  0x000002e1824c60d0 JavaThread "Unconstrained build operations Thread 78" [_thread_blocked, id=15808, stack(0x000000fb2a600000,0x000000fb2a700000)]
  0x000002e1824c2bb0 JavaThread "Unconstrained build operations Thread 79" [_thread_blocked, id=5324, stack(0x000000fb2a700000,0x000000fb2a800000)]
  0x000002e1824c50e0 JavaThread "Unconstrained build operations Thread 80" [_thread_blocked, id=6536, stack(0x000000fb2a800000,0x000000fb2a900000)]
  0x000002e1824c3100 JavaThread "jar transforms Thread 4" [_thread_blocked, id=5604, stack(0x000000fb2a900000,0x000000fb2aa00000)]
  0x000002e1824c5b80 JavaThread "jar transforms Thread 5" [_thread_blocked, id=9180, stack(0x000000fb2aa00000,0x000000fb2ab00000)]
  0x000002e1fedda790 JavaThread "jar transforms Thread 6" [_thread_blocked, id=8604, stack(0x000000fb2ab00000,0x000000fb2ac00000)]
  0x000002e1fede0c80 JavaThread "jar transforms Thread 7" [_thread_blocked, id=16608, stack(0x000000fb2ac00000,0x000000fb2ad00000)]
  0x000002e1fede0730 JavaThread "jar transforms Thread 8" [_thread_blocked, id=3140, stack(0x000000fb2ad00000,0x000000fb2ae00000)]
  0x000002e1fede21c0 JavaThread "Memory manager" [_thread_blocked, id=6500, stack(0x000000fb2ae00000,0x000000fb2af00000)]

Other Threads:
=>0x000002e1fbbf3860 VMThread "VM Thread" [stack: 0x000000fb22800000,0x000000fb22900000] [id=10584]
  0x000002e1fc8bc090 WatcherThread [stack: 0x000000fb23400000,0x000000fb23500000] [id=11384]
  0x000002e1dbc0a970 GCTaskThread "GC Thread#0" [stack: 0x000000fb22300000,0x000000fb22400000] [id=18488]
  0x000002e1fd742e40 GCTaskThread "GC Thread#1" [stack: 0x000000fb23600000,0x000000fb23700000] [id=19084]
  0x000002e1fd836c10 GCTaskThread "GC Thread#2" [stack: 0x000000fb23700000,0x000000fb23800000] [id=5612]
  0x000002e1fd56d0a0 GCTaskThread "GC Thread#3" [stack: 0x000000fb23800000,0x000000fb23900000] [id=784]
  0x000002e1fd381d80 GCTaskThread "GC Thread#4" [stack: 0x000000fb23900000,0x000000fb23a00000] [id=2400]
  0x000002e1fd382090 GCTaskThread "GC Thread#5" [stack: 0x000000fb23a00000,0x000000fb23b00000] [id=13864]
  0x000002e1ff18fa90 GCTaskThread "GC Thread#6" [stack: 0x000000fb24900000,0x000000fb24a00000] [id=3960]
  0x000002e1ff1909e0 GCTaskThread "GC Thread#7" [stack: 0x000000fb24a00000,0x000000fb24b00000] [id=7164]
  0x000002e1dbc1c9d0 ConcurrentGCThread "G1 Main Marker" [stack: 0x000000fb22400000,0x000000fb22500000] [id=9800]
  0x000002e1dbc1db70 ConcurrentGCThread "G1 Conc#0" [stack: 0x000000fb22500000,0x000000fb22600000] [id=7664]
  0x000002e1ff1906d0 ConcurrentGCThread "G1 Conc#1" [stack: 0x000000fb25200000,0x000000fb25300000] [id=13176]
  0x000002e1dbc94560 ConcurrentGCThread "G1 Refine#0" [stack: 0x000000fb22600000,0x000000fb22700000] [id=8792]
  0x000002e181bca040 ConcurrentGCThread "G1 Refine#1" [stack: 0x000000fb23b00000,0x000000fb23c00000] [id=7456]
  0x000002e1dbc94f70 ConcurrentGCThread "G1 Service" [stack: 0x000000fb22700000,0x000000fb22800000] [id=3644]

Threads with active compile tasks:
C2 CompilerThread0     9660 6159       4       java.util.Arrays::binarySearch0 (95 bytes)
C2 CompilerThread1     9660 6123       4       org.objectweb.asm.Frame::execute (2318 bytes)

VM state: at safepoint (normal execution)

VM Mutex/Monitor currently owned by a thread:  ([mutex/lock_event])
[0x000002e1dbbc94c0] Threads_lock - owner thread: 0x000002e1fbbf3860
[0x000002e1dbbca090] Heap_lock - owner thread: 0x000002e1fd63c200

Heap address: 0x0000000080000000, size: 2048 MB, Compressed Oops mode: 32-bit

CDS archive(s) mapped at: [0x0000000800000000-0x0000000800bb0000-0x0000000800bb0000), size 12255232, SharedBaseAddress: 0x0000000800000000, ArchiveRelocationMode: 0.
Compressed class space mapped at: 0x0000000800c00000-0x0000000840c00000, reserved size: 1073741824
Narrow klass base: 0x0000000800000000, Narrow klass shift: 3, Narrow klass range: 0x100000000

GC Precious Log:
 CPUs: 8 total, 8 available
 Memory: 7103M
 Large Page Support: Disabled
 NUMA Support: Disabled
 Compressed Oops: Enabled (32-bit)
 Heap Region Size: 1M
 Heap Min Capacity: 8M
 Heap Initial Capacity: 112M
 Heap Max Capacity: 2G
 Pre-touch: Disabled
 Parallel Workers: 8
 Concurrent Workers: 2
 Concurrent Refinement Workers: 8
 Periodic GC: Disabled

Heap:
 garbage-first heap   total 87040K, used 51073K [0x0000000080000000, 0x0000000100000000)
  region size 1024K, 3 young (3072K), 3 survivors (3072K)
 Metaspace       used 49876K, committed 50432K, reserved 1097728K
  class space    used 6581K, committed 6848K, reserved 1048576K

Heap Regions: E=young(eden), S=young(survivor), O=old, HS=humongous(starts), HC=humongous(continues), CS=collection set, F=free, OA=open archive, CA=closed archive, TAMS=top-at-mark-start (previous, next)
|   0|0x0000000080000000, 0x0000000080100000, 0x0000000080100000|100%| O|  |TAMS 0x0000000080100000, 0x0000000080000000| Untracked 
|   1|0x0000000080100000, 0x0000000080200000, 0x0000000080200000|100%| O|  |TAMS 0x0000000080200000, 0x0000000080100000| Untracked 
|   2|0x0000000080200000, 0x0000000080300000, 0x0000000080300000|100%| O|  |TAMS 0x0000000080300000, 0x0000000080200000| Untracked 
|   3|0x0000000080300000, 0x0000000080400000, 0x0000000080400000|100%|HS|  |TAMS 0x0000000080400000, 0x0000000080300000| Complete 
|   4|0x0000000080400000, 0x0000000080500000, 0x0000000080500000|100%|HC|  |TAMS 0x0000000080500000, 0x0000000080400000| Complete 
|   5|0x0000000080500000, 0x0000000080600000, 0x0000000080600000|100%|HC|  |TAMS 0x0000000080600000, 0x0000000080500000| Complete 
|   6|0x0000000080600000, 0x0000000080700000, 0x0000000080700000|100%| O|  |TAMS 0x0000000080700000, 0x0000000080600000| Untracked 
|   7|0x0000000080700000, 0x0000000080800000, 0x0000000080800000|100%| O|  |TAMS 0x0000000080800000, 0x0000000080700000| Untracked 
|   8|0x0000000080800000, 0x0000000080900000, 0x0000000080900000|100%| O|  |TAMS 0x0000000080900000, 0x0000000080800000| Untracked 
|   9|0x0000000080900000, 0x0000000080a00000, 0x0000000080a00000|100%| O|  |TAMS 0x0000000080a00000, 0x0000000080900000| Untracked 
|  10|0x0000000080a00000, 0x0000000080b00000, 0x0000000080b00000|100%| O|  |TAMS 0x0000000080b00000, 0x0000000080a00000| Untracked 
|  11|0x0000000080b00000, 0x0000000080c00000, 0x0000000080c00000|100%| O|  |TAMS 0x0000000080c00000, 0x0000000080b00000| Untracked 
|  12|0x0000000080c00000, 0x0000000080d00000, 0x0000000080d00000|100%| O|  |TAMS 0x0000000080d00000, 0x0000000080c00000| Untracked 
|  13|0x0000000080d00000, 0x0000000080e00000, 0x0000000080e00000|100%| O|  |TAMS 0x0000000080e00000, 0x0000000080d00000| Untracked 
|  14|0x0000000080e00000, 0x0000000080f00000, 0x0000000080f00000|100%| O|  |TAMS 0x0000000080f00000, 0x0000000080e00000| Untracked 
|  15|0x0000000080f00000, 0x0000000081000000, 0x0000000081000000|100%| O|  |TAMS 0x0000000081000000, 0x0000000080f00000| Untracked 
|  16|0x0000000081000000, 0x0000000081100000, 0x0000000081100000|100%| O|  |TAMS 0x0000000081100000, 0x0000000081000000| Untracked 
|  17|0x0000000081100000, 0x000000008118d200, 0x0000000081200000| 55%| O|  |TAMS 0x000000008118d200, 0x0000000081100000| Untracked 
|  18|0x0000000081200000, 0x0000000081300000, 0x0000000081300000|100%| O|  |TAMS 0x0000000081300000, 0x0000000081200000| Untracked 
|  19|0x0000000081300000, 0x0000000081400000, 0x0000000081400000|100%| O|  |TAMS 0x0000000081400000, 0x0000000081300000| Untracked 
|  20|0x0000000081400000, 0x0000000081500000, 0x0000000081500000|100%| O|  |TAMS 0x0000000081500000, 0x0000000081400000| Untracked 
|  21|0x0000000081500000, 0x0000000081600000, 0x0000000081600000|100%| O|  |TAMS 0x0000000081600000, 0x0000000081500000| Untracked 
|  22|0x0000000081600000, 0x0000000081700000, 0x0000000081700000|100%| O|  |TAMS 0x0000000081700000, 0x0000000081600000| Untracked 
|  23|0x0000000081700000, 0x0000000081800000, 0x0000000081800000|100%| O|  |TAMS 0x0000000081800000, 0x0000000081700000| Untracked 
|  24|0x0000000081800000, 0x0000000081900000, 0x0000000081900000|100%| O|  |TAMS 0x0000000081900000, 0x0000000081800000| Untracked 
|  25|0x0000000081900000, 0x0000000081a00000, 0x0000000081a00000|100%| O|  |TAMS 0x0000000081a00000, 0x0000000081900000| Untracked 
|  26|0x0000000081a00000, 0x0000000081b00000, 0x0000000081b00000|100%| O|  |TAMS 0x0000000081b00000, 0x0000000081a00000| Untracked 
|  27|0x0000000081b00000, 0x0000000081c00000, 0x0000000081c00000|100%| O|  |TAMS 0x0000000081c00000, 0x0000000081b00000| Untracked 
|  28|0x0000000081c00000, 0x0000000081d00000, 0x0000000081d00000|100%| O|  |TAMS 0x0000000081d00000, 0x0000000081c00000| Untracked 
|  29|0x0000000081d00000, 0x0000000081e00000, 0x0000000081e00000|100%| O|  |TAMS 0x0000000081e00000, 0x0000000081d00000| Untracked 
|  30|0x0000000081e00000, 0x0000000081f00000, 0x0000000081f00000|100%| O|  |TAMS 0x0000000081f00000, 0x0000000081e00000| Untracked 
|  31|0x0000000081f00000, 0x0000000082000000, 0x0000000082000000|100%| O|  |TAMS 0x0000000082000000, 0x0000000081f00000| Untracked 
|  32|0x0000000082000000, 0x0000000082100000, 0x0000000082100000|100%| O|  |TAMS 0x0000000082100000, 0x0000000082000000| Untracked 
|  33|0x0000000082100000, 0x0000000082200000, 0x0000000082200000|100%| O|  |TAMS 0x0000000082200000, 0x0000000082100000| Untracked 
|  34|0x0000000082200000, 0x0000000082300000, 0x0000000082300000|100%| O|  |TAMS 0x0000000082300000, 0x0000000082200000| Untracked 
|  35|0x0000000082300000, 0x0000000082400000, 0x0000000082400000|100%| O|  |TAMS 0x0000000082400000, 0x0000000082300000| Untracked 
|  36|0x0000000082400000, 0x0000000082500000, 0x0000000082500000|100%|HS|  |TAMS 0x0000000082500000, 0x0000000082400000| Complete 
|  37|0x0000000082500000, 0x0000000082600000, 0x0000000082600000|100%|HS|  |TAMS 0x0000000082600000, 0x0000000082500000| Complete 
|  38|0x0000000082600000, 0x0000000082700000, 0x0000000082700000|100%|HS|  |TAMS 0x0000000082700000, 0x0000000082600000| Complete 
|  39|0x0000000082700000, 0x0000000082800000, 0x0000000082800000|100%| O|  |TAMS 0x0000000082800000, 0x0000000082700000| Untracked 
|  40|0x0000000082800000, 0x0000000082900000, 0x0000000082900000|100%| O|  |TAMS 0x0000000082900000, 0x0000000082800000| Untracked 
|  41|0x0000000082900000, 0x0000000082a00000, 0x0000000082a00000|100%|HS|  |TAMS 0x0000000082a00000, 0x0000000082900000| Complete 
|  42|0x0000000082a00000, 0x0000000082b00000, 0x0000000082b00000|100%|HC|  |TAMS 0x0000000082b00000, 0x0000000082a00000| Complete 
|  43|0x0000000082b00000, 0x0000000082c00000, 0x0000000082c00000|100%| O|  |TAMS 0x0000000082c00000, 0x0000000082b00000| Untracked 
|  44|0x0000000082c00000, 0x0000000082d00000, 0x0000000082d00000|100%| O|  |TAMS 0x0000000082d00000, 0x0000000082c00000| Untracked 
|  45|0x0000000082d00000, 0x0000000082e00000, 0x0000000082e00000|100%| O|  |TAMS 0x0000000082e00000, 0x0000000082d00000| Untracked 
|  46|0x0000000082e00000, 0x0000000082f00000, 0x0000000082f00000|100%| O|  |TAMS 0x0000000082f00000, 0x0000000082e00000| Untracked 
|  47|0x0000000082f00000, 0x0000000082fb2c00, 0x0000000083000000| 69%| O|  |TAMS 0x0000000082fb2c00, 0x0000000082f00000| Untracked 
|  48|0x0000000083000000, 0x0000000083000000, 0x0000000083100000|  0%| F|  |TAMS 0x0000000083000000, 0x0000000083000000| Untracked 
|  49|0x0000000083100000, 0x0000000083100000, 0x0000000083200000|  0%| F|  |TAMS 0x0000000083100000, 0x0000000083100000| Untracked 
|  50|0x0000000083200000, 0x0000000083200000, 0x0000000083300000|  0%| F|  |TAMS 0x0000000083200000, 0x0000000083200000| Untracked 
|  51|0x0000000083300000, 0x0000000083300000, 0x0000000083400000|  0%| F|  |TAMS 0x0000000083300000, 0x0000000083300000| Untracked 
|  52|0x0000000083400000, 0x0000000083400000, 0x0000000083500000|  0%| F|  |TAMS 0x0000000083400000, 0x0000000083400000| Untracked 
|  53|0x0000000083500000, 0x0000000083500000, 0x0000000083600000|  0%| F|  |TAMS 0x0000000083500000, 0x0000000083500000| Untracked 
|  54|0x0000000083600000, 0x0000000083600000, 0x0000000083700000|  0%| F|  |TAMS 0x0000000083600000, 0x0000000083600000| Untracked 
|  55|0x0000000083700000, 0x0000000083700000, 0x0000000083800000|  0%| F|  |TAMS 0x0000000083700000, 0x0000000083700000| Untracked 
|  56|0x0000000083800000, 0x0000000083800000, 0x0000000083900000|  0%| F|  |TAMS 0x0000000083800000, 0x0000000083800000| Untracked 
|  57|0x0000000083900000, 0x0000000083900000, 0x0000000083a00000|  0%| F|  |TAMS 0x0000000083900000, 0x0000000083900000| Untracked 
|  58|0x0000000083a00000, 0x0000000083a00000, 0x0000000083b00000|  0%| F|  |TAMS 0x0000000083a00000, 0x0000000083a00000| Untracked 
|  59|0x0000000083b00000, 0x0000000083b00000, 0x0000000083c00000|  0%| F|  |TAMS 0x0000000083b00000, 0x0000000083b00000| Untracked 
|  60|0x0000000083c00000, 0x0000000083c00000, 0x0000000083d00000|  0%| F|  |TAMS 0x0000000083c00000, 0x0000000083c00000| Untracked 
|  61|0x0000000083d00000, 0x0000000083d00000, 0x0000000083e00000|  0%| F|  |TAMS 0x0000000083d00000, 0x0000000083d00000| Untracked 
|  62|0x0000000083e00000, 0x0000000083e00000, 0x0000000083f00000|  0%| F|  |TAMS 0x0000000083e00000, 0x0000000083e00000| Untracked 
|  63|0x0000000083f00000, 0x0000000083fa0938, 0x0000000084000000| 62%| S|CS|TAMS 0x0000000083f00000, 0x0000000083f00000| Complete 
|  64|0x0000000084000000, 0x0000000084100000, 0x0000000084100000|100%| S|CS|TAMS 0x0000000084000000, 0x0000000084000000| Complete 
|  65|0x0000000084100000, 0x0000000084200000, 0x0000000084200000|100%| S|CS|TAMS 0x0000000084100000, 0x0000000084100000| Complete 
|  66|0x0000000084200000, 0x0000000084200000, 0x0000000084300000|  0%| F|  |TAMS 0x0000000084200000, 0x0000000084200000| Untracked 
|  67|0x0000000084300000, 0x0000000084300000, 0x0000000084400000|  0%| F|  |TAMS 0x0000000084300000, 0x0000000084300000| Untracked 
|  68|0x0000000084400000, 0x0000000084400000, 0x0000000084500000|  0%| F|  |TAMS 0x0000000084400000, 0x0000000084400000| Untracked 
|  69|0x0000000084500000, 0x0000000084500000, 0x0000000084600000|  0%| F|  |TAMS 0x0000000084500000, 0x0000000084500000| Untracked 
|  70|0x0000000084600000, 0x0000000084600000, 0x0000000084700000|  0%| F|  |TAMS 0x0000000084600000, 0x0000000084600000| Untracked 
|  71|0x0000000084700000, 0x0000000084700000, 0x0000000084800000|  0%| F|  |TAMS 0x0000000084700000, 0x0000000084700000| Untracked 
|  72|0x0000000084800000, 0x0000000084800000, 0x0000000084900000|  0%| F|  |TAMS 0x0000000084800000, 0x0000000084800000| Untracked 
|  73|0x0000000084900000, 0x0000000084900000, 0x0000000084a00000|  0%| F|  |TAMS 0x0000000084900000, 0x0000000084900000| Untracked 
|  74|0x0000000084a00000, 0x0000000084a00000, 0x0000000084b00000|  0%| F|  |TAMS 0x0000000084a00000, 0x0000000084a00000| Untracked 
|  75|0x0000000084b00000, 0x0000000084b00000, 0x0000000084c00000|  0%| F|  |TAMS 0x0000000084b00000, 0x0000000084b00000| Untracked 
|  76|0x0000000084c00000, 0x0000000084c00000, 0x0000000084d00000|  0%| F|  |TAMS 0x0000000084c00000, 0x0000000084c00000| Untracked 
|  77|0x0000000084d00000, 0x0000000084d00000, 0x0000000084e00000|  0%| F|  |TAMS 0x0000000084d00000, 0x0000000084d00000| Untracked 
|  78|0x0000000084e00000, 0x0000000084e00000, 0x0000000084f00000|  0%| F|  |TAMS 0x0000000084e00000, 0x0000000084e00000| Untracked 
|  79|0x0000000084f00000, 0x0000000084f00000, 0x0000000085000000|  0%| F|  |TAMS 0x0000000084f00000, 0x0000000084f00000| Untracked 
|  80|0x0000000085000000, 0x0000000085000000, 0x0000000085100000|  0%| F|  |TAMS 0x0000000085000000, 0x0000000085000000| Untracked 
|  81|0x0000000085100000, 0x0000000085100000, 0x0000000085200000|  0%| F|  |TAMS 0x0000000085100000, 0x0000000085100000| Untracked 
|  82|0x0000000085200000, 0x0000000085200000, 0x0000000085300000|  0%| F|  |TAMS 0x0000000085200000, 0x0000000085200000| Untracked 
|  83|0x0000000085300000, 0x0000000085300000, 0x0000000085400000|  0%| F|  |TAMS 0x0000000085300000, 0x0000000085300000| Untracked 
| 111|0x0000000086f00000, 0x0000000086f00000, 0x0000000087000000|  0%| F|  |TAMS 0x0000000086f00000, 0x0000000086f00000| Untracked 

Card table byte_map: [0x000002e1f49a0000,0x000002e1f4da0000] _byte_map_base: 0x000002e1f45a0000

Marking Bits (Prev, Next): (CMBitMap*) 0x000002e1dbc0bf80, (CMBitMap*) 0x000002e1dbc0bfc0
 Prev Bits: [0x000002e1f51a0000, 0x000002e1f71a0000)
 Next Bits: [0x000002e1f71a0000, 0x000002e1f91a0000)

Polling page: 0x000002e1dba70000

Metaspace:

Usage:
  Non-class:     42.28 MB used.
      Class:      6.43 MB used.
       Both:     48.71 MB used.

Virtual space:
  Non-class space:       48.00 MB reserved,      42.56 MB ( 89%) committed,  6 nodes.
      Class space:        1.00 GB reserved,       6.69 MB ( <1%) committed,  1 nodes.
              Both:        1.05 GB reserved,      49.25 MB (  5%) committed. 

Chunk freelists:
   Non-Class:  800.00 KB
       Class:  1.17 MB
        Both:  1.95 MB

MaxMetaspaceSize: 17179869184.00 GB
CompressedClassSpaceSize: 1.00 GB
 - commit_granule_bytes: 65536.
 - commit_granule_words: 8192.
 - virtual_space_node_default_size: 1048576.
 - enlarge_chunks_in_place: 1.
 - new_chunks_are_fully_committed: 0.
 - uncommit_free_chunks: 1.
 - use_allocation_guard: 0.
 - handle_deallocations: 1.


Internal statistics:

num_allocs_failed_limit: 6.
num_arena_births: 514.
num_arena_deaths: 0.
num_vsnodes_births: 7.
num_vsnodes_deaths: 0.
num_space_committed: 788.
num_space_uncommitted: 0.
num_chunks_returned_to_freelist: 6.
num_chunks_taken_from_freelist: 2371.
num_chunk_merges: 6.
num_chunk_splits: 1612.
num_chunks_enlarged: 1141.
num_purges: 0.

CodeHeap 'non-profiled nmethods': size=120000Kb used=3385Kb max_used=3385Kb free=116615Kb
 bounds [0x000002e1ec610000, 0x000002e1ec960000, 0x000002e1f3b40000]
CodeHeap 'profiled nmethods': size=120000Kb used=12552Kb max_used=12552Kb free=107448Kb
 bounds [0x000002e1e50e0000, 0x000002e1e5d30000, 0x000002e1ec610000]
CodeHeap 'non-nmethods': size=5760Kb used=2348Kb max_used=2401Kb free=3411Kb
 bounds [0x000002e1e4b40000, 0x000002e1e4db0000, 0x000002e1e50e0000]
 total_blobs=7028 nmethods=6168 adapters=772
 compilation: enabled
              stopped_count=0, restarted_count=0
 full_count=0

Compilation events (20 events):
Event: 9.569 Thread 0x000002e1fbc1cb60 6193       1       com.sun.management.internal.DiagnosticCommandArgumentInfo::getName (5 bytes)
Event: 9.570 Thread 0x000002e1fbc1cb60 nmethod 6193 0x000002e1ec95de10 code [0x000002e1ec95dfa0, 0x000002e1ec95e078]
Event: 9.570 Thread 0x000002e1fbc1cb60 6194       1       com.sun.management.internal.DiagnosticCommandInfo::getArgumentsInfo (5 bytes)
Event: 9.570 Thread 0x000002e1fbc1cb60 nmethod 6194 0x000002e1ec95e110 code [0x000002e1ec95e2a0, 0x000002e1ec95e378]
Event: 9.572 Thread 0x000002e1fbc1cb60 6195       3       javax.management.ObjectName::construct (1135 bytes)
Event: 9.577 Thread 0x000002e1fbc1cb60 nmethod 6195 0x000002e1e5d15210 code [0x000002e1e5d158a0, 0x000002e1e5d19988]
Event: 9.577 Thread 0x000002e1fbc1cb60 6196       3       java.util.IdentityHashMap::containsKey (55 bytes)
Event: 9.578 Thread 0x000002e1fbc1cb60 nmethod 6196 0x000002e1e5d1b210 code [0x000002e1e5d1b400, 0x000002e1e5d1b868]
Event: 9.578 Thread 0x000002e1fbc1cb60 6197       3       java.util.TreeMap::entrySet (27 bytes)
Event: 9.578 Thread 0x000002e1fbc1cb60 nmethod 6197 0x000002e1e5d1ba90 code [0x000002e1e5d1bc60, 0x000002e1e5d1c058]
Event: 9.578 Thread 0x000002e1fbc1cb60 6198       3       com.sun.jmx.mbeanserver.MXBeanIntrospector::originalTypeString (20 bytes)
Event: 9.579 Thread 0x000002e1fbc1cb60 nmethod 6198 0x000002e1e5d1c190 code [0x000002e1e5d1c360, 0x000002e1e5d1c7b8]
Event: 9.583 Thread 0x000002e1fbc1cb60 6199  s!   3       com.sun.jmx.mbeanserver.DefaultMXBeanMappingFactory::mappingForType (110 bytes)
Event: 9.584 Thread 0x000002e1fbc1cb60 nmethod 6199 0x000002e1e5d1c910 code [0x000002e1e5d1cc40, 0x000002e1e5d1dde8]
Event: 9.584 Thread 0x000002e1fbc1cb60 6201       3       javax.management.ImmutableDescriptor::union (308 bytes)
Event: 9.586 Thread 0x000002e1fbc1cb60 nmethod 6201 0x000002e1e5d1e510 code [0x000002e1e5d1e880, 0x000002e1e5d20488]
Event: 9.586 Thread 0x000002e1fbc1cb60 6200  s    3       com.sun.jmx.mbeanserver.DefaultMXBeanMappingFactory::getMapping (27 bytes)
Event: 9.586 Thread 0x000002e1fbc1cb60 nmethod 6200 0x000002e1e5d20e10 code [0x000002e1e5d20fe0, 0x000002e1e5d21568]
Event: 9.611 Thread 0x000002e1fbc1cb60 6203       3       java.lang.ClassLoader::defineClass (43 bytes)
Event: 9.611 Thread 0x000002e1fbc1cb60 nmethod 6203 0x000002e1e5d21690 code [0x000002e1e5d21880, 0x000002e1e5d21d98]

GC Heap History (20 events):
Event: 6.148 GC heap after
{Heap after GC invocations=8 (full 0):
 garbage-first heap   total 75776K, used 31238K [0x0000000080000000, 0x0000000100000000)
  region size 1024K, 3 young (3072K), 3 survivors (3072K)
 Metaspace       used 34334K, committed 34688K, reserved 1081344K
  class space    used 4632K, committed 4800K, reserved 1048576K
}
Event: 6.322 GC heap before
{Heap before GC invocations=8 (full 0):
 garbage-first heap   total 75776K, used 37382K [0x0000000080000000, 0x0000000100000000)
  region size 1024K, 11 young (11264K), 3 survivors (3072K)
 Metaspace       used 35172K, committed 35520K, reserved 1081344K
  class space    used 4762K, committed 4928K, reserved 1048576K
}
Event: 6.325 GC heap after
{Heap after GC invocations=9 (full 0):
 garbage-first heap   total 75776K, used 31563K [0x0000000080000000, 0x0000000100000000)
  region size 1024K, 3 young (3072K), 3 survivors (3072K)
 Metaspace       used 35172K, committed 35520K, reserved 1081344K
  class space    used 4762K, committed 4928K, reserved 1048576K
}
Event: 7.068 GC heap before
{Heap before GC invocations=10 (full 0):
 garbage-first heap   total 75776K, used 58187K [0x0000000080000000, 0x0000000100000000)
  region size 1024K, 29 young (29696K), 3 survivors (3072K)
 Metaspace       used 37916K, committed 38336K, reserved 1089536K
  class space    used 5141K, committed 5312K, reserved 1048576K
}
Event: 7.073 GC heap after
{Heap after GC invocations=11 (full 0):
 garbage-first heap   total 75776K, used 33904K [0x0000000080000000, 0x0000000100000000)
  region size 1024K, 3 young (3072K), 3 survivors (3072K)
 Metaspace       used 37916K, committed 38336K, reserved 1089536K
  class space    used 5141K, committed 5312K, reserved 1048576K
}
Event: 7.780 GC heap before
{Heap before GC invocations=11 (full 0):
 garbage-first heap   total 75776K, used 57456K [0x0000000080000000, 0x0000000100000000)
  region size 1024K, 27 young (27648K), 3 survivors (3072K)
 Metaspace       used 38809K, committed 39296K, reserved 1089536K
  class space    used 5231K, committed 5440K, reserved 1048576K
}
Event: 7.784 GC heap after
{Heap after GC invocations=12 (full 0):
 garbage-first heap   total 75776K, used 36246K [0x0000000080000000, 0x0000000100000000)
  region size 1024K, 3 young (3072K), 3 survivors (3072K)
 Metaspace       used 38809K, committed 39296K, reserved 1089536K
  class space    used 5231K, committed 5440K, reserved 1048576K
}
Event: 7.802 GC heap before
{Heap before GC invocations=12 (full 0):
 garbage-first heap   total 75776K, used 37270K [0x0000000080000000, 0x0000000100000000)
  region size 1024K, 5 young (5120K), 3 survivors (3072K)
 Metaspace       used 38823K, committed 39296K, reserved 1089536K
  class space    used 5235K, committed 5440K, reserved 1048576K
}
Event: 7.806 GC heap after
{Heap after GC invocations=13 (full 0):
 garbage-first heap   total 75776K, used 36813K [0x0000000080000000, 0x0000000100000000)
  region size 1024K, 1 young (1024K), 1 survivors (1024K)
 Metaspace       used 38823K, committed 39296K, reserved 1089536K
  class space    used 5235K, committed 5440K, reserved 1048576K
}
Event: 7.945 GC heap before
{Heap before GC invocations=14 (full 0):
 garbage-first heap   total 75776K, used 45005K [0x0000000080000000, 0x0000000100000000)
  region size 1024K, 7 young (7168K), 1 survivors (1024K)
 Metaspace       used 38847K, committed 39296K, reserved 1089536K
  class space    used 5235K, committed 5440K, reserved 1048576K
}
Event: 7.946 GC heap after
{Heap after GC invocations=15 (full 0):
 garbage-first heap   total 75776K, used 43919K [0x0000000080000000, 0x0000000100000000)
  region size 1024K, 3 young (3072K), 3 survivors (3072K)
 Metaspace       used 38847K, committed 39296K, reserved 1089536K
  class space    used 5235K, committed 5440K, reserved 1048576K
}
Event: 8.175 GC heap before
{Heap before GC invocations=16 (full 0):
 garbage-first heap   total 81920K, used 56207K [0x0000000080000000, 0x0000000100000000)
  region size 1024K, 14 young (14336K), 3 survivors (3072K)
 Metaspace       used 39740K, committed 40192K, reserved 1089536K
  class space    used 5357K, committed 5568K, reserved 1048576K
}
Event: 8.179 GC heap after
{Heap after GC invocations=17 (full 0):
 garbage-first heap   total 81920K, used 48319K [0x0000000080000000, 0x0000000100000000)
  region size 1024K, 2 young (2048K), 2 survivors (2048K)
 Metaspace       used 39740K, committed 40192K, reserved 1089536K
  class space    used 5357K, committed 5568K, reserved 1048576K
}
Event: 8.386 GC heap before
{Heap before GC invocations=17 (full 0):
 garbage-first heap   total 81920K, used 59583K [0x0000000080000000, 0x0000000100000000)
  region size 1024K, 14 young (14336K), 2 survivors (2048K)
 Metaspace       used 41544K, committed 41984K, reserved 1089536K
  class space    used 5572K, committed 5760K, reserved 1048576K
}
Event: 8.389 GC heap after
{Heap after GC invocations=18 (full 0):
 garbage-first heap   total 81920K, used 48856K [0x0000000080000000, 0x0000000100000000)
  region size 1024K, 1 young (1024K), 1 survivors (1024K)
 Metaspace       used 41544K, committed 41984K, reserved 1089536K
  class space    used 5572K, committed 5760K, reserved 1048576K
}
Event: 8.668 GC heap before
{Heap before GC invocations=19 (full 0):
 garbage-first heap   total 87040K, used 62168K [0x0000000080000000, 0x0000000100000000)
  region size 1024K, 14 young (14336K), 1 survivors (1024K)
 Metaspace       used 43722K, committed 44160K, reserved 1089536K
  class space    used 5840K, committed 6080K, reserved 1048576K
}
Event: 8.671 GC heap after
{Heap after GC invocations=20 (full 0):
 garbage-first heap   total 87040K, used 49328K [0x0000000080000000, 0x0000000100000000)
  region size 1024K, 1 young (1024K), 1 survivors (1024K)
 Metaspace       used 43722K, committed 44160K, reserved 1089536K
  class space    used 5840K, committed 6080K, reserved 1048576K
}
Event: 9.039 GC heap before
{Heap before GC invocations=20 (full 0):
 garbage-first heap   total 87040K, used 65712K [0x0000000080000000, 0x0000000100000000)
  region size 1024K, 17 young (17408K), 1 survivors (1024K)
 Metaspace       used 46802K, committed 47296K, reserved 1097728K
  class space    used 6199K, committed 6400K, reserved 1048576K
}
Event: 9.042 GC heap after
{Heap after GC invocations=21 (full 0):
 garbage-first heap   total 87040K, used 49964K [0x0000000080000000, 0x0000000100000000)
  region size 1024K, 2 young (2048K), 2 survivors (2048K)
 Metaspace       used 46802K, committed 47296K, reserved 1097728K
  class space    used 6199K, committed 6400K, reserved 1048576K
}
Event: 9.616 GC heap before
{Heap before GC invocations=22 (full 0):
 garbage-first heap   total 87040K, used 67372K [0x0000000080000000, 0x0000000100000000)
  region size 1024K, 19 young (19456K), 2 survivors (2048K)
 Metaspace       used 49876K, committed 50432K, reserved 1097728K
  class space    used 6581K, committed 6848K, reserved 1048576K
}

Deoptimization events (20 events):
Event: 9.526 Thread 0x000002e1fd63c200 Uncommon trap: trap_request=0xffffffde fr.pc=0x000002e1ec9394f4 relative=0x0000000000000154
Event: 9.526 Thread 0x000002e1fd63c200 Uncommon trap: reason=class_check action=maybe_recompile pc=0x000002e1ec9394f4 method=java.lang.reflect.Array.newInstance(Ljava/lang/Class;I)Ljava/lang/Object; @ 2 c2
Event: 9.526 Thread 0x000002e1fd63c200 DEOPT PACKING pc=0x000002e1ec9394f4 sp=0x000000fb242f3440
Event: 9.526 Thread 0x000002e1fd63c200 DEOPT UNPACKING pc=0x000002e1e4b8d72e sp=0x000000fb242f33d8 mode 2
Event: 9.527 Thread 0x000002e1fd63c200 Uncommon trap: trap_request=0xffffffde fr.pc=0x000002e1ec9394f4 relative=0x0000000000000154
Event: 9.527 Thread 0x000002e1fd63c200 Uncommon trap: reason=class_check action=maybe_recompile pc=0x000002e1ec9394f4 method=java.lang.reflect.Array.newInstance(Ljava/lang/Class;I)Ljava/lang/Object; @ 2 c2
Event: 9.527 Thread 0x000002e1fd63c200 DEOPT PACKING pc=0x000002e1ec9394f4 sp=0x000000fb242f3440
Event: 9.527 Thread 0x000002e1fd63c200 DEOPT UNPACKING pc=0x000002e1e4b8d72e sp=0x000000fb242f33d8 mode 2
Event: 9.531 Thread 0x000002e1fd63c200 Uncommon trap: trap_request=0xffffff76 fr.pc=0x000002e1ec8e553c relative=0x0000000000004a9c
Event: 9.531 Thread 0x000002e1fd63c200 Uncommon trap: reason=predicate action=maybe_recompile pc=0x000002e1ec8e553c method=java.util.Arrays.binarySearch0([Ljava/lang/Object;IILjava/lang/Object;Ljava/util/Comparator;)I @ 25 c2
Event: 9.531 Thread 0x000002e1fd63c200 DEOPT PACKING pc=0x000002e1ec8e553c sp=0x000000fb242f4580
Event: 9.531 Thread 0x000002e1fd63c200 DEOPT UNPACKING pc=0x000002e1e4b8d72e sp=0x000000fb242f45e8 mode 2
Event: 9.589 Thread 0x000002e1fd63c200 Uncommon trap: trap_request=0xffffff45 fr.pc=0x000002e1ec951d08 relative=0x0000000000000268
Event: 9.589 Thread 0x000002e1fd63c200 Uncommon trap: reason=unstable_if action=reinterpret pc=0x000002e1ec951d08 method=java.security.SecureClassLoader$CodeSourceKey.hashCode()I @ 9 c2
Event: 9.589 Thread 0x000002e1fd63c200 DEOPT PACKING pc=0x000002e1ec951d08 sp=0x000000fb242f3750
Event: 9.589 Thread 0x000002e1fd63c200 DEOPT UNPACKING pc=0x000002e1e4b8d72e sp=0x000000fb242f36e0 mode 2
Event: 9.589 Thread 0x000002e1fd63c200 Uncommon trap: trap_request=0xffffff45 fr.pc=0x000002e1ec903510 relative=0x00000000000038b0
Event: 9.589 Thread 0x000002e1fd63c200 Uncommon trap: reason=unstable_if action=reinterpret pc=0x000002e1ec903510 method=java.lang.ClassLoader.defineClassSourceLocation(Ljava/security/ProtectionDomain;)Ljava/lang/String; @ 15 c2
Event: 9.589 Thread 0x000002e1fd63c200 DEOPT PACKING pc=0x000002e1ec903510 sp=0x000000fb242f3800
Event: 9.589 Thread 0x000002e1fd63c200 DEOPT UNPACKING pc=0x000002e1e4b8d72e sp=0x000000fb242f3788 mode 2

Classes unloaded (0 events):
No events

Classes redefined (0 events):
No events

Internal exceptions (20 events):
Event: 8.103 Thread 0x000002e1fd63c200 Exception <a 'java/lang/NoSuchMethodError'{0x000000008496cb18}: 'long java.lang.invoke.DirectMethodHandle$Holder.invokeVirtual(java.lang.Object, java.lang.Object)'> (0x000000008496cb18) 
thrown [t:\workspace\open\src\hotspot\share\interpreter\linkResolver.cpp, line 790]
Event: 8.107 Thread 0x000002e1fd63d1f0 Exception <a 'java/lang/NoSuchMethodError'{0x00000000849ad958}: static Lorg/gradle/internal/build/event/types/DefaultOperationFinishedProgressEvent;.<clinit>()V> (0x00000000849ad958) 
thrown [t:\workspace\open\src\hotspot\share\prims\jni.cpp, line 1210]
Event: 8.111 Thread 0x000002e1fd63d1f0 Exception <a 'java/lang/NoSuchMethodError'{0x00000000849cf9c8}: static Lorg/gradle/internal/build/event/types/DefaultProjectConfigurationSuccessResult;.<clinit>()V> (0x00000000849cf9c8) 
thrown [t:\workspace\open\src\hotspot\share\prims\jni.cpp, line 1210]
Event: 8.111 Thread 0x000002e1fd63d1f0 Exception <a 'java/lang/NoSuchMethodError'{0x00000000849d0db0}: static Lorg/gradle/internal/build/event/types/AbstractProjectConfigurationResult;.<clinit>()V> (0x00000000849d0db0) 
thrown [t:\workspace\open\src\hotspot\share\prims\jni.cpp, line 1210]
Event: 8.111 Thread 0x000002e1fd63d1f0 Exception <a 'java/lang/NoSuchMethodError'{0x00000000849d2598}: static Lorg/gradle/internal/build/event/types/AbstractOperationResult;.<clinit>()V> (0x00000000849d2598) 
thrown [t:\workspace\open\src\hotspot\share\prims\jni.cpp, line 1210]
Event: 8.111 Thread 0x000002e1fd63d1f0 Exception <a 'java/lang/NoSuchMethodError'{0x00000000849d3870}: static Lorg/gradle/internal/build/event/types/AbstractResult;.<clinit>()V> (0x00000000849d3870) 
thrown [t:\workspace\open\src\hotspot\share\prims\jni.cpp, line 1210]
Event: 8.114 Thread 0x000002e1fd63d1f0 Exception <a 'java/lang/NoSuchMethodError'{0x00000000847087c0}: static Lorg/gradle/internal/build/event/types/DefaultPluginApplicationResult;.<clinit>()V> (0x00000000847087c0) 
thrown [t:\workspace\open\src\hotspot\share\prims\jni.cpp, line 1210]
Event: 8.115 Thread 0x000002e1fd63d1f0 Exception <a 'java/lang/NoSuchMethodError'{0x00000000847144c8}: static Lorg/gradle/internal/build/event/types/DefaultBinaryPluginIdentifier;.<clinit>()V> (0x00000000847144c8) 
thrown [t:\workspace\open\src\hotspot\share\prims\jni.cpp, line 1210]
Event: 8.119 Thread 0x000002e1fd63d1f0 Exception <a 'java/lang/NoSuchMethodError'{0x000000008472ad40}: static Lorg/gradle/internal/build/event/types/DefaultScriptPluginIdentifier;.<clinit>()V> (0x000000008472ad40) 
thrown [t:\workspace\open\src\hotspot\share\prims\jni.cpp, line 1210]
Event: 8.131 Thread 0x000002e1fd63c200 Exception <a 'java/lang/ClassNotFoundException'{0x00000000847b0380}: build_7p7wstnkz4ofhbu7hl5earztvBeanInfo> (0x00000000847b0380) 
thrown [t:\workspace\open\src\hotspot\share\classfile\systemDictionary.cpp, line 256]
Event: 8.131 Thread 0x000002e1fd63c200 Exception <a 'java/lang/ClassNotFoundException'{0x00000000847b5e70}: build_7p7wstnkz4ofhbu7hl5earztvCustomizer> (0x00000000847b5e70) 
thrown [t:\workspace\open\src\hotspot\share\classfile\systemDictionary.cpp, line 256]
Event: 8.158 Thread 0x000002e1fd63c200 Exception <a 'java/lang/ClassNotFoundException'{0x0000000084519df8}: org/gradle/api/internal/plugins/DefaultObjectConfigurationActionBeanInfo> (0x0000000084519df8) 
thrown [t:\workspace\open\src\hotspot\share\classfile\systemDictionary.cpp, line 256]
Event: 8.159 Thread 0x000002e1fd63c200 Exception <a 'java/lang/ClassNotFoundException'{0x000000008452bef0}: org/gradle/api/internal/plugins/DefaultObjectConfigurationActionCustomizer> (0x000000008452bef0) 
thrown [t:\workspace\open\src\hotspot\share\classfile\systemDictionary.cpp, line 256]
Event: 8.319 Thread 0x000002e1fd63c200 Exception <a 'java/lang/NoSuchMethodError'{0x000000008475b1c8}: 'java.lang.Object java.lang.invoke.DirectMethodHandle$Holder.newInvokeSpecial(java.lang.Object, java.lang.Object, java.lang.Object, java.lang.Object, int)'> (0x000000008475b1c8) 
thrown [t:\workspace\open\src\hotspot\share\interpreter\linkResolver.cpp, line 790]
Event: 8.320 Thread 0x000002e1fd63c200 Exception <a 'java/lang/NoSuchMethodError'{0x0000000084760608}: 'java.lang.Object java.lang.invoke.DirectMethodHandle$Holder.invokeSpecial(java.lang.Object, java.lang.Object, java.lang.Object, java.lang.Object, java.lang.Object, int)'> (0x0000000084760608) 
thrown [t:\workspace\open\src\hotspot\share\interpreter\linkResolver.cpp, line 790]
Event: 8.320 Thread 0x000002e1fd63c200 Exception <a 'java/lang/NoSuchMethodError'{0x0000000084765740}: 'java.lang.Object java.lang.invoke.Invokers$Holder.linkToTargetMethod(java.lang.Object, java.lang.Object, java.lang.Object, int, java.lang.Object)'> (0x0000000084765740) 
thrown [t:\workspace\open\src\hotspot\share\interpreter\linkResolver.cpp, line 790]
Event: 8.809 Thread 0x000002e1fd63c200 Exception <a 'java/lang/NoSuchMethodError'{0x00000000850eabc0}: 'int java.lang.invoke.DirectMethodHandle$Holder.invokeInterface(java.lang.Object, java.lang.Object, java.lang.Object, java.lang.Object)'> (0x00000000850eabc0) 
thrown [t:\workspace\open\src\hotspot\share\interpreter\linkResolver.cpp, line 790]
Event: 9.261 Thread 0x000002e1fd63c200 Exception <a 'java/lang/NoSuchMethodError'{0x0000000084c1dbf0}: 'void java.lang.invoke.DirectMethodHandle$Holder.invokeInterface(java.lang.Object, java.lang.Object, java.lang.Object, java.lang.Object)'> (0x0000000084c1dbf0) 
thrown [t:\workspace\open\src\hotspot\share\interpreter\linkResolver.cpp, line 790]
Event: 9.517 Thread 0x000002e1fd63c200 Exception <a 'java/lang/IncompatibleClassChangeError'{0x00000000846c12b8}: Found class java.lang.Object, but interface was expected> (0x00000000846c12b8) 
thrown [t:\workspace\open\src\hotspot\share\interpreter\linkResolver.cpp, line 857]
Event: 9.589 Thread 0x000002e1fd63c200 Implicit null exception at 0x000002e1ec951ad8 to 0x000002e1ec951cf8

Events (20 events):
Event: 9.585 loading class jdk/jfr/FlightRecorder
Event: 9.585 loading class jdk/jfr/FlightRecorder done
Event: 9.585 loading class javax/management/NotificationListener
Event: 9.586 loading class javax/management/NotificationListener done
Event: 9.586 loading class javax/management/NotificationFilter
Event: 9.586 loading class javax/management/NotificationFilter done
Event: 9.586 loading class jdk/management/jfr/FlightRecorderMXBeanImpl$MXBeanListener
Event: 9.586 loading class jdk/jfr/FlightRecorderListener
Event: 9.586 loading class jdk/jfr/FlightRecorderListener done
Event: 9.586 loading class jdk/management/jfr/FlightRecorderMXBeanImpl$MXBeanListener done
Event: 9.586 loading class javax/management/ListenerNotFoundException
Event: 9.586 loading class javax/management/ListenerNotFoundException done
Event: 9.587 loading class sun/reflect/misc/MethodUtil
Event: 9.588 loading class sun/reflect/misc/MethodUtil done
Event: 9.588 loading class sun/reflect/misc/MethodUtil$1
Event: 9.588 loading class sun/reflect/misc/MethodUtil$1 done
Event: 9.594 Thread 0x000002e1fede21c0 Thread added: 0x000002e1fede21c0
Event: 9.600 loading class java/lang/Byte$ByteCache
Event: 9.600 loading class java/lang/Byte$ByteCache done
Event: 9.615 Executing  VM operation: G1CollectForAllocation


Dynamic libraries:
0x00007ff6416c0000 - 0x00007ff6416ce000 	D:\jdk-16.0.2\bin\java.exe
0x00007ffc0f130000 - 0x00007ffc0f325000 	C:\WINDOWS\SYSTEM32\ntdll.dll
0x00007ffc0dcd0000 - 0x00007ffc0dd8d000 	C:\WINDOWS\System32\KERNEL32.DLL
0x00007ffc0ca10000 - 0x00007ffc0ccdd000 	C:\WINDOWS\System32\KERNELBASE.dll
0x00007ffc0cfd0000 - 0x00007ffc0d0d0000 	C:\WINDOWS\System32\ucrtbase.dll
0x00007ffc05550000 - 0x00007ffc05569000 	D:\jdk-16.0.2\bin\VCRUNTIME140.dll
0x00007ffc04dd0000 - 0x00007ffc04de8000 	D:\jdk-16.0.2\bin\jli.dll
0x00007ffc0df80000 - 0x00007ffc0e120000 	C:\WINDOWS\System32\USER32.dll
0x00007ffbf6060000 - 0x00007ffbf62fa000 	C:\WINDOWS\WinSxS\amd64_microsoft.windows.common-controls_6595b64144ccf1df_6.0.19041.1110_none_60b5254171f9507e\COMCTL32.dll
0x00007ffc0d750000 - 0x00007ffc0d7ee000 	C:\WINDOWS\System32\msvcrt.dll
0x00007ffc0ced0000 - 0x00007ffc0cef2000 	C:\WINDOWS\System32\win32u.dll
0x00007ffc0f0c0000 - 0x00007ffc0f0ea000 	C:\WINDOWS\System32\GDI32.dll
0x00007ffc0c840000 - 0x00007ffc0c94b000 	C:\WINDOWS\System32\gdi32full.dll
0x00007ffc0cf00000 - 0x00007ffc0cf9d000 	C:\WINDOWS\System32\msvcp_win.dll
0x00007ffc0f030000 - 0x00007ffc0f060000 	C:\WINDOWS\System32\IMM32.DLL
0x00007ffc04e20000 - 0x00007ffc04e2c000 	D:\jdk-16.0.2\bin\vcruntime140_1.dll
0x00007ffbe2ec0000 - 0x00007ffbe2f51000 	D:\jdk-16.0.2\bin\msvcp140.dll
0x00007ffbc99f0000 - 0x00007ffbca59b000 	D:\jdk-16.0.2\bin\server\jvm.dll
0x00007ffc0d570000 - 0x00007ffc0d61e000 	C:\WINDOWS\System32\ADVAPI32.dll
0x00007ffc0e140000 - 0x00007ffc0e1dc000 	C:\WINDOWS\System32\sechost.dll
0x00007ffc0d620000 - 0x00007ffc0d745000 	C:\WINDOWS\System32\RPCRT4.dll
0x00007ffc0ded0000 - 0x00007ffc0ded8000 	C:\WINDOWS\System32\PSAPI.DLL
0x00007ffc02100000 - 0x00007ffc02127000 	C:\WINDOWS\SYSTEM32\WINMM.dll
0x00007ffc049e0000 - 0x00007ffc049e9000 	C:\WINDOWS\SYSTEM32\WSOCK32.dll
0x00007ffc02be0000 - 0x00007ffc02bea000 	C:\WINDOWS\SYSTEM32\VERSION.dll
0x00007ffc0efc0000 - 0x00007ffc0f02b000 	C:\WINDOWS\System32\WS2_32.dll
0x00007ffc0b120000 - 0x00007ffc0b132000 	C:\WINDOWS\SYSTEM32\kernel.appcore.dll
0x00007ffc049a0000 - 0x00007ffc049aa000 	D:\jdk-16.0.2\bin\jimage.dll
0x00007ffc0ab80000 - 0x00007ffc0ad64000 	C:\WINDOWS\SYSTEM32\DBGHELP.DLL
0x00007ffbff190000 - 0x00007ffbff1bc000 	C:\WINDOWS\SYSTEM32\dbgcore.DLL
0x00007ffc0ce40000 - 0x00007ffc0cec2000 	C:\WINDOWS\System32\bcryptPrimitives.dll
0x00007ffbfd180000 - 0x00007ffbfd1a5000 	D:\jdk-16.0.2\bin\java.dll
0x00007ffc0e390000 - 0x00007ffc0ead4000 	C:\WINDOWS\System32\SHELL32.dll
0x00007ffc0a310000 - 0x00007ffc0aaa4000 	C:\WINDOWS\SYSTEM32\windows.storage.dll
0x00007ffc0eae0000 - 0x00007ffc0ee34000 	C:\WINDOWS\System32\combase.dll
0x00007ffc0c1d0000 - 0x00007ffc0c1fc000 	C:\WINDOWS\SYSTEM32\Wldp.dll
0x00007ffc0d440000 - 0x00007ffc0d4ed000 	C:\WINDOWS\System32\SHCORE.dll
0x00007ffc0f060000 - 0x00007ffc0f0b5000 	C:\WINDOWS\System32\shlwapi.dll
0x00007ffc0c780000 - 0x00007ffc0c79f000 	C:\WINDOWS\SYSTEM32\profapi.dll
0x00007ffbfd120000 - 0x00007ffbfd139000 	D:\jdk-16.0.2\bin\net.dll
0x00007ffbff3a0000 - 0x00007ffbff4aa000 	C:\WINDOWS\SYSTEM32\WINHTTP.dll
0x00007ffc0bf30000 - 0x00007ffc0bf9a000 	C:\WINDOWS\system32\mswsock.dll
0x00007ffbf9060000 - 0x00007ffbf9073000 	D:\jdk-16.0.2\bin\nio.dll
0x00007ffbf9040000 - 0x00007ffbf9058000 	D:\jdk-16.0.2\bin\zip.dll
0x00007ffc04990000 - 0x00007ffc049a0000 	D:\jdk-16.0.2\bin\verify.dll
0x00007ffbebe90000 - 0x00007ffbebeb7000 	C:\Users\yiqua\.gradle\native\e1d6ef7f7dcc3fd88c89a11ec53ec762bb8ba0a96d01ffa2cd45eb1d1d8dd5c5\windows-amd64\native-platform.dll
0x00007ffbdb7d0000 - 0x00007ffbdb914000 	C:\Users\yiqua\.gradle\native\5664cfc778a61ccfe75a443a1ab52a65af34e5dc3c78e0209fed803814484fcb\windows-amd64\native-platform-file-events.dll
0x00007ffc03c10000 - 0x00007ffc03c19000 	D:\jdk-16.0.2\bin\management.dll
0x00007ffbff330000 - 0x00007ffbff33b000 	D:\jdk-16.0.2\bin\management_ext.dll
0x00007ffc0c130000 - 0x00007ffc0c148000 	C:\WINDOWS\SYSTEM32\CRYPTSP.dll
0x00007ffc0b8b0000 - 0x00007ffc0b8e4000 	C:\WINDOWS\system32\rsaenh.dll
0x00007ffc0cfa0000 - 0x00007ffc0cfc7000 	C:\WINDOWS\System32\bcrypt.dll
0x00007ffc0c740000 - 0x00007ffc0c76e000 	C:\WINDOWS\SYSTEM32\USERENV.dll
0x00007ffc0c120000 - 0x00007ffc0c12c000 	C:\WINDOWS\SYSTEM32\CRYPTBASE.dll
0x00007ffc0bc20000 - 0x00007ffc0bc5b000 	C:\WINDOWS\SYSTEM32\IPHLPAPI.DLL
0x00007ffc0d430000 - 0x00007ffc0d438000 	C:\WINDOWS\System32\NSI.dll
0x00007ffc02d20000 - 0x00007ffc02d37000 	C:\WINDOWS\SYSTEM32\dhcpcsvc6.DLL
0x00007ffc03fb0000 - 0x00007ffc03fcd000 	C:\WINDOWS\SYSTEM32\dhcpcsvc.DLL
0x00007ffc0bc60000 - 0x00007ffc0bd2b000 	C:\WINDOWS\SYSTEM32\DNSAPI.dll
0x00007ffbfd1e0000 - 0x00007ffbfd1ee000 	D:\jdk-16.0.2\bin\sunmscapi.dll
0x00007ffc0cce0000 - 0x00007ffc0ce36000 	C:\WINDOWS\System32\CRYPT32.dll
0x00007ffc0c240000 - 0x00007ffc0c267000 	C:\WINDOWS\SYSTEM32\ncrypt.dll
0x00007ffc0c200000 - 0x00007ffc0c23b000 	C:\WINDOWS\SYSTEM32\NTASN1.dll
0x00007ffbfd1d0000 - 0x00007ffbfd1d7000 	C:\WINDOWS\system32\wshunix.dll

dbghelp: loaded successfully - version: 4.0.5 - missing functions: none
symbol engine: initialized successfully - sym options: 0x614 - pdb path: .;D:\jdk-16.0.2\bin;C:\WINDOWS\SYSTEM32;C:\WINDOWS\WinSxS\amd64_microsoft.windows.common-controls_6595b64144ccf1df_6.0.19041.1110_none_60b5254171f9507e;D:\jdk-16.0.2\bin\server;C:\Users\yiqua\.gradle\native\e1d6ef7f7dcc3fd88c89a11ec53ec762bb8ba0a96d01ffa2cd45eb1d1d8dd5c5\windows-amd64;C:\Users\yiqua\.gradle\native\5664cfc778a61ccfe75a443a1ab52a65af34e5dc3c78e0209fed803814484fcb\windows-amd64

VM Arguments:
jvm_args: --add-opens=java.base/java.util=ALL-UNNAMED --add-opens=java.base/java.lang=ALL-UNNAMED --add-opens=java.base/java.lang.invoke=ALL-UNNAMED --add-opens=java.base/java.util=ALL-UNNAMED --add-opens=java.prefs/java.util.prefs=ALL-UNNAMED --add-opens=java.prefs/java.util.prefs=ALL-UNNAMED --add-opens=java.base/java.nio.charset=ALL-UNNAMED --add-opens=java.base/java.net=ALL-UNNAMED --add-opens=java.base/java.util.concurrent.atomic=ALL-UNNAMED -Xmx2048m -Dfile.encoding=UTF-8 -Duser.country=CN -Duser.language=zh -Duser.variant 
java_command: org.gradle.launcher.daemon.bootstrap.GradleDaemon 7.2
java_class_path (initial): C:\Users\yiqua\.gradle\wrapper\dists\gradle-7.2-bin\2dnblmf4td7x66yl1d74lt32g\gradle-7.2\lib\gradle-launcher-7.2.jar
Launcher Type: SUN_STANDARD

[Global flags]
     intx CICompilerCount                          = 4                                         {product} {ergonomic}
     uint ConcGCThreads                            = 2                                         {product} {ergonomic}
     uint G1ConcRefinementThreads                  = 8                                         {product} {ergonomic}
   size_t G1HeapRegionSize                         = 1048576                                   {product} {ergonomic}
    uintx GCDrainStackTargetSize                   = 64                                        {product} {ergonomic}
   size_t InitialHeapSize                          = 117440512                                 {product} {ergonomic}
   size_t MarkStackSize                            = 4194304                                   {product} {ergonomic}
   size_t MaxHeapSize                              = 2147483648                                {product} {command line}
   size_t MaxNewSize                               = 1287651328                                {product} {ergonomic}
   size_t MinHeapDeltaBytes                        = 1048576                                   {product} {ergonomic}
   size_t MinHeapSize                              = 8388608                                   {product} {ergonomic}
    uintx NonNMethodCodeHeapSize                   = 5839372                                {pd product} {ergonomic}
    uintx NonProfiledCodeHeapSize                  = 122909434                              {pd product} {ergonomic}
    uintx ProfiledCodeHeapSize                     = 122909434                              {pd product} {ergonomic}
    uintx ReservedCodeCacheSize                    = 251658240                              {pd product} {ergonomic}
     bool SegmentedCodeCache                       = true                                      {product} {ergonomic}
   size_t SoftMaxHeapSize                          = 2147483648                             {manageable} {ergonomic}
     bool UseCompressedClassPointers               = true                           {product lp64_product} {ergonomic}
     bool UseCompressedOops                        = true                           {product lp64_product} {ergonomic}
     bool UseG1GC                                  = true                                      {product} {ergonomic}
     bool UseLargePagesIndividualAllocation        = false                                  {pd product} {ergonomic}

Logging:
Log output configuration:
 #0: stdout all=warning uptime,level,tags
 #1: stderr all=off uptime,level,tags

Environment Variables:
PATH=C:\ProgramData\Oracle\Java\javapath;C:\Program Files\Zulu\zulu-17\bin\;C:\Program Files\Common Files\Oracle\Java\javapath;C:\WINDOWS\system32;C:\WINDOWS;C:\WINDOWS\System32\Wbem;C:\WINDOWS\System32\WindowsPowerShell\v1.0\;C:\WINDOWS\System32\OpenSSH\;C:\Program Files\Git\cmd;C:\Program Files\dotnet\;C:\Program Files\Microsoft SQL Server\130\Tools\Binn\;C:\Program Files\MySQL\MySQL Shell 8.0\bin\;C:\Users\yiqua\AppData\Local\Microsoft\WindowsApps;C:\Program Files\Git\cmd;C:\Program Files\Git;C:\Program Files\Git\bin;;D:\Microsoft VS Code\bin;C:\Users\yiqua\.dotnet\tools
USERNAME=yiqua
OS=Windows_NT
PROCESSOR_IDENTIFIER=AMD64 Family 23 Model 24 Stepping 1, AuthenticAMD



---------------  S Y S T E M  ---------------

OS:
 Windows 10 , 64 bit Build 19041 (10.0.19041.1706)
OS uptime: 1 days 23:40 hours

CPU: total 8 (initial active 8) (8 cores per cpu, 2 threads per core) family 23 model 24 stepping 1 microcode 0x0, cx8, cmov, fxsr, ht, mmx, 3dnowpref, sse, sse2, sse3, ssse3, sse4a, sse4.1, sse4.2, popcnt, lzcnt, tsc, tscinvbit, avx, avx2, aes, clmul, bmi1, bmi2, adx, sha, fma, vzeroupper, clflush, clflushopt

Memory: 4k page, system-wide physical 7103M (479M free)
TotalPageFile size 11199M (AvailPageFile size 6M)
current process WorkingSet (physical memory assigned to process): 276M, peak: 277M
current process commit charge ("private bytes"): 318M, peak: 335M

vm_info: OpenJDK 64-Bit Server VM (16.0.2+7-67) for windows-amd64 JRE (16.0.2+7-67), built on Jun  8 2021 23:21:43 by "mach5one" with MS VC++ 16.7 (VS2019)

END.
