#
# There is insufficient memory for the Java Runtime Environment to continue.
# Native memory allocation (malloc) failed to allocate 1643856 bytes for Chunk::new
# Possible reasons:
#   The system is out of physical RAM or swap space
#   The process is running with CompressedOops enabled, and the Java Heap may be blocking the growth of the native heap
# Possible solutions:
#   Reduce memory load on the system
#   Increase physical memory or swap space
#   Check if swap backing store is full
#   Decrease Java heap size (-Xmx/-Xms)
#   Decrease number of Java threads
#   Decrease Java thread stack sizes (-Xss)
#   Set larger code cache with -XX:ReservedCodeCacheSize=
#   JVM is running with Unscaled Compressed Oops mode in which the Java heap is
#     placed in the first 4GB address space. The Java Heap base address is the
#     maximum limit for the native heap growth. Please use -XX:HeapBaseMinAddress
#     to set the Java Heap base and to place the Java Heap above 4GB virtual address.
# This output file may be truncated or incomplete.
#
#  Out of Memory Error (arena.cpp:195), pid=8284, tid=3368
#
# JRE version: OpenJDK Runtime Environment (16.0.2+7) (build 16.0.2+7-67)
# Java VM: OpenJDK 64-Bit Server VM (16.0.2+7-67, mixed mode, sharing, tiered, compressed oops, compressed class ptrs, g1 gc, windows-amd64)
# No core dump will be written. Minidumps are not enabled by default on client versions of Windows
#

---------------  S U M M A R Y ------------

Command Line: --add-opens=java.base/java.util=ALL-UNNAMED --add-opens=java.base/java.lang=ALL-UNNAMED --add-opens=java.base/java.lang.invoke=ALL-UNNAMED --add-opens=java.base/java.util=ALL-UNNAMED --add-opens=java.prefs/java.util.prefs=ALL-UNNAMED --add-opens=java.prefs/java.util.prefs=ALL-UNNAMED --add-opens=java.base/java.nio.charset=ALL-UNNAMED --add-opens=java.base/java.net=ALL-UNNAMED --add-opens=java.base/java.util.concurrent.atomic=ALL-UNNAMED -Xmx2048m -Dfile.encoding=UTF-8 -Duser.country=CN -Duser.language=zh -Duser.variant org.gradle.launcher.daemon.bootstrap.GradleDaemon 7.2

Host: AMD Ryzen 5 3500U with Radeon Vega Mobile Gfx  , 8 cores, 6G,  Windows 10 , 64 bit Build 19041 (10.0.19041.1706)
Time: Mon Jun 13 17:45:06 2022  Windows 10 , 64 bit Build 19041 (10.0.19041.1706) elapsed time: 14.894880 seconds (0d 0h 0m 14s)

---------------  T H R E A D  ---------------

Current thread (0x000001b541dd2030):  JavaThread "C2 CompilerThread2" daemon [_thread_in_native, id=3368, stack(0x000000b30ef00000,0x000000b30f000000)]


Current CompileTask:
C2:  14895 10381       4       org.gradle.internal.snapshot.impl.DefaultValueSnapshotter::processValue (675 bytes)

Stack: [0x000000b30ef00000,0x000000b30f000000]
Native frames: (J=compiled Java code, j=interpreted, Vv=VM code, C=native code)
V  [jvm.dll+0x6681ca]
V  [jvm.dll+0x7c9e69]
V  [jvm.dll+0x7cb61e]
V  [jvm.dll+0x7cbc73]
V  [jvm.dll+0x242c55]
V  [jvm.dll+0xadeba]
V  [jvm.dll+0xae45c]
V  [jvm.dll+0x35a8d7]
V  [jvm.dll+0x324de1]
V  [jvm.dll+0x32428a]
V  [jvm.dll+0x215cec]
V  [jvm.dll+0x215100]
V  [jvm.dll+0x1a1beb]
V  [jvm.dll+0x225158]
V  [jvm.dll+0x22319c]
V  [jvm.dll+0x77fa62]
V  [jvm.dll+0x7795aa]
V  [jvm.dll+0x667066]
C  [ucrtbase.dll+0x21bb2]
C  [KERNEL32.DLL+0x17034]
C  [ntdll.dll+0x52651]


---------------  P R O C E S S  ---------------

Threads class SMR info:
_java_thread_list=0x000001b540004e10, length=137, elements={
0x000001b518e9a5d0, 0x000001b538e9d350, 0x000001b538e9e120, 0x000001b538eb2aa0,
0x000001b538eb33b0, 0x000001b538eb3cc0, 0x000001b538eb55e0, 0x000001b538eb9310,
0x000001b538ec4e30, 0x000001b538ec93b0, 0x000001b5398ddd00, 0x000001b5398e1240,
0x000001b53aca60d0, 0x000001b53b066da0, 0x000001b53ab81180, 0x000001b53a592580,
0x000001b53b6c34a0, 0x000001b53b08bf50, 0x000001b53a9d4220, 0x000001b53a9d1cf0,
0x000001b53a9d2790, 0x000001b53a9d1250, 0x000001b53a9d3780, 0x000001b53a9d2240,
0x000001b53a9d2ce0, 0x000001b53a9d3230, 0x000001b53a9d17a0, 0x000001b53a9d3cd0,
0x000001b53a9d4770, 0x000001b53d20f6a0, 0x000001b53d210140, 0x000001b53d214100,
0x000001b53d211130, 0x000001b53d20dc10, 0x000001b53d20f150, 0x000001b53d20d170,
0x000001b53d20d6c0, 0x000001b53d212120, 0x000001b53d20ec00, 0x000001b53d20fbf0,
0x000001b53d210690, 0x000001b53d210be0, 0x000001b53d211bd0, 0x000001b53d212670,
0x000001b53d212bc0, 0x000001b53d214650, 0x000001b53d213110, 0x000001b53d213660,
0x000001b53d213bb0, 0x000001b53a1d6e10, 0x000001b53a1d9de0, 0x000001b53a1da330,
0x000001b53a1d58d0, 0x000001b53a1d6370, 0x000001b53a1d5e20, 0x000001b53a1d68c0,
0x000001b53a1dadd0, 0x000001b53a1d78b0, 0x000001b53a1d33a0, 0x000001b53a1da880,
0x000001b53a1d4390, 0x000001b53a1d38f0, 0x000001b53a1d3e40, 0x000001b53a1d9890,
0x000001b53a1d8df0, 0x000001b53a1d4e30, 0x000001b53a1d48e0, 0x000001b53a1d5380,
0x000001b53a1d7360, 0x000001b53a1d7e00, 0x000001b53a1d8350, 0x000001b53a1d88a0,
0x000001b53a1d9340, 0x000001b53e611880, 0x000001b53e60e8b0, 0x000001b53e60ee00,
0x000001b53e60ae40, 0x000001b53e60d370, 0x000001b53e60f8a0, 0x000001b53e60b8e0,
0x000001b53e60d8c0, 0x000001b53e60b390, 0x000001b53e60ce20, 0x000001b53e60de10,
0x000001b53e60e360, 0x000001b53e60be30, 0x000001b53e60c380, 0x000001b53e610340,
0x000001b53e60c8d0, 0x000001b53e60fdf0, 0x000001b53e609e50, 0x000001b53e610890,
0x000001b53e611330, 0x000001b53e60f350, 0x000001b53e610de0, 0x000001b53e60a3a0,
0x000001b53e60a8f0, 0x000001b53a2e7e00, 0x000001b53a2e88a0, 0x000001b53a2eadd0,
0x000001b53a2ebdc0, 0x000001b53a2e9340, 0x000001b53a2e9de0, 0x000001b53a2e6e10,
0x000001b53a2e78b0, 0x000001b53a2e7360, 0x000001b53a2eb870, 0x000001b53a2e4e30,
0x000001b53a2e9890, 0x000001b53a2e5e20, 0x000001b53a2e8350, 0x000001b53a2e5380,
0x000001b53a2e58d0, 0x000001b53a2ea330, 0x000001b53a2ea880, 0x000001b53a2e8df0,
0x000001b53a2e6370, 0x000001b53a2e68c0, 0x000001b53a2e48e0, 0x000001b53a2eb320,
0x000001b53a2e4390, 0x000001b53c422090, 0x000001b53c427ae0, 0x000001b53c424070,
0x000001b53b806f90, 0x000001b541dd2030, 0x000001b53c425060, 0x000001b53c4215f0,
0x000001b53c4235d0, 0x000001b53c420600, 0x000001b53c425b00, 0x000001b53c426050,
0x000001b53c421b40, 0x000001b53c4265a0, 0x000001b53c427040, 0x000001b53c423b20,
0x000001b53c4200b0
}

Java Threads: ( => current thread )
  0x000001b518e9a5d0 JavaThread "main" [_thread_blocked, id=4132, stack(0x000000b305f00000,0x000000b306000000)]
  0x000001b538e9d350 JavaThread "Reference Handler" daemon [_thread_blocked, id=13340, stack(0x000000b306600000,0x000000b306700000)]
  0x000001b538e9e120 JavaThread "Finalizer" daemon [_thread_blocked, id=14204, stack(0x000000b306700000,0x000000b306800000)]
  0x000001b538eb2aa0 JavaThread "Signal Dispatcher" daemon [_thread_blocked, id=13092, stack(0x000000b306800000,0x000000b306900000)]
  0x000001b538eb33b0 JavaThread "Attach Listener" daemon [_thread_blocked, id=16556, stack(0x000000b306900000,0x000000b306a00000)]
  0x000001b538eb3cc0 JavaThread "Service Thread" daemon [_thread_blocked, id=17820, stack(0x000000b306a00000,0x000000b306b00000)]
  0x000001b538eb55e0 JavaThread "Monitor Deflation Thread" daemon [_thread_blocked, id=18972, stack(0x000000b306b00000,0x000000b306c00000)]
  0x000001b538eb9310 JavaThread "C2 CompilerThread0" daemon [_thread_in_native, id=13676, stack(0x000000b306c00000,0x000000b306d00000)]
  0x000001b538ec4e30 JavaThread "C1 CompilerThread0" daemon [_thread_blocked, id=3512, stack(0x000000b306d00000,0x000000b306e00000)]
  0x000001b538ec93b0 JavaThread "Sweeper thread" daemon [_thread_blocked, id=6160, stack(0x000000b306e00000,0x000000b306f00000)]
  0x000001b5398ddd00 JavaThread "Common-Cleaner" daemon [_thread_blocked, id=6684, stack(0x000000b306f00000,0x000000b307000000)]
  0x000001b5398e1240 JavaThread "Notification Thread" daemon [_thread_blocked, id=15964, stack(0x000000b307000000,0x000000b307100000)]
  0x000001b53aca60d0 JavaThread "Daemon health stats" [_thread_blocked, id=4588, stack(0x000000b307900000,0x000000b307a00000)]
  0x000001b53b066da0 JavaThread "Incoming local TCP Connector on port 61463" [_thread_in_native, id=11448, stack(0x000000b307a00000,0x000000b307b00000)]
  0x000001b53ab81180 JavaThread "Daemon periodic checks" [_thread_blocked, id=10696, stack(0x000000b307b00000,0x000000b307c00000)]
  0x000001b53a592580 JavaThread "Daemon" [_thread_blocked, id=7428, stack(0x000000b307c00000,0x000000b307d00000)]
  0x000001b53b6c34a0 JavaThread "Handler for socket connection from /127.0.0.1:61463 to /127.0.0.1:61464" [_thread_in_native, id=17592, stack(0x000000b307d00000,0x000000b307e00000)]
  0x000001b53b08bf50 JavaThread "Cancel handler" [_thread_blocked, id=772, stack(0x000000b307e00000,0x000000b307f00000)]
  0x000001b53a9d4220 JavaThread "Daemon worker" [_thread_blocked, id=2224, stack(0x000000b307f00000,0x000000b308000000)]
  0x000001b53a9d1cf0 JavaThread "Asynchronous log dispatcher for DefaultDaemonConnection: socket connection from /127.0.0.1:61463 to /127.0.0.1:61464" [_thread_blocked, id=7768, stack(0x000000b308000000,0x000000b308100000)]
  0x000001b53a9d2790 JavaThread "Stdin handler" [_thread_blocked, id=18140, stack(0x000000b308100000,0x000000b308200000)]
  0x000001b53a9d1250 JavaThread "Daemon client event forwarder" [_thread_blocked, id=8952, stack(0x000000b308200000,0x000000b308300000)]
  0x000001b53a9d3780 JavaThread "Cache worker for journal cache (C:\Users\yiqua\.gradle\caches\journal-1)" [_thread_blocked, id=15520, stack(0x000000b308300000,0x000000b308400000)]
  0x000001b53a9d2240 JavaThread "File lock request listener" [_thread_in_native, id=8752, stack(0x000000b308400000,0x000000b308500000)]
  0x000001b53a9d2ce0 JavaThread "Cache worker for file hash cache (C:\Users\yiqua\.gradle\caches\7.2\fileHashes)" [_thread_blocked, id=13908, stack(0x000000b308500000,0x000000b308600000)]
  0x000001b53a9d3230 JavaThread "Cache worker for file hash cache (C:\Users\yiqua\AndroidStudioProjects\EHailing\.gradle\7.2\fileHashes)" [_thread_blocked, id=7568, stack(0x000000b308800000,0x000000b308900000)]
  0x000001b53a9d17a0 JavaThread "File watcher server" daemon [_thread_in_native, id=16332, stack(0x000000b308900000,0x000000b308a00000)]
  0x000001b53a9d3cd0 JavaThread "File watcher consumer" daemon [_thread_blocked, id=10908, stack(0x000000b308a00000,0x000000b308b00000)]
  0x000001b53a9d4770 JavaThread "Cache worker for checksums cache (C:\Users\yiqua\AndroidStudioProjects\EHailing\.gradle\checksums)" [_thread_blocked, id=1236, stack(0x000000b308b00000,0x000000b308c00000)]
  0x000001b53d20f6a0 JavaThread "Cache worker for cache directory md-supplier (C:\Users\yiqua\.gradle\caches\7.2\md-supplier)" [_thread_blocked, id=18756, stack(0x000000b308c00000,0x000000b308d00000)]
  0x000001b53d210140 JavaThread "Cache worker for cache directory md-rule (C:\Users\yiqua\.gradle\caches\7.2\md-rule)" [_thread_blocked, id=5264, stack(0x000000b308d00000,0x000000b308e00000)]
  0x000001b53d214100 JavaThread "Cache worker for execution history cache (C:\Users\yiqua\.gradle\caches\7.2\executionHistory)" [_thread_in_Java, id=15056, stack(0x000000b308e00000,0x000000b308f00000)]
  0x000001b53d211130 JavaThread "jar transforms" [_thread_blocked, id=5132, stack(0x000000b309100000,0x000000b309200000)]
  0x000001b53d20dc10 JavaThread "Cache worker for file content cache (C:\Users\yiqua\.gradle\caches\7.2\fileContent)" [_thread_blocked, id=17456, stack(0x000000b309200000,0x000000b309300000)]
  0x000001b53d20f150 JavaThread "jar transforms Thread 2" [_thread_blocked, id=18484, stack(0x000000b309300000,0x000000b309400000)]
  0x000001b53d20d170 JavaThread "Cache worker for dependencies-accessors (C:\Users\yiqua\AndroidStudioProjects\EHailing\.gradle\7.2\dependencies-accessors)" [_thread_blocked, id=16352, stack(0x000000b309400000,0x000000b309500000)]
  0x000001b53d20d6c0 JavaThread "jar transforms Thread 3" [_thread_blocked, id=4476, stack(0x000000b309500000,0x000000b309600000)]
  0x000001b53d212120 JavaThread "Cache worker for Build Output Cleanup Cache (C:\Users\yiqua\AndroidStudioProjects\EHailing\.gradle\buildOutputCleanup)" [_thread_blocked, id=2272, stack(0x000000b307800000,0x000000b307900000)]
  0x000001b53d20ec00 JavaThread "Unconstrained build operations" [_thread_blocked, id=7456, stack(0x000000b309700000,0x000000b309800000)]
  0x000001b53d20fbf0 JavaThread "Unconstrained build operations Thread 2" [_thread_blocked, id=14168, stack(0x000000b309800000,0x000000b309900000)]
  0x000001b53d210690 JavaThread "Unconstrained build operations Thread 3" [_thread_blocked, id=14500, stack(0x000000b309900000,0x000000b309a00000)]
  0x000001b53d210be0 JavaThread "Unconstrained build operations Thread 4" [_thread_blocked, id=15804, stack(0x000000b309a00000,0x000000b309b00000)]
  0x000001b53d211bd0 JavaThread "Unconstrained build operations Thread 5" [_thread_blocked, id=12800, stack(0x000000b309b00000,0x000000b309c00000)]
  0x000001b53d212670 JavaThread "Unconstrained build operations Thread 6" [_thread_blocked, id=14748, stack(0x000000b309c00000,0x000000b309d00000)]
  0x000001b53d212bc0 JavaThread "Unconstrained build operations Thread 7" [_thread_blocked, id=8824, stack(0x000000b309d00000,0x000000b309e00000)]
  0x000001b53d214650 JavaThread "Unconstrained build operations Thread 8" [_thread_blocked, id=18676, stack(0x000000b309e00000,0x000000b309f00000)]
  0x000001b53d213110 JavaThread "Unconstrained build operations Thread 9" [_thread_blocked, id=3668, stack(0x000000b309f00000,0x000000b30a000000)]
  0x000001b53d213660 JavaThread "Unconstrained build operations Thread 10" [_thread_in_native, id=9260, stack(0x000000b30a000000,0x000000b30a100000)]
  0x000001b53d213bb0 JavaThread "Unconstrained build operations Thread 11" [_thread_blocked, id=8008, stack(0x000000b30a100000,0x000000b30a200000)]
  0x000001b53a1d6e10 JavaThread "Unconstrained build operations Thread 12" [_thread_blocked, id=18600, stack(0x000000b30a200000,0x000000b30a300000)]
  0x000001b53a1d9de0 JavaThread "Unconstrained build operations Thread 13" [_thread_blocked, id=12276, stack(0x000000b30a300000,0x000000b30a400000)]
  0x000001b53a1da330 JavaThread "Unconstrained build operations Thread 14" [_thread_blocked, id=17108, stack(0x000000b30a400000,0x000000b30a500000)]
  0x000001b53a1d58d0 JavaThread "Unconstrained build operations Thread 15" [_thread_blocked, id=13496, stack(0x000000b30a500000,0x000000b30a600000)]
  0x000001b53a1d6370 JavaThread "Unconstrained build operations Thread 16" [_thread_blocked, id=14172, stack(0x000000b30a600000,0x000000b30a700000)]
  0x000001b53a1d5e20 JavaThread "Unconstrained build operations Thread 17" [_thread_blocked, id=14796, stack(0x000000b30a700000,0x000000b30a800000)]
  0x000001b53a1d68c0 JavaThread "Unconstrained build operations Thread 18" [_thread_blocked, id=7220, stack(0x000000b30a800000,0x000000b30a900000)]
  0x000001b53a1dadd0 JavaThread "Unconstrained build operations Thread 19" [_thread_blocked, id=14460, stack(0x000000b30a900000,0x000000b30aa00000)]
  0x000001b53a1d78b0 JavaThread "Unconstrained build operations Thread 20" [_thread_blocked, id=5648, stack(0x000000b30aa00000,0x000000b30ab00000)]
  0x000001b53a1d33a0 JavaThread "Unconstrained build operations Thread 21" [_thread_blocked, id=7664, stack(0x000000b30ab00000,0x000000b30ac00000)]
  0x000001b53a1da880 JavaThread "Unconstrained build operations Thread 22" [_thread_in_Java, id=8112, stack(0x000000b30ac00000,0x000000b30ad00000)]
  0x000001b53a1d4390 JavaThread "Unconstrained build operations Thread 23" [_thread_blocked, id=8580, stack(0x000000b30ad00000,0x000000b30ae00000)]
  0x000001b53a1d38f0 JavaThread "Unconstrained build operations Thread 24" [_thread_blocked, id=16964, stack(0x000000b30ae00000,0x000000b30af00000)]
  0x000001b53a1d3e40 JavaThread "Unconstrained build operations Thread 25" [_thread_blocked, id=17724, stack(0x000000b30af00000,0x000000b30b000000)]
  0x000001b53a1d9890 JavaThread "Unconstrained build operations Thread 26" [_thread_blocked, id=6228, stack(0x000000b30b000000,0x000000b30b100000)]
  0x000001b53a1d8df0 JavaThread "Unconstrained build operations Thread 27" [_thread_blocked, id=11184, stack(0x000000b30b100000,0x000000b30b200000)]
  0x000001b53a1d4e30 JavaThread "Unconstrained build operations Thread 28" [_thread_blocked, id=18044, stack(0x000000b30b200000,0x000000b30b300000)]
  0x000001b53a1d48e0 JavaThread "Unconstrained build operations Thread 29" [_thread_blocked, id=12360, stack(0x000000b30b300000,0x000000b30b400000)]
  0x000001b53a1d5380 JavaThread "Unconstrained build operations Thread 30" [_thread_blocked, id=8544, stack(0x000000b30b400000,0x000000b30b500000)]
  0x000001b53a1d7360 JavaThread "Unconstrained build operations Thread 31" [_thread_blocked, id=1136, stack(0x000000b30b500000,0x000000b30b600000)]
  0x000001b53a1d7e00 JavaThread "Unconstrained build operations Thread 32" [_thread_blocked, id=16928, stack(0x000000b30b600000,0x000000b30b700000)]
  0x000001b53a1d8350 JavaThread "Unconstrained build operations Thread 33" [_thread_blocked, id=13724, stack(0x000000b30b700000,0x000000b30b800000)]
  0x000001b53a1d88a0 JavaThread "Unconstrained build operations Thread 34" [_thread_blocked, id=6056, stack(0x000000b30b800000,0x000000b30b900000)]
  0x000001b53a1d9340 JavaThread "Unconstrained build operations Thread 35" [_thread_blocked, id=16680, stack(0x000000b30b900000,0x000000b30ba00000)]
  0x000001b53e611880 JavaThread "Unconstrained build operations Thread 36" [_thread_blocked, id=17008, stack(0x000000b30ba00000,0x000000b30bb00000)]
  0x000001b53e60e8b0 JavaThread "Unconstrained build operations Thread 37" [_thread_blocked, id=6340, stack(0x000000b30bb00000,0x000000b30bc00000)]
  0x000001b53e60ee00 JavaThread "Unconstrained build operations Thread 38" [_thread_blocked, id=16092, stack(0x000000b30bc00000,0x000000b30bd00000)]
  0x000001b53e60ae40 JavaThread "Unconstrained build operations Thread 39" [_thread_blocked, id=4224, stack(0x000000b30bd00000,0x000000b30be00000)]
  0x000001b53e60d370 JavaThread "Unconstrained build operations Thread 40" [_thread_blocked, id=14016, stack(0x000000b30be00000,0x000000b30bf00000)]
  0x000001b53e60f8a0 JavaThread "Unconstrained build operations Thread 41" [_thread_in_Java, id=19384, stack(0x000000b30bf00000,0x000000b30c000000)]
  0x000001b53e60b8e0 JavaThread "Unconstrained build operations Thread 42" [_thread_blocked, id=11472, stack(0x000000b30c000000,0x000000b30c100000)]
  0x000001b53e60d8c0 JavaThread "Unconstrained build operations Thread 43" [_thread_blocked, id=7184, stack(0x000000b30c100000,0x000000b30c200000)]
  0x000001b53e60b390 JavaThread "Unconstrained build operations Thread 44" [_thread_blocked, id=11636, stack(0x000000b30c200000,0x000000b30c300000)]
  0x000001b53e60ce20 JavaThread "Unconstrained build operations Thread 45" [_thread_blocked, id=7044, stack(0x000000b30c300000,0x000000b30c400000)]
  0x000001b53e60de10 JavaThread "Unconstrained build operations Thread 46" [_thread_blocked, id=15044, stack(0x000000b30c400000,0x000000b30c500000)]
  0x000001b53e60e360 JavaThread "Unconstrained build operations Thread 47" [_thread_blocked, id=7600, stack(0x000000b30c500000,0x000000b30c600000)]
  0x000001b53e60be30 JavaThread "Unconstrained build operations Thread 48" [_thread_blocked, id=84, stack(0x000000b30c600000,0x000000b30c700000)]
  0x000001b53e60c380 JavaThread "Unconstrained build operations Thread 49" [_thread_blocked, id=19048, stack(0x000000b30c700000,0x000000b30c800000)]
  0x000001b53e610340 JavaThread "Unconstrained build operations Thread 50" [_thread_blocked, id=12220, stack(0x000000b30c800000,0x000000b30c900000)]
  0x000001b53e60c8d0 JavaThread "Unconstrained build operations Thread 51" [_thread_in_Java, id=11956, stack(0x000000b30c900000,0x000000b30ca00000)]
  0x000001b53e60fdf0 JavaThread "Unconstrained build operations Thread 52" [_thread_blocked, id=10792, stack(0x000000b30ca00000,0x000000b30cb00000)]
  0x000001b53e609e50 JavaThread "Unconstrained build operations Thread 53" [_thread_blocked, id=1688, stack(0x000000b30cb00000,0x000000b30cc00000)]
  0x000001b53e610890 JavaThread "Unconstrained build operations Thread 54" [_thread_blocked, id=7500, stack(0x000000b30cc00000,0x000000b30cd00000)]
  0x000001b53e611330 JavaThread "Unconstrained build operations Thread 55" [_thread_blocked, id=12408, stack(0x000000b30cd00000,0x000000b30ce00000)]
  0x000001b53e60f350 JavaThread "Unconstrained build operations Thread 56" [_thread_blocked, id=13576, stack(0x000000b30ce00000,0x000000b30cf00000)]
  0x000001b53e610de0 JavaThread "Unconstrained build operations Thread 57" [_thread_blocked, id=13180, stack(0x000000b30cf00000,0x000000b30d000000)]
  0x000001b53e60a3a0 JavaThread "Unconstrained build operations Thread 58" [_thread_blocked, id=8064, stack(0x000000b30d000000,0x000000b30d100000)]
  0x000001b53e60a8f0 JavaThread "Unconstrained build operations Thread 59" [_thread_blocked, id=18388, stack(0x000000b30d100000,0x000000b30d200000)]
  0x000001b53a2e7e00 JavaThread "Unconstrained build operations Thread 60" [_thread_blocked, id=2452, stack(0x000000b30d200000,0x000000b30d300000)]
  0x000001b53a2e88a0 JavaThread "Unconstrained build operations Thread 61" [_thread_blocked, id=10288, stack(0x000000b30d300000,0x000000b30d400000)]
  0x000001b53a2eadd0 JavaThread "Unconstrained build operations Thread 62" [_thread_blocked, id=18968, stack(0x000000b30d400000,0x000000b30d500000)]
  0x000001b53a2ebdc0 JavaThread "Unconstrained build operations Thread 63" [_thread_blocked, id=7064, stack(0x000000b30d500000,0x000000b30d600000)]
  0x000001b53a2e9340 JavaThread "Unconstrained build operations Thread 64" [_thread_blocked, id=6744, stack(0x000000b30d600000,0x000000b30d700000)]
  0x000001b53a2e9de0 JavaThread "Unconstrained build operations Thread 65" [_thread_blocked, id=11300, stack(0x000000b30d700000,0x000000b30d800000)]
  0x000001b53a2e6e10 JavaThread "Unconstrained build operations Thread 66" [_thread_blocked, id=8920, stack(0x000000b30d800000,0x000000b30d900000)]
  0x000001b53a2e78b0 JavaThread "Unconstrained build operations Thread 67" [_thread_blocked, id=18320, stack(0x000000b30d900000,0x000000b30da00000)]
  0x000001b53a2e7360 JavaThread "Unconstrained build operations Thread 68" [_thread_blocked, id=11708, stack(0x000000b30da00000,0x000000b30db00000)]
  0x000001b53a2eb870 JavaThread "Unconstrained build operations Thread 69" [_thread_blocked, id=1364, stack(0x000000b30db00000,0x000000b30dc00000)]
  0x000001b53a2e4e30 JavaThread "Unconstrained build operations Thread 70" [_thread_blocked, id=12840, stack(0x000000b30dc00000,0x000000b30dd00000)]
  0x000001b53a2e9890 JavaThread "Unconstrained build operations Thread 71" [_thread_blocked, id=9884, stack(0x000000b30dd00000,0x000000b30de00000)]
  0x000001b53a2e5e20 JavaThread "Unconstrained build operations Thread 72" [_thread_blocked, id=10996, stack(0x000000b30de00000,0x000000b30df00000)]
  0x000001b53a2e8350 JavaThread "Unconstrained build operations Thread 73" [_thread_blocked, id=15048, stack(0x000000b30df00000,0x000000b30e000000)]
  0x000001b53a2e5380 JavaThread "Unconstrained build operations Thread 74" [_thread_blocked, id=14108, stack(0x000000b30e000000,0x000000b30e100000)]
  0x000001b53a2e58d0 JavaThread "Unconstrained build operations Thread 75" [_thread_blocked, id=14432, stack(0x000000b30e100000,0x000000b30e200000)]
  0x000001b53a2ea330 JavaThread "Unconstrained build operations Thread 76" [_thread_in_native, id=10660, stack(0x000000b30e200000,0x000000b30e300000)]
  0x000001b53a2ea880 JavaThread "Unconstrained build operations Thread 77" [_thread_blocked, id=2988, stack(0x000000b30e300000,0x000000b30e400000)]
  0x000001b53a2e8df0 JavaThread "Unconstrained build operations Thread 78" [_thread_blocked, id=19184, stack(0x000000b30e400000,0x000000b30e500000)]
  0x000001b53a2e6370 JavaThread "Unconstrained build operations Thread 79" [_thread_blocked, id=764, stack(0x000000b30e500000,0x000000b30e600000)]
  0x000001b53a2e68c0 JavaThread "Unconstrained build operations Thread 80" [_thread_blocked, id=12024, stack(0x000000b30e600000,0x000000b30e700000)]
  0x000001b53a2e48e0 JavaThread "jar transforms Thread 4" [_thread_blocked, id=6248, stack(0x000000b30e700000,0x000000b30e800000)]
  0x000001b53a2eb320 JavaThread "jar transforms Thread 5" [_thread_blocked, id=16748, stack(0x000000b30e800000,0x000000b30e900000)]
  0x000001b53a2e4390 JavaThread "jar transforms Thread 6" [_thread_blocked, id=3140, stack(0x000000b30e900000,0x000000b30ea00000)]
  0x000001b53c422090 JavaThread "jar transforms Thread 7" [_thread_blocked, id=16504, stack(0x000000b30ea00000,0x000000b30eb00000)]
  0x000001b53c427ae0 JavaThread "jar transforms Thread 8" [_thread_blocked, id=16624, stack(0x000000b30eb00000,0x000000b30ec00000)]
  0x000001b53c424070 JavaThread "Memory manager" [_thread_blocked, id=7976, stack(0x000000b30f000000,0x000000b30f100000)]
  0x000001b53b806f90 JavaThread "C2 CompilerThread1" daemon [_thread_in_native, id=13520, stack(0x000000b307200000,0x000000b307300000)]
=>0x000001b541dd2030 JavaThread "C2 CompilerThread2" daemon [_thread_in_native, id=3368, stack(0x000000b30ef00000,0x000000b30f000000)]
  0x000001b53c425060 JavaThread "build event listener" [_thread_blocked, id=10068, stack(0x000000b30f100000,0x000000b30f200000)]
  0x000001b53c4215f0 JavaThread "pool-3-thread-1" [_thread_blocked, id=12836, stack(0x000000b30f200000,0x000000b30f300000)]
  0x000001b53c4235d0 JavaThread "build event listener" [_thread_blocked, id=19412, stack(0x000000b30f300000,0x000000b30f400000)]
  0x000001b53c420600 JavaThread "Execution worker for ':'" [_thread_blocked, id=18048, stack(0x000000b30f400000,0x000000b30f500000)]
  0x000001b53c425b00 JavaThread "Execution worker for ':' Thread 2" [_thread_blocked, id=2532, stack(0x000000b30f500000,0x000000b30f600000)]
  0x000001b53c426050 JavaThread "Execution worker for ':' Thread 3" [_thread_blocked, id=17628, stack(0x000000b30f600000,0x000000b30f700000)]
  0x000001b53c421b40 JavaThread "Execution worker for ':' Thread 4" [_thread_blocked, id=6876, stack(0x000000b30f700000,0x000000b30f800000)]
  0x000001b53c4265a0 JavaThread "Execution worker for ':' Thread 5" [_thread_blocked, id=3596, stack(0x000000b30f800000,0x000000b30f900000)]
  0x000001b53c427040 JavaThread "Execution worker for ':' Thread 6" [_thread_blocked, id=15216, stack(0x000000b30f900000,0x000000b30fa00000)]
  0x000001b53c423b20 JavaThread "Execution worker for ':' Thread 7" [_thread_blocked, id=1616, stack(0x000000b30fa00000,0x000000b30fb00000)]
  0x000001b53c4200b0 JavaThread "Cache worker for execution history cache (C:\Users\yiqua\AndroidStudioProjects\EHailing\.gradle\7.2\executionHistory)" [_thread_blocked, id=1848, stack(0x000000b30fb00000,0x000000b30fc00000)]

Other Threads:
  0x000001b538e997f0 VMThread "VM Thread" [stack: 0x000000b306500000,0x000000b306600000] [id=5604]
  0x000001b5398e3770 WatcherThread [stack: 0x000000b307100000,0x000000b307200000] [id=2188]
  0x000001b518edd970 GCTaskThread "GC Thread#0" [stack: 0x000000b306000000,0x000000b306100000] [id=4548]
  0x000001b53a8f9b30 GCTaskThread "GC Thread#1" [stack: 0x000000b307300000,0x000000b307400000] [id=6696]
  0x000001b53a47b8c0 GCTaskThread "GC Thread#2" [stack: 0x000000b307400000,0x000000b307500000] [id=6656]
  0x000001b53a264550 GCTaskThread "GC Thread#3" [stack: 0x000000b307500000,0x000000b307600000] [id=12256]
  0x000001b53a4b85e0 GCTaskThread "GC Thread#4" [stack: 0x000000b307600000,0x000000b307700000] [id=15112]
  0x000001b53a19ab60 GCTaskThread "GC Thread#5" [stack: 0x000000b307700000,0x000000b307800000] [id=12400]
  0x000001b53c163290 GCTaskThread "GC Thread#6" [stack: 0x000000b308600000,0x000000b308700000] [id=16980]
  0x000001b53c1638b0 GCTaskThread "GC Thread#7" [stack: 0x000000b308700000,0x000000b308800000] [id=12424]
  0x000001b518eee9c0 ConcurrentGCThread "G1 Main Marker" [stack: 0x000000b306100000,0x000000b306200000] [id=12984]
  0x000001b518eefb60 ConcurrentGCThread "G1 Conc#0" [stack: 0x000000b306200000,0x000000b306300000] [id=17732]
  0x000001b53c162960 ConcurrentGCThread "G1 Conc#1" [stack: 0x000000b308f00000,0x000000b309000000] [id=2848]
  0x000001b518f66330 ConcurrentGCThread "G1 Refine#0" [stack: 0x000000b306300000,0x000000b306400000] [id=15416]
  0x000001b53ce8d3c0 ConcurrentGCThread "G1 Refine#1" [stack: 0x000000b309000000,0x000000b309100000] [id=14700]
  0x000001b53fd0a4d0 ConcurrentGCThread "G1 Refine#2" [stack: 0x000000b309600000,0x000000b309700000] [id=8796]
  0x000001b53fd09b10 ConcurrentGCThread "G1 Refine#3" [stack: 0x000000b30ec00000,0x000000b30ed00000] [id=15612]
  0x000001b53fd0b510 ConcurrentGCThread "G1 Refine#4" [stack: 0x000000b30ed00000,0x000000b30ee00000] [id=11108]
  0x000001b53fd09e50 ConcurrentGCThread "G1 Refine#5" [stack: 0x000000b30ee00000,0x000000b30ef00000] [id=9804]
  0x000001b518f67cd0 ConcurrentGCThread "G1 Service" [stack: 0x000000b306400000,0x000000b306500000] [id=19376]

Threads with active compile tasks:
C2 CompilerThread0    14944 10625       4       java.util.TimSort::sort (229 bytes)
C1 CompilerThread0    14944 10632       3       org.gradle.internal.watch.vfs.impl.WatchingVirtualFileSystem::updateNotifyingListeners (47 bytes)
C2 CompilerThread1    14944 10501       4       com.google.common.collect.ImmutableSortedMap$Builder::build (87 bytes)
C2 CompilerThread2    14944 10381       4       org.gradle.internal.snapshot.impl.DefaultValueSnapshotter::processValue (675 bytes)

VM state: not at safepoint (normal execution)

VM Mutex/Monitor currently owned by a thread: None

Heap address: 0x0000000080000000, size: 2048 MB, Compressed Oops mode: 32-bit

CDS archive(s) mapped at: [0x0000000800000000-0x0000000800bb0000-0x0000000800bb0000), size 12255232, SharedBaseAddress: 0x0000000800000000, ArchiveRelocationMode: 0.
Compressed class space mapped at: 0x0000000800c00000-0x0000000840c00000, reserved size: 1073741824
Narrow klass base: 0x0000000800000000, Narrow klass shift: 3, Narrow klass range: 0x100000000

GC Precious Log:
 CPUs: 8 total, 8 available
 Memory: 7103M
 Large Page Support: Disabled
 NUMA Support: Disabled
 Compressed Oops: Enabled (32-bit)
 Heap Region Size: 1M
 Heap Min Capacity: 8M
 Heap Initial Capacity: 112M
 Heap Max Capacity: 2G
 Pre-touch: Disabled
 Parallel Workers: 8
 Concurrent Workers: 2
 Concurrent Refinement Workers: 8
 Periodic GC: Disabled

Heap:
 garbage-first heap   total 150528K, used 107246K [0x0000000080000000, 0x0000000100000000)
  region size 1024K, 32 young (32768K), 6 survivors (6144K)
 Metaspace       used 74883K, committed 75456K, reserved 1114112K
  class space    used 10017K, committed 10304K, reserved 1048576K

Heap Regions: E=young(eden), S=young(survivor), O=old, HS=humongous(starts), HC=humongous(continues), CS=collection set, F=free, OA=open archive, CA=closed archive, TAMS=top-at-mark-start (previous, next)
|   0|0x0000000080000000, 0x0000000080100000, 0x0000000080100000|100%| O|  |TAMS 0x0000000080100000, 0x0000000080000000| Untracked 
|   1|0x0000000080100000, 0x0000000080200000, 0x0000000080200000|100%| O|  |TAMS 0x0000000080200000, 0x0000000080100000| Untracked 
|   2|0x0000000080200000, 0x0000000080300000, 0x0000000080300000|100%| O|  |TAMS 0x0000000080300000, 0x0000000080200000| Untracked 
|   3|0x0000000080300000, 0x0000000080400000, 0x0000000080400000|100%|HS|  |TAMS 0x0000000080400000, 0x0000000080300000| Complete 
|   4|0x0000000080400000, 0x0000000080500000, 0x0000000080500000|100%|HC|  |TAMS 0x0000000080500000, 0x0000000080400000| Complete 
|   5|0x0000000080500000, 0x0000000080600000, 0x0000000080600000|100%|HC|  |TAMS 0x0000000080600000, 0x0000000080500000| Complete 
|   6|0x0000000080600000, 0x0000000080700000, 0x0000000080700000|100%| O|  |TAMS 0x0000000080700000, 0x0000000080600000| Untracked 
|   7|0x0000000080700000, 0x0000000080800000, 0x0000000080800000|100%| O|  |TAMS 0x0000000080800000, 0x0000000080700000| Untracked 
|   8|0x0000000080800000, 0x0000000080900000, 0x0000000080900000|100%| O|  |TAMS 0x0000000080900000, 0x0000000080800000| Untracked 
|   9|0x0000000080900000, 0x0000000080a00000, 0x0000000080a00000|100%| O|  |TAMS 0x0000000080a00000, 0x0000000080900000| Untracked 
|  10|0x0000000080a00000, 0x0000000080b00000, 0x0000000080b00000|100%| O|  |TAMS 0x0000000080b00000, 0x0000000080a00000| Untracked 
|  11|0x0000000080b00000, 0x0000000080c00000, 0x0000000080c00000|100%| O|  |TAMS 0x0000000080c00000, 0x0000000080b00000| Untracked 
|  12|0x0000000080c00000, 0x0000000080d00000, 0x0000000080d00000|100%| O|  |TAMS 0x0000000080d00000, 0x0000000080c00000| Untracked 
|  13|0x0000000080d00000, 0x0000000080e00000, 0x0000000080e00000|100%| O|  |TAMS 0x0000000080e00000, 0x0000000080d00000| Untracked 
|  14|0x0000000080e00000, 0x0000000080f00000, 0x0000000080f00000|100%| O|  |TAMS 0x0000000080f00000, 0x0000000080e00000| Untracked 
|  15|0x0000000080f00000, 0x0000000081000000, 0x0000000081000000|100%| O|  |TAMS 0x0000000081000000, 0x0000000080f00000| Untracked 
|  16|0x0000000081000000, 0x0000000081100000, 0x0000000081100000|100%| O|  |TAMS 0x0000000081100000, 0x0000000081000000| Untracked 
|  17|0x0000000081100000, 0x0000000081200000, 0x0000000081200000|100%| O|  |TAMS 0x0000000081200000, 0x0000000081100000| Untracked 
|  18|0x0000000081200000, 0x0000000081300000, 0x0000000081300000|100%| O|  |TAMS 0x0000000081300000, 0x0000000081200000| Untracked 
|  19|0x0000000081300000, 0x0000000081400000, 0x0000000081400000|100%| O|  |TAMS 0x0000000081400000, 0x0000000081300000| Untracked 
|  20|0x0000000081400000, 0x0000000081500000, 0x0000000081500000|100%| O|  |TAMS 0x0000000081500000, 0x0000000081400000| Untracked 
|  21|0x0000000081500000, 0x0000000081600000, 0x0000000081600000|100%|HS|  |TAMS 0x0000000081600000, 0x0000000081500000| Complete 
|  22|0x0000000081600000, 0x0000000081700000, 0x0000000081700000|100%| O|  |TAMS 0x0000000081700000, 0x0000000081600000| Untracked 
|  23|0x0000000081700000, 0x0000000081800000, 0x0000000081800000|100%| O|  |TAMS 0x0000000081800000, 0x0000000081700000| Untracked 
|  24|0x0000000081800000, 0x0000000081900000, 0x0000000081900000|100%| O|  |TAMS 0x0000000081900000, 0x0000000081800000| Untracked 
|  25|0x0000000081900000, 0x0000000081a00000, 0x0000000081a00000|100%| O|  |TAMS 0x0000000081a00000, 0x0000000081900000| Untracked 
|  26|0x0000000081a00000, 0x0000000081b00000, 0x0000000081b00000|100%| O|  |TAMS 0x0000000081b00000, 0x0000000081a00000| Untracked 
|  27|0x0000000081b00000, 0x0000000081c00000, 0x0000000081c00000|100%|HS|  |TAMS 0x0000000081c00000, 0x0000000081b00000| Complete 
|  28|0x0000000081c00000, 0x0000000081d00000, 0x0000000081d00000|100%|HS|  |TAMS 0x0000000081d00000, 0x0000000081c00000| Complete 
|  29|0x0000000081d00000, 0x0000000081e00000, 0x0000000081e00000|100%| O|  |TAMS 0x0000000081e00000, 0x0000000081d00000| Untracked 
|  30|0x0000000081e00000, 0x0000000081f00000, 0x0000000081f00000|100%| O|  |TAMS 0x0000000081f00000, 0x0000000081e00000| Untracked 
|  31|0x0000000081f00000, 0x0000000082000000, 0x0000000082000000|100%| O|  |TAMS 0x0000000082000000, 0x0000000081f00000| Untracked 
|  32|0x0000000082000000, 0x0000000082100000, 0x0000000082100000|100%| O|  |TAMS 0x0000000082100000, 0x0000000082000000| Untracked 
|  33|0x0000000082100000, 0x0000000082200000, 0x0000000082200000|100%| O|  |TAMS 0x0000000082200000, 0x0000000082100000| Untracked 
|  34|0x0000000082200000, 0x0000000082300000, 0x0000000082300000|100%| O|  |TAMS 0x0000000082300000, 0x0000000082200000| Untracked 
|  35|0x0000000082300000, 0x0000000082400000, 0x0000000082400000|100%| O|  |TAMS 0x0000000082400000, 0x0000000082300000| Untracked 
|  36|0x0000000082400000, 0x0000000082500000, 0x0000000082500000|100%| O|  |TAMS 0x0000000082500000, 0x0000000082400000| Untracked 
|  37|0x0000000082500000, 0x0000000082600000, 0x0000000082600000|100%| O|  |TAMS 0x0000000082600000, 0x0000000082500000| Untracked 
|  38|0x0000000082600000, 0x0000000082700000, 0x0000000082700000|100%| O|  |TAMS 0x0000000082700000, 0x0000000082600000| Untracked 
|  39|0x0000000082700000, 0x0000000082800000, 0x0000000082800000|100%| O|  |TAMS 0x0000000082800000, 0x0000000082700000| Untracked 
|  40|0x0000000082800000, 0x0000000082900000, 0x0000000082900000|100%| O|  |TAMS 0x0000000082900000, 0x0000000082800000| Untracked 
|  41|0x0000000082900000, 0x0000000082a00000, 0x0000000082a00000|100%| O|  |TAMS 0x0000000082a00000, 0x0000000082900000| Untracked 
|  42|0x0000000082a00000, 0x0000000082b00000, 0x0000000082b00000|100%|HS|  |TAMS 0x0000000082b00000, 0x0000000082a00000| Complete 
|  43|0x0000000082b00000, 0x0000000082c00000, 0x0000000082c00000|100%|HC|  |TAMS 0x0000000082c00000, 0x0000000082b00000| Complete 
|  44|0x0000000082c00000, 0x0000000082d00000, 0x0000000082d00000|100%| O|  |TAMS 0x0000000082d00000, 0x0000000082c00000| Untracked 
|  45|0x0000000082d00000, 0x0000000082e00000, 0x0000000082e00000|100%| O|  |TAMS 0x0000000082e00000, 0x0000000082d00000| Untracked 
|  46|0x0000000082e00000, 0x0000000082f00000, 0x0000000082f00000|100%| O|  |TAMS 0x0000000082f00000, 0x0000000082e00000| Untracked 
|  47|0x0000000082f00000, 0x0000000083000000, 0x0000000083000000|100%| O|  |TAMS 0x0000000083000000, 0x0000000082f00000| Untracked 
|  48|0x0000000083000000, 0x0000000083100000, 0x0000000083100000|100%| O|  |TAMS 0x0000000083100000, 0x0000000083000000| Untracked 
|  49|0x0000000083100000, 0x0000000083200000, 0x0000000083200000|100%| O|  |TAMS 0x0000000083200000, 0x0000000083100000| Untracked 
|  50|0x0000000083200000, 0x0000000083300000, 0x0000000083300000|100%| O|  |TAMS 0x0000000083300000, 0x0000000083200000| Untracked 
|  51|0x0000000083300000, 0x0000000083400000, 0x0000000083400000|100%| O|  |TAMS 0x0000000083400000, 0x0000000083300000| Untracked 
|  52|0x0000000083400000, 0x0000000083500000, 0x0000000083500000|100%| O|  |TAMS 0x0000000083500000, 0x0000000083400000| Untracked 
|  53|0x0000000083500000, 0x0000000083600000, 0x0000000083600000|100%| O|  |TAMS 0x0000000083600000, 0x0000000083500000| Untracked 
|  54|0x0000000083600000, 0x0000000083700000, 0x0000000083700000|100%| O|  |TAMS 0x0000000083700000, 0x0000000083600000| Untracked 
|  55|0x0000000083700000, 0x0000000083800000, 0x0000000083800000|100%| O|  |TAMS 0x0000000083800000, 0x0000000083700000| Untracked 
|  56|0x0000000083800000, 0x0000000083900000, 0x0000000083900000|100%| O|  |TAMS 0x0000000083900000, 0x0000000083800000| Untracked 
|  57|0x0000000083900000, 0x0000000083a00000, 0x0000000083a00000|100%| O|  |TAMS 0x0000000083a00000, 0x0000000083900000| Untracked 
|  58|0x0000000083a00000, 0x0000000083b00000, 0x0000000083b00000|100%| O|  |TAMS 0x0000000083b00000, 0x0000000083a00000| Untracked 
|  59|0x0000000083b00000, 0x0000000083c00000, 0x0000000083c00000|100%| O|  |TAMS 0x0000000083c00000, 0x0000000083b00000| Untracked 
|  60|0x0000000083c00000, 0x0000000083d00000, 0x0000000083d00000|100%| O|  |TAMS 0x0000000083d00000, 0x0000000083c00000| Untracked 
|  61|0x0000000083d00000, 0x0000000083e00000, 0x0000000083e00000|100%| O|  |TAMS 0x0000000083e00000, 0x0000000083d00000| Untracked 
|  62|0x0000000083e00000, 0x0000000083f00000, 0x0000000083f00000|100%| O|  |TAMS 0x0000000083f00000, 0x0000000083e00000| Untracked 
|  63|0x0000000083f00000, 0x0000000084000000, 0x0000000084000000|100%| O|  |TAMS 0x0000000084000000, 0x0000000083f00000| Untracked 
|  64|0x0000000084000000, 0x0000000084100000, 0x0000000084100000|100%| O|  |TAMS 0x0000000084100000, 0x0000000084000000| Untracked 
|  65|0x0000000084100000, 0x0000000084200000, 0x0000000084200000|100%| O|  |TAMS 0x0000000084200000, 0x0000000084100000| Untracked 
|  66|0x0000000084200000, 0x0000000084300000, 0x0000000084300000|100%| O|  |TAMS 0x0000000084300000, 0x0000000084200000| Untracked 
|  67|0x0000000084300000, 0x0000000084400000, 0x0000000084400000|100%| O|  |TAMS 0x0000000084400000, 0x0000000084300000| Untracked 
|  68|0x0000000084400000, 0x0000000084500000, 0x0000000084500000|100%| O|  |TAMS 0x0000000084500000, 0x0000000084400000| Untracked 
|  69|0x0000000084500000, 0x0000000084600000, 0x0000000084600000|100%| O|  |TAMS 0x0000000084600000, 0x0000000084500000| Untracked 
|  70|0x0000000084600000, 0x0000000084700000, 0x0000000084700000|100%| O|  |TAMS 0x0000000084692c00, 0x0000000084600000| Untracked 
|  71|0x0000000084700000, 0x0000000084800000, 0x0000000084800000|100%| O|  |TAMS 0x0000000084700000, 0x0000000084700000| Untracked 
|  72|0x0000000084800000, 0x0000000084900000, 0x0000000084900000|100%| O|  |TAMS 0x0000000084800000, 0x0000000084800000| Untracked 
|  73|0x0000000084900000, 0x0000000084a00000, 0x0000000084a00000|100%| O|  |TAMS 0x0000000084900000, 0x0000000084900000| Untracked 
|  74|0x0000000084a00000, 0x0000000084b00000, 0x0000000084b00000|100%| O|  |TAMS 0x0000000084a00000, 0x0000000084a00000| Untracked 
|  75|0x0000000084b00000, 0x0000000084b00000, 0x0000000084c00000|  0%| F|  |TAMS 0x0000000084b00000, 0x0000000084b00000| Untracked 
|  76|0x0000000084c00000, 0x0000000084c00000, 0x0000000084d00000|  0%| F|  |TAMS 0x0000000084c00000, 0x0000000084c00000| Untracked 
|  77|0x0000000084d00000, 0x0000000084d00000, 0x0000000084e00000|  0%| F|  |TAMS 0x0000000084d00000, 0x0000000084d00000| Untracked 
|  78|0x0000000084e00000, 0x0000000084e00000, 0x0000000084f00000|  0%| F|  |TAMS 0x0000000084e00000, 0x0000000084e00000| Untracked 
|  79|0x0000000084f00000, 0x0000000084f00000, 0x0000000085000000|  0%| F|  |TAMS 0x0000000084f00000, 0x0000000084f00000| Untracked 
|  80|0x0000000085000000, 0x0000000085000000, 0x0000000085100000|  0%| F|  |TAMS 0x0000000085000000, 0x0000000085000000| Untracked 
|  81|0x0000000085100000, 0x0000000085100000, 0x0000000085200000|  0%| F|  |TAMS 0x0000000085100000, 0x0000000085100000| Untracked 
|  82|0x0000000085200000, 0x0000000085200000, 0x0000000085300000|  0%| F|  |TAMS 0x0000000085200000, 0x0000000085200000| Untracked 
|  83|0x0000000085300000, 0x0000000085300000, 0x0000000085400000|  0%| F|  |TAMS 0x0000000085300000, 0x0000000085300000| Untracked 
|  84|0x0000000085400000, 0x0000000085400000, 0x0000000085500000|  0%| F|  |TAMS 0x0000000085400000, 0x0000000085400000| Untracked 
|  85|0x0000000085500000, 0x0000000085500000, 0x0000000085600000|  0%| F|  |TAMS 0x0000000085500000, 0x0000000085500000| Untracked 
|  86|0x0000000085600000, 0x0000000085600000, 0x0000000085700000|  0%| F|  |TAMS 0x0000000085600000, 0x0000000085600000| Untracked 
|  87|0x0000000085700000, 0x0000000085700000, 0x0000000085800000|  0%| F|  |TAMS 0x0000000085700000, 0x0000000085700000| Untracked 
|  88|0x0000000085800000, 0x0000000085800000, 0x0000000085900000|  0%| F|  |TAMS 0x0000000085800000, 0x0000000085800000| Untracked 
|  89|0x0000000085900000, 0x0000000085900000, 0x0000000085a00000|  0%| F|  |TAMS 0x0000000085900000, 0x0000000085900000| Untracked 
|  90|0x0000000085a00000, 0x0000000085a00000, 0x0000000085b00000|  0%| F|  |TAMS 0x0000000085a00000, 0x0000000085a00000| Untracked 
|  91|0x0000000085b00000, 0x0000000085b00000, 0x0000000085c00000|  0%| F|  |TAMS 0x0000000085b00000, 0x0000000085b00000| Untracked 
|  92|0x0000000085c00000, 0x0000000085c00000, 0x0000000085d00000|  0%| F|  |TAMS 0x0000000085c00000, 0x0000000085c00000| Untracked 
|  93|0x0000000085d00000, 0x0000000085d00000, 0x0000000085e00000|  0%| F|  |TAMS 0x0000000085d00000, 0x0000000085d00000| Untracked 
|  94|0x0000000085e00000, 0x0000000085e00000, 0x0000000085f00000|  0%| F|  |TAMS 0x0000000085e00000, 0x0000000085e00000| Untracked 
|  95|0x0000000085f00000, 0x0000000085f00000, 0x0000000086000000|  0%| F|  |TAMS 0x0000000085f00000, 0x0000000085f00000| Untracked 
|  96|0x0000000086000000, 0x0000000086000000, 0x0000000086100000|  0%| F|  |TAMS 0x0000000086000000, 0x0000000086000000| Untracked 
|  97|0x0000000086100000, 0x00000000861bb8f0, 0x0000000086200000| 73%| S|CS|TAMS 0x0000000086100000, 0x0000000086100000| Complete 
|  98|0x0000000086200000, 0x0000000086300000, 0x0000000086300000|100%| S|CS|TAMS 0x0000000086200000, 0x0000000086200000| Complete 
|  99|0x0000000086300000, 0x0000000086400000, 0x0000000086400000|100%| S|CS|TAMS 0x0000000086300000, 0x0000000086300000| Complete 
| 100|0x0000000086400000, 0x0000000086500000, 0x0000000086500000|100%| S|CS|TAMS 0x0000000086400000, 0x0000000086400000| Complete 
| 101|0x0000000086500000, 0x0000000086500000, 0x0000000086600000|  0%| F|  |TAMS 0x0000000086500000, 0x0000000086500000| Untracked 
| 102|0x0000000086600000, 0x0000000086600000, 0x0000000086700000|  0%| F|  |TAMS 0x0000000086600000, 0x0000000086600000| Untracked 
| 103|0x0000000086700000, 0x0000000086700000, 0x0000000086800000|  0%| F|  |TAMS 0x0000000086700000, 0x0000000086700000| Untracked 
| 104|0x0000000086800000, 0x0000000086900000, 0x0000000086900000|100%| S|CS|TAMS 0x0000000086800000, 0x0000000086800000| Complete 
| 105|0x0000000086900000, 0x0000000086a00000, 0x0000000086a00000|100%| S|CS|TAMS 0x0000000086900000, 0x0000000086900000| Complete 
| 106|0x0000000086a00000, 0x0000000086a00000, 0x0000000086b00000|  0%| F|  |TAMS 0x0000000086a00000, 0x0000000086a00000| Untracked 
| 107|0x0000000086b00000, 0x0000000086b00000, 0x0000000086c00000|  0%| F|  |TAMS 0x0000000086b00000, 0x0000000086b00000| Untracked 
| 108|0x0000000086c00000, 0x0000000086c00000, 0x0000000086d00000|  0%| F|  |TAMS 0x0000000086c00000, 0x0000000086c00000| Untracked 
| 109|0x0000000086d00000, 0x0000000086d00000, 0x0000000086e00000|  0%| F|  |TAMS 0x0000000086d00000, 0x0000000086d00000| Untracked 
| 110|0x0000000086e00000, 0x0000000086e00000, 0x0000000086f00000|  0%| F|  |TAMS 0x0000000086e00000, 0x0000000086e00000| Untracked 
| 111|0x0000000086f00000, 0x0000000086f00000, 0x0000000087000000|  0%| F|  |TAMS 0x0000000086f00000, 0x0000000086f00000| Untracked 
| 112|0x0000000087000000, 0x0000000087000000, 0x0000000087100000|  0%| F|  |TAMS 0x0000000087000000, 0x0000000087000000| Untracked 
| 113|0x0000000087100000, 0x0000000087100000, 0x0000000087200000|  0%| F|  |TAMS 0x0000000087100000, 0x0000000087100000| Untracked 
| 114|0x0000000087200000, 0x0000000087200000, 0x0000000087300000|  0%| F|  |TAMS 0x0000000087200000, 0x0000000087200000| Untracked 
| 115|0x0000000087300000, 0x0000000087300000, 0x0000000087400000|  0%| F|  |TAMS 0x0000000087300000, 0x0000000087300000| Untracked 
| 116|0x0000000087400000, 0x0000000087400000, 0x0000000087500000|  0%| F|  |TAMS 0x0000000087400000, 0x0000000087400000| Untracked 
| 117|0x0000000087500000, 0x0000000087500000, 0x0000000087600000|  0%| F|  |TAMS 0x0000000087500000, 0x0000000087500000| Untracked 
| 118|0x0000000087600000, 0x0000000087600000, 0x0000000087700000|  0%| F|  |TAMS 0x0000000087600000, 0x0000000087600000| Untracked 
| 119|0x0000000087700000, 0x0000000087700000, 0x0000000087800000|  0%| F|  |TAMS 0x0000000087700000, 0x0000000087700000| Untracked 
| 120|0x0000000087800000, 0x0000000087888498, 0x0000000087900000| 53%| E|  |TAMS 0x0000000087800000, 0x0000000087800000| Complete 
| 121|0x0000000087900000, 0x0000000087a00000, 0x0000000087a00000|100%| E|CS|TAMS 0x0000000087900000, 0x0000000087900000| Complete 
| 122|0x0000000087a00000, 0x0000000087b00000, 0x0000000087b00000|100%| E|CS|TAMS 0x0000000087a00000, 0x0000000087a00000| Complete 
| 123|0x0000000087b00000, 0x0000000087c00000, 0x0000000087c00000|100%| E|CS|TAMS 0x0000000087b00000, 0x0000000087b00000| Complete 
| 124|0x0000000087c00000, 0x0000000087d00000, 0x0000000087d00000|100%| E|CS|TAMS 0x0000000087c00000, 0x0000000087c00000| Complete 
| 125|0x0000000087d00000, 0x0000000087e00000, 0x0000000087e00000|100%| E|CS|TAMS 0x0000000087d00000, 0x0000000087d00000| Complete 
| 126|0x0000000087e00000, 0x0000000087f00000, 0x0000000087f00000|100%| E|CS|TAMS 0x0000000087e00000, 0x0000000087e00000| Complete 
| 127|0x0000000087f00000, 0x0000000088000000, 0x0000000088000000|100%| E|CS|TAMS 0x0000000087f00000, 0x0000000087f00000| Complete 
| 128|0x0000000088000000, 0x0000000088100000, 0x0000000088100000|100%| E|CS|TAMS 0x0000000088000000, 0x0000000088000000| Complete 
| 129|0x0000000088100000, 0x0000000088200000, 0x0000000088200000|100%| E|CS|TAMS 0x0000000088100000, 0x0000000088100000| Complete 
| 130|0x0000000088200000, 0x0000000088300000, 0x0000000088300000|100%| E|CS|TAMS 0x0000000088200000, 0x0000000088200000| Complete 
| 131|0x0000000088300000, 0x0000000088400000, 0x0000000088400000|100%| E|CS|TAMS 0x0000000088300000, 0x0000000088300000| Complete 
| 132|0x0000000088400000, 0x0000000088500000, 0x0000000088500000|100%| E|CS|TAMS 0x0000000088400000, 0x0000000088400000| Complete 
| 133|0x0000000088500000, 0x0000000088600000, 0x0000000088600000|100%| E|CS|TAMS 0x0000000088500000, 0x0000000088500000| Complete 
| 134|0x0000000088600000, 0x0000000088700000, 0x0000000088700000|100%| E|CS|TAMS 0x0000000088600000, 0x0000000088600000| Complete 
| 135|0x0000000088700000, 0x0000000088800000, 0x0000000088800000|100%| E|CS|TAMS 0x0000000088700000, 0x0000000088700000| Complete 
| 136|0x0000000088800000, 0x0000000088900000, 0x0000000088900000|100%| E|CS|TAMS 0x0000000088800000, 0x0000000088800000| Complete 
| 137|0x0000000088900000, 0x0000000088a00000, 0x0000000088a00000|100%| E|  |TAMS 0x0000000088900000, 0x0000000088900000| Complete 
| 138|0x0000000088a00000, 0x0000000088b00000, 0x0000000088b00000|100%| E|CS|TAMS 0x0000000088a00000, 0x0000000088a00000| Complete 
| 139|0x0000000088b00000, 0x0000000088c00000, 0x0000000088c00000|100%| E|CS|TAMS 0x0000000088b00000, 0x0000000088b00000| Complete 
| 140|0x0000000088c00000, 0x0000000088d00000, 0x0000000088d00000|100%| E|CS|TAMS 0x0000000088c00000, 0x0000000088c00000| Complete 
| 141|0x0000000088d00000, 0x0000000088e00000, 0x0000000088e00000|100%| E|CS|TAMS 0x0000000088d00000, 0x0000000088d00000| Complete 
| 142|0x0000000088e00000, 0x0000000088f00000, 0x0000000088f00000|100%| E|CS|TAMS 0x0000000088e00000, 0x0000000088e00000| Complete 
| 143|0x0000000088f00000, 0x0000000089000000, 0x0000000089000000|100%| E|CS|TAMS 0x0000000088f00000, 0x0000000088f00000| Complete 
| 144|0x0000000089000000, 0x0000000089100000, 0x0000000089100000|100%| E|CS|TAMS 0x0000000089000000, 0x0000000089000000| Complete 
| 145|0x0000000089100000, 0x0000000089200000, 0x0000000089200000|100%| E|CS|TAMS 0x0000000089100000, 0x0000000089100000| Complete 
| 146|0x0000000089200000, 0x0000000089300000, 0x0000000089300000|100%| E|CS|TAMS 0x0000000089200000, 0x0000000089200000| Complete 

Card table byte_map: [0x000001b531c50000,0x000001b532050000] _byte_map_base: 0x000001b531850000

Marking Bits (Prev, Next): (CMBitMap*) 0x000001b518eddf70, (CMBitMap*) 0x000001b518eddfb0
 Prev Bits: [0x000001b532450000, 0x000001b534450000)
 Next Bits: [0x000001b534450000, 0x000001b536450000)

Polling page: 0x000001b521dc0000

Metaspace:

Usage:
  Non-class:     63.35 MB used.
      Class:      9.78 MB used.
       Both:     73.13 MB used.

Virtual space:
  Non-class space:       64.00 MB reserved,      63.62 MB (>99%) committed,  8 nodes.
      Class space:        1.00 GB reserved,      10.06 MB ( <1%) committed,  1 nodes.
              Both:        1.06 GB reserved,      73.69 MB (  7%) committed. 

Chunk freelists:
   Non-Class:  64.00 KB
       Class:  1.80 MB
        Both:  1.86 MB

MaxMetaspaceSize: 17179869184.00 GB
CompressedClassSpaceSize: 1.00 GB
 - commit_granule_bytes: 65536.
 - commit_granule_words: 8192.
 - virtual_space_node_default_size: 1048576.
 - enlarge_chunks_in_place: 1.
 - new_chunks_are_fully_committed: 0.
 - uncommit_free_chunks: 1.
 - use_allocation_guard: 0.
 - handle_deallocations: 1.


Internal statistics:

num_allocs_failed_limit: 6.
num_arena_births: 754.
num_arena_deaths: 0.
num_vsnodes_births: 9.
num_vsnodes_deaths: 0.
num_space_committed: 1179.
num_space_uncommitted: 0.
num_chunks_returned_to_freelist: 6.
num_chunks_taken_from_freelist: 3733.
num_chunk_merges: 6.
num_chunk_splits: 2478.
num_chunks_enlarged: 1649.
num_purges: 0.

CodeHeap 'non-profiled nmethods': size=120000Kb used=5887Kb max_used=5887Kb free=114112Kb
 bounds [0x000001b5298b0000, 0x000001b529e70000, 0x000001b530de0000]
CodeHeap 'profiled nmethods': size=120000Kb used=19816Kb max_used=19816Kb free=100183Kb
 bounds [0x000001b522380000, 0x000001b5236e0000, 0x000001b5298b0000]
CodeHeap 'non-nmethods': size=5760Kb used=2385Kb max_used=2461Kb free=3374Kb
 bounds [0x000001b521de0000, 0x000001b522050000, 0x000001b522380000]
 total_blobs=10676 nmethods=9771 adapters=817
 compilation: enabled
              stopped_count=0, restarted_count=0
 full_count=0

Compilation events (20 events):
Event: 14.873 Thread 0x000001b53b806f90 nmethod 10502 0x000001b529e65490 code [0x000001b529e65740, 0x000001b529e66e28]
Event: 14.874 Thread 0x000001b53b806f90 10529       4       org.gradle.internal.Try::<init> (5 bytes)
Event: 14.874 Thread 0x000001b53b806f90 nmethod 10529 0x000001b529e68090 code [0x000001b529e68200, 0x000001b529e68278]
Event: 14.874 Thread 0x000001b53b806f90 10500       4       org.gradle.internal.snapshot.impl.HashCodeSnapshot::equals (6 bytes)
Event: 14.877 Thread 0x000001b53b806f90 nmethod 10500 0x000001b529e68390 code [0x000001b529e68520, 0x000001b529e687b8]
Event: 14.877 Thread 0x000001b53b806f90 10501       4       com.google.common.collect.ImmutableSortedMap$Builder::build (87 bytes)
Event: 14.878 Thread 0x000001b538eb9310 nmethod 10503 0x000001b529e68990 code [0x000001b529e68bc0, 0x000001b529e6aa10]
Event: 14.878 Thread 0x000001b538eb9310 10539       4       com.google.common.util.concurrent.Striped$CompactStriped::getAt (7 bytes)
Event: 14.879 Thread 0x000001b538eb9310 nmethod 10539 0x000001b529e6b790 code [0x000001b529e6b920, 0x000001b529e6b9d8]
Event: 14.879 Thread 0x000001b538eb9310 10517       4       org.gradle.api.internal.file.FileCollectionStructureVisitor::prepareForVisit (4 bytes)
Event: 14.879 Thread 0x000001b538eb9310 nmethod 10517 0x000001b529e6ba90 code [0x000001b529e6bc20, 0x000001b529e6bc98]
Event: 14.879 Thread 0x000001b538eb9310 10518       4       org.gradle.api.internal.artifacts.ivyservice.resolveengine.artifact.EndCollection::startFinalization (1 bytes)
Event: 14.880 Thread 0x000001b538eb9310 nmethod 10518 0x000001b529e6bd90 code [0x000001b529e6bf00, 0x000001b529e6bf78]
Event: 14.880 Thread 0x000001b538eb9310 10506       4       java.util.concurrent.LinkedBlockingQueue::dequeue (32 bytes)
Event: 14.883 Thread 0x000001b538eb9310 nmethod 10506 0x000001b529e6c090 code [0x000001b529e6c220, 0x000001b529e6c4b8]
Event: 14.883 Thread 0x000001b538eb9310 10613       4       org.gradle.internal.snapshot.VfsRelativePath::lengthOfCommonPrefix (173 bytes)
Event: 14.889 Thread 0x000001b538ec4e30 10614       1       org.gradle.execution.plan.ValuedVfsHierarchy$1::handleUnrelatedToAnyChild (3 bytes)
Event: 14.889 Thread 0x000001b538ec4e30 nmethod 10614 0x000001b529e6c590 code [0x000001b529e6c720, 0x000001b529e6c7f8]
Event: 14.890 Thread 0x000001b538ec4e30 10617       1       com.google.protobuf.GeneratedMessageV3$Builder::getUnknownFields (5 bytes)
Event: 14.891 Thread 0x000001b538ec4e30 nmethod 10617 0x000001b529e6c890 code [0x000001b529e6ca20, 0x000001b529e6caf8]

GC Heap History (20 events):
Event: 9.399 GC heap before
{Heap before GC invocations=21 (full 0):
 garbage-first heap   total 96256K, used 72546K [0x0000000080000000, 0x0000000100000000)
  region size 1024K, 24 young (24576K), 3 survivors (3072K)
 Metaspace       used 53456K, committed 53952K, reserved 1097728K
  class space    used 7019K, committed 7296K, reserved 1048576K
}
Event: 9.404 GC heap after
{Heap after GC invocations=22 (full 0):
 garbage-first heap   total 96256K, used 53077K [0x0000000080000000, 0x0000000100000000)
  region size 1024K, 2 young (2048K), 2 survivors (2048K)
 Metaspace       used 53456K, committed 53952K, reserved 1097728K
  class space    used 7019K, committed 7296K, reserved 1048576K
}
Event: 9.620 GC heap before
{Heap before GC invocations=22 (full 0):
 garbage-first heap   total 96256K, used 65365K [0x0000000080000000, 0x0000000100000000)
  region size 1024K, 15 young (15360K), 2 survivors (2048K)
 Metaspace       used 54695K, committed 55232K, reserved 1097728K
  class space    used 7145K, committed 7424K, reserved 1048576K
}
Event: 9.623 GC heap after
{Heap after GC invocations=23 (full 0):
 garbage-first heap   total 96256K, used 54380K [0x0000000080000000, 0x0000000100000000)
  region size 1024K, 2 young (2048K), 2 survivors (2048K)
 Metaspace       used 54695K, committed 55232K, reserved 1097728K
  class space    used 7145K, committed 7424K, reserved 1048576K
}
Event: 9.974 GC heap before
{Heap before GC invocations=24 (full 0):
 garbage-first heap   total 99328K, used 76908K [0x0000000080000000, 0x0000000100000000)
  region size 1024K, 23 young (23552K), 2 survivors (2048K)
 Metaspace       used 55628K, committed 56192K, reserved 1097728K
  class space    used 7293K, committed 7552K, reserved 1048576K
}
Event: 9.978 GC heap after
{Heap after GC invocations=25 (full 0):
 garbage-first heap   total 99328K, used 56022K [0x0000000080000000, 0x0000000100000000)
  region size 1024K, 3 young (3072K), 3 survivors (3072K)
 Metaspace       used 55628K, committed 56192K, reserved 1097728K
  class space    used 7293K, committed 7552K, reserved 1048576K
}
Event: 10.193 GC heap before
{Heap before GC invocations=25 (full 0):
 garbage-first heap   total 99328K, used 79574K [0x0000000080000000, 0x0000000100000000)
  region size 1024K, 26 young (26624K), 3 survivors (3072K)
 Metaspace       used 55873K, committed 56448K, reserved 1097728K
  class space    used 7321K, committed 7616K, reserved 1048576K
}
Event: 10.198 GC heap after
{Heap after GC invocations=26 (full 0):
 garbage-first heap   total 148480K, used 58146K [0x0000000080000000, 0x0000000100000000)
  region size 1024K, 4 young (4096K), 4 survivors (4096K)
 Metaspace       used 55873K, committed 56448K, reserved 1097728K
  class space    used 7321K, committed 7616K, reserved 1048576K
}
Event: 11.126 GC heap before
{Heap before GC invocations=27 (full 0):
 garbage-first heap   total 148480K, used 114466K [0x0000000080000000, 0x0000000100000000)
  region size 1024K, 59 young (60416K), 4 survivors (4096K)
 Metaspace       used 61664K, committed 62144K, reserved 1105920K
  class space    used 8246K, committed 8512K, reserved 1048576K
}
Event: 11.133 GC heap after
{Heap after GC invocations=28 (full 0):
 garbage-first heap   total 148480K, used 62119K [0x0000000080000000, 0x0000000100000000)
  region size 1024K, 8 young (8192K), 8 survivors (8192K)
 Metaspace       used 61664K, committed 62144K, reserved 1105920K
  class space    used 8246K, committed 8512K, reserved 1048576K
}
Event: 12.022 GC heap before
{Heap before GC invocations=28 (full 0):
 garbage-first heap   total 148480K, used 116391K [0x0000000080000000, 0x0000000100000000)
  region size 1024K, 61 young (62464K), 8 survivors (8192K)
 Metaspace       used 65833K, committed 66368K, reserved 1114112K
  class space    used 8849K, committed 9088K, reserved 1048576K
}
Event: 12.032 GC heap after
{Heap after GC invocations=29 (full 0):
 garbage-first heap   total 148480K, used 66274K [0x0000000080000000, 0x0000000100000000)
  region size 1024K, 8 young (8192K), 8 survivors (8192K)
 Metaspace       used 65833K, committed 66368K, reserved 1114112K
  class space    used 8849K, committed 9088K, reserved 1048576K
}
Event: 12.994 GC heap before
{Heap before GC invocations=29 (full 0):
 garbage-first heap   total 148480K, used 116450K [0x0000000080000000, 0x0000000100000000)
  region size 1024K, 58 young (59392K), 8 survivors (8192K)
 Metaspace       used 71981K, committed 72576K, reserved 1114112K
  class space    used 9622K, committed 9856K, reserved 1048576K
}
Event: 13.008 GC heap after
{Heap after GC invocations=30 (full 0):
 garbage-first heap   total 148480K, used 72129K [0x0000000080000000, 0x0000000100000000)
  region size 1024K, 8 young (8192K), 8 survivors (8192K)
 Metaspace       used 71981K, committed 72576K, reserved 1114112K
  class space    used 9622K, committed 9856K, reserved 1048576K
}
Event: 13.692 GC heap before
{Heap before GC invocations=30 (full 0):
 garbage-first heap   total 148480K, used 117185K [0x0000000080000000, 0x0000000100000000)
  region size 1024K, 53 young (54272K), 8 survivors (8192K)
 Metaspace       used 73841K, committed 74432K, reserved 1114112K
  class space    used 9954K, committed 10240K, reserved 1048576K
}
Event: 13.702 GC heap after
{Heap after GC invocations=31 (full 0):
 garbage-first heap   total 148480K, used 77134K [0x0000000080000000, 0x0000000100000000)
  region size 1024K, 5 young (5120K), 5 survivors (5120K)
 Metaspace       used 73841K, committed 74432K, reserved 1114112K
  class space    used 9954K, committed 10240K, reserved 1048576K
}
Event: 14.226 GC heap before
{Heap before GC invocations=31 (full 0):
 garbage-first heap   total 148480K, used 118094K [0x0000000080000000, 0x0000000100000000)
  region size 1024K, 46 young (47104K), 5 survivors (5120K)
 Metaspace       used 74202K, committed 74816K, reserved 1114112K
  class space    used 9957K, committed 10240K, reserved 1048576K
}
Event: 14.231 GC heap after
{Heap after GC invocations=32 (full 0):
 garbage-first heap   total 148480K, used 79598K [0x0000000080000000, 0x0000000100000000)
  region size 1024K, 3 young (3072K), 3 survivors (3072K)
 Metaspace       used 74202K, committed 74816K, reserved 1114112K
  class space    used 9957K, committed 10240K, reserved 1048576K
}
Event: 14.710 GC heap before
{Heap before GC invocations=33 (full 0):
 garbage-first heap   total 150528K, used 120558K [0x0000000080000000, 0x0000000100000000)
  region size 1024K, 44 young (45056K), 3 survivors (3072K)
 Metaspace       used 74712K, committed 75328K, reserved 1114112K
  class space    used 10004K, committed 10240K, reserved 1048576K
}
Event: 14.718 GC heap after
{Heap after GC invocations=34 (full 0):
 garbage-first heap   total 150528K, used 82670K [0x0000000080000000, 0x0000000100000000)
  region size 1024K, 6 young (6144K), 6 survivors (6144K)
 Metaspace       used 74712K, committed 75328K, reserved 1114112K
  class space    used 10004K, committed 10240K, reserved 1048576K
}

Deoptimization events (20 events):
Event: 14.741 Thread 0x000001b53e60e360 Uncommon trap: trap_request=0xffffff76 fr.pc=0x000001b529e5a17c relative=0x00000000000004bc
Event: 14.741 Thread 0x000001b53e60e360 Uncommon trap: reason=predicate action=maybe_recompile pc=0x000001b529e5a17c method=java.util.TimSort.reverseRange([Ljava/lang/Object;II)V @ 5 c2
Event: 14.741 Thread 0x000001b53e60e360 DEOPT PACKING pc=0x000001b529e5a17c sp=0x000000b30c5fc430
Event: 14.741 Thread 0x000001b53e60e360 DEOPT UNPACKING pc=0x000001b521e2d72e sp=0x000000b30c5fc368 mode 2
Event: 14.881 Thread 0x000001b53e609e50 Uncommon trap: trap_request=0xffffffd6 fr.pc=0x000001b529e6a3d4 relative=0x0000000000001814
Event: 14.881 Thread 0x000001b53d20ec00 Uncommon trap: trap_request=0xffffffd6 fr.pc=0x000001b529e6a3d4 relative=0x0000000000001814
Event: 14.881 Thread 0x000001b53e609e50 Uncommon trap: reason=array_check action=maybe_recompile pc=0x000001b529e6a3d4 method=java.util.TimSort.reverseRange([Ljava/lang/Object;II)V @ 20 c2
Event: 14.881 Thread 0x000001b53d20ec00 Uncommon trap: reason=array_check action=maybe_recompile pc=0x000001b529e6a3d4 method=java.util.TimSort.reverseRange([Ljava/lang/Object;II)V @ 20 c2
Event: 14.881 Thread 0x000001b53d20ec00 DEOPT PACKING pc=0x000001b529e6a3d4 sp=0x000000b3097fc890
Event: 14.881 Thread 0x000001b53d20ec00 DEOPT UNPACKING pc=0x000001b521e2d72e sp=0x000000b3097fc748 mode 2
Event: 14.881 Thread 0x000001b53e609e50 DEOPT PACKING pc=0x000001b529e6a3d4 sp=0x000000b30cbfca20
Event: 14.881 Thread 0x000001b53e609e50 DEOPT UNPACKING pc=0x000001b521e2d72e sp=0x000000b30cbfc8d8 mode 2
Event: 14.882 Thread 0x000001b53e60ae40 Uncommon trap: trap_request=0xffffffd6 fr.pc=0x000001b529e6a3d4 relative=0x0000000000001814
Event: 14.882 Thread 0x000001b53e60ae40 Uncommon trap: reason=array_check action=maybe_recompile pc=0x000001b529e6a3d4 method=java.util.TimSort.reverseRange([Ljava/lang/Object;II)V @ 20 c2
Event: 14.882 Thread 0x000001b53e60ae40 DEOPT PACKING pc=0x000001b529e6a3d4 sp=0x000000b30bdfc900
Event: 14.882 Thread 0x000001b53e60ae40 DEOPT UNPACKING pc=0x000001b521e2d72e sp=0x000000b30bdfc7b8 mode 2
Event: 14.882 Thread 0x000001b53a1d68c0 Uncommon trap: trap_request=0xffffffd6 fr.pc=0x000001b529e6a3d4 relative=0x0000000000001814
Event: 14.882 Thread 0x000001b53a1d68c0 Uncommon trap: reason=array_check action=maybe_recompile pc=0x000001b529e6a3d4 method=java.util.TimSort.reverseRange([Ljava/lang/Object;II)V @ 20 c2
Event: 14.882 Thread 0x000001b53a1d68c0 DEOPT PACKING pc=0x000001b529e6a3d4 sp=0x000000b30a8fcad0
Event: 14.882 Thread 0x000001b53a1d68c0 DEOPT UNPACKING pc=0x000001b521e2d72e sp=0x000000b30a8fc988 mode 2

Classes unloaded (0 events):
No events

Classes redefined (0 events):
No events

Internal exceptions (20 events):
Event: 13.019 Thread 0x000001b53c427040 Exception <a 'java/lang/IncompatibleClassChangeError'{0x00000000890b92b8}: Found class java.lang.Object, but interface was expected> (0x00000000890b92b8) 
thrown [t:\workspace\open\src\hotspot\share\interpreter\linkResolver.cpp, line 857]
Event: 13.046 Thread 0x000001b53a9d1250 Exception <a 'java/lang/NoSuchMethodError'{0x0000000088fac070}: static Lorg/gradle/internal/build/event/types/DefaultTaskSkippedResult;.<clinit>()V> (0x0000000088fac070) 
thrown [t:\workspace\open\src\hotspot\share\prims\jni.cpp, line 1210]
Event: 13.046 Thread 0x000001b53c427040 Exception <a 'java/lang/NoSuchMethodError'{0x0000000088f847f0}: 'java.lang.Object java.lang.invoke.DirectMethodHandle$Holder.invokeInterface(java.lang.Object, java.lang.Object, int)'> (0x0000000088f847f0) 
thrown [t:\workspace\open\src\hotspot\share\interpreter\linkResolver.cpp, line 790]
Event: 13.048 Thread 0x000001b53c427040 Exception <a 'java/lang/NoSuchMethodError'{0x0000000088fb7c38}: 'void java.lang.invoke.DirectMethodHandle$Holder.invokeStatic(java.lang.Object, java.lang.Object, java.lang.Object, int)'> (0x0000000088fb7c38) 
thrown [t:\workspace\open\src\hotspot\share\interpreter\linkResolver.cpp, line 790]
Event: 13.085 Thread 0x000001b53c427040 Exception <a 'java/lang/IncompatibleClassChangeError'{0x0000000088d5bea0}: Found class java.lang.Object, but interface was expected> (0x0000000088d5bea0) 
thrown [t:\workspace\open\src\hotspot\share\interpreter\linkResolver.cpp, line 857]
Event: 13.090 Thread 0x000001b53c427040 Exception <a 'java/lang/IncompatibleClassChangeError'{0x0000000088d72a60}: Found class java.lang.Object, but interface was expected> (0x0000000088d72a60) 
thrown [t:\workspace\open\src\hotspot\share\interpreter\linkResolver.cpp, line 857]
Event: 13.446 Thread 0x000001b53c427040 Exception <a 'java/lang/NoSuchMethodError'{0x0000000088172940}: 'void java.lang.invoke.DirectMethodHandle$Holder.invokeStatic(java.lang.Object, java.lang.Object, java.lang.Object, java.lang.Object, int, java.lang.Object, java.lang.Object)'> (0x0000000088172940) 
thrown [t:\workspace\open\src\hotspot\share\interpreter\linkResolver.cpp, line 790]
Event: 13.474 Thread 0x000001b53a1d4390 Exception <a 'java/lang/NoSuchMethodError'{0x0000000087ab9ed0}: 'java.lang.Object java.lang.invoke.DirectMethodHandle$Holder.invokeSpecialIFC(java.lang.Object, java.lang.Object, java.lang.Object)'> (0x0000000087ab9ed0) 
thrown [t:\workspace\open\src\hotspot\share\interpreter\linkResolver.cpp, line 790]
Event: 13.474 Thread 0x000001b53a1d5e20 Exception <a 'java/lang/NoSuchMethodError'{0x0000000087a72b38}: 'java.lang.Object java.lang.invoke.DirectMethodHandle$Holder.invokeSpecialIFC(java.lang.Object, java.lang.Object, java.lang.Object)'> (0x0000000087a72b38) 
thrown [t:\workspace\open\src\hotspot\share\interpreter\linkResolver.cpp, line 790]
Event: 13.475 Thread 0x000001b53a1d9340 Exception <a 'java/lang/NoSuchMethodError'{0x0000000087a81140}: 'java.lang.Object java.lang.invoke.DirectMethodHandle$Holder.invokeSpecialIFC(java.lang.Object, java.lang.Object, java.lang.Object)'> (0x0000000087a81140) 
thrown [t:\workspace\open\src\hotspot\share\interpreter\linkResolver.cpp, line 790]
Event: 13.475 Thread 0x000001b53e609e50 Exception <a 'java/lang/NoSuchMethodError'{0x0000000087a62710}: 'java.lang.Object java.lang.invoke.DirectMethodHandle$Holder.invokeSpecialIFC(java.lang.Object, java.lang.Object, java.lang.Object)'> (0x0000000087a62710) 
thrown [t:\workspace\open\src\hotspot\share\interpreter\linkResolver.cpp, line 790]
Event: 13.474 Thread 0x000001b53a1dadd0 Exception <a 'java/lang/NoSuchMethodError'{0x0000000087a9a260}: 'java.lang.Object java.lang.invoke.DirectMethodHandle$Holder.invokeSpecialIFC(java.lang.Object, java.lang.Object, java.lang.Object)'> (0x0000000087a9a260) 
thrown [t:\workspace\open\src\hotspot\share\interpreter\linkResolver.cpp, line 790]
Event: 13.474 Thread 0x000001b53e60d8c0 Exception <a 'java/lang/NoSuchMethodError'{0x0000000087aa9f90}: 'java.lang.Object java.lang.invoke.DirectMethodHandle$Holder.invokeSpecialIFC(java.lang.Object, java.lang.Object, java.lang.Object)'> (0x0000000087aa9f90) 
thrown [t:\workspace\open\src\hotspot\share\interpreter\linkResolver.cpp, line 790]
Event: 13.474 Thread 0x000001b53e60ce20 Exception <a 'java/lang/NoSuchMethodError'{0x0000000087a8bc08}: 'java.lang.Object java.lang.invoke.DirectMethodHandle$Holder.invokeSpecialIFC(java.lang.Object, java.lang.Object, java.lang.Object)'> (0x0000000087a8bc08) 
thrown [t:\workspace\open\src\hotspot\share\interpreter\linkResolver.cpp, line 790]
Event: 13.474 Thread 0x000001b53a1d38f0 Exception <a 'java/lang/NoSuchMethodError'{0x0000000087aca2c8}: 'java.lang.Object java.lang.invoke.DirectMethodHandle$Holder.invokeSpecialIFC(java.lang.Object, java.lang.Object, java.lang.Object)'> (0x0000000087aca2c8) 
thrown [t:\workspace\open\src\hotspot\share\interpreter\linkResolver.cpp, line 790]
Event: 13.516 Thread 0x000001b53e609e50 Exception <a 'java/lang/NoSuchMethodError'{0x0000000087644120}: 'int java.lang.invoke.DirectMethodHandle$Holder.invokeStaticInit(java.lang.Object, java.lang.Object, java.lang.Object, java.lang.Object, java.lang.Object)'> (0x0000000087644120) 
thrown [t:\workspace\open\src\hotspot\share\interpreter\linkResolver.cpp, line 790]
Event: 13.576 Thread 0x000001b53e60ce20 Exception <a 'java/lang/NoSuchMethodError'{0x000000008719de10}: 'void java.lang.invoke.DirectMethodHandle$Holder.invokeVirtual(java.lang.Object, java.lang.Object)'> (0x000000008719de10) 
thrown [t:\workspace\open\src\hotspot\share\interpreter\linkResolver.cpp, line 790]
Event: 14.473 Thread 0x000001b53e60ee00 Implicit null exception at 0x000001b529e298fd to 0x000001b529e2a048
Event: 14.473 Thread 0x000001b53a2e7360 Implicit null exception at 0x000001b529e298fd to 0x000001b529e2a048
Event: 14.547 Thread 0x000001b53e60d370 Implicit null exception at 0x000001b529e375b2 to 0x000001b529e378d8

Events (20 events):
Event: 14.376 Executing  VM operation: G1Concurrent
Event: 14.376 Executing  VM operation: G1Concurrent done
Event: 14.455 loading class java/util/stream/SortedOps$SizedRefSortingSink
Event: 14.455 loading class java/util/stream/SortedOps$SizedRefSortingSink done
Event: 14.460 loading class com/sun/org/apache/xerces/internal/util/URI
Event: 14.461 loading class com/sun/org/apache/xerces/internal/util/URI done
Event: 14.462 loading class java/net/HttpURLConnection
Event: 14.462 loading class java/net/HttpURLConnection done
Event: 14.463 loading class sun/net/ProgressMonitor
Event: 14.463 loading class sun/net/ProgressMonitor done
Event: 14.463 loading class sun/net/DefaultProgressMeteringPolicy
Event: 14.463 loading class sun/net/ProgressMeteringPolicy
Event: 14.463 loading class sun/net/ProgressMeteringPolicy done
Event: 14.463 loading class sun/net/DefaultProgressMeteringPolicy done
Event: 14.575 Executing  VM operation: ICBufferFull
Event: 14.575 Executing  VM operation: ICBufferFull done
Event: 14.645 Executing  VM operation: HandshakeAllThreads
Event: 14.646 Executing  VM operation: HandshakeAllThreads done
Event: 14.710 Executing  VM operation: G1CollectForAllocation
Event: 14.718 Executing  VM operation: G1CollectForAllocation done


Dynamic libraries:
0x00007ff6416c0000 - 0x00007ff6416ce000 	D:\jdk-16.0.2\bin\java.exe
0x00007ffc0f130000 - 0x00007ffc0f325000 	C:\WINDOWS\SYSTEM32\ntdll.dll
0x00007ffc0dcd0000 - 0x00007ffc0dd8d000 	C:\WINDOWS\System32\KERNEL32.DLL
0x00007ffc0ca10000 - 0x00007ffc0ccdd000 	C:\WINDOWS\System32\KERNELBASE.dll
0x00007ffc0cfd0000 - 0x00007ffc0d0d0000 	C:\WINDOWS\System32\ucrtbase.dll
0x00007ffc055e0000 - 0x00007ffc055f9000 	D:\jdk-16.0.2\bin\VCRUNTIME140.dll
0x00007ffc04dd0000 - 0x00007ffc04de8000 	D:\jdk-16.0.2\bin\jli.dll
0x00007ffc0df80000 - 0x00007ffc0e120000 	C:\WINDOWS\System32\USER32.dll
0x00007ffc0ced0000 - 0x00007ffc0cef2000 	C:\WINDOWS\System32\win32u.dll
0x00007ffbf6060000 - 0x00007ffbf62fa000 	C:\WINDOWS\WinSxS\amd64_microsoft.windows.common-controls_6595b64144ccf1df_6.0.19041.1110_none_60b5254171f9507e\COMCTL32.dll
0x00007ffc0d750000 - 0x00007ffc0d7ee000 	C:\WINDOWS\System32\msvcrt.dll
0x00007ffc0f0c0000 - 0x00007ffc0f0ea000 	C:\WINDOWS\System32\GDI32.dll
0x00007ffc0c840000 - 0x00007ffc0c94b000 	C:\WINDOWS\System32\gdi32full.dll
0x00007ffc0cf00000 - 0x00007ffc0cf9d000 	C:\WINDOWS\System32\msvcp_win.dll
0x00007ffc0f030000 - 0x00007ffc0f060000 	C:\WINDOWS\System32\IMM32.DLL
0x00007ffc09ae0000 - 0x00007ffc09aec000 	D:\jdk-16.0.2\bin\vcruntime140_1.dll
0x00007ffbdf900000 - 0x00007ffbdf991000 	D:\jdk-16.0.2\bin\msvcp140.dll
0x00007ffbc80c0000 - 0x00007ffbc8c6b000 	D:\jdk-16.0.2\bin\server\jvm.dll
0x00007ffc0d570000 - 0x00007ffc0d61e000 	C:\WINDOWS\System32\ADVAPI32.dll
0x00007ffc0e140000 - 0x00007ffc0e1dc000 	C:\WINDOWS\System32\sechost.dll
0x00007ffc0d620000 - 0x00007ffc0d745000 	C:\WINDOWS\System32\RPCRT4.dll
0x00007ffc0ded0000 - 0x00007ffc0ded8000 	C:\WINDOWS\System32\PSAPI.DLL
0x00007ffc02be0000 - 0x00007ffc02bea000 	C:\WINDOWS\SYSTEM32\VERSION.dll
0x00007ffc02100000 - 0x00007ffc02127000 	C:\WINDOWS\SYSTEM32\WINMM.dll
0x00007ffc049e0000 - 0x00007ffc049e9000 	C:\WINDOWS\SYSTEM32\WSOCK32.dll
0x00007ffc0efc0000 - 0x00007ffc0f02b000 	C:\WINDOWS\System32\WS2_32.dll
0x00007ffc0b120000 - 0x00007ffc0b132000 	C:\WINDOWS\SYSTEM32\kernel.appcore.dll
0x00007ffc04e20000 - 0x00007ffc04e2a000 	D:\jdk-16.0.2\bin\jimage.dll
0x00007ffc0ab80000 - 0x00007ffc0ad64000 	C:\WINDOWS\SYSTEM32\DBGHELP.DLL
0x00007ffbff190000 - 0x00007ffbff1bc000 	C:\WINDOWS\SYSTEM32\dbgcore.DLL
0x00007ffc0ce40000 - 0x00007ffc0cec2000 	C:\WINDOWS\System32\bcryptPrimitives.dll
0x00007ffc03c40000 - 0x00007ffc03c65000 	D:\jdk-16.0.2\bin\java.dll
0x00007ffc0e390000 - 0x00007ffc0ead4000 	C:\WINDOWS\System32\SHELL32.dll
0x00007ffc0a310000 - 0x00007ffc0aaa4000 	C:\WINDOWS\SYSTEM32\windows.storage.dll
0x00007ffc0eae0000 - 0x00007ffc0ee34000 	C:\WINDOWS\System32\combase.dll
0x00007ffc0c1d0000 - 0x00007ffc0c1fc000 	C:\WINDOWS\SYSTEM32\Wldp.dll
0x00007ffc0d440000 - 0x00007ffc0d4ed000 	C:\WINDOWS\System32\SHCORE.dll
0x00007ffc0f060000 - 0x00007ffc0f0b5000 	C:\WINDOWS\System32\shlwapi.dll
0x00007ffc0c780000 - 0x00007ffc0c79f000 	C:\WINDOWS\SYSTEM32\profapi.dll
0x00007ffbfc040000 - 0x00007ffbfc059000 	D:\jdk-16.0.2\bin\net.dll
0x00007ffbff3a0000 - 0x00007ffbff4aa000 	C:\WINDOWS\SYSTEM32\WINHTTP.dll
0x00007ffc0bf30000 - 0x00007ffc0bf9a000 	C:\WINDOWS\system32\mswsock.dll
0x00007ffbf8fe0000 - 0x00007ffbf8ff3000 	D:\jdk-16.0.2\bin\nio.dll
0x00007ffbf40e0000 - 0x00007ffbf40f8000 	D:\jdk-16.0.2\bin\zip.dll
0x00007ffc03c10000 - 0x00007ffc03c20000 	D:\jdk-16.0.2\bin\verify.dll
0x00007ffbebe90000 - 0x00007ffbebeb7000 	C:\Users\yiqua\.gradle\native\e1d6ef7f7dcc3fd88c89a11ec53ec762bb8ba0a96d01ffa2cd45eb1d1d8dd5c5\windows-amd64\native-platform.dll
0x00007ffbdf7b0000 - 0x00007ffbdf8f4000 	C:\Users\yiqua\.gradle\native\5664cfc778a61ccfe75a443a1ab52a65af34e5dc3c78e0209fed803814484fcb\windows-amd64\native-platform-file-events.dll
0x00007ffbff330000 - 0x00007ffbff339000 	D:\jdk-16.0.2\bin\management.dll
0x00007ffbfd1c0000 - 0x00007ffbfd1cb000 	D:\jdk-16.0.2\bin\management_ext.dll
0x00007ffc0c130000 - 0x00007ffc0c148000 	C:\WINDOWS\SYSTEM32\CRYPTSP.dll
0x00007ffc0b8b0000 - 0x00007ffc0b8e4000 	C:\WINDOWS\system32\rsaenh.dll
0x00007ffc0cfa0000 - 0x00007ffc0cfc7000 	C:\WINDOWS\System32\bcrypt.dll
0x00007ffc0c740000 - 0x00007ffc0c76e000 	C:\WINDOWS\SYSTEM32\USERENV.dll
0x00007ffc0c120000 - 0x00007ffc0c12c000 	C:\WINDOWS\SYSTEM32\CRYPTBASE.dll
0x00007ffc0bc20000 - 0x00007ffc0bc5b000 	C:\WINDOWS\SYSTEM32\IPHLPAPI.DLL
0x00007ffc0d430000 - 0x00007ffc0d438000 	C:\WINDOWS\System32\NSI.dll
0x00007ffc02d20000 - 0x00007ffc02d37000 	C:\WINDOWS\SYSTEM32\dhcpcsvc6.DLL
0x00007ffc03fb0000 - 0x00007ffc03fcd000 	C:\WINDOWS\SYSTEM32\dhcpcsvc.DLL
0x00007ffc0bc60000 - 0x00007ffc0bd2b000 	C:\WINDOWS\SYSTEM32\DNSAPI.dll
0x00007ffbf9030000 - 0x00007ffbf903e000 	D:\jdk-16.0.2\bin\sunmscapi.dll
0x00007ffc0cce0000 - 0x00007ffc0ce36000 	C:\WINDOWS\System32\CRYPT32.dll
0x00007ffc0c240000 - 0x00007ffc0c267000 	C:\WINDOWS\SYSTEM32\ncrypt.dll
0x00007ffc0c200000 - 0x00007ffc0c23b000 	C:\WINDOWS\SYSTEM32\NTASN1.dll
0x00007ffbf8fd0000 - 0x00007ffbf8fd7000 	C:\WINDOWS\system32\wshunix.dll

dbghelp: loaded successfully - version: 4.0.5 - missing functions: none
symbol engine: initialized successfully - sym options: 0x614 - pdb path: .;D:\jdk-16.0.2\bin;C:\WINDOWS\SYSTEM32;C:\WINDOWS\WinSxS\amd64_microsoft.windows.common-controls_6595b64144ccf1df_6.0.19041.1110_none_60b5254171f9507e;D:\jdk-16.0.2\bin\server;C:\Users\yiqua\.gradle\native\e1d6ef7f7dcc3fd88c89a11ec53ec762bb8ba0a96d01ffa2cd45eb1d1d8dd5c5\windows-amd64;C:\Users\yiqua\.gradle\native\5664cfc778a61ccfe75a443a1ab52a65af34e5dc3c78e0209fed803814484fcb\windows-amd64

VM Arguments:
jvm_args: --add-opens=java.base/java.util=ALL-UNNAMED --add-opens=java.base/java.lang=ALL-UNNAMED --add-opens=java.base/java.lang.invoke=ALL-UNNAMED --add-opens=java.base/java.util=ALL-UNNAMED --add-opens=java.prefs/java.util.prefs=ALL-UNNAMED --add-opens=java.prefs/java.util.prefs=ALL-UNNAMED --add-opens=java.base/java.nio.charset=ALL-UNNAMED --add-opens=java.base/java.net=ALL-UNNAMED --add-opens=java.base/java.util.concurrent.atomic=ALL-UNNAMED -Xmx2048m -Dfile.encoding=UTF-8 -Duser.country=CN -Duser.language=zh -Duser.variant 
java_command: org.gradle.launcher.daemon.bootstrap.GradleDaemon 7.2
java_class_path (initial): C:\Users\yiqua\.gradle\wrapper\dists\gradle-7.2-bin\2dnblmf4td7x66yl1d74lt32g\gradle-7.2\lib\gradle-launcher-7.2.jar
Launcher Type: SUN_STANDARD

[Global flags]
     intx CICompilerCount                          = 4                                         {product} {ergonomic}
     uint ConcGCThreads                            = 2                                         {product} {ergonomic}
     uint G1ConcRefinementThreads                  = 8                                         {product} {ergonomic}
   size_t G1HeapRegionSize                         = 1048576                                   {product} {ergonomic}
    uintx GCDrainStackTargetSize                   = 64                                        {product} {ergonomic}
   size_t InitialHeapSize                          = 117440512                                 {product} {ergonomic}
   size_t MarkStackSize                            = 4194304                                   {product} {ergonomic}
   size_t MaxHeapSize                              = 2147483648                                {product} {command line}
   size_t MaxNewSize                               = 1287651328                                {product} {ergonomic}
   size_t MinHeapDeltaBytes                        = 1048576                                   {product} {ergonomic}
   size_t MinHeapSize                              = 8388608                                   {product} {ergonomic}
    uintx NonNMethodCodeHeapSize                   = 5839372                                {pd product} {ergonomic}
    uintx NonProfiledCodeHeapSize                  = 122909434                              {pd product} {ergonomic}
    uintx ProfiledCodeHeapSize                     = 122909434                              {pd product} {ergonomic}
    uintx ReservedCodeCacheSize                    = 251658240                              {pd product} {ergonomic}
     bool SegmentedCodeCache                       = true                                      {product} {ergonomic}
   size_t SoftMaxHeapSize                          = 2147483648                             {manageable} {ergonomic}
     bool UseCompressedClassPointers               = true                           {product lp64_product} {ergonomic}
     bool UseCompressedOops                        = true                           {product lp64_product} {ergonomic}
     bool UseG1GC                                  = true                                      {product} {ergonomic}
     bool UseLargePagesIndividualAllocation        = false                                  {pd product} {ergonomic}

Logging:
Log output configuration:
 #0: stdout all=warning uptime,level,tags
 #1: stderr all=off uptime,level,tags

Environment Variables:
PATH=C:\ProgramData\Oracle\Java\javapath;C:\Program Files\Zulu\zulu-17\bin\;C:\Program Files\Common Files\Oracle\Java\javapath;C:\WINDOWS\system32;C:\WINDOWS;C:\WINDOWS\System32\Wbem;C:\WINDOWS\System32\WindowsPowerShell\v1.0\;C:\WINDOWS\System32\OpenSSH\;C:\Program Files\Git\cmd;C:\Program Files\dotnet\;C:\Program Files\Microsoft SQL Server\130\Tools\Binn\;C:\Program Files\MySQL\MySQL Shell 8.0\bin\;C:\Users\yiqua\AppData\Local\Microsoft\WindowsApps;C:\Program Files\Git\cmd;C:\Program Files\Git;C:\Program Files\Git\bin;;D:\Microsoft VS Code\bin;C:\Users\yiqua\.dotnet\tools
USERNAME=yiqua
OS=Windows_NT
PROCESSOR_IDENTIFIER=AMD64 Family 23 Model 24 Stepping 1, AuthenticAMD



---------------  S Y S T E M  ---------------

OS:
 Windows 10 , 64 bit Build 19041 (10.0.19041.1706)
OS uptime: 2 days 0:00 hours

CPU: total 8 (initial active 8) (8 cores per cpu, 2 threads per core) family 23 model 24 stepping 1 microcode 0x0, cx8, cmov, fxsr, ht, mmx, 3dnowpref, sse, sse2, sse3, ssse3, sse4a, sse4.1, sse4.2, popcnt, lzcnt, tsc, tscinvbit, avx, avx2, aes, clmul, bmi1, bmi2, adx, sha, fma, vzeroupper, clflush, clflushopt

Memory: 4k page, system-wide physical 7103M (605M free)
TotalPageFile size 11199M (AvailPageFile size 5M)
current process WorkingSet (physical memory assigned to process): 406M, peak: 406M
current process commit charge ("private bytes"): 449M, peak: 450M

vm_info: OpenJDK 64-Bit Server VM (16.0.2+7-67) for windows-amd64 JRE (16.0.2+7-67), built on Jun  8 2021 23:21:43 by "mach5one" with MS VC++ 16.7 (VS2019)

END.
